=== geophone_scope_simple log — 23-Apr-2026 20:55:52 ===
[20:55:52.261] Conectado a COM7 @ 460800 baud
[20:55:52.277] TICK #88  avail=192  totalBytes=1735  streamON=0
[20:55:52.299] TICK #89  avail=96  totalBytes=1927  streamON=0
[20:55:52.341] TICK #91  avail=104  totalBytes=2023  streamON=0
[20:55:52.384] TICK #93  avail=104  totalBytes=2127  streamON=0
[20:55:52.406] TICK #94  avail=96  totalBytes=2231  streamON=0
[20:55:52.448] TICK #96  avail=104  totalBytes=2327  streamON=0
[20:55:52.470] TICK #97  avail=96  totalBytes=2431  streamON=0
[20:55:52.513] TICK #99  avail=104  totalBytes=2527  streamON=0
[20:55:52.536] TICK #100  avail=104  totalBytes=2631  streamON=0
[20:55:52.578] TICK #102  avail=96  totalBytes=2735  streamON=0
[20:55:52.600] TICK #103  avail=104  totalBytes=2831  streamON=0
[20:55:52.642] TICK #105  avail=102  totalBytes=2935  streamON=0
[20:55:52.684] TICK #107  avail=98  totalBytes=3037  streamON=0
[20:55:52.706] TICK #108  avail=104  totalBytes=3135  streamON=0
[20:55:52.748] TICK #110  avail=96  totalBytes=3239  streamON=0
[20:55:52.769] TICK #111  avail=104  totalBytes=3335  streamON=0
[20:55:52.812] TICK #113  avail=96  totalBytes=3439  streamON=0
[20:55:52.834] TICK #114  avail=104  totalBytes=3535  streamON=0
[20:55:52.877] TICK #116  avail=96  totalBytes=3639  streamON=0
[20:55:52.920] TICK #118  avail=104  totalBytes=3735  streamON=0
[20:55:52.941] TICK #119  avail=104  totalBytes=3839  streamON=0
[20:55:52.984] TICK #121  avail=96  totalBytes=3943  streamON=0
[20:55:53.006] TICK #122  avail=104  totalBytes=4039  streamON=0
[20:55:53.048] TICK #124  avail=96  totalBytes=4143  streamON=0
[20:55:53.070] TICK #125  avail=104  totalBytes=4239  streamON=0
[20:55:53.111] TICK #127  avail=104  totalBytes=4343  streamON=0
[20:55:53.154] TICK #129  avail=96  totalBytes=4447  streamON=0
[20:55:53.175] TICK #130  avail=104  totalBytes=4543  streamON=0
[20:55:53.218] TICK #132  avail=96  totalBytes=4647  streamON=0
[20:55:53.240] TICK #133  avail=104  totalBytes=4743  streamON=0
[20:55:53.281] TICK #135  avail=96  totalBytes=4847  streamON=0
[20:55:53.303] TICK #136  avail=104  totalBytes=4943  streamON=0
[20:55:53.345] TICK #138  avail=96  totalBytes=5047  streamON=0
[20:55:53.387] TICK #140  avail=104  totalBytes=5143  streamON=0
[20:55:53.410] TICK #141  avail=104  totalBytes=5247  streamON=0
[20:55:53.426] --- Stream ON ---
[20:55:53.455] TICK #143  avail=96  totalBytes=5351  streamON=1
[20:55:53.481] TICK #144  avail=104  totalBytes=5447  streamON=1
[20:55:53.504] TICK #145  avail=96  totalBytes=5551  streamON=1
[20:55:53.547] TICK #147  avail=104  totalBytes=5647  streamON=1
[20:55:53.590] TICK #149  avail=96  totalBytes=5751  streamON=1
[20:55:53.612] TICK #150  avail=104  totalBytes=5847  streamON=1
[20:55:53.656] TICK #152  avail=96  totalBytes=5951  streamON=1
[20:55:53.678] TICK #153  avail=104  totalBytes=6047  streamON=1
[20:55:53.720] TICK #155  avail=96  totalBytes=6151  streamON=1
[20:55:53.743] TICK #156  avail=104  totalBytes=6247  streamON=1
[20:55:53.785] TICK #158  avail=104  totalBytes=6351  streamON=1
[20:55:53.807] TICK #159  avail=96  totalBytes=6455  streamON=1
[20:55:53.849] TICK #161  avail=104  totalBytes=6551  streamON=1
[20:55:53.892] TICK #163  avail=96  totalBytes=6655  streamON=1
[20:55:53.914] TICK #164  avail=104  totalBytes=6751  streamON=1
[20:55:53.957] TICK #166  avail=104  totalBytes=6855  streamON=1
[20:55:53.980] TICK #167  avail=96  totalBytes=6959  streamON=1
[20:55:54.023] TICK #169  avail=104  totalBytes=7055  streamON=1
[20:55:54.045] TICK #170  avail=96  totalBytes=7159  streamON=1
[20:55:54.090] TICK #172  avail=104  totalBytes=7255  streamON=1
[20:55:54.112] TICK #173  avail=96  totalBytes=7359  streamON=1
[20:55:54.155] TICK #175  avail=104  totalBytes=7455  streamON=1
[20:55:54.181] TICK #176  avail=97  totalBytes=7559  streamON=1
[20:55:54.227] TICK #178  avail=103  totalBytes=7656  streamON=1
[20:55:54.250] TICK #179  avail=104  totalBytes=7759  streamON=1
[20:55:54.297] TICK #181  avail=104  totalBytes=7863  streamON=1
[20:55:54.319] TICK #182  avail=96  totalBytes=7967  streamON=1
[20:55:54.363] TICK #184  avail=104  totalBytes=8063  streamON=1
[20:55:54.385] TICK #185  avail=103  totalBytes=8167  streamON=1
[20:55:54.432] TICK #187  avail=97  totalBytes=8270  streamON=1
[20:55:54.456] TICK #188  avail=104  totalBytes=8367  streamON=1
[20:55:54.479] TICK #189  avail=96  totalBytes=8471  streamON=1
[20:55:54.522] TICK #191  avail=104  totalBytes=8567  streamON=1
[20:55:54.545] TICK #192  avail=104  totalBytes=8671  streamON=1
[20:55:54.588] TICK #194  avail=96  totalBytes=8775  streamON=1
[20:55:54.631] TICK #196  avail=104  totalBytes=8871  streamON=1
[20:55:54.652] TICK #197  avail=96  totalBytes=8975  streamON=1
[20:55:54.695] TICK #199  avail=104  totalBytes=9071  streamON=1
[20:55:54.717] TICK #200  avail=96  totalBytes=9175  streamON=1
[20:55:54.758] TICK #202  avail=104  totalBytes=9271  streamON=1
[20:55:54.779] TICK #203  avail=96  totalBytes=9375  streamON=1
[20:55:54.822] TICK #205  avail=104  totalBytes=9471  streamON=1
[20:55:54.864] TICK #207  avail=96  totalBytes=9575  streamON=1
[20:55:54.886] TICK #208  avail=104  totalBytes=9671  streamON=1
[20:55:54.930] TICK #210  avail=96  totalBytes=9775  streamON=1
[20:55:54.951] TICK #211  avail=104  totalBytes=9871  streamON=1
[20:55:54.995] TICK #213  avail=104  totalBytes=9975  streamON=1
[20:55:55.019] TICK #214  avail=96  totalBytes=10079  streamON=1
[20:55:55.062] TICK #216  avail=104  totalBytes=10175  streamON=1
[20:55:55.089] TICK #217  avail=96  totalBytes=10279  streamON=1
[20:55:55.112] TICK #218  avail=104  totalBytes=10375  streamON=1
[20:55:55.157] TICK #220  avail=104  totalBytes=10479  streamON=1
[20:55:55.179] TICK #221  avail=96  totalBytes=10583  streamON=1
[20:55:55.223] TICK #223  avail=104  totalBytes=10679  streamON=1
[20:55:55.265] TICK #225  avail=96  totalBytes=10783  streamON=1
[20:55:55.287] TICK #226  avail=104  totalBytes=10879  streamON=1
[20:55:55.329] TICK #228  avail=96  totalBytes=10983  streamON=1
[20:55:55.350] TICK #229  avail=104  totalBytes=11079  streamON=1
[20:55:55.393] TICK #231  avail=96  totalBytes=11183  streamON=1
[20:55:55.414] TICK #232  avail=104  totalBytes=11279  streamON=1
[20:55:55.457] TICK #234  avail=104  totalBytes=11383  streamON=1
[20:55:55.499] TICK #236  avail=96  totalBytes=11487  streamON=1
[20:55:55.524] TICK #237  avail=104  totalBytes=11583  streamON=1
[20:55:55.567] TICK #239  avail=96  totalBytes=11687  streamON=1
[20:55:55.589] TICK #240  avail=104  totalBytes=11783  streamON=1
[20:55:55.632] TICK #242  avail=104  totalBytes=11887  streamON=1
[20:55:55.655] TICK #243  avail=96  totalBytes=11991  streamON=1
[20:55:55.698] TICK #245  avail=104  totalBytes=12087  streamON=1
[20:55:55.731] TICK #246  avail=96  totalBytes=12191  streamON=1
[20:55:55.752] TICK #247  avail=104  totalBytes=12287  streamON=1
[20:55:55.798] TICK #249  avail=96  totalBytes=12391  streamON=1
[20:55:55.820] TICK #250  avail=104  totalBytes=12487  streamON=1
[20:55:55.862] TICK #252  avail=104  totalBytes=12591  streamON=1
[20:55:55.884] TICK #253  avail=96  totalBytes=12695  streamON=1
[20:55:55.926] TICK #255  avail=104  totalBytes=12791  streamON=1
[20:55:55.968] TICK #257  avail=96  totalBytes=12895  streamON=1
[20:55:55.990] TICK #258  avail=104  totalBytes=12991  streamON=1
[20:55:56.033] TICK #260  avail=104  totalBytes=13095  streamON=1
[20:55:56.055] TICK #261  avail=96  totalBytes=13199  streamON=1
[20:55:56.098] TICK #263  avail=104  totalBytes=13295  streamON=1
[20:55:56.119] TICK #264  avail=96  totalBytes=13399  streamON=1
[20:55:56.162] TICK #266  avail=104  totalBytes=13495  streamON=1
[20:55:56.203] TICK #268  avail=99  totalBytes=13599  streamON=1
[20:55:56.226] TICK #269  avail=101  totalBytes=13698  streamON=1
[20:55:56.268] TICK #271  avail=104  totalBytes=13799  streamON=1
[20:55:56.289] TICK #272  avail=96  totalBytes=13903  streamON=1
[20:55:56.333] TICK #274  avail=104  totalBytes=13999  streamON=1
[20:55:56.354] TICK #275  avail=96  totalBytes=14103  streamON=1
[20:55:56.396] TICK #277  avail=104  totalBytes=14199  streamON=1
[20:55:56.439] TICK #279  avail=96  totalBytes=14303  streamON=1
[20:55:56.461] TICK #280  avail=104  totalBytes=14399  streamON=1
[20:55:56.504] TICK #282  avail=104  totalBytes=14503  streamON=1
[20:55:56.526] TICK #283  avail=96  totalBytes=14607  streamON=1
[20:55:56.569] TICK #285  avail=104  totalBytes=14703  streamON=1
[20:55:56.591] TICK #286  avail=96  totalBytes=14807  streamON=1
[20:55:56.635] TICK #288  avail=104  totalBytes=14903  streamON=1
[20:55:56.656] TICK #289  avail=96  totalBytes=15007  streamON=1
[20:55:56.699] TICK #291  avail=104  totalBytes=15103  streamON=1
[20:55:56.721] TICK #292  avail=104  totalBytes=15207  streamON=1
[20:55:56.764] TICK #294  avail=96  totalBytes=15311  streamON=1
[20:55:56.786] TICK #295  avail=96  totalBytes=15407  streamON=1
[20:55:56.884] TICK #297  avail=200  totalBytes=15503  streamON=1
[20:55:56.944] TICK #298  avail=202  totalBytes=15703  streamON=1
[20:55:56.965] TICK #299  avail=102  totalBytes=15905  streamON=1
[20:55:56.988] TICK #300  avail=104  totalBytes=16007  streamON=1
[20:55:57.031] TICK #302  avail=97  totalBytes=16111  streamON=1
[20:55:57.074] TICK #304  avail=103  totalBytes=16208  streamON=1
[20:55:57.096] TICK #305  avail=97  totalBytes=16311  streamON=1
[20:55:57.138] TICK #307  avail=103  totalBytes=16408  streamON=1
[20:55:57.159] TICK #308  avail=104  totalBytes=16511  streamON=1
[20:55:57.202] TICK #310  avail=96  totalBytes=16615  streamON=1
[20:55:57.223] TICK #311  avail=104  totalBytes=16711  streamON=1
[20:55:57.265] TICK #313  avail=96  totalBytes=16815  streamON=1
[20:55:57.308] TICK #315  avail=104  totalBytes=16911  streamON=1
[20:55:57.330] TICK #316  avail=104  totalBytes=17015  streamON=1
[20:55:57.372] TICK #318  avail=96  totalBytes=17119  streamON=1
[20:55:57.393] TICK #319  avail=104  totalBytes=17215  streamON=1
[20:55:57.436] TICK #321  avail=96  totalBytes=17319  streamON=1
[20:55:57.457] TICK #322  avail=104  totalBytes=17415  streamON=1
[20:55:57.500] TICK #324  avail=96  totalBytes=17519  streamON=1
[20:55:57.542] TICK #326  avail=104  totalBytes=17615  streamON=1
[20:55:57.564] TICK #327  avail=96  totalBytes=17719  streamON=1
[20:55:57.607] TICK #329  avail=104  totalBytes=17815  streamON=1
[20:55:57.629] TICK #330  avail=104  totalBytes=17919  streamON=1
[20:55:57.671] TICK #332  avail=96  totalBytes=18023  streamON=1
[20:55:57.692] TICK #333  avail=104  totalBytes=18119  streamON=1
[20:55:57.736] TICK #335  avail=96  totalBytes=18223  streamON=1
[20:55:57.758] TICK #336  avail=104  totalBytes=18319  streamON=1
[20:55:57.801] TICK #338  avail=96  totalBytes=18423  streamON=1
[20:55:57.842] TICK #340  avail=104  totalBytes=18519  streamON=1
[20:55:57.864] TICK #341  avail=104  totalBytes=18623  streamON=1
[20:55:57.907] TICK #343  avail=96  totalBytes=18727  streamON=1
[20:55:57.929] TICK #344  avail=104  totalBytes=18823  streamON=1
[20:55:57.972] TICK #346  avail=96  totalBytes=18927  streamON=1
[20:55:57.993] TICK #347  avail=104  totalBytes=19023  streamON=1
[20:55:58.035] TICK #349  avail=100  totalBytes=19127  streamON=1
[20:55:58.057] TICK #350  avail=0  totalBytes=19227  streamON=1
[20:55:58.077] TICK #351  avail=100  totalBytes=19227  streamON=1
[20:55:58.098] TICK #352  avail=96  totalBytes=19327  streamON=1
[20:55:58.141] TICK #354  avail=104  totalBytes=19423  streamON=1
[20:55:58.162] TICK #355  avail=100  totalBytes=19527  streamON=1
[20:55:58.203] TICK #357  avail=100  totalBytes=19627  streamON=1
[20:55:58.225] TICK #358  avail=96  totalBytes=19727  streamON=1
[20:55:58.267] TICK #360  avail=104  totalBytes=19823  streamON=1
[20:55:58.309] TICK #362  avail=104  totalBytes=19927  streamON=1
[20:55:58.330] TICK #363  avail=96  totalBytes=20031  streamON=1
[20:55:58.373] TICK #365  avail=104  totalBytes=20127  streamON=1
[20:55:58.395] TICK #366  avail=96  totalBytes=20231  streamON=1
[20:55:58.437] TICK #368  avail=104  totalBytes=20327  streamON=1
[20:55:58.459] TICK #369  avail=96  totalBytes=20431  streamON=1
[20:55:58.502] TICK #371  avail=104  totalBytes=20527  streamON=1
[20:55:58.543] TICK #373  avail=96  totalBytes=20631  streamON=1
[20:55:58.565] TICK #374  avail=104  totalBytes=20727  streamON=1
[20:55:58.606] TICK #376  avail=96  totalBytes=20831  streamON=1
[20:55:58.628] TICK #377  avail=104  totalBytes=20927  streamON=1
[20:55:58.671] TICK #379  avail=104  totalBytes=21031  streamON=1
[20:55:58.693] TICK #380  avail=96  totalBytes=21135  streamON=1
[20:55:58.735] TICK #382  avail=104  totalBytes=21231  streamON=1
[20:55:58.777] TICK #384  avail=104  totalBytes=21335  streamON=1
[20:55:58.798] TICK #385  avail=96  totalBytes=21439  streamON=1
[20:55:58.842] TICK #387  avail=104  totalBytes=21535  streamON=1
[20:55:58.863] TICK #388  avail=96  totalBytes=21639  streamON=1
[20:55:58.905] TICK #390  avail=104  totalBytes=21735  streamON=1
[20:55:58.947] TICK #392  avail=96  totalBytes=21839  streamON=1
[20:55:58.969] TICK #393  avail=104  totalBytes=21935  streamON=1
[20:55:59.012] TICK #395  avail=104  totalBytes=22039  streamON=1
[20:55:59.033] TICK #396  avail=102  totalBytes=22143  streamON=1
[20:55:59.077] TICK #398  avail=98  totalBytes=22245  streamON=1
[20:55:59.099] TICK #399  avail=104  totalBytes=22343  streamON=1
[20:55:59.120] TICK #400  avail=0  totalBytes=22447  streamON=1
[20:55:59.142] TICK #401  avail=100  totalBytes=22447  streamON=1
[20:55:59.183] TICK #403  avail=100  totalBytes=22547  streamON=1
[20:55:59.205] TICK #404  avail=104  totalBytes=22647  streamON=1
[20:55:59.247] TICK #406  avail=96  totalBytes=22751  streamON=1
[20:55:59.269] TICK #407  avail=104  totalBytes=22847  streamON=1
[20:55:59.311] TICK #409  avail=96  totalBytes=22951  streamON=1
[20:55:59.332] TICK #410  avail=104  totalBytes=23047  streamON=1
[20:55:59.374] TICK #412  avail=104  totalBytes=23151  streamON=1
[20:55:59.416] TICK #414  avail=96  totalBytes=23255  streamON=1
[20:55:59.438] TICK #415  avail=104  totalBytes=23351  streamON=1
[20:55:59.479] TICK #417  avail=96  totalBytes=23455  streamON=1
[20:55:59.501] TICK #418  avail=104  totalBytes=23551  streamON=1
[20:55:59.543] TICK #420  avail=96  totalBytes=23655  streamON=1
[20:55:59.584] TICK #422  avail=104  totalBytes=23751  streamON=1
[20:55:59.606] TICK #423  avail=96  totalBytes=23855  streamON=1
[20:55:59.649] TICK #425  avail=104  totalBytes=23951  streamON=1
[20:55:59.671] TICK #426  avail=99  totalBytes=24055  streamON=1
[20:55:59.714] TICK #428  avail=101  totalBytes=24154  streamON=1
[20:55:59.735] TICK #429  avail=104  totalBytes=24255  streamON=1
[20:55:59.757] --- Stream OFF ---
[20:55:59.782] TICK #431  avail=96  totalBytes=24359  streamON=0
[20:55:59.804] TICK #432  avail=104  totalBytes=24455  streamON=0
[20:55:59.846] TICK #434  avail=96  totalBytes=24559  streamON=0
[20:55:59.867] TICK #435  avail=104  totalBytes=24655  streamON=0
[20:55:59.910] TICK #437  avail=96  totalBytes=24759  streamON=0
[20:55:59.953] TICK #439  avail=104  totalBytes=24855  streamON=0
[20:55:59.975] TICK #440  avail=96  totalBytes=24959  streamON=0
[20:56:00.017] TICK #442  avail=104  totalBytes=25055  streamON=0
[20:56:00.039] TICK #443  avail=96  totalBytes=25159  streamON=0
[20:56:00.082] TICK #445  avail=104  totalBytes=25255  streamON=0
[20:56:00.103] TICK #446  avail=96  totalBytes=25359  streamON=0
[20:56:00.145] TICK #448  avail=104  totalBytes=25455  streamON=0
[20:56:00.166] TICK #449  avail=96  totalBytes=25559  streamON=0
[20:56:00.188] TICK #450  avail=0  totalBytes=25655  streamON=0
[20:56:00.209] TICK #451  avail=104  totalBytes=25655  streamON=0
[20:56:00.252] TICK #453  avail=96  totalBytes=25759  streamON=0
[20:56:00.273] TICK #454  avail=104  totalBytes=25855  streamON=0
[20:56:00.314] TICK #456  avail=96  totalBytes=25959  streamON=0
[20:56:00.336] TICK #457  avail=104  totalBytes=26055  streamON=0
[20:56:00.379] TICK #459  avail=96  totalBytes=26159  streamON=0
[20:56:00.401] TICK #460  avail=104  totalBytes=26255  streamON=0
[20:56:00.443] TICK #462  avail=104  totalBytes=26359  streamON=0
[20:56:00.485] TICK #464  avail=96  totalBytes=26463  streamON=0
[20:56:00.506] TICK #465  avail=104  totalBytes=26559  streamON=0
[20:56:00.549] TICK #467  avail=96  totalBytes=26663  streamON=0
[20:56:00.571] TICK #468  avail=104  totalBytes=26759  streamON=0
[20:56:00.613] TICK #470  avail=104  totalBytes=26863  streamON=0
[20:56:00.655] TICK #472  avail=96  totalBytes=26967  streamON=0
[20:56:00.677] TICK #473  avail=104  totalBytes=27063  streamON=0
[20:56:00.720] TICK #475  avail=103  totalBytes=27167  streamON=0
[20:56:00.741] TICK #476  avail=97  totalBytes=27270  streamON=0
[20:56:00.784] TICK #478  avail=104  totalBytes=27367  streamON=0
[20:56:00.805] TICK #479  avail=96  totalBytes=27471  streamON=0
[20:56:00.848] TICK #481  avail=104  totalBytes=27567  streamON=0
[20:56:00.870] TICK #482  avail=96  totalBytes=27671  streamON=0
[20:56:00.912] TICK #484  avail=104  totalBytes=27767  streamON=0
[20:56:00.954] TICK #486  avail=104  totalBytes=27871  streamON=0
[20:56:00.977] TICK #487  avail=96  totalBytes=27975  streamON=0
[20:56:01.018] TICK #489  avail=104  totalBytes=28071  streamON=0
[20:56:01.040] TICK #490  avail=96  totalBytes=28175  streamON=0
[20:56:01.082] TICK #492  avail=104  totalBytes=28271  streamON=0
[20:56:01.104] TICK #493  avail=96  totalBytes=28375  streamON=0
[20:56:01.147] TICK #495  avail=104  totalBytes=28471  streamON=0
[20:56:01.189] TICK #497  avail=104  totalBytes=28575  streamON=0
[20:56:01.211] TICK #498  avail=96  totalBytes=28679  streamON=0
[20:56:01.253] TICK #500  avail=104  totalBytes=28775  streamON=0
[20:56:01.275] TICK #501  avail=96  totalBytes=28879  streamON=0
[20:56:01.311] --- Stream ON ---
[20:56:01.316] TICK #503  avail=104  totalBytes=28975  streamON=1
[20:56:01.358] TICK #505  avail=96  totalBytes=29079  streamON=1
[20:56:01.379] TICK #506  avail=104  totalBytes=29175  streamON=1
[20:56:01.422] TICK #508  avail=104  totalBytes=29279  streamON=1
[20:56:01.444] TICK #509  avail=96  totalBytes=29383  streamON=1
[20:56:01.485] TICK #511  avail=104  totalBytes=29479  streamON=1
[20:56:01.507] TICK #512  avail=99  totalBytes=29583  streamON=1
[20:56:01.548] TICK #514  avail=101  totalBytes=29682  streamON=1
[20:56:01.590] TICK #516  avail=104  totalBytes=29783  streamON=1
[20:56:01.611] TICK #517  avail=96  totalBytes=29887  streamON=1
[20:56:01.653] TICK #519  avail=104  totalBytes=29983  streamON=1
[20:56:01.674] TICK #520  avail=96  totalBytes=30087  streamON=1
[20:56:01.716] TICK #522  avail=104  totalBytes=30183  streamON=1
[20:56:01.758] TICK #524  avail=104  totalBytes=30287  streamON=1
[20:56:01.780] TICK #525  avail=96  totalBytes=30391  streamON=1
[20:56:01.823] TICK #527  avail=104  totalBytes=30487  streamON=1
[20:56:01.845] TICK #528  avail=96  totalBytes=30591  streamON=1
[20:56:01.888] TICK #530  avail=104  totalBytes=30687  streamON=1
[20:56:01.909] TICK #531  avail=104  totalBytes=30791  streamON=1
[20:56:01.952] TICK #533  avail=96  totalBytes=30895  streamON=1
[20:56:01.995] TICK #535  avail=104  totalBytes=30991  streamON=1
[20:56:02.016] TICK #536  avail=96  totalBytes=31095  streamON=1
[20:56:02.057] TICK #538  avail=104  totalBytes=31191  streamON=1
[20:56:02.079] TICK #539  avail=104  totalBytes=31295  streamON=1
[20:56:02.120] TICK #541  avail=96  totalBytes=31399  streamON=1
[20:56:02.163] TICK #543  avail=104  totalBytes=31495  streamON=1
[20:56:02.184] TICK #544  avail=96  totalBytes=31599  streamON=1
[20:56:02.226] TICK #546  avail=104  totalBytes=31695  streamON=1
[20:56:02.248] TICK #547  avail=96  totalBytes=31799  streamON=1
[20:56:02.290] TICK #549  avail=104  totalBytes=31895  streamON=1
[20:56:02.311] TICK #550  avail=96  totalBytes=31999  streamON=1
[20:56:02.354] TICK #552  avail=104  totalBytes=32095  streamON=1
[20:56:02.395] TICK #554  avail=96  totalBytes=32199  streamON=1
[20:56:02.417] TICK #555  avail=104  totalBytes=32295  streamON=1
[20:56:02.459] TICK #557  avail=96  totalBytes=32399  streamON=1
[20:56:02.480] TICK #558  avail=104  totalBytes=32495  streamON=1
[20:56:02.522] TICK #560  avail=96  totalBytes=32599  streamON=1
[20:56:02.544] TICK #561  avail=104  totalBytes=32695  streamON=1
[20:56:02.587] TICK #563  avail=103  totalBytes=32799  streamON=1
[20:56:02.630] TICK #565  avail=97  totalBytes=32902  streamON=1
[20:56:02.651] TICK #566  avail=103  totalBytes=32999  streamON=1
[20:56:02.694] TICK #568  avail=97  totalBytes=33102  streamON=1
[20:56:02.715] TICK #569  avail=103  totalBytes=33199  streamON=1
[20:56:02.757] TICK #571  avail=97  totalBytes=33302  streamON=1
[20:56:02.778] TICK #572  avail=104  totalBytes=33399  streamON=1
[20:56:02.821] TICK #574  avail=96  totalBytes=33503  streamON=1
[20:56:02.864] TICK #576  avail=104  totalBytes=33599  streamON=1
[20:56:02.886] TICK #577  avail=96  totalBytes=33703  streamON=1
[20:56:02.927] TICK #579  avail=104  totalBytes=33799  streamON=1
[20:56:02.948] TICK #580  avail=96  totalBytes=33903  streamON=1
[20:56:02.991] TICK #582  avail=104  totalBytes=33999  streamON=1
[20:56:03.013] TICK #583  avail=96  totalBytes=34103  streamON=1
[20:56:03.054] TICK #585  avail=104  totalBytes=34199  streamON=1
[20:56:03.096] TICK #587  avail=96  totalBytes=34303  streamON=1
[20:56:03.118] TICK #588  avail=104  totalBytes=34399  streamON=1
[20:56:03.160] TICK #590  avail=104  totalBytes=34503  streamON=1
[20:56:03.182] TICK #591  avail=96  totalBytes=34607  streamON=1
[20:56:03.224] TICK #593  avail=104  totalBytes=34703  streamON=1
[20:56:03.245] TICK #594  avail=96  totalBytes=34807  streamON=1
[20:56:03.287] TICK #596  avail=104  totalBytes=34903  streamON=1
[20:56:03.330] TICK #598  avail=96  totalBytes=35007  streamON=1
[20:56:03.354] TICK #599  avail=104  totalBytes=35103  streamON=1
[20:56:03.375] TICK #600  avail=0  totalBytes=35207  streamON=1
[20:56:03.397] TICK #601  avail=104  totalBytes=35207  streamON=1
[20:56:03.419] TICK #602  avail=96  totalBytes=35311  streamON=1
[20:56:03.462] TICK #604  avail=104  totalBytes=35407  streamON=1
[20:56:03.483] TICK #605  avail=96  totalBytes=35511  streamON=1
[20:56:03.527] TICK #607  avail=104  totalBytes=35607  streamON=1
[20:56:03.549] TICK #608  avail=96  totalBytes=35711  streamON=1
[20:56:03.592] TICK #610  avail=104  totalBytes=35807  streamON=1
[20:56:03.614] TICK #611  avail=96  totalBytes=35911  streamON=1
[20:56:03.657] TICK #613  avail=104  totalBytes=36007  streamON=1
[20:56:03.699] TICK #615  avail=96  totalBytes=36111  streamON=1
[20:56:03.721] TICK #616  avail=104  totalBytes=36207  streamON=1
[20:56:03.762] TICK #618  avail=96  totalBytes=36311  streamON=1
[20:56:03.783] TICK #619  avail=104  totalBytes=36407  streamON=1
[20:56:03.826] TICK #621  avail=102  totalBytes=36511  streamON=1
[20:56:03.844] --- Stream OFF ---
[20:56:03.848] TICK #622  avail=98  totalBytes=36613  streamON=0
[20:56:03.892] TICK #624  avail=104  totalBytes=36711  streamON=0
[20:56:03.914] TICK #625  avail=96  totalBytes=36815  streamON=0
[20:56:03.955] TICK #627  avail=104  totalBytes=36911  streamON=0
[20:56:03.998] TICK #629  avail=96  totalBytes=37015  streamON=0
[20:56:04.019] TICK #630  avail=104  totalBytes=37111  streamON=0
[20:56:04.061] TICK #632  avail=101  totalBytes=37215  streamON=0
[20:56:04.083] TICK #633  avail=99  totalBytes=37316  streamON=0
[20:56:04.125] TICK #635  avail=104  totalBytes=37415  streamON=0
[20:56:04.168] TICK #637  avail=100  totalBytes=37519  streamON=0
[20:56:04.190] TICK #638  avail=100  totalBytes=37619  streamON=0
[20:56:04.234] TICK #640  avail=104  totalBytes=37719  streamON=0
[20:56:04.255] TICK #641  avail=99  totalBytes=37823  streamON=0
[20:56:04.298] TICK #643  avail=101  totalBytes=37922  streamON=0
[20:56:04.319] TICK #644  avail=104  totalBytes=38023  streamON=0
[20:56:04.361] TICK #646  avail=96  totalBytes=38127  streamON=0
[20:56:04.403] TICK #648  avail=104  totalBytes=38223  streamON=0
[20:56:04.424] TICK #649  avail=96  totalBytes=38327  streamON=0
[20:56:04.446] TICK #650  avail=0  totalBytes=38423  streamON=0
[20:56:04.467] TICK #651  avail=104  totalBytes=38423  streamON=0
[20:56:04.489] TICK #652  avail=99  totalBytes=38527  streamON=0
[20:56:04.531] TICK #654  avail=101  totalBytes=38626  streamON=0
[20:56:04.543] Datos borrados.
[20:56:04.553] TICK #655  avail=99  totalBytes=38727  streamON=0
[20:56:04.598] TICK #657  avail=101  totalBytes=38826  streamON=0
[20:56:04.620] TICK #658  avail=96  totalBytes=38927  streamON=0
[20:56:04.662] TICK #660  avail=104  totalBytes=39023  streamON=0
[20:56:04.705] TICK #662  avail=100  totalBytes=39127  streamON=0
[20:56:04.726] TICK #663  avail=100  totalBytes=39227  streamON=0
[20:56:04.769] TICK #665  avail=104  totalBytes=39327  streamON=0
[20:56:04.791] TICK #666  avail=96  totalBytes=39431  streamON=0
[20:56:04.832] TICK #668  avail=104  totalBytes=39527  streamON=0
[20:56:04.854] TICK #669  avail=96  totalBytes=39631  streamON=0
[20:56:04.897] TICK #671  avail=104  totalBytes=39727  streamON=0
[20:56:04.939] TICK #673  avail=104  totalBytes=39831  streamON=0
[20:56:04.960] TICK #674  avail=96  totalBytes=39935  streamON=0
[20:56:05.003] TICK #676  avail=104  totalBytes=40031  streamON=0
[20:56:05.025] TICK #677  avail=96  totalBytes=40135  streamON=0
[20:56:05.067] TICK #679  avail=104  totalBytes=40231  streamON=0
[20:56:05.089] TICK #680  avail=104  totalBytes=40335  streamON=0
[20:56:05.130] TICK #682  avail=104  totalBytes=40439  streamON=0
[20:56:05.173] TICK #684  avail=96  totalBytes=40543  streamON=0
[20:56:05.194] TICK #685  avail=96  totalBytes=40639  streamON=0
[20:56:05.236] TICK #687  avail=104  totalBytes=40735  streamON=0
[20:56:05.259] TICK #688  avail=104  totalBytes=40839  streamON=0
[20:56:05.300] TICK #690  avail=96  totalBytes=40943  streamON=0
[20:56:05.319] --- Stream ON ---
[20:56:05.324] TICK #691  avail=104  totalBytes=41039  streamON=1
[20:56:05.368] TICK #693  avail=96  totalBytes=41143  streamON=1
[20:56:05.389] TICK #694  avail=104  totalBytes=41239  streamON=1
[20:56:05.431] TICK #696  avail=96  totalBytes=41343  streamON=1
[20:56:05.473] TICK #698  avail=104  totalBytes=41439  streamON=1
[20:56:05.494] TICK #699  avail=96  totalBytes=41543  streamON=1
[20:56:05.515] TICK #700  avail=0  totalBytes=41639  streamON=1
[20:56:05.537] TICK #701  avail=104  totalBytes=41639  streamON=1
[20:56:05.558] TICK #702  avail=102  totalBytes=41743  streamON=1
[20:56:05.599] TICK #704  avail=98  totalBytes=41845  streamON=1
[20:56:05.641] TICK #706  avail=104  totalBytes=41943  streamON=1
[20:56:05.663] TICK #707  avail=96  totalBytes=42047  streamON=1
[20:56:05.704] TICK #709  avail=104  totalBytes=42143  streamON=1
[20:56:05.726] TICK #710  avail=96  totalBytes=42247  streamON=1
[20:56:05.768] TICK #712  avail=104  totalBytes=42343  streamON=1
[20:56:05.790] TICK #713  avail=96  totalBytes=42447  streamON=1
[20:56:05.832] TICK #715  avail=101  totalBytes=42543  streamON=1
[20:56:05.874] TICK #717  avail=99  totalBytes=42644  streamON=1
[20:56:05.895] TICK #718  avail=104  totalBytes=42743  streamON=1
[20:56:05.938] TICK #720  avail=96  totalBytes=42847  streamON=1
[20:56:05.959] TICK #721  avail=104  totalBytes=42943  streamON=1
[20:56:06.002] TICK #723  avail=96  totalBytes=43047  streamON=1
[20:56:06.023] TICK #724  avail=104  totalBytes=43143  streamON=1
[20:56:06.064] TICK #726  avail=96  totalBytes=43247  streamON=1
[20:56:06.107] TICK #728  avail=104  totalBytes=43343  streamON=1
[20:56:06.128] TICK #729  avail=99  totalBytes=43447  streamON=1
[20:56:06.169] TICK #731  avail=101  totalBytes=43546  streamON=1
[20:56:06.191] TICK #732  avail=99  totalBytes=43647  streamON=1
[20:56:06.233] TICK #734  avail=101  totalBytes=43746  streamON=1
[20:56:06.275] TICK #736  avail=104  totalBytes=43847  streamON=1
[20:56:06.296] TICK #737  avail=96  totalBytes=43951  streamON=1
[20:56:06.337] TICK #739  avail=104  totalBytes=44047  streamON=1
[20:56:06.359] TICK #740  avail=96  totalBytes=44151  streamON=1
[20:56:06.400] TICK #742  avail=104  totalBytes=44247  streamON=1
[20:56:06.442] TICK #744  avail=96  totalBytes=44351  streamON=1
[20:56:06.463] TICK #745  avail=104  totalBytes=44447  streamON=1
[20:56:06.505] TICK #747  avail=96  totalBytes=44551  streamON=1
[20:56:06.526] TICK #748  avail=104  totalBytes=44647  streamON=1
[20:56:06.568] TICK #750  avail=96  totalBytes=44751  streamON=1
[20:56:06.611] TICK #752  avail=104  totalBytes=44847  streamON=1
[20:56:06.632] TICK #753  avail=104  totalBytes=44951  streamON=1
[20:56:06.675] TICK #755  avail=96  totalBytes=45055  streamON=1
[20:56:06.697] TICK #756  avail=104  totalBytes=45151  streamON=1
[20:56:06.739] TICK #758  avail=96  totalBytes=45255  streamON=1
[20:56:06.761] TICK #759  avail=104  totalBytes=45351  streamON=1
[20:56:06.802] TICK #761  avail=96  totalBytes=45455  streamON=1
[20:56:06.844] TICK #763  avail=104  totalBytes=45551  streamON=1
[20:56:06.866] TICK #764  avail=96  totalBytes=45655  streamON=1
[20:56:06.908] TICK #766  avail=104  totalBytes=45751  streamON=1
[20:56:06.930] TICK #767  avail=96  totalBytes=45855  streamON=1
[20:56:06.973] TICK #769  avail=104  totalBytes=45951  streamON=1
[20:56:06.994] TICK #770  avail=96  totalBytes=46055  streamON=1
[20:56:07.036] TICK #772  avail=104  totalBytes=46151  streamON=1
[20:56:07.057] TICK #773  avail=96  totalBytes=46255  streamON=1
[20:56:07.101] TICK #775  avail=104  totalBytes=46351  streamON=1
[20:56:07.144] TICK #777  avail=96  totalBytes=46455  streamON=1
[20:56:07.166] TICK #778  avail=104  totalBytes=46551  streamON=1
[20:56:07.209] TICK #780  avail=96  totalBytes=46655  streamON=1
[20:56:07.231] TICK #781  avail=104  totalBytes=46751  streamON=1
[20:56:07.273] TICK #783  avail=96  totalBytes=46855  streamON=1
[20:56:09.729] --- Stream OFF ---
[20:56:11.334] Desconectado.
