=== geophone_scope_simple log — 23-Apr-2026 20:56:12 ===
[20:56:12.405] Conectado a COM7 @ 460800 baud
[20:56:12.409] TICK #785  avail=184  totalBytes=46951  streamON=0
[20:56:12.454] TICK #786  avail=104  totalBytes=47135  streamON=0
[20:56:12.476] TICK #787  avail=96  totalBytes=47239  streamON=0
[20:56:12.518] TICK #789  avail=104  totalBytes=47335  streamON=0
[20:56:12.561] TICK #791  avail=96  totalBytes=47439  streamON=0
[20:56:12.583] TICK #792  avail=104  totalBytes=47535  streamON=0
[20:56:12.626] TICK #794  avail=96  totalBytes=47639  streamON=0
[20:56:12.648] TICK #795  avail=104  totalBytes=47735  streamON=0
[20:56:12.689] TICK #797  avail=104  totalBytes=47839  streamON=0
[20:56:12.710] TICK #798  avail=96  totalBytes=47943  streamON=0
[20:56:12.752] TICK #800  avail=96  totalBytes=48039  streamON=0
[20:56:12.796] TICK #802  avail=104  totalBytes=48135  streamON=0
[20:56:12.817] TICK #803  avail=96  totalBytes=48239  streamON=0
[20:56:12.858] TICK #805  avail=104  totalBytes=48335  streamON=0
[20:56:12.880] TICK #806  avail=96  totalBytes=48439  streamON=0
[20:56:12.921] TICK #808  avail=104  totalBytes=48535  streamON=0
[20:56:12.943] TICK #809  avail=96  totalBytes=48639  streamON=0
[20:56:12.985] TICK #811  avail=104  totalBytes=48735  streamON=0
[20:56:13.028] TICK #813  avail=99  totalBytes=48839  streamON=0
[20:56:13.049] TICK #814  avail=101  totalBytes=48938  streamON=0
[20:56:13.092] TICK #816  avail=96  totalBytes=49039  streamON=0
[20:56:13.113] TICK #817  avail=104  totalBytes=49135  streamON=0
[20:56:13.157] TICK #819  avail=96  totalBytes=49239  streamON=0
[20:56:13.178] TICK #820  avail=104  totalBytes=49335  streamON=0
[20:56:13.221] TICK #822  avail=100  totalBytes=49439  streamON=0
[20:56:13.242] TICK #823  avail=100  totalBytes=49539  streamON=0
[20:56:13.285] TICK #825  avail=104  totalBytes=49639  streamON=0
[20:56:13.326] TICK #827  avail=96  totalBytes=49743  streamON=0
[20:56:13.348] TICK #828  avail=104  totalBytes=49839  streamON=0
[20:56:13.390] TICK #830  avail=96  totalBytes=49943  streamON=0
[20:56:13.411] TICK #831  avail=104  totalBytes=50039  streamON=0
[20:56:13.454] TICK #833  avail=96  totalBytes=50143  streamON=0
[20:56:13.495] TICK #835  avail=104  totalBytes=50239  streamON=0
[20:56:13.517] TICK #836  avail=96  totalBytes=50343  streamON=0
[20:56:13.560] TICK #838  avail=104  totalBytes=50439  streamON=0
[20:56:13.582] TICK #839  avail=104  totalBytes=50543  streamON=0
[20:56:13.625] TICK #841  avail=96  totalBytes=50647  streamON=0
[20:56:13.646] TICK #842  avail=104  totalBytes=50743  streamON=0
[20:56:13.689] TICK #844  avail=104  totalBytes=50847  streamON=0
[20:56:13.711] TICK #845  avail=96  totalBytes=50951  streamON=0
[20:56:13.754] TICK #847  avail=104  totalBytes=51047  streamON=0
[20:56:13.797] TICK #849  avail=96  totalBytes=51151  streamON=0
[20:56:13.819] TICK #850  avail=104  totalBytes=51247  streamON=0
[20:56:13.861] TICK #852  avail=96  totalBytes=51351  streamON=0
[20:56:13.883] TICK #853  avail=104  totalBytes=51447  streamON=0
[20:56:13.926] TICK #855  avail=96  totalBytes=51551  streamON=0
[20:56:13.947] TICK #856  avail=104  totalBytes=51647  streamON=0
[20:56:13.990] TICK #858  avail=104  totalBytes=51751  streamON=0
[20:56:14.032] TICK #860  avail=96  totalBytes=51855  streamON=0
[20:56:14.054] TICK #861  avail=104  totalBytes=51951  streamON=0
[20:56:14.099] TICK #863  avail=103  totalBytes=52055  streamON=0
[20:56:14.121] TICK #864  avail=97  totalBytes=52158  streamON=0
[20:56:14.164] TICK #866  avail=103  totalBytes=52255  streamON=0
[20:56:14.186] TICK #867  avail=97  totalBytes=52358  streamON=0
[20:56:14.229] TICK #869  avail=96  totalBytes=52455  streamON=0
[20:56:14.251] TICK #870  avail=104  totalBytes=52551  streamON=0
[20:56:14.294] TICK #872  avail=104  totalBytes=52655  streamON=0
[20:56:14.316] TICK #873  avail=96  totalBytes=52759  streamON=0
[20:56:14.359] TICK #875  avail=104  totalBytes=52855  streamON=0
[20:56:14.381] TICK #876  avail=96  totalBytes=52959  streamON=0
[20:56:14.423] TICK #878  avail=104  totalBytes=53055  streamON=0
[20:56:14.464] TICK #880  avail=96  totalBytes=53159  streamON=0
[20:56:14.486] TICK #881  avail=104  totalBytes=53255  streamON=0
[20:56:14.529] TICK #883  avail=104  totalBytes=53359  streamON=0
[20:56:14.551] TICK #884  avail=96  totalBytes=53463  streamON=0
[20:56:14.592] TICK #886  avail=104  totalBytes=53559  streamON=0
[20:56:14.635] TICK #888  avail=96  totalBytes=53663  streamON=0
[20:56:14.656] TICK #889  avail=104  totalBytes=53759  streamON=0
[20:56:14.698] TICK #891  avail=96  totalBytes=53863  streamON=0
[20:56:14.719] TICK #892  avail=104  totalBytes=53959  streamON=0
[20:56:14.761] TICK #894  avail=96  totalBytes=54063  streamON=0
[20:56:14.782] TICK #895  avail=104  totalBytes=54159  streamON=0
[20:56:14.824] TICK #897  avail=104  totalBytes=54263  streamON=0
[20:56:14.867] TICK #899  avail=96  totalBytes=54367  streamON=0
[20:56:14.888] TICK #900  avail=100  totalBytes=54463  streamON=0
[20:56:14.931] TICK #902  avail=100  totalBytes=54563  streamON=0
[20:56:14.952] TICK #903  avail=104  totalBytes=54663  streamON=0
[20:56:14.993] TICK #905  avail=96  totalBytes=54767  streamON=0
[20:56:15.035] TICK #907  avail=104  totalBytes=54863  streamON=0
[20:56:15.056] TICK #908  avail=99  totalBytes=54967  streamON=0
[20:56:15.099] TICK #910  avail=101  totalBytes=55066  streamON=0
[20:56:15.121] TICK #911  avail=96  totalBytes=55167  streamON=0
[20:56:15.164] TICK #913  avail=104  totalBytes=55263  streamON=0
[20:56:15.186] TICK #914  avail=104  totalBytes=55367  streamON=0
[20:56:15.227] TICK #916  avail=96  totalBytes=55471  streamON=0
[20:56:15.270] TICK #918  avail=104  totalBytes=55567  streamON=0
[20:56:15.291] TICK #919  avail=96  totalBytes=55671  streamON=0
[20:56:15.334] TICK #921  avail=104  totalBytes=55767  streamON=0
[20:56:15.356] TICK #922  avail=96  totalBytes=55871  streamON=0
[20:56:15.397] TICK #924  avail=104  totalBytes=55967  streamON=0
[20:56:15.419] TICK #925  avail=96  totalBytes=56071  streamON=0
[20:56:15.461] TICK #927  avail=104  totalBytes=56167  streamON=0
[20:56:15.502] TICK #929  avail=96  totalBytes=56271  streamON=0
[20:56:15.524] TICK #930  avail=104  totalBytes=56367  streamON=0
[20:56:15.566] TICK #932  avail=96  totalBytes=56471  streamON=0
[20:56:15.587] TICK #933  avail=104  totalBytes=56567  streamON=0
[20:56:15.629] TICK #935  avail=96  totalBytes=56671  streamON=0
[20:56:15.650] TICK #936  avail=104  totalBytes=56767  streamON=0
[20:56:15.692] TICK #938  avail=96  totalBytes=56871  streamON=0
[20:56:15.733] TICK #940  avail=104  totalBytes=56967  streamON=0
[20:56:15.755] TICK #941  avail=96  totalBytes=57071  streamON=0
[20:56:15.796] TICK #943  avail=104  totalBytes=57167  streamON=0
[20:56:15.817] TICK #944  avail=96  totalBytes=57271  streamON=0
[20:56:15.860] TICK #946  avail=104  totalBytes=57367  streamON=0
[20:56:15.903] TICK #948  avail=104  totalBytes=57471  streamON=0
[20:56:15.924] TICK #949  avail=96  totalBytes=57575  streamON=0
[20:56:15.946] TICK #950  avail=0  totalBytes=57671  streamON=0
[20:56:15.968] TICK #951  avail=104  totalBytes=57671  streamON=0
[20:56:15.990] TICK #952  avail=96  totalBytes=57775  streamON=0
[20:56:16.033] TICK #954  avail=104  totalBytes=57871  streamON=0
[20:56:16.054] TICK #955  avail=96  totalBytes=57975  streamON=0
[20:56:16.096] TICK #957  avail=104  totalBytes=58071  streamON=0
[20:56:16.118] TICK #958  avail=96  totalBytes=58175  streamON=0
[20:56:16.160] TICK #960  avail=104  totalBytes=58271  streamON=0
[20:56:16.203] TICK #962  avail=96  totalBytes=58375  streamON=0
[20:56:16.225] TICK #963  avail=104  totalBytes=58471  streamON=0
[20:56:16.266] TICK #965  avail=102  totalBytes=58575  streamON=0
[20:56:16.288] TICK #966  avail=98  totalBytes=58677  streamON=0
[20:56:16.330] TICK #968  avail=104  totalBytes=58775  streamON=0
[20:56:16.352] TICK #969  avail=96  totalBytes=58879  streamON=0
[20:56:16.395] TICK #971  avail=104  totalBytes=58975  streamON=0
[20:56:16.437] TICK #973  avail=96  totalBytes=59079  streamON=0
[20:56:16.459] TICK #974  avail=104  totalBytes=59175  streamON=0
[20:56:16.493] --- Stream ON ---
[20:56:16.501] TICK #976  avail=100  totalBytes=59279  streamON=1
[20:56:16.523] TICK #977  avail=100  totalBytes=59379  streamON=1
[20:56:16.566] TICK #979  avail=104  totalBytes=59479  streamON=1
[20:56:16.588] TICK #980  avail=96  totalBytes=59583  streamON=1
[20:56:16.629] TICK #982  avail=104  totalBytes=59679  streamON=1
[20:56:16.672] TICK #984  avail=96  totalBytes=59783  streamON=1
[20:56:16.693] TICK #985  avail=104  totalBytes=59879  streamON=1
[20:56:16.735] TICK #987  avail=96  totalBytes=59983  streamON=1
[20:56:16.757] TICK #988  avail=104  totalBytes=60079  streamON=1
[20:56:16.798] TICK #990  avail=96  totalBytes=60183  streamON=1
[20:56:16.819] TICK #991  avail=104  totalBytes=60279  streamON=1
[20:56:16.862] TICK #993  avail=97  totalBytes=60383  streamON=1
[20:56:16.903] TICK #995  avail=103  totalBytes=60480  streamON=1
[20:56:16.925] TICK #996  avail=97  totalBytes=60583  streamON=1
[20:56:16.967] TICK #998  avail=103  totalBytes=60680  streamON=1
[20:56:16.988] TICK #999  avail=96  totalBytes=60783  streamON=1
[20:56:17.010] TICK #1000  avail=0  totalBytes=60879  streamON=1
[20:56:17.030] TICK #1001  avail=104  totalBytes=60879  streamON=1
[20:56:17.073] TICK #1003  avail=96  totalBytes=60983  streamON=1
[20:56:17.094] TICK #1004  avail=104  totalBytes=61079  streamON=1
[20:56:17.136] TICK #1006  avail=104  totalBytes=61183  streamON=1
[20:56:17.159] TICK #1007  avail=96  totalBytes=61287  streamON=1
[20:56:17.201] TICK #1009  avail=104  totalBytes=61383  streamON=1
[20:56:17.224] TICK #1010  avail=102  totalBytes=61487  streamON=1
[20:56:17.265] TICK #1012  avail=98  totalBytes=61589  streamON=1
[20:56:17.288] TICK #1013  avail=104  totalBytes=61687  streamON=1
[20:56:17.330] TICK #1015  avail=96  totalBytes=61791  streamON=1
[20:56:17.372] TICK #1017  avail=104  totalBytes=61887  streamON=1
[20:56:17.393] TICK #1018  avail=96  totalBytes=61991  streamON=1
[20:56:17.435] TICK #1020  avail=104  totalBytes=62087  streamON=1
[20:56:17.457] TICK #1021  avail=96  totalBytes=62191  streamON=1
[20:56:17.499] TICK #1023  avail=104  totalBytes=62287  streamON=1
[20:56:17.541] TICK #1025  avail=104  totalBytes=62391  streamON=1
[20:56:17.563] TICK #1026  avail=96  totalBytes=62495  streamON=1
[20:56:17.604] TICK #1028  avail=104  totalBytes=62591  streamON=1
[20:56:17.625] TICK #1029  avail=96  totalBytes=62695  streamON=1
[20:56:17.668] TICK #1031  avail=104  totalBytes=62791  streamON=1
[20:56:17.689] TICK #1032  avail=96  totalBytes=62895  streamON=1
[20:56:17.732] TICK #1034  avail=104  totalBytes=62991  streamON=1
[20:56:17.775] TICK #1036  avail=104  totalBytes=63095  streamON=1
[20:56:17.796] TICK #1037  avail=96  totalBytes=63199  streamON=1
[20:56:17.839] TICK #1039  avail=104  totalBytes=63295  streamON=1
[20:56:17.861] TICK #1040  avail=96  totalBytes=63399  streamON=1
[20:56:17.902] TICK #1042  avail=104  totalBytes=63495  streamON=1
[20:56:17.924] TICK #1043  avail=96  totalBytes=63599  streamON=1
[20:56:17.966] TICK #1045  avail=104  totalBytes=63695  streamON=1
[20:56:18.007] TICK #1047  avail=104  totalBytes=63799  streamON=1
[20:56:18.029] TICK #1048  avail=96  totalBytes=63903  streamON=1
[20:56:18.071] TICK #1050  avail=104  totalBytes=63999  streamON=1
[20:56:18.092] TICK #1051  avail=96  totalBytes=64103  streamON=1
[20:56:18.135] TICK #1053  avail=104  totalBytes=64199  streamON=1
[20:56:18.177] TICK #1055  avail=96  totalBytes=64303  streamON=1
[20:56:18.198] TICK #1056  avail=104  totalBytes=64399  streamON=1
[20:56:18.240] TICK #1058  avail=102  totalBytes=64503  streamON=1
[20:56:18.262] TICK #1059  avail=98  totalBytes=64605  streamON=1
[20:56:18.303] TICK #1061  avail=104  totalBytes=64703  streamON=1
[20:56:18.345] TICK #1063  avail=96  totalBytes=64807  streamON=1
[20:56:18.366] TICK #1064  avail=104  totalBytes=64903  streamON=1
[20:56:18.408] TICK #1066  avail=104  totalBytes=65007  streamON=1
[20:56:18.430] TICK #1067  avail=96  totalBytes=65111  streamON=1
[20:56:18.471] TICK #1069  avail=104  totalBytes=65207  streamON=1
[20:56:18.513] TICK #1071  avail=96  totalBytes=65311  streamON=1
[20:56:18.534] TICK #1072  avail=104  totalBytes=65407  streamON=1
[20:56:18.576] TICK #1074  avail=104  totalBytes=65511  streamON=1
[20:56:18.597] TICK #1075  avail=96  totalBytes=65615  streamON=1
[20:56:18.640] TICK #1077  avail=104  totalBytes=65711  streamON=1
[20:56:18.662] TICK #1078  avail=96  totalBytes=65815  streamON=1
[20:56:18.703] TICK #1080  avail=104  totalBytes=65911  streamON=1
[20:56:18.746] TICK #1082  avail=96  totalBytes=66015  streamON=1
[20:56:18.767] TICK #1083  avail=104  totalBytes=66111  streamON=1
[20:56:18.811] TICK #1085  avail=96  totalBytes=66215  streamON=1
[20:56:18.833] TICK #1086  avail=104  totalBytes=66311  streamON=1
[20:56:18.876] TICK #1088  avail=98  totalBytes=66415  streamON=1
[20:56:18.898] TICK #1089  avail=102  totalBytes=66513  streamON=1
[20:56:18.940] TICK #1091  avail=98  totalBytes=66615  streamON=1
[20:56:18.962] TICK #1092  avail=102  totalBytes=66713  streamON=1
[20:56:19.003] TICK #1094  avail=104  totalBytes=66815  streamON=1
[20:56:19.046] TICK #1096  avail=96  totalBytes=66919  streamON=1
[20:56:19.068] TICK #1097  avail=104  totalBytes=67015  streamON=1
[20:56:19.111] TICK #1099  avail=96  totalBytes=67119  streamON=1
[20:56:19.132] TICK #1100  avail=104  totalBytes=67215  streamON=1
[20:56:19.174] TICK #1102  avail=97  totalBytes=67319  streamON=1
[20:56:19.216] TICK #1104  avail=103  totalBytes=67416  streamON=1
[20:56:19.237] TICK #1105  avail=96  totalBytes=67519  streamON=1
[20:56:19.279] TICK #1107  avail=104  totalBytes=67615  streamON=1
[20:56:19.300] TICK #1108  avail=96  totalBytes=67719  streamON=1
[20:56:19.343] TICK #1110  avail=104  totalBytes=67815  streamON=1
[20:56:19.364] TICK #1111  avail=96  totalBytes=67919  streamON=1
[20:56:19.406] TICK #1113  avail=104  totalBytes=68015  streamON=1
[20:56:19.448] TICK #1115  avail=96  totalBytes=68119  streamON=1
[20:56:19.469] TICK #1116  avail=104  totalBytes=68215  streamON=1
[20:56:19.512] TICK #1118  avail=96  totalBytes=68319  streamON=1
[20:56:19.534] TICK #1119  avail=104  totalBytes=68415  streamON=1
[20:56:19.577] TICK #1121  avail=96  totalBytes=68519  streamON=1
[20:56:19.598] TICK #1122  avail=104  totalBytes=68615  streamON=1
[20:56:19.639] TICK #1124  avail=96  totalBytes=68719  streamON=1
[20:56:19.682] TICK #1126  avail=104  totalBytes=68815  streamON=1
[20:56:19.704] TICK #1127  avail=96  totalBytes=68919  streamON=1
[20:56:19.745] TICK #1129  avail=104  totalBytes=69015  streamON=1
[20:56:19.767] TICK #1130  avail=96  totalBytes=69119  streamON=1
[20:56:19.808] TICK #1132  avail=104  totalBytes=69215  streamON=1
[20:56:19.830] TICK #1133  avail=96  totalBytes=69319  streamON=1
[20:56:19.874] TICK #1135  avail=104  totalBytes=69415  streamON=1
[20:56:19.896] TICK #1136  avail=96  totalBytes=69519  streamON=1
[20:56:19.938] TICK #1138  avail=104  totalBytes=69615  streamON=1
[20:56:19.981] TICK #1140  avail=96  totalBytes=69719  streamON=1
[20:56:20.002] TICK #1141  avail=104  totalBytes=69815  streamON=1
[20:56:20.043] TICK #1143  avail=98  totalBytes=69919  streamON=1
[20:56:20.065] TICK #1144  avail=102  totalBytes=70017  streamON=1
[20:56:20.106] TICK #1146  avail=104  totalBytes=70119  streamON=1
[20:56:20.148] TICK #1148  avail=96  totalBytes=70223  streamON=1
[20:56:20.169] TICK #1149  avail=104  totalBytes=70319  streamON=1
[20:56:20.190] TICK #1150  avail=0  totalBytes=70423  streamON=1
[20:56:20.204] Datos borrados.
[20:56:20.212] TICK #1151  avail=96  totalBytes=70423  streamON=1
[20:56:20.234] TICK #1152  avail=104  totalBytes=70519  streamON=1
[20:56:20.276] TICK #1154  avail=104  totalBytes=70623  streamON=1
[20:56:20.298] TICK #1155  avail=96  totalBytes=70727  streamON=1
[20:56:20.340] TICK #1157  avail=104  totalBytes=70823  streamON=1
[20:56:20.381] TICK #1159  avail=96  totalBytes=70927  streamON=1
[20:56:20.403] TICK #1160  avail=104  totalBytes=71023  streamON=1
[20:56:20.446] TICK #1162  avail=96  totalBytes=71127  streamON=1
[20:56:20.468] TICK #1163  avail=104  totalBytes=71223  streamON=1
[20:56:20.511] TICK #1165  avail=96  totalBytes=71327  streamON=1
[20:56:20.532] TICK #1166  avail=104  totalBytes=71423  streamON=1
[20:56:20.574] TICK #1168  avail=96  totalBytes=71527  streamON=1
[20:56:20.617] TICK #1170  avail=104  totalBytes=71623  streamON=1
[20:56:20.638] TICK #1171  avail=96  totalBytes=71727  streamON=1
[20:56:20.680] TICK #1173  avail=104  totalBytes=71823  streamON=1
[20:56:20.702] TICK #1174  avail=104  totalBytes=71927  streamON=1
[20:56:20.744] TICK #1176  avail=96  totalBytes=72031  streamON=1
[20:56:20.766] TICK #1177  avail=104  totalBytes=72127  streamON=1
[20:56:20.808] TICK #1179  avail=96  totalBytes=72231  streamON=1
[20:56:20.851] TICK #1181  avail=104  totalBytes=72327  streamON=1
[20:56:20.873] TICK #1182  avail=96  totalBytes=72431  streamON=1
[20:56:20.915] TICK #1184  avail=104  totalBytes=72527  streamON=1
[20:56:20.937] TICK #1185  avail=104  totalBytes=72631  streamON=1
[20:56:20.979] TICK #1187  avail=96  totalBytes=72735  streamON=1
[20:56:21.001] TICK #1188  avail=104  totalBytes=72831  streamON=1
[20:56:21.042] TICK #1190  avail=96  totalBytes=72935  streamON=1
[20:56:21.085] TICK #1192  avail=104  totalBytes=73031  streamON=1
[20:56:21.107] TICK #1193  avail=96  totalBytes=73135  streamON=1
[20:56:21.150] TICK #1195  avail=104  totalBytes=73231  streamON=1
[20:56:21.171] TICK #1196  avail=104  totalBytes=73335  streamON=1
[20:56:21.214] TICK #1198  avail=96  totalBytes=73439  streamON=1
[20:56:21.236] TICK #1199  avail=104  totalBytes=73535  streamON=1
[20:56:21.257] TICK #1200  avail=0  totalBytes=73639  streamON=1
[20:56:21.279] TICK #1201  avail=102  totalBytes=73639  streamON=1
[20:56:21.300] TICK #1202  avail=98  totalBytes=73741  streamON=1
[20:56:21.343] TICK #1204  avail=102  totalBytes=73839  streamON=1
[20:56:21.347] --- Stream OFF ---
[20:56:21.386] TICK #1206  avail=98  totalBytes=73941  streamON=0
[20:56:21.407] TICK #1207  avail=104  totalBytes=74039  streamON=0
[20:56:21.450] TICK #1209  avail=96  totalBytes=74143  streamON=0
[20:56:21.472] TICK #1210  avail=104  totalBytes=74239  streamON=0
[20:56:21.514] TICK #1212  avail=104  totalBytes=74343  streamON=0
[20:56:21.536] TICK #1213  avail=96  totalBytes=74447  streamON=0
[20:56:21.578] TICK #1215  avail=96  totalBytes=74543  streamON=0
[20:56:21.621] TICK #1217  avail=104  totalBytes=74639  streamON=0
[20:56:21.642] TICK #1218  avail=104  totalBytes=74743  streamON=0
[20:56:21.684] TICK #1220  avail=96  totalBytes=74847  streamON=0
[20:56:21.706] TICK #1221  avail=104  totalBytes=74943  streamON=0
[20:56:21.749] TICK #1223  avail=104  totalBytes=75047  streamON=0
[20:56:21.771] TICK #1224  avail=96  totalBytes=75151  streamON=0
[20:56:21.813] TICK #1226  avail=104  totalBytes=75247  streamON=0
[20:56:21.856] TICK #1228  avail=96  totalBytes=75351  streamON=0
[20:56:21.877] TICK #1229  avail=104  totalBytes=75447  streamON=0
[20:56:21.919] TICK #1231  avail=100  totalBytes=75551  streamON=0
[20:56:21.940] TICK #1232  avail=100  totalBytes=75651  streamON=0
[20:56:21.982] TICK #1234  avail=104  totalBytes=75751  streamON=0
[20:56:22.024] TICK #1236  avail=96  totalBytes=75855  streamON=0
[20:56:22.046] TICK #1237  avail=104  totalBytes=75951  streamON=0
[20:56:22.062] --- Stream ON ---
[20:56:22.070] TICK #1238  avail=96  totalBytes=76055  streamON=1
[20:56:22.113] TICK #1240  avail=104  totalBytes=76151  streamON=1
[20:56:22.155] TICK #1242  avail=96  totalBytes=76255  streamON=1
[20:56:22.176] TICK #1243  avail=104  totalBytes=76351  streamON=1
[20:56:22.218] TICK #1245  avail=99  totalBytes=76455  streamON=1
[20:56:22.239] TICK #1246  avail=101  totalBytes=76554  streamON=1
[20:56:22.281] TICK #1248  avail=104  totalBytes=76655  streamON=1
[20:56:22.323] TICK #1250  avail=104  totalBytes=76759  streamON=1
[20:56:22.346] TICK #1251  avail=96  totalBytes=76863  streamON=1
[20:56:22.388] TICK #1253  avail=104  totalBytes=76959  streamON=1
[20:56:22.410] TICK #1254  avail=96  totalBytes=77063  streamON=1
[20:56:22.452] TICK #1256  avail=104  totalBytes=77159  streamON=1
[20:56:22.473] TICK #1257  avail=96  totalBytes=77263  streamON=1
[20:56:22.516] TICK #1259  avail=104  totalBytes=77359  streamON=1
[20:56:22.559] TICK #1261  avail=104  totalBytes=77463  streamON=1
[20:56:22.581] TICK #1262  avail=96  totalBytes=77567  streamON=1
[20:56:22.625] TICK #1264  avail=104  totalBytes=77663  streamON=1
[20:56:22.647] TICK #1265  avail=96  totalBytes=77767  streamON=1
[20:56:22.689] TICK #1267  avail=104  totalBytes=77863  streamON=1
[20:56:22.711] TICK #1268  avail=104  totalBytes=77967  streamON=1
[20:56:22.753] TICK #1270  avail=96  totalBytes=78071  streamON=1
[20:56:22.776] TICK #1271  avail=104  totalBytes=78167  streamON=1
[20:56:22.819] TICK #1273  avail=104  totalBytes=78271  streamON=1
[20:56:22.862] TICK #1275  avail=96  totalBytes=78375  streamON=1
[20:56:22.884] TICK #1276  avail=104  totalBytes=78471  streamON=1
[20:56:22.927] TICK #1278  avail=101  totalBytes=78575  streamON=1
[20:56:22.949] TICK #1279  avail=99  totalBytes=78676  streamON=1
[20:56:22.986] --- Stream OFF ---
[20:56:22.994] TICK #1281  avail=96  totalBytes=78775  streamON=0
[20:56:23.016] TICK #1282  avail=104  totalBytes=78871  streamON=0
[20:56:23.059] TICK #1284  avail=104  totalBytes=78975  streamON=0
[20:56:23.080] TICK #1285  avail=96  totalBytes=79079  streamON=0
[20:56:23.122] TICK #1287  avail=104  totalBytes=79175  streamON=0
[20:56:23.164] TICK #1289  avail=96  totalBytes=79279  streamON=0
[20:56:23.185] TICK #1290  avail=104  totalBytes=79375  streamON=0
[20:56:23.226] TICK #1292  avail=96  totalBytes=79479  streamON=0
[20:56:23.248] TICK #1293  avail=104  totalBytes=79575  streamON=0
[20:56:23.290] TICK #1295  avail=96  totalBytes=79679  streamON=0
[20:56:23.331] TICK #1297  avail=104  totalBytes=79775  streamON=0
[20:56:23.353] TICK #1298  avail=104  totalBytes=79879  streamON=0
[20:56:23.396] TICK #1300  avail=96  totalBytes=79983  streamON=0
[20:56:23.417] TICK #1301  avail=104  totalBytes=80079  streamON=0
[20:56:23.458] TICK #1303  avail=96  totalBytes=80183  streamON=0
[20:56:23.480] TICK #1304  avail=104  totalBytes=80279  streamON=0
[20:56:23.523] TICK #1306  avail=101  totalBytes=80383  streamON=0
[20:56:23.564] TICK #1308  avail=99  totalBytes=80484  streamON=0
[20:56:23.585] TICK #1309  avail=104  totalBytes=80583  streamON=0
[20:56:23.629] TICK #1311  avail=96  totalBytes=80687  streamON=0
[20:56:23.650] TICK #1312  avail=104  totalBytes=80783  streamON=0
[20:56:23.692] TICK #1314  avail=96  totalBytes=80887  streamON=0
[20:56:23.714] TICK #1315  avail=104  totalBytes=80983  streamON=0
[20:56:23.756] TICK #1317  avail=96  totalBytes=81087  streamON=0
[20:56:23.798] TICK #1319  avail=104  totalBytes=81183  streamON=0
[20:56:23.820] TICK #1320  avail=96  totalBytes=81287  streamON=0
[20:56:23.863] TICK #1322  avail=104  totalBytes=81383  streamON=0
[20:56:23.884] TICK #1323  avail=99  totalBytes=81487  streamON=0
[20:56:23.927] TICK #1325  avail=101  totalBytes=81586  streamON=0
[20:56:23.948] TICK #1326  avail=99  totalBytes=81687  streamON=0
[20:56:23.989] TICK #1328  avail=101  totalBytes=81786  streamON=0
[20:56:24.031] TICK #1330  avail=99  totalBytes=81887  streamON=0
[20:56:24.053] TICK #1331  avail=101  totalBytes=81986  streamON=0
[20:56:24.095] TICK #1333  avail=99  totalBytes=82087  streamON=0
[20:56:24.116] TICK #1334  avail=101  totalBytes=82186  streamON=0
[20:56:24.159] TICK #1336  avail=104  totalBytes=82287  streamON=0
[20:56:24.180] TICK #1337  avail=96  totalBytes=82391  streamON=0
[20:56:24.222] TICK #1339  avail=104  totalBytes=82487  streamON=0
[20:56:24.263] TICK #1341  avail=96  totalBytes=82591  streamON=0
[20:56:24.285] TICK #1342  avail=104  totalBytes=82687  streamON=0
[20:56:24.328] TICK #1344  avail=96  totalBytes=82791  streamON=0
[20:56:24.350] TICK #1345  avail=104  totalBytes=82887  streamON=0
[20:56:24.391] TICK #1347  avail=104  totalBytes=82991  streamON=0
[20:56:24.433] TICK #1349  avail=96  totalBytes=83095  streamON=0
[20:56:24.454] TICK #1350  avail=104  totalBytes=83191  streamON=0
[20:56:24.497] TICK #1352  avail=96  totalBytes=83295  streamON=0
[20:56:24.518] TICK #1353  avail=104  totalBytes=83391  streamON=0
[20:56:24.559] TICK #1355  avail=96  totalBytes=83495  streamON=0
[20:56:24.602] TICK #1357  avail=104  totalBytes=83591  streamON=0
[20:56:24.623] TICK #1358  avail=96  totalBytes=83695  streamON=0
[20:56:24.665] TICK #1360  avail=104  totalBytes=83791  streamON=0
[20:56:24.686] TICK #1361  avail=97  totalBytes=83895  streamON=0
[20:56:24.727] TICK #1363  avail=103  totalBytes=83992  streamON=0
[20:56:24.749] TICK #1364  avail=104  totalBytes=84095  streamON=0
[20:56:24.790] TICK #1366  avail=96  totalBytes=84199  streamON=0
[20:56:24.832] TICK #1368  avail=104  totalBytes=84295  streamON=0
[20:56:24.854] TICK #1369  avail=96  totalBytes=84399  streamON=0
[20:56:24.895] TICK #1371  avail=104  totalBytes=84495  streamON=0
[20:56:24.916] TICK #1372  avail=96  totalBytes=84599  streamON=0
[20:56:24.959] TICK #1374  avail=104  totalBytes=84695  streamON=0
[20:56:25.001] TICK #1376  avail=96  totalBytes=84799  streamON=0
[20:56:25.023] TICK #1377  avail=104  totalBytes=84895  streamON=0
[20:56:25.066] TICK #1379  avail=96  totalBytes=84999  streamON=0
[20:56:25.088] TICK #1380  avail=104  totalBytes=85095  streamON=0
[20:56:25.129] TICK #1382  avail=96  totalBytes=85199  streamON=0
[20:56:25.150] TICK #1383  avail=104  totalBytes=85295  streamON=0
[20:56:25.192] TICK #1385  avail=96  totalBytes=85399  streamON=0
[20:56:25.233] TICK #1387  avail=104  totalBytes=85495  streamON=0
[20:56:25.256] TICK #1388  avail=104  totalBytes=85599  streamON=0
