=== geophone_scope_simple — 28-Apr-2026 20:16:04 ===
[20:16:04.572] Conectado COM7 @ 115200
[20:16:04.572] TICK #5182  avail=35  bytes=167660  ON=0  ps=0  pi=0
  RAW[35]: 56 00 00 5C A3 56 00 FF D7 D3 56 00 FD 5F 53 56 00 FF 74 9E 56 00 03 5C 61 56 00 03 FD A7 56 00 01 59 91 
[20:16:04.604] TICK #5183  avail=45  bytes=167695  ON=0  ps=0  pi=0
  RAW[45]: 56 00 00 21 A0 56 00 01 AE 12 56 00 01 4B BA 56 00 FC 77 67 56 00 F8 9A 78 56 00 FA 85 7C 56 00 FE 92 F7 56 00 FD 60 71 ...
[20:16:04.651] TICK #5184  avail=50  bytes=167740  ON=0  ps=0  pi=0
  RAW[50]: 56 00 00 B3 4C 56 00 04 BA 5F 56 00 04 D6 9C 56 00 02 39 4C 56 00 02 19 A0 56 00 03 E1 5D 56 00 02 90 E2 56 00 FD 33 03 ...
[20:16:04.698] TICK #5185  avail=45  bytes=167790  ON=0  ps=0  pi=0
  RAW[45]: 56 00 FE 31 AE 56 00 FA ED 17 56 00 FA 86 36 56 00 FF 59 1C 56 00 02 9D 99 56 00 00 3F 39 56 00 FE ED FE 56 00 02 01 86 ...
[20:16:04.762] TICK #5187  avail=45  bytes=167835  ON=0  ps=0  pi=0
  RAW[45]: 56 00 00 60 4C 56 00 FD 61 13 56 00 FE 23 FA 56 00 00 7B 4E 56 00 FE B3 62 56 00 FB AA 50 56 00 FD BD 50 56 00 01 A2 04 ...
[20:16:04.794] TICK #5188  avail=50  bytes=167880  ON=0  ps=0  pi=0
  RAW[50]: 56 00 FD F3 BD 56 00 FF E3 4F 56 00 03 37 A8 56 00 01 A0 6B 56 00 FD D4 3E 56 00 FE B6 AD 56 00 01 E1 4D 56 00 00 3D 39 ...
[20:16:04.857] TICK #5190  avail=45  bytes=167930  ON=0  ps=0  pi=0
  RAW[45]: 56 00 00 EC 13 56 00 FF DF 32 56 00 FC 3F 1C 56 00 FD B1 4F 56 00 02 2D 33 56 00 01 CF F8 56 00 FE 93 E3 56 00 FF 6D 0C ...
[20:16:04.888] TICK #5191  avail=50  bytes=167975  ON=0  ps=0  pi=0
  RAW[50]: 56 00 02 3A 65 56 00 FE BB 88 56 00 FE C5 8C 56 00 01 0A 78 56 00 FE C0 3E 56 00 F8 CD 95 56 00 FA 01 92 56 00 FF 36 02 ...
[20:16:04.951] TICK #5193  avail=45  bytes=168025  ON=0  ps=0  pi=0
  RAW[45]: 56 00 01 50 53 56 00 05 EF 3B 56 00 05 8C 31 56 00 02 2B C9 56 00 02 32 68 56 00 03 43 09 56 00 FF 87 47 56 00 FA 29 35 ...
[20:16:04.983] TICK #5194  avail=48  bytes=168070  ON=0  ps=0  pi=0
  RAW[48]: 56 00 FD 6E BC 56 00 FC 6F 78 56 00 F9 A7 2D 56 00 FC 46 AB 56 00 01 A5 F7 56 00 01 88 08 56 00 FE F9 FF 56 00 00 8D 1D ...
[20:16:05.047] TICK #5196  avail=47  bytes=168118  ON=0  ps=0  pi=0
  RAW[47]: A4 75 56 00 FD E3 E9 56 00 FF 59 B2 56 00 01 7C E7 56 00 FE AC 90 56 00 FB 41 60 56 00 FD 8A 65 56 00 02 14 70 56 00 01 ...
[20:16:05.078] TICK #5197  avail=45  bytes=168165  ON=0  ps=0  pi=0
  RAW[45]: 56 00 01 75 A9 56 00 03 F1 D0 56 00 00 B5 AE 56 00 FC DC 33 56 00 FE 60 AC 56 00 00 FE 1E 56 00 FE 2F DF 56 00 FA DE 3C ...
[20:16:05.142] TICK #5199  avail=50  bytes=168210  ON=0  ps=0  pi=0
  RAW[50]: 56 00 01 C8 C5 56 00 FF 57 47 56 00 FD 5B 7A 56 00 00 AC 6D 56 00 03 6E EF 56 00 00 75 C2 56 00 FD 7B 0F 56 00 FF C4 20 ...
[20:16:05.174] TICK #5200  avail=45  bytes=168260  ON=0  ps=0  pi=0
  RAW[45]: 56 00 FC 0A A8 56 00 FE D4 D1 56 00 02 6B A4 56 00 FF 87 40 56 00 FD B5 23 56 00 00 F0 D6 56 00 02 FE 14 56 00 FF 54 9F ...
[20:16:05.234] TICK #5202  avail=45  bytes=168305  ON=0  ps=0  pi=0
  RAW[45]: 56 00 FE 9B D7 56 00 01 0A 9B 56 00 FD A0 DC 56 00 FC 7C 7B 56 00 00 81 AF 56 00 02 B6 15 56 00 FF 96 0F 56 00 FD C7 68 ...
[20:16:05.266] TICK #5203  avail=45  bytes=168350  ON=0  ps=0  pi=0
  RAW[45]: 56 00 02 84 1D 56 00 FF 09 83 56 00 FC 8A 9E 56 00 FF FA 0A 56 00 01 3E 5C 56 00 FE 0C FC 56 00 FD 27 0C 56 00 01 37 AA ...
[20:16:05.329] TICK #5205  avail=50  bytes=168395  ON=0  ps=0  pi=0
  RAW[50]: 56 00 FF A1 5D 56 00 FD DA 91 56 00 00 E0 53 56 00 01 91 29 56 00 FD A9 C5 56 00 FC 86 2E 56 00 FF E8 B4 56 00 00 91 22 ...
[20:16:05.359] TICK #5206  avail=45  bytes=168445  ON=0  ps=0  pi=0
  RAW[45]: 56 00 00 47 AB 56 00 01 3A 2B 56 00 FE 64 28 56 00 FE 8B C8 56 00 02 54 70 56 00 02 AA 29 56 00 FF 61 78 56 00 FE 3F 54 ...
[20:16:05.422] TICK #5208  avail=45  bytes=168490  ON=0  ps=0  pi=0
  RAW[45]: 56 00 FF F5 56 56 00 FA 52 A7 56 00 FA 84 AB 56 00 FF 17 8C 56 00 00 57 6A 56 00 FE B8 05 56 00 00 72 DF 56 00 04 9C 9B ...
[20:16:05.454] TICK #5209  avail=49  bytes=168535  ON=0  ps=0  pi=0
  RAW[49]: 56 00 01 6B F6 56 00 00 05 93 56 00 01 94 4A 56 00 FF 2D EB 56 00 FA 1E E7 56 00 FA 26 0E 56 00 FD E4 09 56 00 FE 12 10 ...
[20:16:05.516] TICK #5211  avail=46  bytes=168584  ON=0  ps=0  pi=0
  RAW[46]: 35 56 00 04 66 C4 56 00 03 7B 75 56 00 FD 59 FF 56 00 FC DB 41 56 00 FF 49 11 56 00 FE 30 87 56 00 FC 2E EB 56 00 FF 61 ...
[20:16:05.546] TICK #5212  avail=45  bytes=168630  ON=0  ps=0  pi=0
  RAW[45]: 56 00 04 4C B8 56 00 01 12 7A 56 00 02 92 A1 56 00 04 54 D6 56 00 00 63 FB 56 00 FB 77 59 56 00 FB EE 7A 56 00 FE B1 A6 ...
[20:16:05.623] TICK #5214  avail=45  bytes=168675  ON=0  ps=0  pi=0
  RAW[45]: 56 00 F9 61 F6 56 00 FC 43 8E 56 00 01 C2 6C 56 00 00 33 2B 56 00 FE 9C DE 56 00 02 32 3C 56 00 05 0C 57 56 00 01 DA DB ...
[20:16:05.654] TICK #5215  avail=45  bytes=168720  ON=0  ps=0  pi=0
  RAW[45]: 56 00 FF 13 C1 56 00 01 96 12 56 00 FE 2B 3C 56 00 FB D4 F7 56 00 FF 16 24 56 00 01 D2 60 56 00 FE AA C7 56 00 FB B1 24 ...
[20:16:05.671] --- Stream ON ---
[20:16:05.686] TICK #5216  avail=45  bytes=168765  ON=1  ps=0  pi=0
  RAW[45]: 56 00 01 42 3A 56 00 FE 99 4E 56 00 FC CC 6F 56 00 00 D1 AD 56 00 04 6E 07 56 00 02 5B 1E 56 00 FF EB 5B 56 00 02 C1 4D ...
  PARSED: 9
