=== geophone_scope_simple log — 28-Apr-2026 19:37:59 ===
[19:37:59.895] Conectado a COM7 @ 460800 baud
[19:37:59.897] TICK #1  avail=59  totalBytes=0  streamON=0  parseState=0  pktIdx=0
  RAW[59]: 00 F8 F8 00 00 00 00 00 00 00 F8 F8 F8 00 F8 F8 F8 00 F8 F8 00 F8 00 00 00 00 00 F8 F8 00 F8 F8 00 F8 00 F8 F8 F8 00 F8 ...
[19:37:59.918] TICK #2  avail=54  totalBytes=59  streamON=0  parseState=0  pktIdx=0
  RAW[54]: 00 F8 F8 00 00 00 00 00 F8 00 F8 F8 00 F8 00 00 00 F8 00 F8 F8 00 F8 00 00 00 F8 00 F8 F8 F8 F8 F8 F8 00 F8 00 F8 F8 00 ...
[19:37:59.961] TICK #4  avail=64  totalBytes=113  streamON=0  parseState=0  pktIdx=0
  RAW[64]: 00 F8 F8 00 00 F8 F8 00 F8 00 00 00 F8 F8 00 00 00 00 00 F8 00 F8 F8 00 F8 00 F8 F8 F8 00 F8 F8 F8 00 00 00 00 00 00 00 ...
[19:37:59.983] TICK #5  avail=53  totalBytes=177  streamON=0  parseState=0  pktIdx=0
  RAW[53]: 00 F8 F8 00 00 F8 00 00 00 F8 F8 00 00 00 00 00 F8 F8 00 F8 00 00 F8 F8 00 F8 F8 00 00 F8 00 F8 00 F8 F8 00 00 F8 F8 00 ...
[19:38:00.025] TICK #7  avail=55  totalBytes=230  streamON=0  parseState=0  pktIdx=0
  RAW[55]: F8 F8 F8 F8 00 00 F8 F8 F8 F8 00 F8 F8 F8 00 F8 F8 00 00 F8 00 F8 00 00 F8 F8 00 00 F8 00 F8 00 F8 F8 00 F8 F8 F8 00 00 ...
[19:38:00.047] TICK #8  avail=56  totalBytes=285  streamON=0  parseState=0  pktIdx=0
  RAW[56]: 00 F8 F8 00 F8 F8 00 F8 00 F8 F8 00 F8 00 F8 F8 00 F8 F8 00 F8 F8 F8 F8 00 F8 F8 00 00 F8 F8 00 F8 00 F8 F8 00 F8 F8 00 ...
[19:38:00.089] TICK #10  avail=60  totalBytes=341  streamON=0  parseState=0  pktIdx=0
  RAW[60]: 00 F8 F8 00 00 F8 00 F8 00 00 F8 F8 F8 F8 F8 F8 00 00 00 00 F8 F8 00 F8 00 00 F8 00 F8 F8 F8 00 F8 F8 00 00 F8 F8 00 00 ...
[19:38:00.111] TICK #11  avail=53  totalBytes=401  streamON=0  parseState=0  pktIdx=0
  RAW[53]: 00 00 F8 F8 F8 F8 00 00 F8 00 F8 F8 00 00 00 F8 F8 F8 F8 00 F8 F8 00 00 00 F8 00 00 00 F8 F8 00 F8 F8 F8 00 00 F8 F8 F8 ...
[19:38:00.153] TICK #13  avail=60  totalBytes=454  streamON=0  parseState=0  pktIdx=0
  RAW[60]: 00 F8 F8 00 F8 F8 00 00 00 F8 F8 00 F8 F8 F8 00 00 00 F8 F8 F8 F8 00 00 F8 00 00 F8 F8 00 00 F8 00 F8 F8 00 F8 F8 F8 F8 ...
[19:38:00.196] TICK #15  avail=54  totalBytes=514  streamON=0  parseState=0  pktIdx=0
  RAW[54]: 00 F8 F8 00 00 F8 F8 F8 00 00 00 F8 F8 F8 00 00 F8 00 F8 F8 F8 00 00 F8 00 00 F8 F8 00 F8 F8 F8 00 00 F8 F8 F8 F8 F8 F8 ...
[19:38:00.218] TICK #16  avail=58  totalBytes=568  streamON=0  parseState=0  pktIdx=0
  RAW[58]: 00 F8 00 00 F8 00 F8 F8 00 00 F8 F8 F8 00 F8 F8 F8 00 00 00 F8 F8 00 F8 F8 00 F8 F8 F8 00 F8 00 F8 F8 F8 F8 F8 F8 00 00 ...
[19:38:00.260] TICK #18  avail=60  totalBytes=626  streamON=0  parseState=0  pktIdx=0
  RAW[60]: 00 F8 F8 F8 00 F8 F8 00 F8 F8 F8 00 F8 00 00 F8 00 F8 F8 00 00 00 F8 F8 F8 00 F8 F8 F8 F8 F8 F8 00 F8 00 F8 F8 00 00 F8 ...
[19:38:00.281] TICK #19  avail=51  totalBytes=686  streamON=0  parseState=0  pktIdx=0
  RAW[51]: 00 F8 F8 00 00 F8 F8 F8 00 F8 F8 00 F8 00 00 F8 00 F8 F8 F8 00 F8 00 F8 00 F8 F8 F8 00 F8 F8 00 00 F8 F8 00 00 00 00 F8 ...
[19:38:00.323] TICK #21  avail=58  totalBytes=737  streamON=0  parseState=0  pktIdx=0
  RAW[58]: 00 F8 F8 00 F8 00 00 00 F8 F8 F8 00 F8 00 00 00 00 F8 F8 F8 F8 F8 F8 F8 F8 00 F8 F8 F8 00 F8 F8 00 F8 00 F8 F8 00 F8 F8 ...
[19:38:00.364] TICK #23  avail=50  totalBytes=795  streamON=0  parseState=0  pktIdx=0
  RAW[50]: 00 F8 F8 00 00 00 F8 00 00 F8 F8 00 00 00 F8 F8 00 F8 F8 00 F8 00 00 F8 00 F8 F8 F8 F8 F8 00 00 00 00 F8 F8 00 00 F8 00 ...
[19:38:00.386] TICK #24  avail=59  totalBytes=845  streamON=0  parseState=0  pktIdx=0
  RAW[59]: 00 F8 F8 00 00 00 F8 F8 00 00 F8 F8 F8 F8 F8 00 00 F8 00 F8 F8 00 00 00 00 F8 00 F8 F8 F8 F8 F8 F8 F8 00 F8 F8 00 F8 F8 ...
[19:38:00.428] TICK #26  avail=62  totalBytes=904  streamON=0  parseState=0  pktIdx=0
  RAW[62]: 00 F8 F8 F8 F8 F8 F8 00 F8 00 F8 F8 00 F8 F8 F8 F8 00 00 F8 F8 00 F8 00 F8 F8 00 F8 F8 F8 00 00 00 F8 F8 F8 00 F8 F8 00 ...
[19:38:00.450] TICK #27  avail=51  totalBytes=966  streamON=0  parseState=0  pktIdx=0
  RAW[51]: 00 F8 F8 00 F8 F8 F8 00 00 00 F8 F8 F8 F8 00 00 F8 00 00 F8 F8 F8 00 00 00 00 00 F8 F8 00 F8 F8 F8 00 00 F8 F8 00 00 F8 ...
[19:38:00.491] TICK #29  avail=60  totalBytes=1017  streamON=0  parseState=0  pktIdx=0
  RAW[60]: 00 F8 F8 F8 F8 F8 F8 00 00 F8 F8 00 F8 F8 F8 00 00 F8 F8 F8 F8 F8 F8 00 00 00 F8 F8 F8 F8 00 00 F8 F8 F8 00 F8 F8 00 00 ...
[19:38:00.513] TICK #30  avail=58  totalBytes=1077  streamON=0  parseState=0  pktIdx=0
  RAW[58]: 00 F8 F8 F8 F8 F8 00 00 00 F8 F8 00 00 F8 00 00 F8 00 00 F8 F8 F8 00 00 F8 00 00 F8 F8 00 00 00 F8 00 00 00 F8 F8 F8 00 ...
[19:38:00.555] TICK #32  avail=54  totalBytes=1135  streamON=0  parseState=0  pktIdx=0
  RAW[54]: 00 00 F8 F8 00 F8 F8 F8 F8 F8 00 F8 F8 F8 00 00 F8 F8 00 F8 F8 00 00 00 F8 00 00 F8 F8 F8 00 F8 00 00 F8 00 00 F8 F8 F8 ...
[19:38:00.598] TICK #34  avail=64  totalBytes=1189  streamON=0  parseState=0  pktIdx=0
  RAW[64]: 00 F8 F8 00 00 F8 00 F8 F8 F8 F8 00 F8 F8 F8 00 00 F8 F8 00 00 F8 F8 00 F8 F8 00 00 00 00 F8 F8 F8 00 00 F8 F8 00 F8 00 ...
[19:38:00.619] TICK #35  avail=51  totalBytes=1253  streamON=0  parseState=0  pktIdx=0
  RAW[51]: 00 F8 F8 00 00 F8 00 00 F8 F8 00 00 00 00 00 F8 00 00 F8 F8 F8 00 F8 F8 00 F8 00 F8 F8 F8 F8 F8 00 00 F8 F8 F8 F8 00 00 ...
[19:38:00.661] TICK #37  avail=60  totalBytes=1304  streamON=0  parseState=0  pktIdx=0
  RAW[60]: 00 F8 F8 00 F8 F8 00 F8 00 F8 F8 00 00 F8 F8 00 00 F8 F8 F8 00 00 F8 00 00 00 F8 F8 00 00 00 F8 00 F8 00 F8 F8 00 F8 F8 ...
[19:38:00.684] TICK #38  avail=61  totalBytes=1364  streamON=0  parseState=0  pktIdx=0
  RAW[61]: 00 F8 F8 F8 00 F8 00 F8 F8 00 F8 F8 F8 F8 F8 00 F8 00 F8 F8 00 F8 00 00 F8 00 F8 F8 F8 00 00 00 00 00 00 F8 F8 00 00 F8 ...
[19:38:00.760] Desconectado.
