=== geophone_scope_simple — 29-Apr-2026 14:35:14 ===
[14:35:14.012] Conectado COM7 @ 115200
[14:35:14.012] TICK #28765  avail=30  bytes=752319  ON=0  ps=0  pi=5
  RAW[30]: 56 00 04 11 05 56 00 06 D6 25 56 00 08 26 CE 56 00 04 E4 84 56 00 04 A6 6E 56 00 07 45 AC 
[14:35:14.059] TICK #28766  avail=45  bytes=752349  ON=0  ps=0  pi=5
  RAW[45]: 56 00 08 28 DF 56 00 04 FE 4D 56 00 04 A4 C6 56 00 07 3F 9C 56 00 08 3D 59 56 00 05 0F 6B 56 00 04 7E E1 56 00 07 2E F4 ...
[14:35:14.082] TICK #28767  avail=55  bytes=752394  ON=0  ps=0  pi=5
  RAW[55]: 56 00 04 E8 2A 56 00 04 DC 9C 56 00 07 A8 E3 56 00 07 F3 78 56 00 04 DE E4 56 00 04 AB 73 56 00 07 7E 3E 56 00 07 4E C7 ...
[14:35:14.146] TICK #28769  avail=50  bytes=752449  ON=0  ps=0  pi=5
  RAW[50]: 56 00 07 29 D7 56 00 04 9C 9F 56 00 05 08 3E 56 00 07 92 14 56 00 07 28 5B 56 00 04 9C 46 56 00 05 4D A2 56 00 07 CD AA ...
[14:35:14.174] TICK #28770  avail=40  bytes=752499  ON=0  ps=0  pi=5
  RAW[40]: 56 00 05 38 68 56 00 08 01 44 56 00 06 F7 D0 56 00 04 4B B1 56 00 05 1C 7E 56 00 08 45 D1 56 00 06 BA E6 56 00 04 11 A9 
[14:35:14.238] TICK #28772  avail=50  bytes=752539  ON=0  ps=0  pi=5
  RAW[50]: 56 00 05 95 56 56 00 07 FF F6 56 00 06 AE A5 56 00 04 30 E4 56 00 05 69 F9 56 00 07 F5 5F 56 00 06 93 7A 56 00 04 55 7B ...
[14:35:14.270] TICK #28773  avail=45  bytes=752589  ON=0  ps=0  pi=5
  RAW[45]: 56 00 06 4D 7B 56 00 04 34 F3 56 00 05 5C 59 56 00 08 0B F4 56 00 06 34 49 56 00 04 3C 27 56 00 05 4D A2 56 00 07 FE 8C ...
[14:35:14.334] TICK #28775  avail=50  bytes=752634  ON=0  ps=0  pi=5
  RAW[50]: 56 00 04 31 C8 56 00 05 A3 EE 56 00 08 02 CD 56 00 06 0A 86 56 00 04 2F 3F 56 00 05 A0 61 56 00 07 ED 5B 56 00 05 21 0B ...
[14:35:14.366] TICK #28776  avail=45  bytes=752684  ON=0  ps=0  pi=5
  RAW[45]: 56 00 08 10 DA 56 00 05 3C 2D 56 00 04 17 57 56 00 05 F5 AE 56 00 08 0E FF 56 00 05 73 40 56 00 04 33 5C 56 00 06 89 39 ...
[14:35:14.429] TICK #28778  avail=50  bytes=752729  ON=0  ps=0  pi=5
  RAW[50]: 56 00 05 57 1D 56 00 04 01 5E 56 00 06 33 98 56 00 08 BD 2F 56 00 05 F7 34 56 00 03 CE 84 56 00 06 0B BA 56 00 07 F4 38 ...
[14:35:14.461] TICK #28779  avail=45  bytes=752779  ON=0  ps=0  pi=5
  RAW[45]: 56 00 06 69 10 56 00 08 88 F7 56 00 04 B1 9C 56 00 03 F2 B4 56 00 06 0A D9 56 00 08 A0 E2 56 00 04 E0 83 56 00 04 38 EE ...
[14:35:14.524] TICK #28781  avail=49  bytes=752824  ON=0  ps=0  pi=5
  RAW[49]: 56 00 08 7C 30 56 00 04 2B 7B 56 00 04 21 07 56 00 06 D0 A4 56 00 09 02 76 56 00 04 ED CC 56 00 04 0B FF 56 00 07 52 83 ...
[14:35:14.557] TICK #28782  avail=46  bytes=752873  ON=0  ps=0  pi=5
  RAW[46]: 6E 56 00 04 B8 E4 56 00 07 85 E2 56 00 08 6B 25 56 00 04 A9 3C 56 00 04 86 F6 56 00 07 7B A4 56 00 08 95 4E 56 00 05 2D ...
[14:35:14.620] TICK #28784  avail=50  bytes=752919  ON=0  ps=0  pi=5
  RAW[50]: 56 00 07 CC FD 56 00 07 ED 1E 56 00 04 D1 5D 56 00 04 D5 B9 56 00 07 82 42 56 00 08 18 F4 56 00 04 FB 40 56 00 05 32 03 ...
[14:35:14.649] TICK #28785  avail=35  bytes=752969  ON=0  ps=0  pi=5
  RAW[35]: 56 00 04 89 74 56 00 04 E7 DD 56 00 07 EE 02 56 00 07 81 1A 56 00 04 A5 A1 56 00 04 E0 DE 56 00 07 D7 69 
[14:35:14.674] TICK #28786  avail=30  bytes=753004  ON=0  ps=0  pi=5
  RAW[30]: 56 00 07 01 31 56 00 04 3D 7D 56 00 05 54 6C 56 00 08 0F A0 56 00 07 2D 68 56 00 04 02 32 
[14:35:14.733] TICK #28788  avail=35  bytes=753034  ON=0  ps=0  pi=5
  RAW[35]: 56 00 05 14 49 56 00 08 03 95 56 00 07 77 AB 56 00 03 BB 30 56 00 05 9F 97 56 00 08 7A 52 56 00 07 0D 1B 
[14:35:14.757] TICK #28789  avail=35  bytes=753069  ON=0  ps=0  pi=5
  RAW[35]: 56 00 03 DE 9C 56 00 05 71 7F 56 00 08 6C 8D 56 00 07 3B BF 56 00 04 12 1F 56 00 05 4F B1 56 00 08 19 EA 
[14:35:14.781] TICK #28790  avail=40  bytes=753104  ON=0  ps=0  pi=5
  RAW[40]: 56 00 06 B6 21 56 00 03 FC 29 56 00 05 C3 F7 56 00 08 09 F9 56 00 06 1A 01 56 00 04 36 19 56 00 05 74 FB 56 00 08 41 2C 
[14:35:14.845] TICK #28792  avail=45  bytes=753144  ON=0  ps=0  pi=5
  RAW[45]: 56 00 06 86 A1 56 00 03 F9 EE 56 00 05 2B D4 56 00 08 26 FF 56 00 06 18 74 56 00 04 07 22 56 00 05 D4 64 56 00 08 BB 6B ...
[14:35:14.875] TICK #28793  avail=45  bytes=753189  ON=0  ps=0  pi=5
  RAW[45]: 56 00 03 CF A6 56 00 05 80 32 56 00 08 D7 1C 56 00 06 21 50 56 00 03 CD 9B 56 00 06 06 B4 56 00 09 51 D1 56 00 06 3E 9F ...
[14:35:14.939] TICK #28795  avail=50  bytes=753234  ON=0  ps=0  pi=5
  RAW[50]: 56 00 06 1D 2C 56 00 09 37 F9 56 00 06 4B 58 56 00 03 A6 4C 56 00 06 BB 37 56 00 09 16 4B 56 00 05 70 7D 56 00 03 F0 D7 ...
[14:35:14.970] TICK #28796  avail=45  bytes=753284  ON=0  ps=0  pi=5
  RAW[45]: 56 00 05 A5 03 56 00 03 DF D6 56 00 06 37 55 56 00 09 0C 22 56 00 05 3D 71 56 00 03 ED F7 56 00 06 59 9C 56 00 08 A5 46 ...
[14:35:15.032] TICK #28798  avail=45  bytes=753329  ON=0  ps=0  pi=5
  RAW[45]: 56 00 03 DE C8 56 00 06 7C 6C 56 00 08 51 28 56 00 05 12 A6 56 00 03 F6 82 56 00 06 57 24 56 00 08 35 3D 56 00 04 A7 6E ...
[14:35:15.064] TICK #28799  avail=49  bytes=753374  ON=0  ps=0  pi=5
  RAW[49]: 56 00 06 CC 7A 56 00 08 29 10 56 00 05 27 7B 56 00 04 15 28 56 00 06 A1 03 56 00 08 06 A1 56 00 04 CC 0E 56 00 04 62 6D ...
[14:35:15.094] TICK #28800  avail=0  bytes=753423  ON=0  ps=0  pi=5
[14:35:15.128] TICK #28801  avail=46  bytes=753423  ON=0  ps=0  pi=5
  RAW[46]: 46 56 00 05 01 97 56 00 04 7B 78 56 00 06 FB 42 56 00 08 4B 26 56 00 04 B6 74 56 00 04 C6 2E 56 00 07 81 F1 56 00 08 4F ...
[14:35:15.166] TICK #28802  avail=30  bytes=753469  ON=0  ps=0  pi=5
  RAW[30]: 56 00 04 B0 03 56 00 07 7A 95 56 00 08 09 4E 56 00 04 4B C2 56 00 05 01 EC 56 00 07 DB 5A 
[14:35:15.197] TICK #28803  avail=40  bytes=753499  ON=0  ps=0  pi=5
  RAW[40]: 56 00 07 D3 4F 56 00 04 5E 8A 56 00 04 F7 7F 56 00 07 BE 24 56 00 07 91 0D 56 00 04 9A 2F 56 00 04 E4 C1 56 00 08 16 BE 
[14:35:15.232] TICK #28804  avail=50  bytes=753539  ON=0  ps=0  pi=5
  RAW[50]: 56 00 06 EB 07 56 00 04 60 CC 56 00 05 39 F8 56 00 08 3F 8D 56 00 06 F0 C8 56 00 04 4C FF 56 00 05 11 3D 56 00 07 FD 37 ...
[14:35:15.294] TICK #28806  avail=45  bytes=753589  ON=0  ps=0  pi=5
  RAW[45]: 56 00 05 82 9A 56 00 08 24 67 56 00 06 AB C3 56 00 04 06 03 56 00 05 23 BA 56 00 07 FA 05 56 00 07 16 C6 56 00 04 19 7A ...
[14:35:15.325] TICK #28807  avail=45  bytes=753634  ON=0  ps=0  pi=5
  RAW[45]: 56 00 08 02 9E 56 00 06 09 CF 56 00 04 32 40 56 00 05 86 96 56 00 08 29 93 56 00 06 2D 96 56 00 04 37 75 56 00 05 41 CC ...
[14:35:15.387] TICK #28809  avail=45  bytes=753679  ON=0  ps=0  pi=5
  RAW[45]: 56 00 05 BF 80 56 00 04 18 1F 56 00 05 E4 6F 56 00 07 FB 0D 56 00 06 25 07 56 00 03 FF B5 56 00 05 7B DC 56 00 07 F8 10 ...
[14:35:15.416] TICK #28810  avail=45  bytes=753724  ON=0  ps=0  pi=5
  RAW[45]: 56 00 03 FE 44 56 00 05 E7 74 56 00 08 18 1A 56 00 05 48 A3 56 00 04 0F EA 56 00 05 FC 81 56 00 08 24 15 56 00 05 44 38 ...
[14:35:15.466] TICK #28812  avail=35  bytes=753769  ON=0  ps=0  pi=5
  RAW[35]: 56 00 06 6C 42 56 00 08 03 12 56 00 04 C7 D2 56 00 04 45 2B 56 00 06 3E 1E 56 00 08 75 19 56 00 05 82 3F 
[14:35:15.491] TICK #28813  avail=31  bytes=753804  ON=0  ps=0  pi=5
  RAW[31]: 56 00 04 0B 07 56 00 05 D7 F9 56 00 08 93 CA 56 00 05 1A 32 56 00 04 05 62 56 00 06 48 12 56 
[14:35:15.515] TICK #28814  avail=34  bytes=753835  ON=0  ps=0  pi=5
  RAW[34]: 00 08 C0 6F 56 00 05 64 24 56 00 03 CF FD 56 00 06 45 12 56 00 09 22 90 56 00 04 C3 B3 56 00 03 F1 89 
[14:35:15.565] TICK #28816  avail=35  bytes=753869  ON=0  ps=0  pi=5
  RAW[35]: 56 00 07 3A B4 56 00 08 F6 DA 56 00 04 DD DD 56 00 03 FC EF 56 00 07 06 75 56 00 08 FB DA 56 00 04 BB 67 
[14:35:15.591] TICK #28817  avail=30  bytes=753904  ON=0  ps=0  pi=5
  RAW[30]: 56 00 04 05 D4 56 00 07 8B 03 56 00 08 6A 8A 56 00 04 FB 1F 56 00 04 82 E3 56 00 07 64 44 
[14:35:15.641] TICK #28819  avail=45  bytes=753934  ON=0  ps=0  pi=5
  RAW[45]: 56 00 08 46 45 56 00 04 FD 71 56 00 04 7E 4E 56 00 07 BF 04 56 00 07 B7 D5 56 00 04 AC 82 56 00 04 CA CA 56 00 07 94 B1 ...
[14:35:15.666] TICK #28820  avail=30  bytes=753979  ON=0  ps=0  pi=5
  RAW[30]: 56 00 04 B3 50 56 00 04 7F D5 56 00 07 D6 5D 56 00 07 74 DB 56 00 04 5F D6 56 00 04 CB AD 
[14:35:15.716] TICK #28822  avail=50  bytes=754009  ON=0  ps=0  pi=5
  RAW[50]: 56 00 07 DA 7F 56 00 07 A5 EB 56 00 04 44 9C 56 00 04 F1 45 56 00 07 EC 8D 56 00 06 DF B1 56 00 04 28 82 56 00 05 7F 8D ...
[14:35:15.741] TICK #28823  avail=35  bytes=754059  ON=0  ps=0  pi=5
  RAW[35]: 56 00 04 38 16 56 00 05 38 35 56 00 08 08 10 56 00 07 3E 50 56 00 04 29 B1 56 00 04 ED DD 56 00 08 7E 23 
[14:35:15.790] TICK #28825  avail=30  bytes=754094  ON=0  ps=0  pi=5
  RAW[30]: 56 00 06 B0 4E 56 00 03 E9 AD 56 00 05 6C C9 56 00 08 7E D5 56 00 06 BB 73 56 00 04 10 49 
[14:35:15.815] TICK #28826  avail=45  bytes=754124  ON=0  ps=0  pi=5
  RAW[45]: 56 00 05 5F 25 56 00 08 3C 88 56 00 06 2B FB 56 00 03 DB BE 56 00 05 CE 64 56 00 08 3B 50 56 00 06 49 E2 56 00 03 F5 79 ...
[14:35:15.865] TICK #28828  avail=30  bytes=754169  ON=0  ps=0  pi=5
  RAW[30]: 56 00 08 8B 37 56 00 06 C6 7D 56 00 03 DE 94 56 00 05 FB A6 56 00 08 BB CE 56 00 05 E1 9B 
[14:35:15.889] --- Stream ON ---
[14:35:15.899] TICK #28829  avail=35  bytes=754199  ON=1  ps=0  pi=0
  RAW[35]: 56 00 03 E3 C1 56 00 05 D4 22 56 00 08 0E D3 56 00 06 06 53 56 00 04 19 0D 56 00 05 BF 3B 56 00 08 21 77 
  PARSED: 7
[14:35:15.930] TICK #28830  avail=45  bytes=754234  ON=1  ps=0  pi=5
  RAW[45]: 56 00 05 35 2E 56 00 04 3C 2F 56 00 06 3C 6A 56 00 08 5E 07 56 00 05 5F 51 56 00 04 14 D3 56 00 06 95 88 56 00 08 9D 50 ...
  PARSED: 9
[14:35:15.981] TICK #28831  avail=40  bytes=754279  ON=1  ps=0  pi=5
  RAW[40]: 56 00 03 E3 3A 56 00 06 4A 7C 56 00 08 BD AE 56 00 05 8B BB 56 00 03 DA EF 56 00 06 4B 1B 56 00 08 CF 09 56 00 05 05 57 
  PARSED: 8
[14:35:16.019] TICK #28832  avail=50  bytes=754319  ON=1  ps=0  pi=5
  RAW[50]: 56 00 04 00 32 56 00 06 DE D6 56 00 08 DD DC 56 00 04 85 16 56 00 03 F9 E9 56 00 06 D1 3F 56 00 08 F2 24 56 00 05 19 5D ...
  PARSED: 10
[14:35:16.083] TICK #28834  avail=45  bytes=754369  ON=1  ps=0  pi=5
  RAW[45]: 56 00 08 F8 B3 56 00 04 B0 BA 56 00 04 5A 35 56 00 07 47 BB 56 00 08 D3 C8 56 00 05 08 34 56 00 04 54 26 56 00 07 06 62 ...
  PARSED: 9
[14:35:16.114] TICK #28835  avail=50  bytes=754414  ON=1  ps=0  pi=5
  RAW[50]: 56 00 05 49 0E 56 00 04 9E D9 56 00 07 A0 81 56 00 08 13 A9 56 00 04 D6 3A 56 00 04 8D C4 56 00 07 71 5B 56 00 08 74 AF ...
  PARSED: 10
[14:35:16.182] TICK #28837  avail=45  bytes=754464  ON=1  ps=0  pi=5
  RAW[45]: 56 00 07 B4 65 56 00 07 A2 A7 56 00 04 96 F4 56 00 04 9D C3 56 00 07 BA 5D 56 00 07 98 FD 56 00 04 BE 8F 56 00 04 AA 5D ...
  PARSED: 9
[14:35:16.229] TICK #28838  avail=35  bytes=754509  ON=1  ps=0  pi=5
  RAW[35]: 56 00 07 BE 1E 56 00 04 54 EF 56 00 05 22 DE 56 00 07 D8 3F 56 00 07 29 FE 56 00 04 28 14 56 00 04 F9 A5 
  PARSED: 7
[14:35:16.260] TICK #28839  avail=49  bytes=754544  ON=1  ps=0  pi=5
  RAW[49]: 56 00 07 FD FF 56 00 07 5A 39 56 00 04 0B CF 56 00 04 F0 1A 56 00 08 5D 47 56 00 07 00 97 56 00 03 DD B6 56 00 05 34 42 ...
  PARSED: 9
[14:35:16.293] TICK #28840  avail=46  bytes=754593  ON=1  ps=1  pi=4
  RAW[46]: 72 56 00 04 44 44 56 00 05 13 56 56 00 08 21 09 56 00 06 9F F7 56 00 03 FD 51 56 00 05 7B 2E 56 00 08 68 14 56 00 06 A7 ...
  PARSED: 10
[14:35:16.357] TICK #28842  avail=45  bytes=754639  ON=1  ps=0  pi=5
  RAW[45]: 56 00 05 78 56 56 00 08 02 62 56 00 06 39 E0 56 00 04 2B EA 56 00 05 C3 D4 56 00 08 51 C2 56 00 06 0A 3A 56 00 04 1A 32 ...
  PARSED: 9
[14:35:16.388] TICK #28843  avail=35  bytes=754684  ON=1  ps=0  pi=5
  RAW[35]: 56 00 08 3E 60 56 00 06 5F 31 56 00 03 F7 E9 56 00 05 E4 53 56 00 08 B7 31 56 00 05 FD 23 56 00 03 B7 53 
  PARSED: 7
[14:35:16.419] TICK #28844  avail=45  bytes=754719  ON=1  ps=0  pi=5
  RAW[45]: 56 00 05 F9 36 56 00 08 A2 E7 56 00 05 9A A2 56 00 03 E5 BA 56 00 06 8E EF 56 00 08 83 21 56 00 05 5A F8 56 00 04 16 CD ...
  PARSED: 9
[14:35:16.490] TICK #28846  avail=45  bytes=754764  ON=1  ps=0  pi=5
  RAW[45]: 56 00 08 8F 57 56 00 05 7A 65 56 00 03 F0 FE 56 00 05 F1 E1 56 00 08 77 8B 56 00 05 2C 19 56 00 03 F2 B7 56 00 06 7B 4A ...
  PARSED: 9
[14:35:16.536] TICK #28847  avail=40  bytes=754809  ON=1  ps=0  pi=5
  RAW[40]: 56 00 05 3C 30 56 00 03 D3 7E 56 00 06 45 F1 56 00 08 E4 28 56 00 05 03 78 56 00 03 9F 94 56 00 06 EA 3D 56 00 08 7C 28 
  PARSED: 8
[14:35:16.568] TICK #28848  avail=45  bytes=754849  ON=1  ps=0  pi=5
  RAW[45]: 56 00 04 65 D8 56 00 03 F5 3C 56 00 06 E1 B4 56 00 08 94 11 56 00 04 75 0E 56 00 04 04 00 56 00 06 85 91 56 00 08 78 EE ...
  PARSED: 9
[14:35:16.599] TICK #28849  avail=50  bytes=754894  ON=1  ps=0  pi=5
  RAW[50]: 56 00 04 50 36 56 00 07 51 FD 56 00 08 6A 01 56 00 04 F7 D8 56 00 04 47 E3 56 00 07 39 81 56 00 08 1B 7E 56 00 04 99 41 ...
  PARSED: 10
[14:35:16.630] TICK #28850  avail=0  bytes=754944  ON=1  ps=0  pi=5
[14:35:16.665] TICK #28851  avail=45  bytes=754944  ON=1  ps=0  pi=5
  RAW[45]: 56 00 07 AA 4F 56 00 04 B9 23 56 00 04 82 B1 56 00 07 7A 74 56 00 08 35 9C 56 00 04 A9 E4 56 00 04 6F 34 56 00 07 32 AD ...
  PARSED: 9
[14:35:16.696] TICK #28852  avail=35  bytes=754989  ON=1  ps=0  pi=5
  RAW[35]: 56 00 04 61 0F 56 00 04 B2 27 56 00 07 8F 86 56 00 07 8D 25 56 00 04 7C 76 56 00 04 C3 95 56 00 08 1D EC 
  PARSED: 7
[14:35:16.727] TICK #28853  avail=45  bytes=755024  ON=1  ps=0  pi=5
  RAW[45]: 56 00 06 DD E5 56 00 04 0D 48 56 00 05 15 56 56 00 08 17 21 56 00 07 10 62 56 00 04 20 B4 56 00 05 15 45 56 00 08 28 92 ...
  PARSED: 9
[14:35:16.799] TICK #28855  avail=45  bytes=755069  ON=1  ps=0  pi=5
  RAW[45]: 56 00 03 DD 9E 56 00 05 82 FC 56 00 08 50 C6 56 00 06 C5 E8 56 00 03 FE C1 56 00 05 4D C3 56 00 08 09 7D 56 00 06 D9 09 ...
  PARSED: 9
[14:35:16.847] TICK #28856  avail=40  bytes=755114  ON=1  ps=0  pi=5
  RAW[40]: 56 00 05 09 EA 56 00 08 4B 24 56 00 06 53 4A 56 00 03 D3 36 56 00 05 78 A9 56 00 08 5C B7 56 00 06 AB 36 56 00 03 F7 79 
  PARSED: 8
[14:35:16.878] TICK #28857  avail=50  bytes=755154  ON=1  ps=0  pi=5
  RAW[50]: 56 00 05 7E 50 56 00 08 6D EE 56 00 06 0F 49 56 00 03 E0 8B 56 00 05 C1 38 56 00 08 92 B8 56 00 06 2E 52 56 00 03 E6 BC ...
  PARSED: 10
[14:35:16.910] TICK #28858  avail=45  bytes=755204  ON=1  ps=0  pi=5
  RAW[45]: 56 00 06 95 E2 56 00 03 D8 EF 56 00 05 5E D7 56 00 08 7F 9B 56 00 05 91 C3 56 00 03 E8 5B 56 00 06 04 2F 56 00 08 A3 52 ...
  PARSED: 9
[14:35:16.982] TICK #28860  avail=47  bytes=755249  ON=1  ps=0  pi=5
  RAW[47]: 56 00 03 D7 D5 56 00 05 F0 08 56 00 08 3E 23 56 00 04 C9 89 56 00 04 00 46 56 00 06 51 07 56 00 08 66 5F 56 00 05 1D F7 ...
  PARSED: 9
[14:35:17.013] TICK #28861  avail=43  bytes=755296  ON=1  ps=1  pi=2
  RAW[43]: 06 29 00 56 00 08 79 C9 56 00 05 71 7D 56 00 04 04 42 56 00 06 62 01 56 00 08 C6 B9 56 00 05 1D 88 56 00 03 BD 93 56 00 ...
  PARSED: 9
[14:35:17.044] TICK #28862  avail=45  bytes=755339  ON=1  ps=0  pi=5
  RAW[45]: 56 00 08 A4 3C 56 00 05 56 CB 56 00 03 B1 B7 56 00 06 EE 3D 56 00 08 08 68 56 00 04 55 6D 56 00 04 26 9E 56 00 06 BE 25 ...
  PARSED: 9
[14:35:17.115] TICK #28864  avail=45  bytes=755384  ON=1  ps=0  pi=5
  RAW[45]: 56 00 05 12 43 56 00 04 13 21 56 00 07 79 2D 56 00 08 23 B0 56 00 04 8F 6D 56 00 04 39 FC 56 00 07 47 87 56 00 07 F2 F7 ...
  PARSED: 9
[14:35:17.162] TICK #28865  avail=40  bytes=755429  ON=1  ps=0  pi=5
  RAW[40]: 56 00 04 70 B8 56 00 07 33 E0 56 00 07 A9 48 56 00 04 96 8C 56 00 04 98 7A 56 00 07 7E 6B 56 00 07 A6 8C 56 00 04 BE 38 
  PARSED: 8
[14:35:17.193] TICK #28866  avail=45  bytes=755469  ON=1  ps=0  pi=5
  RAW[45]: 56 00 04 6D CB 56 00 07 67 0D 56 00 07 81 DE 56 00 04 72 BC 56 00 04 BD 32 56 00 07 AD 09 56 00 06 B4 2E 56 00 04 5F F6 ...
  PARSED: 9
[14:35:17.225] TICK #28867  avail=50  bytes=755514  ON=1  ps=0  pi=5
  RAW[50]: 56 00 07 C2 4A 56 00 06 DD CC 56 00 04 52 51 56 00 05 3D 01 56 00 07 E4 1B 56 00 06 2B 4E 56 00 04 2C 47 56 00 05 29 13 ...
  PARSED: 10
[14:35:17.290] TICK #28869  avail=45  bytes=755564  ON=1  ps=0  pi=5
  RAW[45]: 56 00 04 21 F5 56 00 04 F1 3A 56 00 07 DF 67 56 00 05 F2 C0 56 00 04 1F 2E 56 00 05 51 4D 56 00 08 2A 1D 56 00 06 51 25 ...
  PARSED: 9
[14:35:17.320] TICK #28870  avail=30  bytes=755609  ON=1  ps=0  pi=5
  RAW[30]: 56 00 05 38 DE 56 00 07 E2 D3 56 00 06 3A C3 56 00 04 2E 8C 56 00 05 90 06 56 00 08 30 71 
  PARSED: 6
[14:35:17.351] TICK #28871  avail=46  bytes=755639  ON=1  ps=0  pi=5
  RAW[46]: 56 00 05 F7 06 56 00 04 0D 13 56 00 05 5F 4B 56 00 08 44 E6 56 00 06 50 D6 56 00 03 F6 80 56 00 05 B5 C6 56 00 08 39 1B ...
  PARSED: 9
[14:35:17.415] TICK #28873  avail=49  bytes=755685  ON=1  ps=1  pi=1
  RAW[49]: 00 03 CB 79 56 00 05 B5 21 56 00 08 2E B0 56 00 05 B9 5D 56 00 04 04 77 56 00 05 C2 CD 56 00 08 2D D0 56 00 05 19 BA 56 ...
  PARSED: 10
[14:35:17.446] TICK #28874  avail=30  bytes=755734  ON=1  ps=0  pi=5
  RAW[30]: 56 00 08 3F 97 56 00 05 20 2A 56 00 03 FF 8A 56 00 06 06 E4 56 00 08 B0 D3 56 00 05 B6 73 
  PARSED: 6
[14:35:17.477] TICK #28875  avail=45  bytes=755764  ON=1  ps=0  pi=5
  RAW[45]: 56 00 03 A8 B1 56 00 06 48 CF 56 00 08 7A AE 56 00 05 60 7C 56 00 03 C4 9D 56 00 06 2F 64 56 00 08 88 2D 56 00 05 6D A0 ...
  PARSED: 9
[14:35:17.539] TICK #28877  avail=50  bytes=755809  ON=1  ps=0  pi=5
  RAW[50]: 56 00 06 2D 84 56 00 08 19 33 56 00 04 C2 B7 56 00 03 E2 15 56 00 06 64 E9 56 00 08 31 ED 56 00 04 C3 E4 56 00 03 D3 86 ...
  PARSED: 10
[14:35:17.569] TICK #28878  avail=45  bytes=755859  ON=1  ps=0  pi=5
  RAW[45]: 56 00 05 05 77 56 00 04 36 EA 56 00 07 24 5A 56 00 07 F7 41 56 00 04 B5 03 56 00 04 34 8F 56 00 06 F1 F1 56 00 08 40 5B ...
  PARSED: 9
[14:35:17.640] TICK #28880  avail=45  bytes=755904  ON=1  ps=0  pi=5
  RAW[45]: 56 00 04 2E 34 56 00 06 E4 F4 56 00 07 DF 39 56 00 04 B3 01 56 00 04 94 E4 56 00 07 64 5A 56 00 08 0F 6F 56 00 04 C8 4F ...
  PARSED: 9
[14:35:17.688] TICK #28881  avail=40  bytes=755949  ON=1  ps=0  pi=5
  RAW[40]: 56 00 07 35 1E 56 00 08 06 EC 56 00 04 FA EE 56 00 04 37 C8 56 00 07 BC 1C 56 00 07 5C F9 56 00 04 A3 CB 56 00 04 57 6B 
  PARSED: 8
[14:35:17.719] TICK #28882  avail=50  bytes=755989  ON=1  ps=0  pi=5
  RAW[50]: 56 00 07 70 3A 56 00 07 79 8A 56 00 04 B4 EC 56 00 04 7B 23 56 01 00 00 00 56 00 07 D2 19 56 00 06 CC 1A 56 00 04 66 6C ...
[14:35:17.720] HEARTBEAT bytes=756039
  PARSED: 9
[14:35:17.750] TICK #28883  avail=50  bytes=756039  ON=1  ps=0  pi=5
  RAW[50]: 56 00 07 27 F4 56 00 04 34 32 56 00 04 DA 46 56 00 07 BF 11 56 00 07 4E 22 56 00 04 1B 42 56 00 05 63 44 56 00 07 EE 9A ...
  PARSED: 10
[14:35:17.815] TICK #28885  avail=45  bytes=756089  ON=1  ps=0  pi=5
  RAW[45]: 56 00 05 08 B7 56 00 08 41 D5 56 00 07 38 13 56 00 04 1B 49 56 00 05 93 5F 56 00 08 4E 79 56 00 06 7F 66 56 00 03 EE 37 ...
  PARSED: 9
[14:35:17.846] TICK #28886  avail=35  bytes=756134  ON=1  ps=0  pi=5
  RAW[35]: 56 00 08 33 DA 56 00 06 64 22 56 00 04 23 FE 56 00 05 B4 0A 56 00 07 F6 F4 56 00 05 A1 0F 56 00 03 FC 23 
  PARSED: 7
[14:35:17.877] TICK #28887  avail=45  bytes=756169  ON=1  ps=0  pi=5
  RAW[45]: 56 00 05 87 62 56 00 08 0A 6A 56 00 05 FA 81 56 00 03 FE BA 56 00 05 53 DF 56 00 08 21 4C 56 00 05 8E 4C 56 00 03 E2 50 ...
  PARSED: 9
[14:35:17.948] TICK #28889  avail=45  bytes=756214  ON=1  ps=0  pi=5
  RAW[45]: 56 00 08 79 A1 56 00 05 8F E6 56 00 03 F4 CF 56 00 05 BF 12 56 00 08 97 11 56 00 05 C0 42 56 00 03 B4 85 56 00 06 41 9B ...
  PARSED: 9
[14:35:17.995] TICK #28890  avail=40  bytes=756259  ON=1  ps=0  pi=5
  RAW[40]: 56 00 05 61 4D 56 00 03 A5 5E 56 00 06 49 A1 56 00 08 21 3A 56 00 05 A4 0C 56 00 03 C3 1C 56 00 05 D2 CE 56 00 08 5A 91 
  PARSED: 8
[14:35:18.026] TICK #28891  avail=45  bytes=756299  ON=1  ps=0  pi=5
  RAW[45]: 56 00 04 A9 BB 56 00 03 F2 BE 56 00 06 75 62 56 00 08 18 9E 56 00 04 3D 4D 56 00 03 FA 19 56 00 05 D0 7C 56 00 08 56 44 ...
  PARSED: 9
[14:35:18.058] TICK #28892  avail=47  bytes=756344  ON=1  ps=0  pi=5
  RAW[47]: 56 00 04 0F AC 56 00 06 84 80 56 00 08 5D DA 56 00 04 45 6F 56 00 04 06 09 56 00 06 79 60 56 00 09 0E 0C 56 00 03 FA 49 ...
  PARSED: 9
[14:35:18.123] TICK #28894  avail=48  bytes=756391  ON=1  ps=1  pi=2
  RAW[48]: 07 10 FB 56 00 08 7D 25 56 00 04 4C 00 56 00 04 45 4F 56 00 07 70 9A 56 00 08 79 2D 56 00 05 1C 67 56 00 04 55 15 56 00 ...
  PARSED: 10
[14:35:18.155] TICK #28895  avail=35  bytes=756439  ON=1  ps=0  pi=5
  RAW[35]: 56 00 04 BD E0 56 00 04 77 BD 56 00 07 93 6F 56 00 07 C9 4E 56 00 04 B2 63 56 00 04 47 86 56 00 07 2A 29 
  PARSED: 7
[14:35:18.185] TICK #28896  avail=45  bytes=756474  ON=1  ps=0  pi=5
  RAW[45]: 56 00 07 A9 72 56 00 04 96 38 56 00 04 8C AF 56 00 07 85 E8 56 00 07 38 6A 56 00 04 72 A9 56 00 04 B4 42 56 00 07 54 C0 ...
  PARSED: 9
[14:35:18.256] TICK #28898  avail=45  bytes=756519  ON=1  ps=0  pi=5
  RAW[45]: 56 00 04 6B 66 56 00 04 7D 6C 56 00 07 BC AE 56 00 06 E5 10 56 00 04 17 DF 56 00 04 DE 06 56 00 07 F0 9C 56 00 07 40 29 ...
  PARSED: 9
[14:35:18.303] TICK #28899  avail=40  bytes=756564  ON=1  ps=0  pi=5
  RAW[40]: 56 00 04 EB D0 56 00 08 02 D6 56 00 06 86 19 56 00 03 F9 CD 56 00 05 66 FE 56 00 08 0A A5 56 00 06 A5 23 56 00 04 28 AB 
  PARSED: 8
[14:35:18.334] TICK #28900  avail=45  bytes=756604  ON=1  ps=0  pi=5
  RAW[45]: 56 00 05 11 95 56 00 08 1B 52 56 00 05 EA FC 56 00 04 10 85 56 00 05 61 AE 56 00 08 2E 97 56 00 05 EB 8C 56 00 04 0D BD ...
  PARSED: 9
[14:35:18.365] TICK #28901  avail=45  bytes=756649  ON=1  ps=0  pi=5
  RAW[45]: 56 00 08 30 14 56 00 06 40 72 56 00 03 DE 62 56 00 05 D3 8C 56 00 08 60 3D 56 00 06 04 44 56 00 03 BB 00 56 00 04 D4 DC ...
  PARSED: 9
[14:35:18.431] TICK #28903  avail=50  bytes=756694  ON=1  ps=0  pi=5
  RAW[50]: 56 00 04 E0 94 56 00 03 B3 E1 56 00 05 5E 22 56 00 08 A1 50 56 00 05 B9 C3 56 00 03 ED 6D 56 00 06 44 25 56 00 08 5C 0F ...
  PARSED: 10
[14:35:18.462] TICK #28904  avail=35  bytes=756744  ON=1  ps=0  pi=5
  RAW[35]: 56 00 05 94 B3 56 00 08 19 56 56 00 04 99 84 56 00 03 EC 2F 56 00 06 07 CF 56 00 08 14 CF 56 00 05 43 F9 
  PARSED: 7
[14:35:18.493] TICK #28905  avail=45  bytes=756779  ON=1  ps=0  pi=5
  RAW[45]: 56 00 03 D7 03 56 00 06 06 D2 56 00 08 1C 3E 56 00 04 81 48 56 00 03 D7 98 56 00 06 71 8D 56 00 08 04 07 56 00 04 24 F1 ...
  PARSED: 9
[14:35:18.565] TICK #28907  avail=45  bytes=756824  ON=1  ps=0  pi=5
  RAW[45]: 56 00 06 08 AB 56 00 08 90 DD 56 00 04 8C F1 56 00 04 18 7F 56 00 06 EF 3D 56 00 08 64 49 56 00 03 F0 6C 56 00 04 03 DF ...
  PARSED: 9
[14:35:18.612] TICK #28908  avail=40  bytes=756869  ON=1  ps=0  pi=5
  RAW[40]: 56 00 08 BC A1 56 00 04 82 78 56 00 04 0B 02 56 00 06 E6 93 56 00 08 2D 76 56 00 04 B3 3C 56 00 04 34 EA 56 00 07 6E CE 
  PARSED: 8
[14:35:18.644] TICK #28909  avail=45  bytes=756909  ON=1  ps=0  pi=5
  RAW[45]: 56 00 07 81 6E 56 00 04 D2 99 56 00 04 66 4B 56 00 07 09 E6 56 00 07 A3 6E 56 00 04 AE 63 56 00 04 A6 11 56 00 07 5C EE ...
  PARSED: 9
[14:35:18.675] TICK #28910  avail=50  bytes=756954  ON=1  ps=0  pi=5
  RAW[50]: 56 00 04 47 9F 56 00 04 7E 0B 56 00 07 61 59 56 00 07 D6 24 56 00 04 82 6F 56 00 04 77 78 56 00 06 ED 2D 56 00 07 31 1A ...
  PARSED: 10
[14:35:18.748] TICK #28912  avail=45  bytes=757004  ON=1  ps=0  pi=5
  RAW[45]: 56 00 07 D0 48 56 00 07 6E 28 56 00 04 55 00 56 00 04 CE EA 56 00 07 DF A5 56 00 06 70 C3 56 00 04 1E 94 56 00 05 23 A7 ...
  PARSED: 9
[14:35:18.779] TICK #28913  avail=45  bytes=757049  ON=1  ps=0  pi=5
  RAW[45]: 56 00 06 9C 6F 56 00 04 2D BC 56 00 04 F6 CD 56 00 07 E9 13 56 00 06 B5 D4 56 00 04 13 F4 56 00 05 5A 49 56 00 08 27 FD ...
  PARSED: 9
[14:35:18.810] TICK #28914  avail=45  bytes=757094  ON=1  ps=0  pi=5
  RAW[45]: 56 00 03 DD 32 56 00 05 31 2E 56 00 08 16 63 56 00 06 52 87 56 00 03 A5 8E 56 00 05 1A 1F 56 00 07 E4 D0 56 00 05 F4 76 ...
  PARSED: 9
[14:35:18.881] TICK #28916  avail=45  bytes=757139  ON=1  ps=0  pi=5
  RAW[45]: 56 00 05 82 01 56 00 08 40 F4 56 00 06 0A 59 56 00 03 CF F2 56 00 05 64 F3 56 00 08 00 81 56 00 06 29 22 56 00 03 EB C7 ...
  PARSED: 9
[14:35:18.928] TICK #28917  avail=40  bytes=757184  ON=1  ps=0  pi=5
  RAW[40]: 56 00 08 67 7E 56 00 05 ED 13 56 00 03 CD 01 56 00 05 87 C5 56 00 08 A0 F7 56 00 05 49 CE 56 00 03 CB 48 56 00 06 20 7C 
  PARSED: 8
[14:35:18.965] TICK #28918  avail=50  bytes=757224  ON=1  ps=0  pi=5
  RAW[50]: 56 00 08 10 16 56 00 05 36 F0 56 00 03 E3 BD 56 00 06 1F FC 56 00 08 7A 18 56 00 04 EC 51 56 00 03 BB 50 56 00 06 1E FE ...
  PARSED: 10
[14:35:18.998] TICK #28919  avail=50  bytes=757274  ON=1  ps=0  pi=5
  RAW[50]: 56 00 03 A8 52 56 00 06 31 EC 56 00 08 2B 34 56 00 04 D4 71 56 00 03 DC 80 56 00 06 85 44 56 00 08 04 C9 56 00 04 45 35 ...
  PARSED: 10
[14:35:19.073] TICK #28921  avail=45  bytes=757324  ON=1  ps=0  pi=5
  RAW[45]: 56 00 08 4A 19 56 00 05 12 FD 56 00 03 E9 84 56 00 06 A3 AD 56 00 07 D9 D3 56 00 04 88 37 56 00 04 25 08 56 00 07 38 9D ...
  PARSED: 9
[14:35:19.120] TICK #28922  avail=45  bytes=757369  ON=1  ps=0  pi=5
  RAW[45]: 56 00 04 BA 67 56 00 04 55 6B 56 00 06 E6 B9 56 00 08 32 BC 56 00 04 81 85 56 00 04 8E 29 56 00 07 76 15 56 00 07 B0 BD ...
  PARSED: 9
[14:35:19.150] TICK #28923  avail=45  bytes=757414  ON=1  ps=0  pi=5
  RAW[45]: 56 00 04 56 14 56 00 07 74 16 56 00 07 B7 5A 56 00 04 C5 50 56 00 04 2B D9 56 00 07 EC 27 56 00 07 4A 3B 56 00 04 3E 5A ...
  PARSED: 9
[14:35:19.180] TICK #28924  avail=45  bytes=757459  ON=1  ps=0  pi=5
  RAW[45]: 56 00 07 72 1B 56 00 07 31 BB 56 00 04 68 A8 56 00 04 92 09 56 00 07 59 3B 56 00 06 88 C9 56 00 04 21 BD 56 00 04 E1 6D ...
  PARSED: 9
[14:35:19.249] TICK #28926  avail=45  bytes=757504  ON=1  ps=0  pi=5
  RAW[45]: 56 00 07 2B 02 56 00 03 DF 26 56 00 04 F7 33 56 00 07 D2 79 56 00 07 24 AA 56 00 04 0D 97 56 00 05 71 B1 56 00 08 56 A2 ...
  PARSED: 9
[14:35:19.280] TICK #28927  avail=40  bytes=757549  ON=1  ps=0  pi=5
  RAW[40]: 56 00 03 F7 A4 56 00 05 2B CD 56 00 08 2A 0E 56 00 06 BD DA 56 00 03 FD C0 56 00 04 F4 C6 56 00 07 D3 86 56 00 06 05 81 
  PARSED: 8
[14:35:19.311] TICK #28928  avail=45  bytes=757589  ON=1  ps=0  pi=5
  RAW[45]: 56 00 04 1A 12 56 00 05 59 7E 56 00 08 1A 2D 56 00 06 05 DB 56 00 03 FC 7F 56 00 05 3F 6B 56 00 08 12 2F 56 00 06 03 AE ...
  PARSED: 9
[14:35:19.377] TICK #28930  avail=45  bytes=757634  ON=1  ps=0  pi=5
  RAW[45]: 56 00 05 94 AA 56 00 08 03 6E 56 00 05 AA 06 56 00 03 FB 1A 56 00 05 7D 50 56 00 08 32 E5 56 00 05 FD D6 56 00 03 E9 2B ...
  PARSED: 9
[14:35:19.425] TICK #28931  avail=35  bytes=757679  ON=1  ps=0  pi=5
  RAW[35]: 56 00 08 86 18 56 00 05 75 9A 56 00 03 91 8E 56 00 05 ED 05 56 00 08 65 A3 56 00 05 90 74 56 00 03 A8 04 
  PARSED: 7
[14:35:19.456] TICK #28932  avail=46  bytes=757714  ON=1  ps=0  pi=5
  RAW[46]: 56 00 05 EB DB 56 00 08 0D 5E 56 00 04 E4 2B 56 00 03 E4 48 56 00 06 3F 46 56 00 08 03 3D 56 00 05 01 5E 56 00 03 F5 9E ...
  PARSED: 9
[14:35:19.487] TICK #28933  avail=49  bytes=757760  ON=1  ps=1  pi=1
  RAW[49]: 00 08 3F AE 56 00 05 21 44 56 00 03 D1 17 56 00 05 68 C1 56 00 07 D8 75 56 00 04 AA 6B 56 00 03 D1 D1 56 00 05 F9 40 56 ...
  PARSED: 10
[14:35:19.556] TICK #28935  avail=45  bytes=757809  ON=1  ps=0  pi=5
  RAW[45]: 56 00 04 2C CB 56 00 05 69 CC 56 00 09 40 AF 56 00 03 B5 0F 56 00 02 86 6C 56 00 07 17 70 56 00 07 AB 78 56 00 04 DE 48 ...
  PARSED: 9
[14:35:19.587] TICK #28936  avail=38  bytes=757854  ON=1  ps=0  pi=5
  RAW[38]: 56 00 06 92 3D 56 00 08 B8 C1 56 00 03 F2 36 56 00 04 22 68 56 00 07 48 48 56 00 08 69 66 56 00 04 AD 8B 56 00 03 
  PARSED: 7
[14:35:19.618] TICK #28937  avail=47  bytes=757892  ON=1  ps=1  pi=3
  RAW[47]: FE 8A 56 00 07 0A 0E 56 00 08 08 35 56 00 05 04 57 56 00 04 38 4F 56 00 07 81 E3 56 00 07 7E 27 56 00 04 A1 59 56 00 04 ...
  PARSED: 10
[14:35:19.690] TICK #28939  avail=45  bytes=757939  ON=1  ps=0  pi=5
  RAW[45]: 56 00 07 7B 46 56 00 04 B6 6B 56 00 04 52 7E 56 00 07 37 C6 56 00 07 F9 C5 56 00 04 2B 34 56 00 04 7F 29 56 00 07 87 D3 ...
  PARSED: 9
[14:35:19.736] TICK #28940  avail=40  bytes=757984  ON=1  ps=0  pi=5
  RAW[40]: 56 00 04 41 0E 56 00 04 98 54 56 00 07 60 95 56 00 07 B4 07 56 00 04 41 00 56 00 05 09 4A 56 00 07 E6 48 56 00 06 D8 6C 
  PARSED: 8
[14:35:19.767] TICK #28941  avail=45  bytes=758024  ON=1  ps=0  pi=5
  RAW[45]: 56 00 04 05 04 56 00 04 DE 38 56 00 07 F3 BE 56 00 06 D2 7E 56 00 04 2F D5 56 00 04 C5 F6 56 00 08 00 49 56 00 06 2E D7 ...
  PARSED: 9
[14:35:19.797] TICK #28942  avail=45  bytes=758069  ON=1  ps=0  pi=5
  RAW[45]: 56 00 05 3F E9 56 00 08 02 71 56 00 06 64 53 56 00 03 DF 84 56 00 04 EF D3 56 00 07 F2 C9 56 00 06 75 5F 56 00 03 EC 69 ...
  PARSED: 9
[14:35:19.865] TICK #28944  avail=50  bytes=758114  ON=1  ps=0  pi=5
  RAW[50]: 56 00 08 70 43 56 00 06 5A 75 56 00 03 94 F8 56 00 05 60 75 56 00 08 44 B5 56 00 06 AB 3C 56 00 03 C3 DD 56 00 05 38 7B ...
  PARSED: 10
[14:35:19.895] TICK #28945  avail=33  bytes=758164  ON=1  ps=0  pi=5
  RAW[33]: 56 00 03 DD 95 56 00 05 A1 D5 56 00 08 59 28 56 00 06 0C 4B 56 00 03 E2 F3 56 00 05 2C BA 56 00 08 
  PARSED: 6
[14:35:19.927] TICK #28946  avail=47  bytes=758197  ON=1  ps=1  pi=3
  RAW[47]: 1D 4C 56 00 05 B0 97 56 00 04 27 11 56 00 05 03 23 56 00 09 4B EA 56 00 04 E6 DD 56 00 03 32 37 56 00 06 53 1B 56 00 07 ...
  PARSED: 10
[14:35:19.998] TICK #28948  avail=45  bytes=758244  ON=1  ps=0  pi=5
  RAW[45]: 56 00 03 61 F0 56 00 05 CE 78 56 00 08 0D 10 56 00 04 E7 49 56 00 03 F7 53 56 00 06 44 16 56 00 08 3C CF 56 00 04 DC E8 ...
  PARSED: 9
[14:35:20.045] TICK #28949  avail=40  bytes=758289  ON=1  ps=0  pi=5
  RAW[40]: 56 00 05 BD C9 56 00 08 CB 22 56 00 05 AC 8F 56 00 03 64 24 56 00 06 25 5F 56 00 08 8B DA 56 00 05 40 8A 56 00 03 8E ED 
  PARSED: 8
[14:35:20.075] TICK #28950  avail=45  bytes=758329  ON=1  ps=0  pi=5
  RAW[45]: 56 00 06 4D DB 56 00 08 0E A2 56 00 04 8B 3C 56 00 03 AA 51 56 00 05 7B FD 56 00 08 07 46 56 00 04 4F 67 56 00 03 FC 30 ...
  PARSED: 9
[14:35:20.107] TICK #28951  avail=45  bytes=758374  ON=1  ps=0  pi=5
  RAW[45]: 56 00 07 F7 44 56 00 04 C5 26 56 00 03 E6 0C 56 00 06 84 AC 56 00 08 08 E6 56 00 04 60 87 56 00 04 0C D2 56 00 07 08 0F ...
  PARSED: 9
[14:35:20.173] TICK #28953  avail=50  bytes=758419  ON=1  ps=0  pi=5
  RAW[50]: 56 00 04 90 C4 56 00 04 08 8B 56 00 06 F4 6A 56 00 08 88 4D 56 00 04 E7 1E 56 00 04 2E CB 56 00 06 E2 AA 56 00 07 9D 64 ...
  PARSED: 10
[14:35:20.204] TICK #28954  avail=35  bytes=758469  ON=1  ps=0  pi=5
  RAW[35]: 56 00 07 60 2D 56 00 07 7E 5E 56 00 04 C0 04 56 00 04 15 E4 56 00 07 55 D1 56 00 07 C3 E4 56 00 04 3B 85 
  PARSED: 7
[14:35:20.235] TICK #28955  avail=45  bytes=758504  ON=1  ps=0  pi=5
  RAW[45]: 56 00 04 57 F2 56 00 07 80 F3 56 00 07 1B E1 56 00 04 56 3D 56 00 04 55 61 56 00 07 4B F9 56 00 07 16 3C 56 00 04 77 8C ...
  PARSED: 9
[14:35:20.306] TICK #28957  avail=45  bytes=758549  ON=1  ps=0  pi=5
  RAW[45]: 56 00 07 B6 17 56 00 06 BB 8D 56 00 04 38 55 56 00 04 CA 24 56 00 07 AD 66 56 00 06 B4 4A 56 00 04 1D F3 56 00 04 C8 97 ...
  PARSED: 9
[14:35:20.353] TICK #28958  avail=40  bytes=758594  ON=1  ps=0  pi=5
  RAW[40]: 56 00 06 D6 F8 56 00 03 A8 7E 56 00 05 1F 49 56 00 07 ED FF 56 00 06 8F A7 56 00 03 C4 76 56 00 04 ED 83 56 00 07 B1 FB 
  PARSED: 8
[14:35:20.385] TICK #28959  avail=50  bytes=758634  ON=1  ps=0  pi=5
  RAW[50]: 56 00 06 B6 10 56 00 04 0B 83 56 00 05 5A 40 56 00 08 0B AB 56 00 06 0D BE 56 00 03 FA 0F 56 00 05 3F 64 56 00 08 23 CD ...
  PARSED: 10
[14:35:20.415] TICK #28960  avail=45  bytes=758684  ON=1  ps=0  pi=5
  RAW[45]: 56 00 04 EB 3C 56 00 08 06 06 56 00 05 A0 A0 56 00 03 CD AB 56 00 05 73 6A 56 00 08 21 66 56 00 06 1C FE 56 00 03 CD 00 ...
  PARSED: 9
[14:35:20.481] TICK #28962  avail=45  bytes=758729  ON=1  ps=0  pi=5
  RAW[45]: 56 00 08 1C DA 56 00 05 EB AD 56 00 03 DC 52 56 00 05 AB 9D 56 00 08 04 9A 56 00 05 4F 24 56 00 03 D9 CC 56 00 05 DA 34 ...
  PARSED: 9
[14:35:20.511] TICK #28963  avail=35  bytes=758774  ON=1  ps=0  pi=5
  RAW[35]: 56 00 05 5F 92 56 00 03 B7 F0 56 00 06 3B 4D 56 00 08 6D E2 56 00 04 E1 BF 56 00 03 C1 E9 56 00 05 F1 CF 
  PARSED: 7
[14:35:20.543] TICK #28964  avail=45  bytes=758809  ON=1  ps=0  pi=5
  RAW[45]: 56 00 08 A8 8C 56 00 05 B3 57 56 00 03 5E 16 56 00 05 DC B6 56 00 08 7C 82 56 00 05 E4 A4 56 00 03 94 B2 56 00 06 5A 41 ...
  PARSED: 9
[14:35:20.607] TICK #28966  avail=45  bytes=758854  ON=1  ps=0  pi=5
  RAW[45]: 56 00 04 61 C3 56 00 03 C5 4F 56 00 06 14 27 56 00 08 61 C2 56 00 04 87 B3 56 00 03 B4 BA 56 00 06 55 0D 56 00 07 E8 91 ...
  PARSED: 9
[14:35:20.637] TICK #28967  avail=50  bytes=758899  ON=1  ps=0  pi=5
  RAW[50]: 56 00 03 BF E5 56 00 06 3F 6E 56 00 08 39 B4 56 00 04 2A 0E 56 00 03 AB 25 56 00 07 35 A2 56 00 08 56 35 56 00 03 A2 8B ...
  PARSED: 10
[14:35:20.706] TICK #28969  avail=45  bytes=758949  ON=1  ps=0  pi=5
  RAW[45]: 56 00 08 7C 47 56 00 04 B5 F4 56 00 04 54 75 56 00 07 2C E3 56 00 08 4B 58 56 00 04 C8 1E 56 00 02 E7 47 56 00 08 33 EC ...
  PARSED: 9
[14:35:20.754] TICK #28970  avail=36  bytes=758994  ON=1  ps=0  pi=5
  RAW[36]: 56 00 04 E2 1F 56 00 04 00 29 56 00 07 CB 7A 56 00 07 29 56 56 00 04 30 7E 56 00 04 83 8D 56 00 07 91 FE 56 
  PARSED: 7
[14:35:20.785] TICK #28971  avail=49  bytes=759030  ON=1  ps=1  pi=1
  RAW[49]: 00 07 1C 9F 56 00 04 1B F9 56 00 04 78 04 56 00 07 75 C4 56 00 07 00 56 56 00 04 29 D8 56 00 05 1D 47 56 00 07 B3 FA 56 ...
  PARSED: 10
[14:35:20.816] TICK #28972  avail=45  bytes=759079  ON=1  ps=0  pi=5
  RAW[45]: 56 00 04 E6 C2 56 00 07 E6 E2 56 00 06 CC 18 56 00 03 E0 A9 56 00 05 54 89 56 00 08 69 45 56 00 06 8A 49 56 00 03 67 EB ...
  PARSED: 9
[14:35:20.890] TICK #28974  avail=45  bytes=759124  ON=1  ps=0  pi=5
  RAW[45]: 56 00 08 17 80 56 00 06 B8 8E 56 00 03 D4 73 56 00 05 28 C4 56 00 07 EF 9C 56 00 06 29 6B 56 00 03 E9 E6 56 00 05 80 81 ...
  PARSED: 9
[14:35:20.921] TICK #28975  avail=45  bytes=759169  ON=1  ps=0  pi=5
  RAW[45]: 56 00 05 D0 7B 56 00 03 FA 12 56 00 05 56 BD 56 00 08 28 A9 56 00 05 EA 58 56 00 03 DA 08 56 00 05 8B E5 56 00 08 57 68 ...
  PARSED: 9
[14:35:20.953] TICK #28976  avail=45  bytes=759214  ON=1  ps=0  pi=5
  RAW[45]: 56 00 03 A4 F0 56 00 05 7B 2E 56 00 08 79 EF 56 00 05 BB 25 56 00 03 AB E3 56 00 05 6A 20 56 00 08 29 FC 56 00 05 08 F7 ...
  PARSED: 9
[14:35:21.023] TICK #28978  avail=48  bytes=759259  ON=1  ps=0  pi=5
  RAW[48]: 56 00 05 F8 84 56 00 08 86 05 56 00 05 3D 62 56 00 03 F8 49 56 00 05 5C C5 56 00 09 A6 3E 56 00 05 44 10 56 00 02 D4 F2 ...
  PARSED: 9
[14:35:21.071] TICK #28979  avail=37  bytes=759307  ON=1  ps=1  pi=3
  RAW[37]: 7C 75 56 00 05 7C 77 56 00 03 36 B2 56 00 06 23 E1 56 00 08 2C 63 56 00 05 17 35 56 00 03 B2 A6 56 00 05 CB 9B 
  PARSED: 8
[14:35:21.102] TICK #28980  avail=50  bytes=759344  ON=1  ps=0  pi=5
  RAW[50]: 56 00 07 E3 10 56 00 03 F5 1C 56 00 03 DD 00 56 00 06 2B 7D 56 00 07 E5 76 56 00 04 30 4D 56 00 03 A2 05 56 00 05 B4 20 ...
  PARSED: 10
[14:35:21.133] TICK #28981  avail=45  bytes=759394  ON=1  ps=0  pi=5
  RAW[45]: 56 00 04 04 86 56 00 06 B5 D8 56 00 08 42 16 56 00 03 AB B3 56 00 03 FB 62 56 00 06 C7 19 56 00 08 70 7D 56 00 04 BF 59 ...
  PARSED: 9
[14:35:21.206] TICK #28983  avail=45  bytes=759439  ON=1  ps=0  pi=5
  RAW[45]: 56 00 06 B7 E0 56 00 07 CB F4 56 00 04 B2 90 56 00 04 3E B3 56 00 07 43 90 56 00 07 98 68 56 00 04 C2 9B 56 00 04 21 97 ...
  PARSED: 9
[14:35:21.237] TICK #28984  avail=45  bytes=759484  ON=1  ps=0  pi=5
  RAW[45]: 56 00 07 95 81 56 00 04 A8 F6 56 00 04 1F E8 56 00 06 BB 85 56 00 07 4B B8 56 00 04 58 2A 56 00 04 57 2D 56 00 07 40 8C ...
  PARSED: 9
[14:35:21.269] TICK #28985  avail=45  bytes=759529  ON=1  ps=0  pi=5
  RAW[45]: 56 00 04 9F 27 56 00 04 5F 35 56 00 07 65 67 56 00 07 A7 8C 56 00 04 27 D7 56 00 04 A9 F3 56 00 07 81 A4 56 00 07 78 C0 ...
  PARSED: 9
[14:35:21.331] TICK #28987  avail=45  bytes=759574  ON=1  ps=0  pi=5
  RAW[45]: 56 00 04 5D 2A 56 00 07 74 30 56 00 07 3F A3 56 00 03 EB DE 56 00 04 1B B0 56 00 07 A2 63 56 00 06 23 35 56 00 03 FA 5E ...
  PARSED: 9
[14:35:21.362] TICK #28988  avail=50  bytes=759619  ON=1  ps=0  pi=5
  RAW[50]: 56 00 08 1C DC 56 00 06 E2 26 56 00 04 65 56 56 00 05 27 2B 56 00 08 96 90 56 00 06 52 BE 56 00 04 50 D6 56 00 05 6C D7 ...
  PARSED: 10
[14:35:21.431] TICK #28990  avail=45  bytes=759669  ON=1  ps=0  pi=5
  RAW[45]: 56 00 03 92 67 56 00 04 98 30 56 00 07 5B 6E 56 00 05 10 0F 56 00 03 08 B3 56 00 04 99 E6 56 00 07 91 C4 56 00 05 97 0F ...
  PARSED: 9
[14:35:21.478] TICK #28991  avail=35  bytes=759714  ON=1  ps=0  pi=5
  RAW[35]: 56 00 05 4C 14 56 00 08 77 AE 56 00 07 0D E2 56 00 04 62 08 56 00 06 86 75 56 00 09 29 2A 56 00 06 E3 01 
  PARSED: 7
[14:35:21.508] TICK #28992  avail=50  bytes=759749  ON=1  ps=0  pi=5
  RAW[50]: 56 00 04 79 96 56 00 06 1B 81 56 00 08 4F 5F 56 00 05 93 A7 56 00 03 62 28 56 00 04 6C 5E 56 00 07 01 DA 56 00 03 4A 5A ...
  PARSED: 10
[14:35:21.539] TICK #28993  avail=45  bytes=759799  ON=1  ps=0  pi=5
  RAW[45]: 56 00 06 D3 FB 56 00 04 55 FE 56 00 03 82 82 56 00 05 DF B0 56 00 09 15 08 56 00 06 56 F7 56 00 05 60 33 56 00 07 C9 45 ...
  PARSED: 9
[14:35:21.607] TICK #28995  avail=45  bytes=759844  ON=1  ps=0  pi=5
  RAW[45]: 56 00 06 B3 1D 56 00 05 1E 67 56 00 06 BB EB 56 00 09 36 37 56 00 05 84 2F 56 00 02 7E C9 56 00 04 58 1C 56 00 06 2F 81 ...
  PARSED: 9
[14:35:21.637] TICK #28996  avail=35  bytes=759889  ON=1  ps=0  pi=5
  RAW[35]: 56 00 01 24 C6 56 00 03 FE FF 56 00 06 23 22 56 00 03 25 DD 56 00 03 12 76 56 00 06 54 8D 56 00 09 90 00 
  PARSED: 7
[14:35:21.669] TICK #28997  avail=50  bytes=759924  ON=1  ps=0  pi=5
  RAW[50]: 56 00 05 E3 E2 56 00 06 76 9E 56 00 09 D9 42 56 00 0B 02 8C 56 00 07 85 6D 56 00 06 3D A7 56 00 08 66 3C 56 00 08 AE D1 ...
  PARSED: 10
[14:35:21.740] TICK #28999  avail=45  bytes=759974  ON=1  ps=0  pi=5
  RAW[45]: 56 00 04 21 BF 56 00 04 78 A2 56 00 00 F7 05 56 00 00 94 54 56 00 03 85 14 56 00 05 0B 7E 56 00 02 94 81 56 00 03 4E AB ...
  PARSED: 9
[14:35:21.787] TICK #29000  avail=40  bytes=760019  ON=1  ps=0  pi=5
  RAW[40]: 56 00 09 B5 3F 56 00 07 B7 F7 56 00 08 5E FB 56 00 0B 96 B8 56 00 0C 35 E4 56 00 08 B6 57 56 00 07 B1 44 56 00 09 C9 48 
  PARSED: 8
[14:35:21.823] TICK #29001  avail=50  bytes=760059  ON=1  ps=0  pi=5
  RAW[50]: 56 00 08 5D BE 56 00 04 12 17 56 00 01 EE 24 56 00 04 37 CC 56 00 02 60 EC 56 00 FE E3 72 56 00 FF 12 F9 56 00 02 7F 39 ...
  PARSED: 10
[14:35:21.855] TICK #29002  avail=50  bytes=760109  ON=1  ps=0  pi=5
  RAW[50]: 56 00 03 4A C7 56 00 08 71 27 56 00 08 DA 4B 56 00 07 D9 80 56 00 0A 21 9F 56 00 0D F0 A7 56 00 0D 11 59 56 00 09 C2 31 ...
  PARSED: 10
[14:35:21.923] TICK #29004  avail=45  bytes=760159  ON=1  ps=0  pi=5
  RAW[45]: 56 00 08 73 DC 56 00 03 11 48 56 00 02 6B F8 56 00 03 54 DC 56 00 FF E7 2F 56 00 FC BB AF 56 00 FD E4 E8 56 00 01 44 6E ...
  PARSED: 9
[14:35:21.989] TICK #29005  avail=71  bytes=760204  ON=1  ps=0  pi=5
  RAW[71]: 56 00 00 30 5E 56 00 03 33 DD 56 00 09 01 2F 56 00 08 F4 81 56 00 09 19 87 56 00 0C 3A AC 56 00 10 16 27 56 00 0E 56 C8 ...
  PARSED: 14
[14:35:22.022] TICK #29006  avail=49  bytes=760275  ON=1  ps=1  pi=1
  RAW[49]: 00 02 56 6D 56 00 FE 1D FF 56 00 FA C8 60 56 00 FC 45 AA 56 00 FF 83 28 56 00 FE 88 1A 56 00 FE CC 35 56 00 03 10 82 56 ...
  PARSED: 10
[14:35:22.098] TICK #29008  avail=46  bytes=760324  ON=1  ps=0  pi=5
  RAW[46]: 56 00 0A 4D D8 56 00 0E 72 0B 56 00 11 E2 69 56 00 0E FF AF 56 00 0D 1F BB 56 00 0D 77 2D 56 00 0D 92 0D 56 00 07 84 59 ...
  PARSED: 9
[14:35:22.130] TICK #29009  avail=44  bytes=760370  ON=1  ps=1  pi=1
  RAW[44]: 00 01 68 14 56 00 00 FD E5 56 00 FB 80 49 56 00 F9 3C 53 56 00 FB 34 CC 56 00 FE 03 CA 56 00 FC EF 45 56 00 FD D6 86 56 ...
  PARSED: 9
[14:35:22.161] TICK #29010  avail=50  bytes=760414  ON=1  ps=0  pi=5
  RAW[50]: 56 00 09 A1 24 56 00 0A 04 9C 56 00 0B 19 76 56 00 0F E8 C6 56 00 13 F6 EE 56 00 10 CD E3 56 00 0E 47 77 56 00 0F 06 3C ...
  PARSED: 10
[14:35:22.231] TICK #29012  avail=45  bytes=760464  ON=1  ps=0  pi=5
  RAW[45]: 56 00 02 21 41 56 00 02 1D 30 56 00 FF D3 64 56 00 F9 F6 6E 56 00 F7 C7 F0 56 00 FA 28 BB 56 00 FC B4 9E 56 00 FB 6C E6 ...
  PARSED: 9
[14:35:22.279] TICK #29013  avail=40  bytes=760509  ON=1  ps=0  pi=5
  RAW[40]: 56 00 01 5E 9A 56 00 FE F2 05 56 00 F3 0E 7B 56 00 EB F1 47 56 00 EF E7 CA 56 00 F0 4F 94 56 00 E5 64 84 56 00 E1 33 6C 
  PARSED: 8
[14:35:22.309] TICK #29014  avail=45  bytes=760549  ON=1  ps=0  pi=5
  RAW[45]: 56 00 E3 E9 43 56 00 E8 E1 F0 56 00 E4 71 7D 56 00 F0 3A A7 56 00 00 AA 4D 56 00 0B C7 A3 56 00 0D EC 8F 56 00 14 6E 56 ...
  PARSED: 9
[14:35:22.341] TICK #29015  avail=45  bytes=760594  ON=1  ps=0  pi=5
  RAW[45]: 56 00 17 BB 8A 56 00 16 3C EA 56 00 19 BC 70 56 00 17 4D B4 56 00 0F 7F 9A 56 00 FD DF 4A 56 00 E8 85 5F 56 00 E8 0A 7A ...
  PARSED: 9
[14:35:22.406] TICK #29017  avail=50  bytes=760639  ON=1  ps=0  pi=5
  RAW[50]: 56 00 DD 7F 35 56 00 DE 6F 2C 56 00 EA 36 7E 56 00 F3 5C E1 56 00 F6 D4 5C 56 00 08 38 DC 56 00 0E 45 3E 56 00 14 45 E5 ...
  PARSED: 10
[14:35:22.438] TICK #29018  avail=35  bytes=760689  ON=1  ps=0  pi=5
  RAW[35]: 56 00 19 93 91 56 00 16 2C F3 56 00 0C C7 94 56 00 02 19 88 56 00 F5 D5 6B 56 00 E7 30 02 56 00 D9 37 47 
  PARSED: 7
[14:35:22.470] TICK #29019  avail=45  bytes=760724  ON=1  ps=0  pi=5
  RAW[45]: 56 00 D4 8A 10 56 00 DB BC 46 56 00 DB 3C BD 56 00 DD CF 54 56 00 E6 C3 DC 56 00 F8 5B 85 56 00 04 95 7D 56 00 0B 18 B9 ...
  PARSED: 9
[14:35:22.540] TICK #29021  avail=45  bytes=760769  ON=1  ps=0  pi=5
  RAW[45]: 56 00 16 3B 71 56 00 16 DC E6 56 00 13 1E E6 56 00 11 75 48 56 00 0B DF AE 56 00 07 20 B7 56 00 00 B9 4B 56 00 FC 4C 07 ...
  PARSED: 9
[14:35:22.587] TICK #29022  avail=40  bytes=760814  ON=1  ps=0  pi=5
  RAW[40]: 56 00 F2 A8 68 56 00 EE 22 7E 56 00 F0 AF D5 56 00 FB 16 5B 56 00 FD 37 62 56 00 FC A9 10 56 00 01 7E 87 56 00 08 2E AD 
  PARSED: 8
[14:35:22.617] TICK #29023  avail=45  bytes=760854  ON=1  ps=0  pi=5
  RAW[45]: 56 00 04 2D F9 56 00 FF 7C A5 56 00 FE 9D EF 56 00 FF F3 80 56 00 FE 19 5D 56 00 FC D6 88 56 00 02 0B 29 56 00 06 51 8A ...
  PARSED: 9
[14:35:22.649] TICK #29024  avail=50  bytes=760899  ON=1  ps=0  pi=5
  RAW[50]: 56 00 0C A0 FD 56 00 13 2F 50 56 00 15 72 49 56 00 14 80 89 56 00 0D E8 67 56 00 08 88 7B 56 00 03 29 CD 56 00 F8 11 FE ...
  PARSED: 10
[14:35:22.715] TICK #29026  avail=45  bytes=760949  ON=1  ps=0  pi=5
  RAW[45]: 56 00 00 AC 38 56 00 04 D7 40 56 00 08 77 28 56 00 0D D6 25 56 00 0F 14 CD 56 00 0E DF 11 56 00 0D 7E 72 56 00 0D CB 31 ...
  PARSED: 9
[14:35:22.746] TICK #29027  avail=35  bytes=760994  ON=1  ps=0  pi=5
  RAW[35]: 56 00 09 9D 5B 56 00 07 44 44 56 00 09 CF 27 56 00 0C 9A AA 56 00 0F FD 5A 56 00 0F 10 47 56 00 0E 3D B1 
  PARSED: 7
[14:35:22.776] TICK #29028  avail=45  bytes=761029  ON=1  ps=0  pi=5
  RAW[45]: 56 00 09 8C B5 56 00 FC FF 11 56 00 F1 16 F6 56 00 ED 88 2D 56 00 F2 AB 92 56 00 EC DF 17 56 00 EA A9 A0 56 00 F2 42 D9 ...
  PARSED: 9
[14:35:22.843] TICK #29030  avail=45  bytes=761074  ON=1  ps=0  pi=5
  RAW[45]: 56 00 00 8A 45 56 00 04 3D 84 56 00 07 89 26 56 00 06 2E 1E 56 00 00 FE A2 56 00 F7 D3 18 56 00 F1 23 96 56 00 F2 86 2C ...
  PARSED: 9
[14:35:22.890] TICK #29031  avail=35  bytes=761119  ON=1  ps=0  pi=5
  RAW[35]: 56 00 EF F1 85 56 00 FB 65 B5 56 00 08 E2 71 56 00 0B F6 32 56 00 14 09 F7 56 00 1D 7A A4 56 00 23 B9 3E 
  PARSED: 7
[14:35:22.922] TICK #29032  avail=50  bytes=761154  ON=1  ps=0  pi=5
  RAW[50]: 56 00 23 5D 19 56 00 1C C7 04 56 00 13 A7 40 56 00 04 E3 25 56 00 EE 25 82 56 00 E1 8E A7 56 00 E1 78 74 56 00 E8 FA 8C ...
  PARSED: 10
[14:35:22.954] TICK #29033  avail=45  bytes=761204  ON=1  ps=0  pi=5
  RAW[45]: 56 00 0E 35 F5 56 00 1B 66 5B 56 00 2E A2 84 56 00 38 AA 25 56 00 39 06 F3 56 00 33 05 AF 56 00 0C 02 41 56 00 DD 7B 9B ...
  PARSED: 9
[14:35:23.014] TICK #29035  avail=45  bytes=761249  ON=1  ps=0  pi=5
  RAW[45]: 56 00 CE 62 1D 56 00 CB 83 6B 56 00 CB 36 67 56 00 D4 DD E0 56 00 00 20 8F 56 00 1A BF 84 56 00 31 67 E6 56 00 36 FA 0F ...
  PARSED: 9
[14:35:23.045] TICK #29036  avail=45  bytes=761294  ON=1  ps=0  pi=5
  RAW[45]: 56 00 2D 77 3D 56 00 18 84 B7 56 00 08 68 AB 56 00 F9 26 3B 56 00 EC 36 4A 56 00 E7 9E 70 56 00 EF AC E9 56 00 02 0F 23 ...
  PARSED: 9
[14:35:23.115] TICK #29038  avail=49  bytes=761339  ON=1  ps=0  pi=5
  RAW[49]: 56 00 0F E3 11 56 00 12 C0 2C 56 00 13 54 6D 56 00 0F 21 C9 56 00 06 97 03 56 00 FF FF 42 56 00 F8 79 68 56 00 EC 6C B5 ...
  PARSED: 9
[14:35:23.146] TICK #29039  avail=36  bytes=761388  ON=1  ps=1  pi=4
  RAW[36]: F9 56 00 F3 2F 7D 56 00 F2 4B E3 56 00 FD 7B C8 56 00 0E 4C D6 56 00 1A 2B 64 56 00 1F 42 03 56 00 24 3C AF 
  PARSED: 8
[14:35:23.177] TICK #29040  avail=50  bytes=761424  ON=1  ps=0  pi=5
  RAW[50]: 56 00 28 EE 7F 56 00 2D 1A 06 56 00 2F 86 42 56 00 33 B7 6E 56 00 34 F9 62 56 00 36 17 B4 56 00 31 24 D1 56 00 24 F9 47 ...
  PARSED: 10
[14:35:23.248] TICK #29042  avail=45  bytes=761474  ON=1  ps=0  pi=5
  RAW[45]: 56 00 E2 40 1F 56 00 D0 BF 43 56 00 CD A1 28 56 00 D1 F6 49 56 00 C3 50 58 56 00 F1 11 AC 56 00 31 1A D6 56 00 3A E3 EF ...
  PARSED: 9
[14:35:23.294] TICK #29043  avail=40  bytes=761519  ON=1  ps=0  pi=5
  RAW[40]: 56 00 CE D5 11 56 00 C7 86 A6 56 00 C5 58 06 56 00 CF 90 D1 56 00 FB 00 C3 56 00 23 D6 57 56 00 35 2F E8 56 00 36 33 2B 
  PARSED: 8
[14:35:23.325] TICK #29044  avail=45  bytes=761559  ON=1  ps=0  pi=5
  RAW[45]: 56 00 37 88 AE 56 00 38 83 C3 56 00 38 9A 8C 56 00 16 E0 BA 56 00 F8 BE BA 56 00 F0 36 83 56 00 EA 82 EF 56 00 E1 0F FE ...
  PARSED: 9
[14:35:23.357] TICK #29045  avail=45  bytes=761604  ON=1  ps=0  pi=5
  RAW[45]: 56 00 E5 EA 06 56 00 EE 08 CA 56 00 ED 05 51 56 00 F9 58 E3 56 00 04 E3 27 56 00 0F 64 27 56 00 16 30 DA 56 00 1E FB EB ...
  PARSED: 9
[14:35:23.422] TICK #29047  avail=50  bytes=761649  ON=1  ps=0  pi=5
  RAW[50]: 56 00 1B A5 03 56 00 0F 71 CA 56 00 04 04 BE 56 00 FB AB 60 56 00 F4 AA 78 56 00 ED B4 D5 56 00 EC 30 77 56 00 F4 2B 2D ...
  PARSED: 10
[14:35:23.453] TICK #29048  avail=30  bytes=761699  ON=1  ps=0  pi=5
  RAW[30]: 56 00 04 1C FD 56 00 08 55 CA 56 00 0B 78 06 56 00 08 12 A0 56 00 09 97 C3 56 00 08 36 94 
  PARSED: 6
[14:35:23.484] TICK #29049  avail=49  bytes=761729  ON=1  ps=0  pi=5
  RAW[49]: 56 00 06 2E AD 56 00 FD E5 DE 56 00 F8 25 93 56 00 F5 D1 2B 56 00 F2 6D 1C 56 00 F0 56 F6 56 00 F5 95 41 56 00 FE AC 9F ...
  PARSED: 9
[14:35:23.515] TICK #29050  avail=0  bytes=761778  ON=1  ps=1  pi=4
[14:35:23.556] TICK #29051  avail=46  bytes=761778  ON=1  ps=1  pi=4
  RAW[46]: D4 56 00 0F 1E 77 56 00 11 53 C6 56 00 12 50 66 56 00 0E 75 82 56 00 0E 38 45 56 00 0A D0 BE 56 00 07 85 B6 56 00 01 BC ...
  PARSED: 10
[14:35:23.603] TICK #29052  avail=40  bytes=761824  ON=1  ps=0  pi=5
  RAW[40]: 56 00 00 7A 18 56 00 FF 61 C2 56 00 FC 56 6C 56 00 FD AF 96 56 00 00 00 9A 56 00 00 70 E3 56 00 FE 79 0E 56 00 00 43 A9 
  PARSED: 8
[14:35:23.633] TICK #29053  avail=45  bytes=761864  ON=1  ps=0  pi=5
  RAW[45]: 56 00 01 AC 9E 56 00 00 16 EB 56 00 FE 30 D8 56 00 FF 32 DE 56 00 02 49 A6 56 00 00 5D A7 56 00 FE 1D B8 56 00 FF 83 4F ...
  PARSED: 9
[14:35:23.665] TICK #29054  avail=45  bytes=761909  ON=1  ps=0  pi=5
  RAW[45]: 56 00 00 9E F9 56 00 00 14 A8 56 00 03 01 CF 56 00 04 78 BB 56 00 03 56 FC 56 00 01 17 84 56 00 03 E9 59 56 00 06 4E B9 ...
  PARSED: 9
[14:35:23.731] TICK #29056  avail=50  bytes=761954  ON=1  ps=0  pi=5
  RAW[50]: 56 00 06 96 CA 56 00 09 F8 DF 56 00 0B B6 31 56 00 0C 5C DA 56 00 0A EF 18 56 00 0C AA B7 56 00 0C 21 AE 56 00 0A AA 4F ...
  PARSED: 10
[14:35:23.763] TICK #29057  avail=35  bytes=762004  ON=1  ps=0  pi=5
  RAW[35]: 56 00 06 CA 49 56 00 03 49 C1 56 00 00 89 17 56 00 01 99 BA 56 00 03 28 A1 56 00 02 20 5E 56 00 01 E0 B5 
  PARSED: 7
[14:35:23.794] TICK #29058  avail=45  bytes=762039  ON=1  ps=0  pi=5
  RAW[45]: 56 00 03 60 A7 56 00 02 7F 26 56 00 FF 35 F2 56 00 FD 92 8B 56 00 FF A1 ED 56 00 03 44 3B 56 00 01 1F B4 56 00 00 64 7B ...
  PARSED: 9
[14:35:23.863] TICK #29060  avail=49  bytes=762084  ON=1  ps=0  pi=5
  RAW[49]: 56 00 06 81 8F 56 00 05 91 98 56 00 05 EF 88 56 00 07 FA D7 56 00 08 E2 F0 56 00 04 CF 94 56 00 01 AC C8 56 00 03 A3 39 ...
  PARSED: 9
[14:35:23.910] TICK #29061  avail=36  bytes=762133  ON=1  ps=1  pi=4
  RAW[36]: 6F 56 00 04 3F DC 56 00 05 54 5E 56 00 04 8D E4 56 00 00 BA A2 56 00 FE 6A 34 56 00 00 2C C0 56 00 04 0F 65 
  PARSED: 8
[14:35:23.941] TICK #29062  avail=47  bytes=762169  ON=1  ps=0  pi=5
  RAW[47]: 56 00 02 D6 78 56 00 05 39 4A 56 00 08 D1 A4 56 00 0D 37 55 56 00 0D 59 40 56 00 0F 82 EC 56 00 10 E6 CC 56 00 12 00 F8 ...
  PARSED: 9
[14:35:23.972] TICK #29063  avail=48  bytes=762216  ON=1  ps=1  pi=2
  RAW[48]: 0E 29 FC 56 00 0C CE 61 56 00 09 3D FF 56 00 01 03 08 56 00 F9 7D B4 56 00 F8 D1 42 56 00 F6 45 DD 56 00 ED AD C8 56 00 ...
  PARSED: 10
[14:35:24.039] TICK #29065  avail=45  bytes=762264  ON=1  ps=0  pi=5
  RAW[45]: 56 00 F0 6B 38 56 00 EA 60 26 56 00 EA D3 90 56 00 F3 D8 07 56 00 FD 87 CE 56 00 FD 8C E0 56 00 02 0D A7 56 00 05 88 83 ...
  PARSED: 9
[14:35:24.070] TICK #29066  avail=35  bytes=762309  ON=1  ps=0  pi=5
  RAW[35]: 56 00 09 60 22 56 00 0E F2 13 56 00 13 45 F9 56 00 16 62 C2 56 00 14 FF 61 56 00 15 AC E4 56 00 14 B7 01 
  PARSED: 7
[14:35:24.101] TICK #29067  avail=45  bytes=762344  ON=1  ps=0  pi=5
  RAW[45]: 56 00 11 48 7C 56 00 0A 2E 49 56 00 05 8E 50 56 00 03 56 E9 56 00 FF 4B A6 56 00 F9 F5 B9 56 00 FA 65 D2 56 00 FF 98 CC ...
  PARSED: 9
[14:35:24.173] TICK #29069  avail=50  bytes=762389  ON=1  ps=0  pi=5
  RAW[50]: 56 00 00 55 0F 56 00 FF CF A7 56 00 01 25 17 56 00 FF 70 38 56 00 FC 34 8B 56 00 FB 43 BC 56 00 FE D3 10 56 00 FE CD BD ...
  PARSED: 10
[14:35:24.220] TICK #29070  avail=40  bytes=762439  ON=1  ps=0  pi=5
  RAW[40]: 56 00 04 7B E5 56 00 06 DE DA 56 00 06 AB 9E 56 00 0B 04 65 56 00 0C A9 0D 56 00 0D 1E 3B 56 00 0A 32 C8 56 00 0A EA 6C 
  PARSED: 8
[14:35:24.251] TICK #29071  avail=45  bytes=762479  ON=1  ps=0  pi=5
  RAW[45]: 56 00 0A BD 78 56 00 07 F1 CC 56 00 03 2A 58 56 00 FF 71 7F 56 00 FF 50 D1 56 00 FB 72 67 56 00 F8 F7 22 56 00 FB 34 E9 ...
  PARSED: 9
[14:35:24.283] TICK #29072  avail=45  bytes=762524  ON=1  ps=0  pi=5
  RAW[45]: 56 00 02 6A 13 56 00 02 07 CB 56 00 05 9D CC 56 00 09 8E DB 56 00 0A 45 ED 56 00 07 9E 56 56 00 09 6D 1D 56 00 09 A1 36 ...
  PARSED: 9
[14:35:24.347] TICK #29074  avail=50  bytes=762569  ON=1  ps=0  pi=5
  RAW[50]: 56 00 05 2E A7 56 00 07 79 F8 56 00 08 0E C8 56 00 07 47 97 56 00 04 DE 2F 56 00 05 E1 18 56 00 05 F0 53 56 00 01 73 4C ...
  PARSED: 10
[14:35:24.395] TICK #29075  avail=49  bytes=762619  ON=1  ps=0  pi=5
  RAW[49]: 56 00 00 08 82 56 00 FC E1 89 56 00 FB A7 9C 56 00 FF D2 0D 56 00 06 B1 B8 56 00 07 E3 01 56 00 08 01 D3 56 00 0C 64 59 ...
  PARSED: 9
[14:35:24.426] TICK #29076  avail=46  bytes=762668  ON=1  ps=1  pi=4
  RAW[46]: 09 56 00 09 F4 3D 56 00 0A 3F 05 56 00 09 22 0C 56 00 06 EB 83 56 00 03 68 DE 56 00 04 1D EC 56 00 04 34 89 56 00 00 C2 ...
  PARSED: 10
[14:35:24.488] TICK #29078  avail=45  bytes=762714  ON=1  ps=0  pi=5
  RAW[45]: 56 00 FF 52 25 56 00 03 7C EB 56 00 00 4F 34 56 00 FE BA 9F 56 00 00 D7 92 56 00 04 5F A4 56 00 FF 80 A7 56 00 FD 2C A1 ...
  PARSED: 9
[14:35:24.520] TICK #29079  avail=50  bytes=762759  ON=1  ps=0  pi=5
  RAW[50]: 56 00 04 00 C4 56 00 02 19 CA 56 00 03 22 48 56 00 08 0B 61 56 00 0B 4C 82 56 00 0B 02 F7 56 00 0C 83 12 56 00 0F 11 D2 ...
  PARSED: 10
[14:35:24.590] TICK #29081  avail=45  bytes=762809  ON=1  ps=0  pi=5
  RAW[45]: 56 00 09 5F BF 56 00 08 96 FD 56 00 03 5B 80 56 00 FA 13 81 56 00 F2 12 11 56 00 F2 A0 DA 56 00 F7 1E 98 56 00 F2 3B 88 ...
  PARSED: 9
[14:35:24.636] TICK #29082  avail=40  bytes=762854  ON=1  ps=0  pi=5
  RAW[40]: 56 00 FF C0 F4 56 00 08 F9 1E 56 00 09 BE 51 56 00 0F FB B6 56 00 12 91 A4 56 00 14 2B A6 56 00 10 A6 C1 56 00 0F 32 9B 
  PARSED: 8
[14:35:24.667] TICK #29083  avail=45  bytes=762894  ON=1  ps=0  pi=5
  RAW[45]: 56 00 0C B6 33 56 00 08 D1 35 56 00 03 34 06 56 00 FC B1 4B 56 00 FD 0C AD 56 00 FA D7 39 56 00 F3 B2 83 56 00 F2 A4 FA ...
  PARSED: 9
[14:35:24.698] TICK #29084  avail=45  bytes=762939  ON=1  ps=0  pi=5
  RAW[45]: 56 00 FC 6D 03 56 00 F7 BA 8E 56 00 FB 4E FD 56 00 01 87 6E 56 00 07 7D 74 56 00 05 CE 7F 56 00 08 4D 01 56 00 09 F2 AF ...
  PARSED: 9
[14:35:24.765] TICK #29086  avail=45  bytes=762984  ON=1  ps=0  pi=5
  RAW[45]: 56 00 06 9D 06 56 00 07 54 3A 56 00 08 F4 DB 56 00 09 77 60 56 00 07 14 88 56 00 06 6C 00 56 00 08 45 E3 56 00 06 C0 DB ...
  PARSED: 9
[14:35:24.796] TICK #29087  avail=38  bytes=763029  ON=1  ps=0  pi=5
  RAW[38]: 56 00 01 52 B1 56 00 05 6E 2C 56 00 07 4D 58 56 00 03 FD 49 56 00 04 0C 5B 56 00 05 F0 B3 56 00 04 96 8C 56 00 FF 
  PARSED: 7
[14:35:24.828] TICK #29088  avail=47  bytes=763067  ON=1  ps=1  pi=3
  RAW[47]: A4 3C 56 00 FE 7C 69 56 00 00 38 73 56 00 FF 47 12 56 00 FA FE EF 56 00 FC E8 54 56 00 01 D5 7F 56 00 05 AF B0 56 00 05 ...
  PARSED: 10
[14:35:24.891] TICK #29090  avail=45  bytes=763114  ON=1  ps=0  pi=5
  RAW[45]: 56 00 0D D5 6F 56 00 0D DC 66 56 00 0A 14 C5 56 00 08 A1 BC 56 00 09 5B 14 56 00 03 E3 E9 56 00 FD FC F8 56 00 FB 22 D6 ...
  PARSED: 9
[14:35:24.922] TICK #29091  avail=45  bytes=763159  ON=1  ps=0  pi=5
  RAW[45]: 56 00 FB BD 36 56 00 F8 D8 1F 56 00 FD 1C 6C 56 00 03 05 CF 56 00 05 C2 59 56 00 05 71 DF 56 00 08 CF DD 56 00 0A 7D F3 ...
  PARSED: 9
[14:35:24.997] TICK #29093  avail=50  bytes=763204  ON=1  ps=0  pi=5
  RAW[50]: 56 00 07 A2 1B 56 00 08 35 0F 56 00 08 8D 3B 56 00 05 9D 04 56 00 01 54 BB 56 00 FF E4 89 56 00 03 9C CA 56 00 02 17 E8 ...
  PARSED: 10
[14:35:25.029] TICK #29094  avail=45  bytes=763254  ON=1  ps=0  pi=5
  RAW[45]: 56 00 07 9E B7 56 00 08 D1 75 56 00 05 3D 24 56 00 06 6F D0 56 00 07 6F F3 56 00 04 6F DB 56 00 FF 35 20 56 00 FE 84 B2 ...
  PARSED: 9
[14:35:25.060] TICK #29095  avail=45  bytes=763299  ON=1  ps=0  pi=5
  RAW[45]: 56 00 FD 9B CA 56 00 FC 88 70 56 00 01 2C AA 56 00 07 D0 29 56 00 0A F6 7B 56 00 0B 5D EB 56 00 0E 7C E1 56 00 0F F4 9A ...
  PARSED: 9
[14:35:25.124] TICK #29097  avail=50  bytes=763344  ON=1  ps=0  pi=5
  RAW[50]: 56 00 0B 8E E2 56 00 0B 4C 69 56 00 0B A6 59 56 00 07 68 EE 56 00 02 5C 4D 56 00 00 F8 F1 56 00 02 11 0A 56 00 FE 73 82 ...
  PARSED: 10
[14:35:25.155] TICK #29098  avail=45  bytes=763394  ON=1  ps=0  pi=5
  RAW[45]: 56 00 FE F0 BF 56 00 FD 49 12 56 00 FB 45 71 56 00 FF C3 C5 56 00 06 3D 03 56 00 09 96 0D 56 00 0B 89 F9 56 00 10 E7 BD ...
  PARSED: 9
[14:35:25.222] TICK #29100  avail=45  bytes=763439  ON=1  ps=0  pi=5
  RAW[45]: 56 00 13 01 94 56 00 0E B1 8D 56 00 0C B2 D7 56 00 09 E6 25 56 00 02 3F D8 56 00 FA D1 1A 56 00 F8 69 00 56 00 FB D2 00 ...
  PARSED: 9
[14:35:25.269] TICK #29101  avail=35  bytes=763484  ON=1  ps=0  pi=5
  RAW[35]: 56 00 F7 B1 4C 56 00 FC 6D FC 56 00 02 0A 8D 56 00 02 60 6E 56 00 02 DD 4F 56 00 06 55 2D 56 00 09 93 0D 
  PARSED: 7
[14:35:25.300] TICK #29102  avail=50  bytes=763519  ON=1  ps=0  pi=5
  RAW[50]: 56 00 09 60 AB 56 00 08 A2 24 56 00 0B D3 54 56 00 0E 7C BB 56 00 0D 05 26 56 00 0C 3F 22 56 00 0E 96 92 56 00 0F 57 3C ...
  PARSED: 10
[14:35:25.331] TICK #29103  avail=45  bytes=763569  ON=1  ps=0  pi=5
  RAW[45]: 56 00 06 E1 B4 56 00 04 8B E8 56 00 FD 15 DC 56 00 F4 97 DF 56 00 F4 54 CF 56 00 F6 91 F9 56 00 F2 13 43 56 00 F3 BF A1 ...
  PARSED: 9
[14:35:25.406] TICK #29105  avail=45  bytes=763614  ON=1  ps=0  pi=5
  RAW[45]: 56 00 03 39 9A 56 00 04 D9 C5 56 00 09 58 93 56 00 0E B8 77 56 00 13 5D CD 56 00 12 03 86 56 00 11 B2 5C 56 00 11 2E B2 ...
  PARSED: 9
[14:35:25.453] TICK #29106  avail=45  bytes=763659  ON=1  ps=0  pi=5
  RAW[45]: 56 00 07 84 7D 56 00 01 93 A3 56 00 00 2C 22 56 00 FF BA 6D 56 00 F9 01 CA 56 00 F7 47 CB 56 00 FA A4 6A 56 00 FE 8C CD ...
  PARSED: 9
[14:35:25.486] TICK #29107  avail=50  bytes=763704  ON=1  ps=0  pi=5
  RAW[50]: 56 00 FF 20 28 56 00 04 B6 CB 56 00 0A 60 04 56 00 0A 04 61 56 00 0B CF A1 56 00 0E 3F 04 56 00 0E F3 52 56 00 0A CE 57 ...
  PARSED: 10
[14:35:25.516] TICK #29108  avail=45  bytes=763754  ON=1  ps=0  pi=5
  RAW[45]: 56 00 0C 80 26 56 00 09 3E CF 56 00 06 AE 12 56 00 07 E2 5C 56 00 06 38 B3 56 00 00 9B 5E 56 00 FC 3E 9D 56 00 FC DE 4F ...
  PARSED: 9
[14:35:25.588] TICK #29110  avail=47  bytes=763799  ON=1  ps=0  pi=5
  RAW[47]: 56 00 F6 7D D7 56 00 F4 41 09 56 00 F8 45 35 56 00 FC 14 18 56 00 F8 80 3E 56 00 FA AB 30 56 00 03 54 7E 56 00 0C 50 2C ...
  PARSED: 9
[14:35:25.620] TICK #29111  avail=38  bytes=763846  ON=1  ps=1  pi=2
  RAW[38]: 16 79 F5 56 00 1A AE C0 56 00 1E BA CA 56 00 20 38 5C 56 00 26 D9 C4 56 00 2E EB 22 56 00 35 48 D6 56 00 32 94 58 
  PARSED: 8
[14:35:25.651] TICK #29112  avail=50  bytes=763884  ON=1  ps=0  pi=5
  RAW[50]: 56 00 31 2E 04 56 00 2A 3C 64 56 00 16 8E BF 56 00 FD 42 35 56 00 DD 47 32 56 00 D2 55 F7 56 00 CB C0 49 56 00 C9 3F 2E ...
  PARSED: 10
[14:35:25.722] TICK #29114  avail=45  bytes=763934  ON=1  ps=0  pi=5
  RAW[45]: 56 00 23 3A 4F 56 00 43 EC A1 56 00 41 3D 9A 56 00 02 D6 0D 56 00 CA 66 71 56 00 CF 12 DB 56 00 C8 B5 3A 56 00 CA CD 70 ...
  PARSED: 9
[14:35:25.769] TICK #29115  avail=40  bytes=763979  ON=1  ps=0  pi=5
  RAW[40]: 56 00 F9 00 42 56 00 24 CE D4 56 00 31 5D E9 56 00 2F E9 E0 56 00 30 40 12 56 00 31 1B A7 56 00 32 15 DE 56 00 35 7D 76 
  PARSED: 8
[14:35:25.801] TICK #29116  avail=49  bytes=764019  ON=1  ps=0  pi=5
  RAW[49]: 56 00 21 78 CD 56 00 F3 46 FD 56 00 DF 6E CA 56 00 D3 C6 4C 56 00 D4 19 CD 56 00 D2 9A BC 56 00 D8 11 6B 56 00 DA 9F 6F ...
  PARSED: 9
[14:35:25.832] TICK #29117  avail=46  bytes=764068  ON=1  ps=1  pi=4
  RAW[46]: 42 56 00 02 28 E4 56 00 13 4D 78 56 00 1C 07 43 56 00 29 07 DA 56 00 2D F9 92 56 00 2E 3C 4E 56 00 29 E3 B3 56 00 25 6B ...
  PARSED: 10
[14:35:25.906] TICK #29119  avail=45  bytes=764114  ON=1  ps=0  pi=5
  RAW[45]: 56 00 14 A4 E4 56 00 09 55 34 56 00 FD DA 6D 56 00 F7 93 62 56 00 F0 2A 7F 56 00 E6 77 16 56 00 E4 68 6B 56 00 EC 8A 0D ...
  PARSED: 9
[14:35:25.937] TICK #29120  avail=43  bytes=764159  ON=1  ps=0  pi=5
  RAW[43]: 56 00 EC D8 C6 56 00 F6 DC DE 56 00 03 ED 1A 56 00 09 7C 94 56 00 0A 07 D0 56 00 0E 15 C4 56 00 0F 52 34 56 00 0F 80 C1 ...
  PARSED: 8
[14:35:25.970] TICK #29121  avail=47  bytes=764202  ON=1  ps=1  pi=3
  RAW[47]: AF B8 56 00 0B A9 17 56 00 07 F9 86 56 00 02 10 34 56 00 FA 2D C7 56 00 F4 D1 07 56 00 F8 9B 1C 56 00 F6 6A F8 56 00 F5 ...
  PARSED: 10
[14:35:26.032] TICK #29123  avail=45  bytes=764249  ON=1  ps=0  pi=5
  RAW[45]: 56 00 09 1F 08 56 00 0F 52 69 56 00 12 49 47 56 00 16 0D E4 56 00 14 75 03 56 00 0E E9 B1 56 00 05 7A D9 56 00 00 6F 95 ...
  PARSED: 9
[14:35:26.063] TICK #29124  avail=50  bytes=764294  ON=1  ps=0  pi=5
  RAW[50]: 56 00 F8 47 F0 56 00 F5 7D CE 56 00 FA 76 2F 56 00 01 36 F3 56 00 05 B8 2D 56 00 09 93 91 56 00 0F 34 2C 56 00 11 8C F4 ...
  PARSED: 10
[14:35:26.139] TICK #29126  avail=45  bytes=764344  ON=1  ps=0  pi=5
  RAW[45]: 56 00 0C A3 20 56 00 0A DD B6 56 00 04 00 DC 56 00 FC 2E 5C 56 00 F7 AB 11 56 00 F9 F9 2E 56 00 F3 07 65 56 00 ED 82 B3 ...
  PARSED: 9
[14:35:26.185] TICK #29127  avail=44  bytes=764389  ON=1  ps=0  pi=5
  RAW[44]: 56 00 F6 73 8D 56 00 F4 4E CD 56 00 F7 2C 49 56 00 FE 00 CE 56 00 04 5C 93 56 00 07 11 DE 56 00 0A 02 70 56 00 0F 56 7E ...
  PARSED: 8
[14:35:26.218] TICK #29128  avail=46  bytes=764433  ON=1  ps=1  pi=4
  RAW[46]: FD 56 00 11 F8 A8 56 00 10 B6 7F 56 00 11 CE 81 56 00 0F 0F 64 56 00 09 F8 91 56 00 04 26 DC 56 00 03 CF C4 56 00 04 C4 ...
  PARSED: 10
[14:35:26.250] TICK #29129  avail=50  bytes=764479  ON=1  ps=0  pi=5
  RAW[50]: 56 00 FE 37 6B 56 00 00 77 6B 56 00 04 20 A6 56 00 02 7F 2C 56 00 03 42 95 56 00 06 B9 38 56 00 08 86 E0 56 00 07 DD E7 ...
  PARSED: 10
[14:35:26.323] TICK #29131  avail=45  bytes=764529  ON=1  ps=0  pi=5
  RAW[45]: 56 00 0E 58 02 56 00 0E FA 4F 56 00 0F F0 5F 56 00 12 FA 4A 56 00 13 68 6C 56 00 10 DF 8B 56 00 0A 53 C7 56 00 06 3C AD ...
  PARSED: 9
[14:35:26.354] TICK #29132  avail=40  bytes=764574  ON=1  ps=0  pi=5
  RAW[40]: 56 00 F3 BF C3 56 00 EA 2E B4 56 00 E9 E7 D0 56 00 EE 40 F7 56 00 E8 7E 05 56 00 EB 11 44 56 00 F4 A3 8D 56 00 FE 8B 7D 
  PARSED: 8
[14:35:26.385] TICK #29133  avail=50  bytes=764614  ON=1  ps=0  pi=5
  RAW[50]: 56 00 FF AC 0C 56 00 04 F3 44 56 00 0A 7E B9 56 00 0F 32 B1 56 00 0E E4 CF 56 00 10 1C 94 56 00 10 B8 63 56 00 10 00 C2 ...
  PARSED: 10
[14:35:26.456] TICK #29135  avail=45  bytes=764664  ON=1  ps=0  pi=5
  RAW[45]: 56 00 05 6A BE 56 00 03 92 04 56 00 FD 65 C1 56 00 FB 44 AA 56 00 FE 81 7F 56 00 02 A6 C2 56 00 00 05 0F 56 00 02 6A 98 ...
  PARSED: 9
[14:35:26.504] TICK #29136  avail=40  bytes=764709  ON=1  ps=0  pi=5
  RAW[40]: 56 00 06 F8 73 56 00 03 CB 55 56 00 02 C3 10 56 00 04 D3 AD 56 00 05 B6 A8 56 00 02 24 BB 56 00 00 BD 3E 56 00 03 E6 BD 
  PARSED: 8
[14:35:26.536] TICK #29137  avail=48  bytes=764749  ON=1  ps=0  pi=5
  RAW[48]: 56 00 06 54 9F 56 00 03 13 6A 56 00 04 72 13 56 00 08 24 0B 56 00 09 DD 3F 56 00 06 C4 15 56 00 07 2A FF 56 00 09 3B CE ...
  PARSED: 9
[14:35:26.566] TICK #29138  avail=47  bytes=764797  ON=1  ps=1  pi=3
  RAW[47]: 69 1D 56 00 03 5D 07 56 00 05 3D FA 56 00 05 94 F0 56 00 03 0E B9 56 00 04 3F 86 56 00 06 E3 C0 56 00 08 9F F4 56 00 07 ...
  PARSED: 10
[14:35:26.639] TICK #29140  avail=45  bytes=764844  ON=1  ps=0  pi=5
  RAW[45]: 56 00 0C 18 A8 56 00 0C AE 67 56 00 09 91 A4 56 00 08 6D F8 56 00 08 E7 4C 56 00 06 7F F8 56 00 02 49 65 56 00 00 FB 4F ...
  PARSED: 9
[14:35:26.687] TICK #29141  avail=40  bytes=764889  ON=1  ps=0  pi=5
  RAW[40]: 56 00 03 D7 AD 56 00 01 4B 49 56 00 03 65 E0 56 00 06 E2 E2 56 00 08 76 A3 56 00 06 06 D8 56 00 07 0E 53 56 00 07 97 A0 
  PARSED: 8
[14:35:26.719] TICK #29142  avail=50  bytes=764929  ON=1  ps=0  pi=5
  RAW[50]: 56 00 05 DA 3D 56 00 01 69 12 56 00 00 73 95 56 00 03 9F 8E 56 00 02 73 7B 56 00 FF 14 59 56 00 00 07 EC 56 00 04 A5 7A ...
  PARSED: 10
[14:35:26.751] TICK #29143  avail=45  bytes=764979  ON=1  ps=0  pi=5
  RAW[45]: 56 00 03 4A DC 56 00 06 A4 C7 56 00 06 70 F6 56 00 04 43 62 56 00 05 60 D9 56 00 07 75 89 56 00 05 DB BA 56 00 02 BD C2 ...
  PARSED: 9
[14:35:26.823] TICK #29145  avail=45  bytes=765024  ON=1  ps=0  pi=5
  RAW[45]: 56 00 06 A7 8E 56 00 05 D0 0F 56 00 04 58 7A 56 00 06 96 5E 56 00 09 89 03 56 00 09 32 82 56 00 07 C9 D2 56 00 0A 67 F6 ...
  PARSED: 9
[14:35:26.854] TICK #29146  avail=45  bytes=765069  ON=1  ps=0  pi=5
  RAW[45]: 56 00 0B 57 EA 56 00 06 FC 45 56 00 05 23 03 56 00 05 21 1C 56 00 FE 52 0D 56 00 F8 9F D3 56 00 F7 99 14 56 00 FB E8 0A ...
  PARSED: 9
[14:35:26.885] TICK #29147  avail=45  bytes=765114  ON=1  ps=0  pi=5
  RAW[45]: 56 00 F5 CA C0 56 00 FB 49 F0 56 00 03 9A 22 56 00 06 36 55 56 00 08 17 77 56 00 0C 0D 23 56 00 0D F4 F1 56 00 0B D7 31 ...
  PARSED: 9
[14:35:26.956] TICK #29149  avail=50  bytes=765159  ON=1  ps=0  pi=5
  RAW[50]: 56 00 07 CA 31 56 00 07 63 75 56 00 03 C0 B9 56 00 01 4C 2A 56 00 03 24 95 56 00 06 8E 29 56 00 05 40 52 56 00 04 AE C3 ...
  PARSED: 10
[14:35:27.003] TICK #29150  avail=35  bytes=765209  ON=1  ps=0  pi=5
  RAW[35]: 56 00 05 23 42 56 00 02 0D 1D 56 00 02 F1 E2 56 00 05 5E 23 56 00 00 7C 7E 56 00 FC CF 87 56 00 FF 7D 76 
  PARSED: 7
[14:35:27.035] TICK #29151  avail=50  bytes=765244  ON=1  ps=0  pi=5
  RAW[50]: 56 00 02 F2 78 56 00 FE EE 8B 56 00 FE 5E B2 56 00 01 85 B4 56 00 06 59 5F 56 00 05 6C FC 56 00 08 62 90 56 00 0C 52 D8 ...
  PARSED: 10
[14:35:27.067] TICK #29152  avail=45  bytes=765294  ON=1  ps=0  pi=5
  RAW[45]: 56 00 0D 23 50 56 00 0E 56 AC 56 00 0D 71 24 56 00 09 21 F2 56 00 06 2F 8D 56 00 07 29 CB 56 00 07 19 E2 56 00 02 12 F7 ...
  PARSED: 9
[14:35:27.139] TICK #29154  avail=50  bytes=765339  ON=1  ps=0  pi=5
  RAW[50]: 56 00 01 0C BD 56 00 03 01 C6 56 00 FD F3 98 56 00 FC E1 14 56 00 00 98 95 56 00 03 8C 23 56 00 00 34 82 56 00 03 10 B5 ...
  PARSED: 10
[14:35:27.187] TICK #29155  avail=40  bytes=765389  ON=1  ps=0  pi=5
  RAW[40]: 56 00 09 67 62 56 00 0A EB 6A 56 00 0D 9E 9B 56 00 0E 20 71 56 00 08 50 67 56 00 04 0B 08 56 00 03 D7 F7 56 00 FF 15 5E 
  PARSED: 8
[14:35:27.222] TICK #29156  avail=50  bytes=765429  ON=1  ps=0  pi=5
  RAW[50]: 56 00 F5 9D 49 56 00 F1 C8 9A 56 00 F6 87 5F 56 00 FA 78 18 56 00 F7 A5 A6 56 00 FC EB C5 56 00 04 C0 1B 56 00 0B F5 45 ...
  PARSED: 10
[14:35:27.253] TICK #29157  avail=45  bytes=765479  ON=1  ps=0  pi=5
  RAW[45]: 56 00 10 6E 0C 56 00 0F E1 DF 56 00 0B 99 9D 56 00 08 C7 72 56 00 08 C6 FC 56 00 06 69 53 56 00 02 35 67 56 00 00 21 E2 ...
  PARSED: 9
[14:35:27.322] TICK #29159  avail=48  bytes=765524  ON=1  ps=0  pi=5
  RAW[48]: 56 00 03 82 AD 56 00 00 AC 90 56 00 02 7A 46 56 00 06 41 EF 56 00 07 64 8E 56 00 04 A8 35 56 00 05 86 E3 56 00 07 8C 53 ...
  PARSED: 9
[14:35:27.354] TICK #29160  avail=37  bytes=765572  ON=1  ps=1  pi=3
  RAW[37]: 2D 80 56 00 04 99 9B 56 00 06 AE 0D 56 00 04 CC 20 56 00 00 79 93 56 00 FF 61 F6 56 00 03 26 21 56 00 02 32 36 
  PARSED: 8
[14:35:27.385] TICK #29161  avail=50  bytes=765609  ON=1  ps=0  pi=5
  RAW[50]: 56 00 00 22 F8 56 00 03 32 CC 56 00 07 F3 8D 56 00 09 08 07 56 00 07 C2 08 56 00 09 F8 26 56 00 0C 0A D3 56 00 0B 48 8A ...
  PARSED: 10
[14:35:27.447] TICK #29163  avail=45  bytes=765659  ON=1  ps=0  pi=5
  RAW[45]: 56 00 0A 01 12 56 00 08 7F 2F 56 00 05 7D 44 56 00 05 AE C4 56 00 07 7C BB 56 00 04 A2 15 56 00 00 F3 2A 56 00 01 0D 1B ...
  PARSED: 9
[14:35:27.479] TICK #29164  avail=45  bytes=765704  ON=1  ps=0  pi=5
  RAW[45]: 56 00 00 DD A3 56 00 FD 90 94 56 00 FE 65 2F 56 00 02 BB F0 56 00 00 BA B7 56 00 FE 72 B3 56 00 01 8F DF 56 00 07 63 E9 ...
  PARSED: 9
[14:35:27.546] TICK #29166  avail=49  bytes=765749  ON=1  ps=0  pi=5
  RAW[49]: 56 00 06 8C 1F 56 00 09 67 A0 56 00 0B C8 CC 56 00 0A D5 15 56 00 08 33 BF 56 00 08 4F 79 56 00 08 95 E2 56 00 04 10 4B ...
  PARSED: 9
[14:35:27.594] TICK #29167  avail=36  bytes=765798  ON=1  ps=1  pi=4
  RAW[36]: B2 56 00 01 D3 98 56 00 FC A9 57 56 00 FA AB 4A 56 00 FD 99 8E 56 00 03 56 4C 56 00 01 4A AE 56 00 01 98 51 
  PARSED: 8
[14:35:27.625] TICK #29168  avail=45  bytes=765834  ON=1  ps=0  pi=5
  RAW[45]: 56 00 05 DA BC 56 00 0A 16 23 56 00 08 17 02 56 00 06 25 D8 56 00 08 1B 91 56 00 08 B1 3C 56 00 04 EE 81 56 00 02 3A CB ...
  PARSED: 9
[14:35:27.657] TICK #29169  avail=50  bytes=765879  ON=1  ps=0  pi=5
  RAW[50]: 56 00 06 A4 DD 56 00 03 6E 27 56 00 01 F8 77 56 00 03 DB B0 56 00 06 51 5C 56 00 03 09 32 56 00 01 D0 89 56 00 04 7D E9 ...
  PARSED: 10
[14:35:27.722] TICK #29171  avail=45  bytes=765929  ON=1  ps=0  pi=5
  RAW[45]: 56 00 05 87 46 56 00 08 3D 5A 56 00 0B 25 03 56 00 08 DE 55 56 00 06 FD 7A 56 00 07 CF 3B 56 00 08 1B D0 56 00 01 68 78 ...
  PARSED: 9
[14:35:27.763] TICK #29172  avail=45  bytes=765974  ON=1  ps=0  pi=5
  RAW[45]: 56 00 FE E7 63 56 00 01 95 24 56 00 FD 78 77 56 00 FF 37 C2 56 00 04 C9 E8 56 00 0A 4F C0 56 00 08 36 4E 56 00 09 F7 3F ...
  PARSED: 9
[14:35:27.793] TICK #29173  avail=45  bytes=766019  ON=1  ps=0  pi=5
  RAW[45]: 56 00 0E E7 83 56 00 0C 45 DB 56 00 0B 8A 24 56 00 0C D8 5D 56 00 0C 32 FC 56 00 08 D5 BC 56 00 05 7D DE 56 00 07 64 16 ...
  PARSED: 9
[14:35:27.863] TICK #29175  avail=45  bytes=766064  ON=1  ps=0  pi=5
  RAW[45]: 56 00 01 01 39 56 00 FD 4B 74 56 00 00 EA 42 56 00 01 D4 34 56 00 FD D5 10 56 00 00 73 ED 56 00 05 CD 3F 56 00 0A 5A E9 ...
  PARSED: 9
[14:35:27.895] TICK #29176  avail=40  bytes=766109  ON=1  ps=0  pi=5
  RAW[40]: 56 00 0A CB 96 56 00 0C 13 C2 56 00 0C 04 8B 56 00 07 AD 45 56 00 06 BC 15 56 00 07 EE FF 56 00 06 2A C8 56 00 01 55 83 
  PARSED: 8
[14:35:27.927] TICK #29177  avail=50  bytes=766149  ON=1  ps=0  pi=5
  RAW[50]: 56 00 FE 8C CF 56 00 02 26 8F 56 00 02 F3 8E 56 00 00 34 58 56 00 02 62 76 56 00 07 77 3F 56 00 09 50 62 56 00 04 E4 D6 ...
  PARSED: 10
[14:35:27.988] TICK #29179  avail=45  bytes=766199  ON=1  ps=0  pi=5
  RAW[45]: 56 00 03 F9 0E 56 00 FE A6 ED 56 00 FA B5 D2 56 00 FC CF B9 56 00 FA BD 2B 56 00 F6 0A 08 56 00 F8 C6 F7 56 00 00 A7 54 ...
  PARSED: 9
[14:35:28.025] TICK #29180  avail=35  bytes=766244  ON=1  ps=0  pi=5
  RAW[35]: 56 00 06 20 B0 56 00 0A 6A 6A 56 00 0E F4 78 56 00 0F E3 15 56 00 0D A9 46 56 00 0F 0D C2 56 00 0F 91 75 
  PARSED: 7
[14:35:28.057] TICK #29181  avail=49  bytes=766279  ON=1  ps=0  pi=5
  RAW[49]: 56 00 0D 4A DD 56 00 08 B2 2D 56 00 06 AD 8D 56 00 07 B2 1E 56 00 05 97 A0 56 00 01 96 CA 56 00 01 44 48 56 00 04 12 05 ...
  PARSED: 9
[14:35:28.120] TICK #29183  avail=46  bytes=766328  ON=1  ps=1  pi=4
  RAW[46]: 30 56 00 FB 48 07 56 00 FE A8 A1 56 00 FB FF CA 56 00 F7 62 04 56 00 F8 47 4F 56 00 FE 90 74 56 00 FE 31 65 56 00 FB 3F ...
  PARSED: 10
[14:35:28.150] TICK #29184  avail=45  bytes=766374  ON=1  ps=0  pi=5
  RAW[45]: 56 00 08 2F 72 56 00 0C EE 0A 56 00 0D E4 A5 56 00 13 3A 80 56 00 16 BB 9B 56 00 17 24 B8 56 00 14 F6 3E 56 00 15 A7 26 ...
  PARSED: 9
[14:35:28.222] TICK #29186  avail=45  bytes=766419  ON=1  ps=0  pi=5
  RAW[45]: 56 00 0E E6 9D 56 00 07 B1 86 56 00 02 03 84 56 00 00 90 22 56 00 F9 4E 72 56 00 F1 49 23 56 00 F2 10 29 56 00 F9 78 6E ...
  PARSED: 9
[14:35:28.269] TICK #29187  avail=41  bytes=766464  ON=1  ps=0  pi=5
  RAW[41]: 56 00 F4 08 5E 56 00 F8 41 3C 56 00 00 97 D0 56 00 01 5C 69 56 00 00 18 D4 56 00 04 0D 3B 56 00 08 82 88 56 00 09 2F 49 ...
  PARSED: 8
[14:35:28.301] TICK #29188  avail=49  bytes=766505  ON=1  ps=1  pi=1
  RAW[49]: 00 07 77 93 56 00 0B 29 2A 56 00 0C CC 8F 56 00 0C 59 DA 56 00 0A 77 C0 56 00 0C CB 5C 56 00 0D D7 8A 56 00 0C EE 82 56 ...
  PARSED: 10
[14:35:28.333] TICK #29189  avail=45  bytes=766554  ON=1  ps=0  pi=5
  RAW[45]: 56 00 0B C2 E6 56 00 09 36 54 56 00 04 D7 56 56 00 03 24 BA 56 00 04 E0 29 56 00 FD 1F EC 56 00 F8 2B D2 56 00 F9 8D 35 ...
  PARSED: 9
[14:35:28.405] TICK #29191  avail=50  bytes=766599  ON=1  ps=0  pi=5
  RAW[50]: 56 00 FE C6 57 56 00 FF D5 F5 56 00 04 60 CB 56 00 08 45 03 56 00 08 12 BF 56 00 07 8D 1A 56 00 0A A0 D8 56 00 0C FE 8C ...
  PARSED: 10
[14:35:28.452] TICK #29192  avail=40  bytes=766649  ON=1  ps=0  pi=5
  RAW[40]: 56 00 09 C0 63 56 00 09 E7 AE 56 00 05 45 C9 56 00 01 7F 31 56 00 03 17 22 56 00 06 B5 21 56 00 02 A4 96 56 00 FF 3A 56 
  PARSED: 8
[14:35:28.484] TICK #29193  avail=50  bytes=766689  ON=1  ps=0  pi=5
  RAW[50]: 56 00 FF D5 F0 56 00 02 6D B7 56 00 FC 97 17 56 00 FA FE 38 56 00 FE 2C 17 56 00 02 59 37 56 00 00 20 95 56 00 00 E1 E6 ...
  PARSED: 10
[14:35:28.516] TICK #29194  avail=45  bytes=766739  ON=1  ps=0  pi=5
  RAW[45]: 56 00 09 CD 97 56 00 0A 15 87 56 00 0D 26 3D 56 00 0E DC A6 56 00 0C 8A BA 56 00 0A 1C A6 56 00 0B B8 CC 56 00 0D 40 6B ...
  PARSED: 9
[14:35:28.588] TICK #29196  avail=45  bytes=766784  ON=1  ps=0  pi=5
  RAW[45]: 56 00 04 73 ED 56 00 03 7A F2 56 00 03 70 F6 56 00 FD 0A 6A 56 00 FC 98 E5 56 00 01 29 05 56 00 08 FE F1 56 00 09 CE 3C ...
  PARSED: 9
[14:35:28.635] TICK #29197  avail=40  bytes=766829  ON=1  ps=0  pi=5
  RAW[40]: 56 00 11 04 67 56 00 12 A8 47 56 00 10 B1 A8 56 00 09 CE D4 56 00 09 28 30 56 00 04 CA FC 56 00 FA E0 2C 56 00 F2 67 0A 
  PARSED: 8
[14:35:28.666] TICK #29198  avail=50  bytes=766869  ON=1  ps=0  pi=5
  RAW[50]: 56 00 F2 28 C6 56 00 F5 30 F8 56 00 EF BE DE 56 00 F1 BC 9A 56 00 F9 C8 6B 56 00 02 46 D3 56 00 01 48 E5 56 00 03 86 CC ...
  PARSED: 10
[14:35:28.697] TICK #29199  avail=45  bytes=766919  ON=1  ps=0  pi=5
  RAW[45]: 56 00 08 BE 58 56 00 09 FA 5A 56 00 0C D2 B9 56 00 10 A3 CA 56 00 0F 9C 5E 56 00 10 18 F9 56 00 10 3C 6B 56 00 0D DE 2A ...
  PARSED: 9
[14:35:28.729] TICK #29200  avail=0  bytes=766964  ON=1  ps=0  pi=5
[14:35:28.772] TICK #29201  avail=45  bytes=766964  ON=1  ps=0  pi=5
  RAW[45]: 56 00 01 07 26 56 00 01 90 6D 56 00 03 55 7B 56 00 FE AE 02 56 00 FE B6 68 56 00 02 BE 59 56 00 05 BF A8 56 00 02 30 14 ...
  PARSED: 9
[14:35:28.819] TICK #29202  avail=45  bytes=767009  ON=1  ps=0  pi=5
  RAW[45]: 56 00 08 79 2B 56 00 0C CD D5 56 00 0B 79 4E 56 00 0A C0 D7 56 00 0B 97 C0 56 00 0A 03 18 56 00 05 1E D0 56 00 01 BF 03 ...
  PARSED: 9
[14:35:28.854] TICK #29203  avail=35  bytes=767054  ON=1  ps=0  pi=5
  RAW[35]: 56 00 09 63 CC 56 00 07 D7 44 56 00 0A 10 2E 56 00 0B FD E3 56 00 0D D5 80 56 00 10 3C 06 56 00 03 DD 07 
  PARSED: 7
[14:35:28.885] TICK #29204  avail=45  bytes=767089  ON=1  ps=0  pi=5
  RAW[45]: 56 00 F8 98 F7 56 00 F3 1A 24 56 00 ED 83 E1 56 00 F0 C4 0F 56 00 FA CD 91 56 00 03 A5 52 56 00 03 66 3F 56 00 05 41 71 ...
  PARSED: 9
[14:35:28.916] TICK #29205  avail=50  bytes=767134  ON=1  ps=0  pi=5
  RAW[50]: 56 00 08 D3 0F 56 00 04 E4 65 56 00 01 1C A2 56 00 02 CB D0 56 00 01 5F 1D 56 00 FB 9B 55 56 00 FB 46 48 56 00 FF 64 76 ...
  PARSED: 10
[14:35:28.980] TICK #29207  avail=45  bytes=767184  ON=1  ps=0  pi=5
  RAW[45]: 56 00 00 6E 57 56 00 04 7F 56 56 00 05 B5 B8 56 00 04 67 13 56 00 05 E4 A0 56 00 06 8F 57 56 00 03 DF E3 56 00 FD C8 B9 ...
  PARSED: 9
[14:35:29.012] TICK #29208  avail=50  bytes=767229  ON=1  ps=0  pi=5
  RAW[50]: 56 00 02 1F 96 56 00 05 8B 2F 56 00 06 0F 2B 56 00 0B 67 52 56 00 10 03 26 56 00 12 D2 5E 56 00 11 4B 48 56 00 13 7A D7 ...
  PARSED: 10
[14:35:29.081] TICK #29210  avail=45  bytes=767279  ON=1  ps=0  pi=5
  RAW[45]: 56 00 0B 55 74 56 00 08 E0 20 56 00 07 D4 A3 56 00 06 0C 1F 56 00 03 9A 13 56 00 04 BE 76 56 00 07 4D 03 56 00 03 AE 10 ...
  PARSED: 9
[14:35:29.128] TICK #29211  avail=35  bytes=767324  ON=1  ps=0  pi=5
  RAW[35]: 56 00 F1 84 75 56 00 EF 6E FD 56 00 EA 72 BE 56 00 E2 F6 93 56 00 E4 D1 C0 56 00 EF C8 5B 56 00 FA 1C BB 
  PARSED: 7
[14:35:29.162] TICK #29212  avail=52  bytes=767359  ON=1  ps=0  pi=5
  RAW[52]: 56 00 FF 4F 0F 56 00 0C 31 78 56 00 13 FE 20 56 00 17 E0 3A 56 00 16 67 2F 56 00 15 DF 58 56 00 11 09 FA 56 00 0C 98 AF ...
  PARSED: 10
[14:35:29.194] TICK #29213  avail=48  bytes=767411  ON=1  ps=1  pi=2
  RAW[48]: FF D9 F8 56 00 FD 46 48 56 00 FC AB DB 56 00 01 94 74 56 00 07 3C AB 56 00 06 33 09 56 00 08 71 53 56 00 0A DA 16 56 00 ...
  PARSED: 10
[14:35:29.264] TICK #29215  avail=45  bytes=767459  ON=1  ps=0  pi=5
  RAW[45]: 56 00 07 1E FC 56 00 0A 7B 00 56 00 0E 6F D3 56 00 0F FB E6 56 00 0D 84 A9 56 00 0D 6B 99 56 00 0B 41 20 56 00 08 66 0D ...
  PARSED: 9
[14:35:29.309] TICK #29216  avail=40  bytes=767504  ON=1  ps=0  pi=5
  RAW[40]: 56 00 07 A1 53 56 00 0A 15 69 56 00 0A 2F 4B 56 00 07 AD 75 56 00 06 8C CC 56 00 06 72 68 56 00 FD 91 7B 56 00 F4 18 9C 
  PARSED: 8
[14:35:29.342] TICK #29217  avail=45  bytes=767544  ON=1  ps=0  pi=5
  RAW[45]: 56 00 F0 F1 1D 56 00 F7 1C D3 56 00 F4 08 7D 56 00 F5 AB 78 56 00 FE CD AA 56 00 08 F9 24 56 00 0C 68 A8 56 00 0F 11 5F ...
  PARSED: 9
[14:35:29.372] TICK #29218  avail=45  bytes=767589  ON=1  ps=0  pi=5
  RAW[45]: 56 00 11 BD DB 56 00 0E CD 37 56 00 08 A6 0E 56 00 05 F9 E4 56 00 02 1E E0 56 00 FA 37 8D 56 00 F3 EE 38 56 00 F4 37 30 ...
  PARSED: 9
[14:35:29.439] TICK #29220  avail=50  bytes=767634  ON=1  ps=0  pi=5
  RAW[50]: 56 00 F5 0E 30 56 00 F4 08 93 56 00 F9 E6 1B 56 00 03 BB 6E 56 00 04 6E 21 56 00 08 CF 53 56 00 0D 0B 30 56 00 10 12 FD ...
  PARSED: 10
[14:35:29.488] TICK #29221  avail=35  bytes=767684  ON=1  ps=0  pi=5
  RAW[35]: 56 00 0F FF 42 56 00 0F EC EE 56 00 0D 25 12 56 00 0B 8A A1 56 00 0D 58 C3 56 00 0F BB A3 56 00 10 36 E7 
  PARSED: 7
[14:35:29.518] TICK #29222  avail=45  bytes=767719  ON=1  ps=0  pi=5
  RAW[45]: 56 00 10 84 4D 56 00 13 3D 8E 56 00 13 2A 82 56 00 0F 75 36 56 00 07 CC DF 56 00 05 B1 D4 56 00 01 94 0C 56 00 F4 D1 45 ...
  PARSED: 9
[14:35:29.549] TICK #29223  avail=46  bytes=767764  ON=1  ps=0  pi=5
  RAW[46]: 56 00 EC F7 19 56 00 F3 2F E4 56 00 EF 4F 68 56 00 F3 A3 09 56 00 FC 16 51 56 00 03 E8 49 56 00 03 C8 73 56 00 06 D9 16 ...
  PARSED: 9
[14:35:29.622] TICK #29225  avail=49  bytes=767810  ON=1  ps=1  pi=1
  RAW[49]: 00 0C A6 6D 56 00 0A DE F4 56 00 0A 2D 48 56 00 0B ED 62 56 00 0A AB 2B 56 00 05 A1 68 56 00 00 C1 93 56 00 02 49 F7 56 ...
  PARSED: 10
[14:35:29.669] TICK #29226  avail=40  bytes=767859  ON=1  ps=0  pi=5
  RAW[40]: 56 00 FF 43 32 56 00 03 C8 FA 56 00 06 EA 5F 56 00 03 52 D6 56 00 02 13 D9 56 00 03 D5 DE 56 00 04 85 CB 56 00 FF DE 52 
  PARSED: 8
[14:35:29.701] TICK #29227  avail=50  bytes=767899  ON=1  ps=0  pi=5
  RAW[50]: 56 00 FB FC 10 56 00 FD 80 FA 56 00 FD 70 41 56 00 F8 38 67 56 00 FB 99 A6 56 00 04 85 3B 56 00 0C 22 68 56 00 0C C6 A8 ...
  PARSED: 10
[14:35:29.732] TICK #29228  avail=45  bytes=767949  ON=1  ps=0  pi=5
  RAW[45]: 56 00 0E 1E 84 56 00 07 58 C4 56 00 FF E9 DA 56 00 FF 36 15 56 00 FC 0A 81 56 00 F2 1D 57 56 00 F1 6E 57 56 00 F8 B4 61 ...
  PARSED: 9
[14:35:29.805] TICK #29230  avail=45  bytes=767994  ON=1  ps=0  pi=5
  RAW[45]: 56 00 FF A5 C7 56 00 07 58 4C 56 00 0E 5B EC 56 00 14 AD FB 56 00 13 A2 3D 56 00 15 B2 25 56 00 15 D1 25 56 00 13 CB 9D ...
  PARSED: 9
[14:35:29.837] TICK #29231  avail=45  bytes=768039  ON=1  ps=0  pi=5
  RAW[45]: 56 00 08 9E 35 56 00 07 85 76 56 00 01 8D 6D 56 00 F8 DC 7B 56 00 F5 B4 3C 56 00 FB 1B 60 56 00 FD 66 19 56 00 FB 6B DF ...
  PARSED: 9
[14:35:29.868] TICK #29232  avail=45  bytes=768084  ON=1  ps=0  pi=5
  RAW[45]: 56 00 05 E2 EE 56 00 0A 65 69 56 00 09 03 D1 56 00 0B 68 06 56 00 0D 4A B1 56 00 0C 81 CC 56 00 08 01 F7 56 00 06 05 8D ...
  PARSED: 9
[14:35:29.938] TICK #29234  avail=45  bytes=768129  ON=1  ps=0  pi=5
  RAW[45]: 56 00 06 9B 32 56 00 02 D2 6C 56 00 03 20 88 56 00 07 7C 10 56 00 07 C6 F8 56 00 04 FB 56 56 00 04 32 4D 56 00 05 A5 A8 ...
  PARSED: 9
[14:35:29.985] TICK #29235  avail=40  bytes=768174  ON=1  ps=0  pi=5
  RAW[40]: 56 00 FE E8 5A 56 00 FE 4D 06 56 00 01 62 66 56 00 FE 10 69 56 00 F8 C0 CB 56 00 F5 9D C1 56 00 FA 3F A6 56 00 F9 2F 59 
  PARSED: 8
[14:35:30.017] TICK #29236  avail=50  bytes=768214  ON=1  ps=0  pi=5
  RAW[50]: 56 00 F7 E9 F8 56 00 FF 68 CF 56 00 07 8C 1D 56 00 0B 47 ED 56 00 0A 38 F8 56 00 0C F5 6C 56 00 0F F8 D4 56 00 0F 33 28 ...
  PARSED: 10
[14:35:30.048] TICK #29237  avail=45  bytes=768264  ON=1  ps=0  pi=5
  RAW[45]: 56 00 08 C8 BD 56 00 03 5B DC 56 00 FC F5 76 56 00 FA C6 18 56 00 FE 7E 29 56 00 FD 0B 45 56 00 FD 1F B8 56 00 03 45 29 ...
  PARSED: 9
[14:35:30.122] TICK #29239  avail=45  bytes=768309  ON=1  ps=0  pi=5
  RAW[45]: 56 00 0E 73 7A 56 00 0F 97 FD 56 00 13 FF DD 56 00 14 C2 F8 56 00 12 DE DE 56 00 0D BE 64 56 00 0B 9B 75 56 00 0B 80 4B ...
  PARSED: 9
[14:35:30.170] TICK #29240  avail=45  bytes=768354  ON=1  ps=0  pi=5
  RAW[45]: 56 00 05 AA 6F 56 00 08 4F 5B 56 00 0A FF 53 56 00 0B 43 8F 56 00 0A E5 F4 56 00 0D 15 35 56 00 0D 1E BC 56 00 0A 54 54 ...
  PARSED: 9
[14:35:30.201] TICK #29241  avail=45  bytes=768399  ON=1  ps=0  pi=5
  RAW[45]: 56 00 01 63 63 56 00 01 9E 1C 56 00 F8 F2 27 56 00 F0 E3 56 56 00 EF 29 A9 56 00 F6 EC D2 56 00 F3 77 E8 56 00 F4 44 76 ...
  PARSED: 9
[14:35:30.233] TICK #29242  avail=47  bytes=768444  ON=1  ps=0  pi=5
  RAW[47]: 56 00 07 70 47 56 00 0B 09 B4 56 00 0F 61 0F 56 00 14 EA 7F 56 00 16 DA 55 56 00 15 9A 39 56 00 10 A6 8E 56 00 0E 10 3F ...
  PARSED: 9
[14:35:30.306] TICK #29244  avail=48  bytes=768491  ON=1  ps=1  pi=2
  RAW[48]: 00 BC 6B 56 00 F9 23 3B 56 00 F9 09 CB 56 00 FE 4C 32 56 00 FA FD A2 56 00 FB 1D 74 56 00 00 15 2B 56 00 05 CF 9A 56 00 ...
  PARSED: 10
[14:35:30.337] TICK #29245  avail=40  bytes=768539  ON=1  ps=0  pi=5
  RAW[40]: 56 00 01 B6 D6 56 00 05 F5 40 56 00 03 24 EB 56 00 03 AC 72 56 00 05 A6 A5 56 00 09 15 44 56 00 07 D1 53 56 00 08 F1 D7 
  PARSED: 8
[14:35:30.367] TICK #29246  avail=45  bytes=768579  ON=1  ps=0  pi=5
  RAW[45]: 56 00 0D 01 D7 56 00 12 17 10 56 00 14 83 C2 56 00 17 95 E1 56 00 18 9A D2 56 00 14 70 DF 56 00 0C 5A 2B 56 00 01 8A 12 ...
  PARSED: 9
[14:35:30.438] TICK #29248  avail=46  bytes=768624  ON=1  ps=0  pi=5
  RAW[46]: 56 00 01 C5 2A 56 00 FC BA 48 56 00 FF A4 FE 56 00 06 14 CF 56 00 0D 6E 66 56 00 0E FF 52 56 00 12 7D 4C 56 00 14 03 20 ...
  PARSED: 9
[14:35:30.486] TICK #29249  avail=39  bytes=768670  ON=1  ps=1  pi=1
  RAW[39]: 00 04 60 CF 56 00 F6 67 75 56 00 F3 3D 08 56 00 F5 A2 E7 56 00 F3 5E 9F 56 00 FA 49 3E 56 00 04 AA CD 56 00 09 94 26 
  PARSED: 8
[14:35:30.519] TICK #29250  avail=50  bytes=768709  ON=1  ps=0  pi=5
  RAW[50]: 56 00 02 41 54 56 00 F2 E9 45 56 00 EE 18 F3 56 00 EA 0C 3A 56 00 DC 4A 57 56 00 D4 08 A0 56 00 D3 00 E3 56 00 CF 5E 9A ...
  PARSED: 10
[14:35:30.550] TICK #29251  avail=45  bytes=768759  ON=1  ps=0  pi=5
  RAW[45]: 56 00 D3 82 59 56 00 EB 8F 0D 56 00 03 AE 82 56 00 1A 42 1E 56 00 24 F0 BD 56 00 2A 69 17 56 00 25 97 8C 56 00 22 91 D9 ...
  PARSED: 9
[14:35:30.622] TICK #29253  avail=50  bytes=768804  ON=1  ps=0  pi=5
  RAW[50]: 56 00 1D 17 D5 56 00 1A 3E B0 56 00 1A 82 6D 56 00 18 6A 71 56 00 12 F8 73 56 00 0B A1 3D 56 00 05 F7 E6 56 00 08 39 32 ...
  PARSED: 10
[14:35:30.654] TICK #29254  avail=40  bytes=768854  ON=1  ps=0  pi=5
  RAW[40]: 56 00 0D A2 81 56 00 0F 0D 2A 56 00 0F B9 38 56 00 0C 8D 3C 56 00 0B 9C 3E 56 00 0A 81 D1 56 00 03 E1 05 56 00 F8 3D F8 
  PARSED: 8
[14:35:30.686] TICK #29255  avail=45  bytes=768894  ON=1  ps=0  pi=5
  RAW[45]: 56 00 EA 86 74 56 00 EB 51 64 56 00 EB 33 E9 56 00 E5 73 FC 56 00 E7 9B 30 56 00 F6 0B 56 56 00 0B 31 3A 56 00 18 07 67 ...
  PARSED: 9
[14:35:30.755] TICK #29257  avail=50  bytes=768939  ON=1  ps=0  pi=5
  RAW[50]: 56 00 2A 0F E1 56 00 2A 7B CF 56 00 23 57 48 56 00 1F ED 75 56 00 18 48 DB 56 00 12 EF 1A 56 00 0A 60 B1 56 00 06 7A 92 ...
  PARSED: 10
[14:35:30.803] TICK #29258  avail=35  bytes=768989  ON=1  ps=0  pi=5
  RAW[35]: 56 00 F6 58 B2 56 00 F5 18 76 56 00 FD 86 4B 56 00 00 B7 FE 56 00 00 BB CA 56 00 07 57 1D 56 00 0E 6D E8 
  PARSED: 7
[14:35:30.840] TICK #29259  avail=55  bytes=769024  ON=1  ps=0  pi=5
  RAW[55]: 56 00 0F 30 C1 56 00 0D 23 37 56 00 0F 91 D4 56 00 10 27 44 56 00 0E 0E 24 56 00 09 16 B5 56 00 06 BD E5 56 00 04 A4 E1 ...
  PARSED: 11
[14:35:30.872] TICK #29260  avail=45  bytes=769079  ON=1  ps=0  pi=5
  RAW[45]: 56 00 FA 90 B9 56 00 F7 28 B2 56 00 F6 32 E5 56 00 FD 53 3A 56 00 09 01 3A 56 00 0F 95 C4 56 00 13 0D AB 56 00 18 AF 9B ...
  PARSED: 9
[14:35:30.947] TICK #29262  avail=50  bytes=769124  ON=1  ps=0  pi=5
  RAW[50]: 56 00 14 92 A8 56 00 0D 45 34 56 00 09 50 BC 56 00 05 41 92 56 00 FB D1 67 56 00 F3 1D BD 56 00 EF B6 6F 56 00 F3 93 F2 ...
  PARSED: 10
[14:35:30.995] TICK #29263  avail=43  bytes=769174  ON=1  ps=0  pi=5
  RAW[43]: 56 00 EF 65 F4 56 00 F6 BA 0D 56 00 F0 92 86 56 00 EC 8B CF 56 00 ED 3D EC 56 00 F3 C0 07 56 00 EF 4E D0 56 00 ED 76 FF ...
  PARSED: 8
[14:35:31.030] TICK #29264  avail=52  bytes=769217  ON=1  ps=1  pi=3
  RAW[52]: 9B 0F 56 00 FD 33 0A 56 00 FC D7 04 56 00 00 14 EE 56 00 09 58 9B 56 00 0F D9 A2 56 00 10 2C CD 56 00 11 FE 94 56 00 14 ...
  PARSED: 11
[14:35:31.061] TICK #29265  avail=45  bytes=769269  ON=1  ps=0  pi=5
  RAW[45]: 56 00 10 FD D3 56 00 11 3E 18 56 00 10 90 A3 56 00 0F 29 3C 56 00 0D FF C8 56 00 10 AF 18 56 00 12 F9 E9 56 00 11 DA B9 ...
  PARSED: 9
[14:35:31.122] TICK #29267  avail=45  bytes=769314  ON=1  ps=0  pi=5
  RAW[45]: 56 00 10 00 12 56 00 0C 7E 45 56 00 03 D3 1F 56 00 FA DD A9 56 00 F9 37 D7 56 00 FB 24 6A 56 00 F5 10 E8 56 00 F6 29 E1 ...
  PARSED: 9
[14:35:31.155] TICK #29268  avail=47  bytes=769359  ON=1  ps=0  pi=5
  RAW[47]: 56 00 06 5F 9D 56 00 07 73 22 56 00 0D 76 13 56 00 11 31 60 56 00 13 78 50 56 00 10 EA 99 56 00 0C C9 2D 56 00 0A 18 86 ...
  PARSED: 9
[14:35:31.222] TICK #29270  avail=48  bytes=769406  ON=1  ps=1  pi=2
  RAW[48]: F6 93 D4 56 00 F0 43 88 56 00 F4 81 80 56 00 F9 90 81 56 00 F5 C5 5C 56 00 F8 B2 96 56 00 FF 1A 78 56 00 01 C5 09 56 00 ...
  PARSED: 10
[14:35:31.268] TICK #29271  avail=35  bytes=769454  ON=1  ps=0  pi=5
  RAW[35]: 56 00 FB 38 C9 56 00 F9 95 3B 56 00 F1 F3 60 56 00 ED 48 6C 56 00 EE 8E F7 56 00 EB A1 C2 56 00 E3 9A E8 
  PARSED: 7
[14:35:31.301] TICK #29272  avail=50  bytes=769489  ON=1  ps=0  pi=5
  RAW[50]: 56 00 E3 59 21 56 00 EA C6 28 56 00 F1 A1 E2 56 00 F1 32 64 56 00 FA C2 40 56 00 06 AB EB 56 00 0D 53 F8 56 00 0D E6 7A ...
  PARSED: 10
[14:35:31.332] TICK #29273  avail=45  bytes=769539  ON=1  ps=0  pi=5
  RAW[45]: 56 00 18 54 A8 56 00 17 18 40 56 00 1A 35 3A 56 00 1A F3 AF 56 00 1C 26 96 56 00 19 46 F6 56 00 1A 0B F6 56 00 17 3D B2 ...
  PARSED: 9
[14:35:31.405] TICK #29275  avail=45  bytes=769584  ON=1  ps=0  pi=5
  RAW[45]: 56 00 0A E0 0E 56 00 04 1A 61 56 00 01 EF A0 56 00 FA EF 5A 56 00 F2 FF 05 56 00 F2 C3 B7 56 00 FB 7D 97 56 00 FF 3C 32 ...
  PARSED: 9
[14:35:31.452] TICK #29276  avail=45  bytes=769629  ON=1  ps=0  pi=5
  RAW[45]: 56 00 06 BB F9 56 00 0C 43 81 56 00 0C 7E 77 56 00 09 8F 40 56 00 09 D5 FB 56 00 0A 52 A0 56 00 06 70 A8 56 00 00 22 24 ...
  PARSED: 9
[14:35:31.484] TICK #29277  avail=45  bytes=769674  ON=1  ps=0  pi=5
  RAW[45]: 56 00 FF D1 E9 56 00 FE 20 A3 56 00 FE C5 A7 56 00 04 E5 8E 56 00 0B 6F 01 56 00 0F F0 C9 56 00 12 C9 45 56 00 18 E8 9D ...
  PARSED: 9
[14:35:31.515] TICK #29278  avail=45  bytes=769719  ON=1  ps=0  pi=5
  RAW[45]: 56 00 19 4D 18 56 00 12 DB 5A 56 00 0C CB F2 56 00 05 F4 C8 56 00 F6 12 BD 56 00 E9 A3 7F 56 00 E5 F2 35 56 00 EB 05 FE ...
  PARSED: 9
[14:35:31.576] TICK #29280  avail=45  bytes=769764  ON=1  ps=0  pi=5
  RAW[45]: 56 00 E5 D9 51 56 00 EE F9 54 56 00 FB 0A 72 56 00 FF AE 35 56 00 04 E1 16 56 00 0C 0E 90 56 00 11 B1 49 56 00 14 38 43 ...
  PARSED: 9
[14:35:31.608] TICK #29281  avail=50  bytes=769809  ON=1  ps=0  pi=5
  RAW[50]: 56 00 1A 7B 53 56 00 1A 2A 57 56 00 19 3C 4E 56 00 15 D7 0C 56 00 16 E0 2D 56 00 15 4D 17 56 00 11 A6 1A 56 00 0D CA AD ...
  PARSED: 10
[14:35:31.680] TICK #29283  avail=45  bytes=769859  ON=1  ps=0  pi=5
  RAW[45]: 56 00 04 5E 77 56 00 00 18 39 56 00 00 19 84 56 00 01 C4 03 56 00 00 09 ED 56 00 FF D2 F6 56 00 03 56 A6 56 00 04 FA FD ...
  PARSED: 9
[14:35:31.728] TICK #29284  avail=40  bytes=769904  ON=1  ps=0  pi=5
  RAW[40]: 56 00 FE E5 E4 56 00 00 80 D2 56 00 03 BA C3 56 00 FE 66 2C 56 00 FC B1 7A 56 00 02 0A 82 56 00 08 34 37 56 00 06 3D F3 
  PARSED: 8
[14:35:31.760] TICK #29285  avail=50  bytes=769944  ON=1  ps=0  pi=5
  RAW[50]: 56 00 0B F1 8B 56 00 10 CD 24 56 00 16 36 A7 56 00 15 4B 8F 56 00 17 07 87 56 00 17 57 96 56 00 17 01 6B 56 00 13 9F 15 ...
  PARSED: 10
[14:35:31.791] TICK #29286  avail=45  bytes=769994  ON=1  ps=0  pi=5
  RAW[45]: 56 00 0A 47 F9 56 00 04 0E 96 56 00 F7 A7 4B 56 00 F4 8F C6 56 00 F0 87 68 56 00 E7 49 33 56 00 E4 68 43 56 00 E9 47 C0 ...
  PARSED: 9
[14:35:31.863] TICK #29288  avail=49  bytes=770039  ON=1  ps=0  pi=5
  RAW[49]: 56 00 EB 0B 32 56 00 EE E1 DE 56 00 FB 7B A2 56 00 07 AC C2 56 00 09 DC 90 56 00 0F 1A 76 56 00 10 34 7D 56 00 10 83 DE ...
  PARSED: 9
[14:35:31.894] TICK #29289  avail=41  bytes=770088  ON=1  ps=1  pi=4
  RAW[41]: 8A 56 00 09 76 E2 56 00 04 2D F8 56 00 FC 5E E4 56 00 F4 35 1F 56 00 F5 FE 4B 56 00 F6 97 DF 56 00 EF 41 37 56 00 EC CE ...
  PARSED: 9
[14:35:31.925] TICK #29290  avail=45  bytes=770129  ON=1  ps=0  pi=5
  RAW[45]: 56 00 F0 E3 92 56 00 F6 25 70 56 00 F2 F1 61 56 00 FC 4C D4 56 00 08 D6 80 56 00 12 79 44 56 00 13 FC C9 56 00 19 BA F9 ...
  PARSED: 9
[14:35:31.997] TICK #29292  avail=45  bytes=770174  ON=1  ps=0  pi=5
  RAW[45]: 56 00 1D 08 06 56 00 19 F9 67 56 00 18 9C 88 56 00 14 B5 61 56 00 0D 02 6A 56 00 03 57 EB 56 00 F7 4F 68 56 00 F3 AD AD ...
  PARSED: 9
[14:35:32.044] TICK #29293  avail=40  bytes=770219  ON=1  ps=0  pi=5
  RAW[40]: 56 00 E6 2D AF 56 00 E6 7C C4 56 00 EE FF 15 56 00 F3 FE E7 56 00 F1 C6 F4 56 00 F7 B7 C1 56 00 00 73 EF 56 00 04 68 11 
  PARSED: 8
[14:35:32.076] TICK #29294  avail=50  bytes=770259  ON=1  ps=0  pi=5
  RAW[50]: 56 00 01 FC 74 56 00 05 EF 40 56 00 09 16 5B 56 00 0B F9 24 56 00 0B 24 2C 56 00 0F F9 FD 56 00 11 53 56 56 00 11 49 20 ...
  PARSED: 10
[14:35:32.108] TICK #29295  avail=45  bytes=770309  ON=1  ps=0  pi=5
  RAW[45]: 56 00 08 23 70 56 00 FE B3 1C 56 00 F6 ED 09 56 00 F0 39 2F 56 00 F3 03 F2 56 00 EE 72 10 56 00 E7 27 7B 56 00 E7 F5 4E ...
  PARSED: 9
[14:35:32.180] TICK #29297  avail=45  bytes=770354  ON=1  ps=0  pi=5
  RAW[45]: 56 00 F4 35 B0 56 00 F6 7C 7C 56 00 FE 38 23 56 00 04 CD 1D 56 00 05 1D 0B 56 00 04 CB CE 56 00 09 09 DF 56 00 0C 1E 7B ...
  PARSED: 9
[14:35:32.212] TICK #29298  avail=45  bytes=770399  ON=1  ps=0  pi=5
  RAW[45]: 56 00 12 66 3E 56 00 18 7F DC 56 00 1B DA 43 56 00 1D 52 05 56 00 1D 33 8F 56 00 1E 41 CB 56 00 1A EA 2E 56 00 16 75 6D ...
  PARSED: 9
[14:35:32.243] TICK #29299  avail=45  bytes=770444  ON=1  ps=0  pi=5
  RAW[45]: 56 00 0A 8F DA 56 00 08 4B 89 56 00 FF 27 F5 56 00 F5 FA E5 56 00 F2 4D 5D 56 00 F8 0B 90 56 00 F4 3B E8 56 00 F5 D2 23 ...
  PARSED: 9
[14:35:32.274] TICK #29300  avail=0  bytes=770489  ON=1  ps=0  pi=5
[14:35:32.313] TICK #29301  avail=45  bytes=770489  ON=1  ps=0  pi=5
  RAW[45]: 56 00 03 03 1E 56 00 04 24 90 56 00 07 EC A5 56 00 0E 4E 60 56 00 13 28 2A 56 00 15 E6 DA 56 00 16 72 6B 56 00 18 6C 6F ...
  PARSED: 9
[14:35:32.361] TICK #29302  avail=40  bytes=770534  ON=1  ps=0  pi=5
  RAW[40]: 56 00 14 04 DF 56 00 0D 82 65 56 00 09 A9 3B 56 00 04 7D 9E 56 00 F7 C2 E6 56 00 ED 4E AB 56 00 EB 51 CF 56 00 F0 31 A3 
  PARSED: 8
[14:35:32.395] TICK #29303  avail=50  bytes=770574  ON=1  ps=0  pi=5
  RAW[50]: 56 00 E9 DA 06 56 00 E7 F3 89 56 00 EF 57 B4 56 00 FA FE E2 56 00 FD 90 3F 56 00 04 3E E6 56 00 09 90 51 56 00 0E BF AE ...
  PARSED: 10
[14:35:32.425] TICK #29304  avail=45  bytes=770624  ON=1  ps=0  pi=5
  RAW[45]: 56 00 11 96 D4 56 00 0F FD 01 56 00 0C 9B 56 56 00 07 3A 75 56 00 07 E8 97 56 00 06 7B 75 56 00 FE C7 D7 56 00 F7 E0 A0 ...
  PARSED: 9
[14:35:32.497] TICK #29306  avail=45  bytes=770669  ON=1  ps=0  pi=5
  RAW[45]: 56 00 F3 C8 AE 56 00 E9 B3 96 56 00 E6 F9 D6 56 00 EE 48 C3 56 00 F7 2E 3E 56 00 F7 53 2B 56 00 01 3A 46 56 00 08 29 E6 ...
  PARSED: 9
[14:35:32.544] TICK #29307  avail=45  bytes=770714  ON=1  ps=0  pi=5
  RAW[45]: 56 00 0F BC F9 56 00 14 39 FF 56 00 15 41 A3 56 00 15 2A 2B 56 00 11 E3 FC 56 00 0E D4 5D 56 00 0E 57 0B 56 00 09 9B 15 ...
  PARSED: 9
[14:35:32.574] TICK #29308  avail=45  bytes=770759  ON=1  ps=0  pi=5
  RAW[45]: 56 00 FA D5 6D 56 00 FD 53 34 56 00 FC 10 F0 56 00 F6 7B D8 56 00 F6 EA F4 56 00 FC 0F 50 56 00 FE EC F2 56 00 FC C0 34 ...
  PARSED: 9
[14:35:32.606] TICK #29309  avail=45  bytes=770804  ON=1  ps=0  pi=5
  RAW[45]: 56 00 04 20 2A 56 00 06 EC 0E 56 00 06 74 DD 56 00 0B 6D 52 56 00 0E B8 71 56 00 11 35 98 56 00 0E F5 1F 56 00 0F 24 4B ...
  PARSED: 9
[14:35:32.680] TICK #29311  avail=45  bytes=770849  ON=1  ps=0  pi=5
  RAW[45]: 56 00 0B 94 2D 56 00 06 E9 8C 56 00 05 4D A8 56 00 07 FE 8E 56 00 08 A1 D6 56 00 05 1B E8 56 00 04 AE 0C 56 00 05 35 F8 ...
  PARSED: 9
[14:35:32.727] TICK #29312  avail=45  bytes=770894  ON=1  ps=0  pi=5
  RAW[45]: 56 00 FC 1E FC 56 00 F8 B0 9A 56 00 FB 58 82 56 00 F9 5B 5E 56 00 F5 89 50 56 00 F9 2B C0 56 00 02 76 B6 56 00 07 31 22 ...
  PARSED: 9
[14:35:32.760] TICK #29313  avail=50  bytes=770939  ON=1  ps=0  pi=5
  RAW[50]: 56 00 0E 2A FD 56 00 0F 57 A5 56 00 0E 13 DC 56 00 09 10 5B 56 00 07 15 ED 56 00 07 B3 5F 56 00 05 15 5B 56 00 01 D5 0D ...
  PARSED: 10
[14:35:32.791] TICK #29314  avail=50  bytes=770989  ON=1  ps=0  pi=5
  RAW[50]: 56 00 06 5D E5 56 00 04 5C 1B 56 00 04 E7 72 56 00 05 A5 84 56 00 02 91 28 56 01 00 00 00 56 00 FE A7 0B 56 00 FC FC DD ...
[14:35:32.792] HEARTBEAT bytes=771039
  PARSED: 9
[14:35:32.862] TICK #29316  avail=45  bytes=771039  ON=1  ps=0  pi=5
  RAW[45]: 56 00 FB 28 6E 56 00 FD 89 89 56 00 03 00 75 56 00 03 CE 43 56 00 02 73 3A 56 00 05 EF 34 56 00 09 C5 EE 56 00 0C 9A 26 ...
  PARSED: 9
[14:35:32.909] TICK #29317  avail=40  bytes=771084  ON=1  ps=0  pi=5
  RAW[40]: 56 00 11 6C 0F 56 00 11 E5 3B 56 00 10 6A CD 56 00 0A 99 D8 56 00 07 48 19 56 00 03 A3 A3 56 00 FC 14 23 56 00 F4 BC CE 
  PARSED: 8
[14:35:32.940] TICK #29318  avail=45  bytes=771124  ON=1  ps=0  pi=5
  RAW[45]: 56 00 F2 5F C6 56 00 F8 4D B4 56 00 F8 07 75 56 00 F7 46 5E 56 00 FD 41 33 56 00 05 B7 F9 56 00 07 55 C2 56 00 08 7F 4B ...
  PARSED: 9
[14:35:32.972] TICK #29319  avail=50  bytes=771169  ON=1  ps=0  pi=5
  RAW[50]: 56 00 0F 66 F6 56 00 0F FD BA 56 00 0D 8E 7E 56 00 0F 05 33 56 00 0E 15 CD 56 00 0C 1E D6 56 00 06 D1 1B 56 00 04 EA CD ...
  PARSED: 10
[14:35:33.047] TICK #29321  avail=45  bytes=771219  ON=1  ps=0  pi=5
  RAW[45]: 56 00 EF 7A 8C 56 00 EC 38 BC 56 00 F1 F4 5B 56 00 EE F2 21 56 00 EF 54 16 56 00 F8 22 8C 56 00 03 39 09 56 00 07 72 E0 ...
  PARSED: 9
[14:35:33.094] TICK #29322  avail=45  bytes=771264  ON=1  ps=0  pi=5
  RAW[45]: 56 00 0F 7C E1 56 00 10 B4 2A 56 00 0E 00 11 56 00 09 BF 74 56 00 08 97 67 56 00 06 B5 90 56 00 02 FB 94 56 00 00 E8 4D ...
  PARSED: 9
[14:35:33.127] TICK #29323  avail=50  bytes=771309  ON=1  ps=0  pi=5
  RAW[50]: 56 00 07 16 F2 56 00 05 67 8C 56 00 06 79 B0 56 00 09 EC 1A 56 00 0C 9F 94 56 00 0A DA 98 56 00 09 C1 E4 56 00 0A 6D F0 ...
  PARSED: 10
[14:35:33.158] TICK #29324  avail=45  bytes=771359  ON=1  ps=0  pi=5
  RAW[45]: 56 00 FF CE FD 56 00 FF 19 D1 56 00 FF 7E 44 56 00 F9 DB EE 56 00 F9 55 3F 56 00 FE 9E EC 56 00 06 16 0B 56 00 06 A8 46 ...
  PARSED: 9
[14:35:33.230] TICK #29326  avail=45  bytes=771404  ON=1  ps=0  pi=5
  RAW[45]: 56 00 0F CB 34 56 00 12 C2 D9 56 00 11 9A 08 56 00 11 5C FD 56 00 10 D8 15 56 00 0F 1F E0 56 00 09 DB E9 56 00 04 06 C9 ...
  PARSED: 9
[14:35:33.262] TICK #29327  avail=40  bytes=771449  ON=1  ps=0  pi=5
  RAW[40]: 56 00 02 2A 34 56 00 FD 72 3E 56 00 FE 4D 07 56 00 03 4C BB 56 00 08 FF CA 56 00 06 24 87 56 00 07 26 D2 56 00 07 9A 00 
  PARSED: 8
[14:35:33.293] TICK #29328  avail=50  bytes=771489  ON=1  ps=0  pi=5
  RAW[50]: 56 00 04 A9 6F 56 00 FC 99 61 56 00 F5 9F 0A 56 00 F6 94 CD 56 00 F5 7B 2F 56 00 EE CB CD 56 00 EF 4E B8 56 00 F7 C2 26 ...
  PARSED: 10
[14:35:33.362] TICK #29330  avail=45  bytes=771539  ON=1  ps=0  pi=5
  RAW[45]: 56 00 05 0C 7B 56 00 0A 5E B9 56 00 0E 5B C7 56 00 0C 75 15 56 00 0C E5 FF 56 00 0C 94 69 56 00 0A 7A C8 56 00 05 8A 21 ...
  PARSED: 9
[14:35:33.409] TICK #29331  avail=36  bytes=771584  ON=1  ps=0  pi=5
  RAW[36]: 56 00 00 3D 61 56 00 FB D4 C0 56 00 F7 07 56 56 00 F8 04 CB 56 00 FE 5D B5 56 00 02 67 48 56 00 02 B9 B7 56 
  PARSED: 7
[14:35:33.443] TICK #29332  avail=49  bytes=771620  ON=1  ps=1  pi=1
  RAW[49]: 00 08 42 95 56 00 0B FB 73 56 00 0E DD 2D 56 00 0C D7 B4 56 00 0E 2A DF 56 00 0C FA 20 56 00 09 59 F9 56 00 03 3E 1F 56 ...
  PARSED: 10
[14:35:33.473] TICK #29333  avail=49  bytes=771669  ON=1  ps=0  pi=5
  RAW[49]: 56 00 FE 84 E5 56 00 FA BF 8C 56 00 FC 64 77 56 00 01 45 FB 56 00 02 BE 1E 56 00 02 F6 26 56 00 07 90 F4 56 00 0A D6 D5 ...
  PARSED: 9
[14:35:33.547] TICK #29335  avail=46  bytes=771718  ON=1  ps=1  pi=4
  RAW[46]: 63 56 00 0A 2E 5D 56 00 09 94 0C 56 00 04 45 38 56 00 FD C7 1B 56 00 F9 9C 06 56 00 FD 2D AC 56 00 F9 02 70 56 00 F6 FD ...
  PARSED: 10
[14:35:33.593] TICK #29336  avail=40  bytes=771764  ON=1  ps=0  pi=5
  RAW[40]: 56 00 02 85 84 56 00 04 37 3B 56 00 05 84 97 56 00 0B 02 60 56 00 0E 81 68 56 00 0F 91 8C 56 00 0D F6 F8 56 00 0F D2 6F 
  PARSED: 8
[14:35:33.627] TICK #29337  avail=50  bytes=771804  ON=1  ps=0  pi=5
  RAW[50]: 56 00 0E 15 CA 56 00 0A CE F1 56 00 04 A2 D6 56 00 02 E6 A5 56 00 02 5D 14 56 00 FC DB 3D 56 00 F8 B6 C5 56 00 FA D2 4E ...
  PARSED: 10
[14:35:33.657] TICK #29338  avail=45  bytes=771854  ON=1  ps=0  pi=5
  RAW[45]: 56 00 02 91 B3 56 00 06 DF 14 56 00 09 1C 1A 56 00 06 57 41 56 00 01 DB 62 56 00 00 6E 05 56 00 00 B8 23 56 00 FB 3E AF ...
  PARSED: 9
[14:35:33.722] TICK #29340  avail=45  bytes=771899  ON=1  ps=0  pi=5
  RAW[45]: 56 00 FA A2 BC 56 00 FF CC D9 56 00 FE 37 E4 56 00 FF 11 18 56 00 03 C5 46 56 00 08 15 E0 56 00 06 F9 D2 56 00 07 07 32 ...
  PARSED: 9
[14:35:33.752] TICK #29341  avail=35  bytes=771944  ON=1  ps=0  pi=5
  RAW[35]: 56 00 09 55 DB 56 00 05 83 B2 56 00 01 8F 9D 56 00 02 95 90 56 00 05 D7 B2 56 00 02 A6 55 56 00 03 48 1E 
  PARSED: 7
[14:35:33.783] TICK #29342  avail=45  bytes=771979  ON=1  ps=0  pi=5
  RAW[45]: 56 00 06 63 13 56 00 0A EF 04 56 00 09 C5 A5 56 00 0B 70 92 56 00 0D ED 12 56 00 0F 7B F6 56 00 0E 62 E9 56 00 0C 92 70 ...
  PARSED: 9
[14:35:33.847] TICK #29344  avail=50  bytes=772024  ON=1  ps=0  pi=5
  RAW[50]: 56 00 09 8C 92 56 00 04 0C ED 56 00 FF BE 67 56 00 01 67 3A 56 00 02 52 3C 56 00 FD FD 02 56 00 FC 9F 4B 56 00 00 31 77 ...
  PARSED: 10
[14:35:33.884] TICK #29345  avail=35  bytes=772074  ON=1  ps=0  pi=5
  RAW[35]: 56 00 02 2C E5 56 00 06 E5 F8 56 00 08 BD E3 56 00 05 7A 2A 56 00 03 D8 B8 56 00 04 97 54 56 00 02 D3 AC 
  PARSED: 7
[14:35:33.916] TICK #29346  avail=45  bytes=772109  ON=1  ps=0  pi=5
  RAW[45]: 56 00 FD C4 D2 56 00 FB 14 1C 56 00 FE 98 1A 56 00 01 DB F9 56 00 00 0F E8 56 00 03 19 F2 56 00 07 F9 B7 56 00 0C 14 E2 ...
  PARSED: 9
[14:35:33.978] TICK #29348  avail=50  bytes=772154  ON=1  ps=0  pi=5
  RAW[50]: 56 00 08 C5 79 56 00 08 6E 38 56 00 03 6D 94 56 00 FA 82 7C 56 00 F3 A1 82 56 00 F7 9F C2 56 00 F7 0C FB 56 00 F4 E5 C0 ...
  PARSED: 10
[14:35:34.009] TICK #29349  avail=45  bytes=772204  ON=1  ps=0  pi=5
  RAW[45]: 56 00 08 0E A0 56 00 07 C6 E4 56 00 0C 48 2B 56 00 0E 35 16 56 00 0E C6 AF 56 00 0B 09 81 56 00 0C 0B B2 56 00 0C A1 68 ...
  PARSED: 9
[14:35:34.040] TICK #29350  avail=0  bytes=772249  ON=1  ps=0  pi=5
[14:35:34.095] TICK #29351  avail=45  bytes=772249  ON=1  ps=0  pi=5
  RAW[45]: 56 00 0A F6 CA 56 00 0C 6F 08 56 00 0D 42 5B 56 00 0C 84 7B 56 00 09 BF DC 56 00 0A 57 FB 56 00 0B 39 11 56 00 08 A1 8E ...
  PARSED: 9
[14:35:34.146] TICK #29352  avail=80  bytes=772294  ON=1  ps=0  pi=5
  RAW[80]: 56 00 03 B8 63 56 00 04 39 71 56 00 00 C4 CE 56 00 FD 27 C2 56 00 FD 8A 6B 56 00 01 F4 72 56 00 01 FD F1 56 00 00 9B 8B ...
  PARSED: 16
[14:35:34.186] TICK #29353  avail=45  bytes=772374  ON=1  ps=0  pi=5
  RAW[45]: 56 00 09 FB 50 56 00 0D 56 F8 56 00 0D FA 1E 56 00 0B 2C A0 56 00 0B F6 19 56 00 0A 36 4B 56 00 06 31 30 56 00 01 1A 12 ...
  PARSED: 9
[14:35:34.227] TICK #29354  avail=45  bytes=772419  ON=1  ps=0  pi=5
  RAW[45]: 56 00 00 56 A9 56 00 FA F9 84 56 00 F5 99 C0 56 00 F4 45 E9 56 00 F8 6B C7 56 00 F2 EF 4E 56 00 F2 8F B7 56 00 F8 AA E9 ...
  PARSED: 9
[14:35:34.277] TICK #29355  avail=45  bytes=772464  ON=1  ps=0  pi=5
  RAW[45]: 56 00 00 AA 35 56 00 03 91 B5 56 00 07 FB EB 56 00 0B 8F 80 56 00 0A CE E8 56 00 09 C4 70 56 00 0B 3D 78 56 00 0B CB F1 ...
  PARSED: 9
[14:35:34.320] TICK #29356  avail=50  bytes=772509  ON=1  ps=0  pi=5
  RAW[50]: 56 00 06 EF BF 56 00 07 A2 9C 56 00 07 2B 2B 56 00 01 E9 05 56 00 FD 57 8C 56 00 FF 0D 7C 56 00 02 0B 7C 56 00 FF 89 BC ...
  PARSED: 10
[14:35:34.384] TICK #29358  avail=45  bytes=772559  ON=1  ps=0  pi=5
  RAW[45]: 56 00 07 AD 22 56 00 04 76 E7 56 00 02 46 87 56 00 03 6B F2 56 00 03 F8 C0 56 00 FE 82 84 56 00 FC 67 4F 56 00 FE B6 E5 ...
  PARSED: 9
[14:35:34.414] TICK #29359  avail=45  bytes=772604  ON=1  ps=0  pi=5
  RAW[45]: 56 00 FE 32 F3 56 00 FE ED EE 56 00 02 79 14 56 00 07 74 E4 56 00 06 E5 99 56 00 09 B1 2A 56 00 0C 3C B8 56 00 0D 82 30 ...
  PARSED: 9
[14:35:34.466] TICK #29361  avail=50  bytes=772649  ON=1  ps=0  pi=5
  RAW[50]: 56 00 09 A9 52 56 00 0A 4B 92 56 00 08 B8 8D 56 00 03 F4 C2 56 00 FF 3D 7A 56 00 01 6D 5C 56 00 00 B4 60 56 00 FB F8 9A ...
  PARSED: 10
[14:35:34.501] TICK #29362  avail=30  bytes=772699  ON=1  ps=0  pi=5
  RAW[30]: 56 00 02 8D 64 56 00 FE 72 83 56 00 00 05 F3 56 00 04 0A A0 56 00 08 46 23 56 00 06 6D 83 
  PARSED: 6
[14:35:34.546] TICK #29363  avail=5  bytes=772729  ON=1  ps=0  pi=5
  RAW[5]: 56 00 0A 79 D7 
  PARSED: 1
[14:39:16.746] Desconectado.
