=== geophone_scope_simple log — 28-Apr-2026 16:12:25 ===
[16:12:25.794] Conectado a COM7 @ 460800 baud
[16:12:25.794] TICK #7124  avail=75  totalBytes=430549  streamON=0  parseState=0  pktIdx=5
  RAW[75]: AE 00 00 31 48 AE 00 00 31 49 AE 00 00 31 4E AE 00 00 31 4F AE 00 00 31 50 AE 00 00 31 51 AE 00 00 31 56 AE 00 00 31 57 ...
[16:12:25.843] TICK #7125  avail=95  totalBytes=430624  streamON=0  parseState=0  pktIdx=5
  RAW[95]: AE 00 00 31 67 AE 00 00 31 68 AE 00 00 31 69 AE 00 00 31 6E AE 00 00 31 6F AE 00 00 31 70 AE 00 00 31 71 AE 00 00 31 76 ...
[16:12:25.875] TICK #7126  avail=90  totalBytes=430719  streamON=0  parseState=0  pktIdx=5
  RAW[90]: AE 00 00 31 8E AE 00 00 31 8F AE 00 00 31 90 AE 00 00 31 91 AE 00 00 31 96 AE 00 00 31 97 AE 00 00 31 98 AE 00 00 31 99 ...
[16:12:25.932] TICK #7128  avail=105  totalBytes=430809  streamON=0  parseState=0  pktIdx=5
  RAW[105]: AE 00 00 31 B0 AE 00 00 31 B1 AE 00 00 31 B6 AE 00 00 31 B7 AE 00 00 31 B8 AE 00 00 31 B9 AE 00 00 31 BE AE 00 00 31 BF ...
[16:12:25.995] TICK #7130  avail=90  totalBytes=430914  streamON=0  parseState=0  pktIdx=5
  RAW[90]: AE 00 00 31 D9 AE 00 00 31 DE AE 00 00 31 DF AE 00 00 31 E0 AE 00 00 31 E1 AE 00 00 31 E6 AE 00 00 31 E7 AE 00 00 31 E8 ...
[16:12:26.027] TICK #7131  avail=90  totalBytes=431004  streamON=0  parseState=0  pktIdx=5
  RAW[90]: AE 00 00 31 FF AE 00 00 36 00 AE 00 00 36 01 AE 00 00 36 06 AE 00 00 36 07 AE 00 00 36 08 AE 00 00 36 09 AE 00 00 36 0E ...
[16:12:26.091] TICK #7133  avail=90  totalBytes=431094  streamON=0  parseState=0  pktIdx=5
  RAW[90]: AE 00 00 36 21 AE 00 00 36 26 AE 00 00 36 27 AE 00 00 36 28 AE 00 00 36 29 AE 00 00 36 2E AE 00 00 36 2F AE 00 00 36 30 ...
[16:12:26.122] TICK #7134  avail=90  totalBytes=431184  streamON=0  parseState=0  pktIdx=5
  RAW[90]: AE 00 00 36 47 AE 00 00 36 48 AE 00 00 36 49 AE 00 00 36 4E AE 00 00 36 4F AE 00 00 36 50 AE 00 00 36 51 AE 00 00 36 56 ...
[16:12:26.186] TICK #7136  avail=86  totalBytes=431274  streamON=0  parseState=0  pktIdx=5
  RAW[86]: AE 00 00 36 69 AE 00 00 36 6E AE 00 00 36 6F AE 00 00 36 70 AE 00 00 36 71 AE 00 00 36 76 AE 00 00 36 77 AE 00 00 36 78 ...
[16:12:26.218] TICK #7137  avail=89  totalBytes=431360  streamON=0  parseState=0  pktIdx=5
  RAW[89]: 00 00 36 8E AE 00 00 36 8F AE 00 00 36 90 AE 00 00 36 91 AE 00 00 36 96 AE 00 00 36 97 AE 00 00 36 98 AE 00 00 36 99 AE ...
[16:12:26.282] TICK #7139  avail=90  totalBytes=431449  streamON=0  parseState=0  pktIdx=5
  RAW[90]: AE 00 00 36 B0 AE 00 00 36 B1 AE 00 00 36 B6 AE 00 00 36 B7 AE 00 00 36 B8 AE 00 00 36 B9 AE 00 00 36 BE AE 00 00 36 BF ...
[16:12:26.313] TICK #7140  avail=90  totalBytes=431539  streamON=0  parseState=0  pktIdx=5
  RAW[90]: AE 00 00 36 D6 AE 00 00 36 D7 AE 00 00 36 D8 AE 00 00 36 D9 AE 00 00 36 DE AE 00 00 36 DF AE 00 00 36 E0 AE 00 00 36 E1 ...
[16:12:26.377] TICK #7142  avail=90  totalBytes=431629  streamON=0  parseState=0  pktIdx=5
  RAW[90]: AE 00 00 36 F8 AE 00 00 36 F9 AE 00 00 36 FE AE 00 00 36 FF AE 00 00 36 00 AE 00 00 36 01 AE 00 00 36 06 AE 00 00 36 07 ...
[16:12:26.408] TICK #7143  avail=90  totalBytes=431719  streamON=0  parseState=0  pktIdx=5
  RAW[90]: AE 00 00 36 1E AE 00 00 36 1F AE 00 00 36 20 AE 00 00 36 21 AE 00 00 36 26 AE 00 00 36 27 AE 00 00 36 28 AE 00 00 36 29 ...
[16:12:26.465] TICK #7145  avail=75  totalBytes=431809  streamON=0  parseState=0  pktIdx=5
  RAW[75]: AE 00 00 36 40 AE 00 00 36 41 AE 00 00 36 46 AE 00 00 36 47 AE 00 00 36 48 AE 00 00 36 49 AE 00 00 36 4E AE 00 00 36 4F ...
[16:12:26.490] TICK #7146  avail=65  totalBytes=431884  streamON=0  parseState=0  pktIdx=5
  RAW[65]: AE 00 00 36 5F AE 00 00 36 60 AE 00 00 36 61 AE 00 00 36 66 AE 00 00 36 67 AE 00 00 36 68 AE 00 00 36 69 AE 00 00 36 6E ...
[16:12:26.547] TICK #7148  avail=75  totalBytes=431949  streamON=0  parseState=0  pktIdx=5
  RAW[75]: AE 00 00 36 78 AE 00 00 36 79 AE 00 00 36 7E AE 00 00 36 7F AE 00 00 36 80 AE 00 00 36 81 AE 00 00 36 86 AE 00 00 36 87 ...
[16:12:26.579] TICK #7149  avail=75  totalBytes=432024  streamON=0  parseState=0  pktIdx=5
  RAW[75]: AE 00 00 36 97 AE 00 00 36 98 AE 00 00 36 99 AE 00 00 36 9E AE 00 00 36 9F AE 00 00 36 A0 AE 00 00 36 A1 AE 00 00 36 A6 ...
[16:12:26.611] TICK #7150  avail=90  totalBytes=432099  streamON=0  parseState=0  pktIdx=5
  RAW[90]: AE 00 00 36 B6 AE 00 00 36 B7 AE 00 00 36 B8 AE 00 00 36 B9 AE 00 00 36 BE AE 00 00 36 BF AE 00 00 36 C0 AE 00 00 36 C1 ...
[16:12:26.675] TICK #7152  avail=90  totalBytes=432189  streamON=0  parseState=0  pktIdx=5
  RAW[90]: AE 00 00 36 D8 AE 00 00 36 D9 AE 00 00 36 DE AE 00 00 36 DF AE 00 00 36 E0 AE 00 00 36 E1 AE 00 00 36 E6 AE 00 00 36 E7 ...
[16:12:26.706] TICK #7153  avail=90  totalBytes=432279  streamON=0  parseState=0  pktIdx=5
  RAW[90]: AE 00 00 36 FE AE 00 00 36 FF AE 00 00 37 00 AE 00 00 37 01 AE 00 00 37 06 AE 00 00 37 07 AE 00 00 37 08 AE 00 00 37 09 ...
[16:12:26.740] TICK #7154  avail=60  totalBytes=432369  streamON=0  parseState=0  pktIdx=5
  RAW[60]: AE 00 00 37 20 AE 00 00 37 21 AE 00 00 37 26 AE 00 00 37 27 AE 00 00 37 28 AE 00 00 37 29 AE 00 00 37 2E AE 00 00 37 2F ...
[16:12:26.834] Desconectado.
