=== geophone_scope_simple — 10-May-2026 22:50:28 ===
[22:50:28.515] Conectado COM6 @ 115200
[22:50:28.516] Solicitando config al PSoC (0xA5)...
[22:50:28.569] Config OK: ADC=18 bits  fs=1500 SPS  PGA code=0(1x (0x00))  Vref=±6144mV  pktsz=5  scale=7.324e-04 mV/cnt
[22:50:28.571] Servo OK: VDp=148 VDn=148 valid=1 locked=1  vent=0.20s conv=5s
[22:50:28.571] Nominal VDAC: pN=148 nN=148 ±tol=0
[22:50:28.601] TICK #2  avail=193  bytes=0  ON=0  ps=0  pi=0
  RAW[193]: 03 89 8A 56 00 03 6F 51 56 00 02 DF 59 56 00 02 FF F8 56 00 02 9A 7E 56 00 02 A3 7C 56 00 02 4E 5F 56 00 02 0A B6 56 00 ...
  PARSED: 38
[22:50:28.645] TICK #4  avail=240  bytes=193  ON=0  ps=0  pi=5
  RAW[240]: 56 00 FE B6 57 56 00 FF 17 40 56 00 FF 6D C1 56 00 FF FD ED 56 00 02 C7 9F 56 00 03 44 43 56 00 02 FE 3D 56 00 03 72 1E ...
  PARSED: 48
[22:50:28.668] TICK #5  avail=241  bytes=433  ON=0  ps=0  pi=5
  RAW[241]: 56 00 03 09 12 56 00 02 5A D0 56 00 02 42 F6 56 00 02 91 A3 56 00 02 8A DC 56 00 02 6D 0E 56 00 02 22 7B 56 00 01 C1 9B ...
  PARSED: 48
[22:50:28.711] TICK #7  avail=242  bytes=674  ON=0  ps=1  pi=1
  RAW[242]: 00 02 7F D1 56 00 02 78 37 56 00 02 E2 D8 56 00 02 A9 63 56 00 02 28 B0 56 00 FF 4C DB 56 00 FF 9D B4 56 00 FF E4 5C 56 ...
  PARSED: 48
[22:50:28.735] TICK #8  avail=242  bytes=916  ON=0  ps=1  pi=3
  RAW[242]: 9B 4B 56 00 FE 68 57 56 00 FE D0 13 56 00 FF 42 C6 56 00 FF 87 BA 56 00 01 CB 4B 56 00 02 6D 4E 56 00 02 B7 DE 56 00 03 ...
  PARSED: 49
[22:50:28.778] TICK #10  avail=244  bytes=1158  ON=0  ps=0  pi=5
  RAW[244]: 56 00 02 DD 11 56 00 02 AA FE 56 00 02 74 18 56 00 02 51 FC 56 00 02 2F 4A 56 00 02 08 E3 56 00 02 35 83 56 00 01 7F 7B ...
  PARSED: 48
[22:50:28.801] TICK #11  avail=241  bytes=1402  ON=0  ps=1  pi=4
  RAW[241]: E4 56 00 02 9B 45 56 00 02 A7 4D 56 00 02 7E 90 56 00 02 58 7A 56 00 00 92 7E 56 00 FF 44 4A 56 00 FF 63 41 56 00 FF 72 ...
  PARSED: 49
[22:50:28.844] TICK #13  avail=244  bytes=1643  ON=0  ps=0  pi=5
  RAW[244]: 56 00 FE 59 EC 56 00 FE 6F 41 56 00 FF 2F 3B 56 00 FF 7A EE 56 00 00 B1 06 56 00 02 D7 5C 56 00 02 C5 17 56 00 03 44 75 ...
  PARSED: 48
[22:50:28.866] TICK #14  avail=241  bytes=1887  ON=0  ps=1  pi=4
  RAW[241]: D0 56 00 02 B4 ED 56 00 02 95 48 56 00 02 74 ED 56 00 02 65 38 56 00 01 B6 94 56 00 01 81 24 56 00 01 73 49 56 00 01 51 ...
  PARSED: 49
[22:50:28.910] TICK #16  avail=241  bytes=2128  ON=0  ps=0  pi=5
  RAW[241]: 56 00 02 B0 71 56 00 02 7E 4D 56 00 02 C6 43 56 00 02 4E 40 56 00 00 81 F0 56 00 FE E1 97 56 00 FF 81 8E 56 00 00 12 33 ...
  PARSED: 48
[22:50:28.932] TICK #17  avail=246  bytes=2369  ON=0  ps=1  pi=1
  RAW[246]: 00 FE F8 68 56 00 FE A1 14 56 00 FE EE 1F 56 00 FF 21 1C 56 00 00 0C 95 56 00 02 5E 25 56 00 02 76 0E 56 00 02 9E 3A 56 ...
  PARSED: 49
[22:50:28.977] TICK #19  avail=243  bytes=2615  ON=0  ps=1  pi=2
  RAW[243]: 02 67 F8 56 00 02 36 0B 56 00 01 E0 AC 56 00 02 06 EC 56 00 02 10 36 56 00 01 D2 CA 56 00 01 86 E5 56 00 01 44 88 56 00 ...
  PARSED: 49
[22:50:28.999] TICK #20  avail=240  bytes=2858  ON=0  ps=0  pi=5
  RAW[240]: 56 00 02 40 5D 56 00 02 B2 6F 56 00 02 6D 42 56 00 01 8C 7A 56 00 FE CA BF 56 00 FE 8D 14 56 00 FE FA 53 56 00 FF 67 4C ...
  PARSED: 48
[22:50:29.043] TICK #22  avail=242  bytes=3098  ON=0  ps=0  pi=5
  RAW[242]: 56 00 FD F9 DB 56 00 FE 49 F0 56 00 FE A3 CE 56 00 FF 17 C8 56 00 02 17 EA 56 00 02 03 EE 56 00 02 02 69 56 00 02 13 C7 ...
  PARSED: 48
[22:50:29.085] TICK #24  avail=246  bytes=3340  ON=0  ps=1  pi=2
  RAW[246]: 02 44 09 56 00 02 0D CA 56 00 02 18 C5 56 00 02 5B 7E 56 00 02 1A 7F 56 00 01 D8 9C 56 00 01 E6 96 56 00 01 3C E0 56 00 ...
  PARSED: 49
[22:50:29.107] TICK #25  avail=242  bytes=3586  ON=0  ps=1  pi=3
  RAW[242]: 90 14 56 00 02 A5 08 56 00 02 63 D4 56 00 02 66 11 56 00 FF 7D DE 56 00 FE C9 EB 56 00 FF 5D F1 56 00 FF 90 B0 56 00 00 ...
  PARSED: 49
[22:50:29.151] TICK #27  avail=240  bytes=3828  ON=0  ps=0  pi=5
  RAW[240]: 56 00 FE 64 FC 56 00 FE D4 BC 56 00 FF 3A 1A 56 00 01 90 31 56 00 01 D3 F0 56 00 02 70 AB 56 00 02 BB 6F 56 00 02 B3 5F ...
  PARSED: 48
[22:50:29.174] TICK #28  avail=241  bytes=4068  ON=0  ps=0  pi=5
  RAW[241]: 56 00 02 A6 6D 56 00 02 34 1E 56 00 02 24 B3 56 00 02 08 94 56 00 02 18 96 56 00 01 F0 9C 56 00 01 50 31 56 00 01 30 DF ...
  PARSED: 48
[22:50:29.217] TICK #30  avail=242  bytes=4309  ON=0  ps=1  pi=1
  RAW[242]: 00 02 3F 2E 56 00 02 9D 55 56 00 02 92 72 56 00 02 5D 4C 56 00 00 56 A3 56 00 FE ED 28 56 00 FF 53 FF 56 00 FF 8F 42 56 ...
  PARSED: 48
[22:50:29.239] TICK #31  avail=244  bytes=4551  ON=0  ps=1  pi=3
  RAW[244]: 4A 2C 56 00 FE 3D 18 56 00 FE 5A 62 56 00 FE 7A 56 56 00 00 A0 2D 56 00 02 29 1D 56 00 02 75 95 56 00 02 82 52 56 00 02 ...
  PARSED: 49
[22:50:29.284] TICK #33  avail=246  bytes=4795  ON=0  ps=1  pi=2
  RAW[246]: 02 1F 5E 56 00 02 39 43 56 00 02 16 E2 56 00 01 C0 D7 56 00 01 C5 04 56 00 01 AA B2 56 00 01 76 79 56 00 01 3A 35 56 00 ...
  PARSED: 49
[22:50:29.307] TICK #34  avail=242  bytes=5041  ON=0  ps=1  pi=3
  RAW[242]: D6 39 56 00 02 6A E4 56 00 02 2B DE 56 00 02 05 DD 56 00 FE EC DB 56 00 FE A4 B2 56 00 FE C1 63 56 00 FF CB 03 56 00 01 ...
  PARSED: 49
[22:50:29.350] TICK #36  avail=241  bytes=5283  ON=0  ps=0  pi=5
  RAW[241]: 56 00 FE 4F 41 56 00 FE DB 01 56 00 FF D0 C9 56 00 02 30 0E 56 00 02 3A 18 56 00 02 0B 0D 56 00 02 55 A7 56 00 02 B5 13 ...
  PARSED: 48
[22:50:29.373] TICK #37  avail=247  bytes=5524  ON=0  ps=1  pi=1
  RAW[247]: 00 01 FA 63 56 00 01 B5 E8 56 00 01 FA 4B 56 00 01 FE AC 56 00 01 9C 80 56 00 01 39 33 56 00 00 D0 13 56 00 00 EC 62 56 ...
[22:50:29.375] HEARTBEAT bytes=5771
  PARSED: 48
[22:50:29.417] TICK #39  avail=242  bytes=5771  ON=0  ps=1  pi=3
  RAW[242]: 48 4F 56 00 02 94 E1 56 00 02 39 BF 56 00 01 E0 71 56 00 FE E2 B9 56 00 FE C9 C6 56 00 FF 5C BB 56 00 FF E5 78 56 00 01 ...
  PARSED: 49
[22:50:29.441] TICK #40  avail=242  bytes=6013  ON=0  ps=0  pi=5
  RAW[242]: 56 00 FE 30 4C 56 00 FE 71 76 56 00 FF 1E 0B 56 00 02 09 BB 56 00 02 88 FE 56 00 02 2B 9C 56 00 02 87 76 56 00 02 B1 1F ...
  PARSED: 48
[22:50:29.484] TICK #42  avail=242  bytes=6255  ON=0  ps=1  pi=2
  RAW[242]: 02 48 81 56 00 01 C8 D0 56 00 01 F1 58 56 00 02 0A E4 56 00 01 82 98 56 00 01 6C 6D 56 00 01 22 CA 56 00 01 25 A7 56 00 ...
  PARSED: 48
[22:50:29.507] TICK #43  avail=243  bytes=6497  ON=0  ps=1  pi=4
  RAW[243]: DE 56 00 02 60 74 56 00 02 25 F0 56 00 02 58 60 56 00 FF 2D DC 56 00 FE A5 FE 56 00 FF 26 43 56 00 FF 99 79 56 00 01 04 ...
  PARSED: 49
[22:50:29.552] TICK #45  avail=242  bytes=6740  ON=0  ps=1  pi=2
  RAW[242]: FD E9 FB 56 00 FE A0 8F 56 00 FE E9 03 56 00 01 3B C5 56 00 02 51 2D 56 00 02 7A 66 56 00 02 DA 53 56 00 02 A1 73 56 00 ...
  PARSED: 48
[22:50:29.575] TICK #46  avail=242  bytes=6982  ON=0  ps=1  pi=4
  RAW[242]: 53 56 00 01 AD FE 56 00 01 F6 D1 56 00 01 CB 50 56 00 01 F4 91 56 00 01 AE 6B 56 00 01 64 E3 56 00 01 0E 2F 56 00 00 B9 ...
  PARSED: 49
[22:50:29.619] TICK #48  avail=242  bytes=7224  ON=0  ps=1  pi=1
  RAW[242]: 00 02 63 17 56 00 02 91 A8 56 00 01 E3 D9 56 00 00 DA 17 56 00 FE A1 3C 56 00 FE E5 FA 56 00 FF 60 47 56 00 00 7A F6 56 ...
  PARSED: 48
[22:50:29.641] TICK #49  avail=242  bytes=7466  ON=0  ps=1  pi=3
  RAW[242]: 6D 65 56 00 FE F6 6A 56 00 FF 3D 7D 56 00 01 26 AE 56 00 02 3D C0 56 00 02 32 24 56 00 02 3C 77 56 00 02 AD 4B 56 00 02 ...
  PARSED: 49
[22:50:29.664] TICK #50  avail=0  bytes=7708  ON=0  ps=0  pi=5
[22:50:29.685] TICK #51  avail=245  bytes=7708  ON=0  ps=0  pi=5
  RAW[245]: 56 00 01 C8 DD 56 00 02 27 93 56 00 02 AE CA 56 00 02 90 81 56 00 02 10 09 56 00 01 B8 CF 56 00 01 60 48 56 00 01 45 F3 ...
  PARSED: 49
[22:50:29.708] TICK #52  avail=246  bytes=7953  ON=0  ps=0  pi=5
  RAW[246]: 56 00 02 88 36 56 00 02 3D 6B 56 00 01 11 95 56 00 FE E0 03 56 00 FF 3A 30 56 00 FF 81 45 56 00 FF FE 1B 56 00 01 B4 02 ...
  PARSED: 49
[22:50:29.753] TICK #54  avail=242  bytes=8199  ON=0  ps=1  pi=1
  RAW[242]: 00 FE 99 72 56 00 FF A4 27 56 00 02 1F CB 56 00 02 19 75 56 00 02 5A 05 56 00 02 62 6B 56 00 02 65 7A 56 00 02 82 EF 56 ...
  PARSED: 48
[22:50:29.776] TICK #55  avail=246  bytes=8441  ON=0  ps=1  pi=3
  RAW[246]: F7 E2 56 00 02 17 DC 56 00 02 04 52 56 00 01 A5 A6 56 00 01 AD 65 56 00 01 2C 8E 56 00 01 60 30 56 00 FF C5 5D 56 00 FE ...
  PARSED: 49
[22:50:29.820] TICK #57  avail=241  bytes=8687  ON=0  ps=1  pi=4
  RAW[241]: F9 56 00 01 E3 B2 56 00 FF 08 18 56 00 FE BC CD 56 00 FE F5 73 56 00 FF 5F 32 56 00 01 3A AA 56 00 02 55 CF 56 00 02 54 ...
  PARSED: 49
[22:50:29.844] TICK #58  avail=240  bytes=8928  ON=0  ps=0  pi=5
  RAW[240]: 56 00 FF 1D 2D 56 00 01 AE F4 56 00 02 52 E2 56 00 02 44 CD 56 00 02 7C 2A 56 00 02 A8 DE 56 00 02 45 E6 56 00 02 5C 6A ...
  PARSED: 48
[22:50:29.887] TICK #60  avail=240  bytes=9168  ON=0  ps=0  pi=5
  RAW[240]: 56 00 01 78 8E 56 00 01 A8 6E 56 00 01 78 8A 56 00 02 02 9C 56 00 01 8A 03 56 00 01 65 26 56 00 00 86 8A 56 00 FD FC C3 ...
  PARSED: 48
[22:50:29.909] TICK #61  avail=245  bytes=9408  ON=0  ps=0  pi=5
  RAW[245]: 56 00 02 77 B8 56 00 02 81 CA 56 00 00 10 48 56 00 FE F3 C8 56 00 FE FE 02 56 00 FF 5C 85 56 00 01 25 AC 56 00 02 6C CF ...
  PARSED: 49
[22:50:29.953] TICK #63  avail=243  bytes=9653  ON=0  ps=0  pi=5
  RAW[243]: 56 00 FF 3A FD 56 00 01 3B C6 56 00 02 43 34 56 00 02 89 E4 56 00 02 8F 1B 56 00 02 C9 9D 56 00 02 80 23 56 00 02 4E CC ...
  PARSED: 48
[22:50:29.976] TICK #64  avail=244  bytes=9896  ON=0  ps=1  pi=3
  RAW[244]: 19 22 56 00 02 0D 3A 56 00 02 02 57 56 00 02 00 5E 56 00 01 18 E2 56 00 01 03 5A 56 00 01 04 AD 56 00 FE 19 FA 56 00 FE ...
  PARSED: 49
[22:50:30.020] TICK #66  avail=243  bytes=10140  ON=0  ps=1  pi=2
  RAW[243]: 02 A3 14 56 00 00 E5 00 56 00 FE F5 3F 56 00 FF 70 E9 56 00 FF 34 9A 56 00 00 11 1E 56 00 02 26 ED 56 00 02 73 65 56 00 ...
  PARSED: 49
[22:50:30.044] TICK #67  avail=245  bytes=10383  ON=0  ps=0  pi=5
  RAW[245]: 56 00 01 23 A9 56 00 02 7E 43 56 00 02 8C E4 56 00 02 69 1E 56 00 02 CB A4 56 00 02 9D E5 56 00 02 95 49 56 00 02 79 40 ...
  PARSED: 49
[22:50:30.087] TICK #69  avail=241  bytes=10628  ON=0  ps=0  pi=5
  RAW[241]: 56 00 02 1E 37 56 00 02 24 21 56 00 01 DD D1 56 00 01 7F 7A 56 00 01 91 8A 56 00 FE 96 15 56 00 FD FA 02 56 00 FE 8D 7F ...
  PARSED: 48
[22:50:30.110] TICK #70  avail=244  bytes=10869  ON=0  ps=1  pi=1
  RAW[244]: 00 01 73 4D 56 00 FE FF 1F 56 00 FF 0F 37 56 00 FF 34 2A 56 00 FF E2 74 56 00 02 0A 57 56 00 02 6A C1 56 00 02 41 76 56 ...
  PARSED: 49
[22:50:30.155] TICK #72  avail=240  bytes=11113  ON=0  ps=0  pi=5
  RAW[240]: 56 00 01 D9 71 56 00 02 20 6A 56 00 02 2F DA 56 00 02 A1 1C 56 00 02 91 68 56 00 02 CD DF 56 00 02 E5 38 56 00 02 E7 94 ...
  PARSED: 48
[22:50:30.177] TICK #73  avail=245  bytes=11353  ON=0  ps=0  pi=5
  RAW[245]: 56 00 01 B8 70 56 00 01 BF C1 56 00 01 FF 12 56 00 01 DB AE 56 00 01 C0 8F 56 00 FF A7 E1 56 00 FE 48 99 56 00 FE BF E1 ...
  PARSED: 49
[22:50:30.222] TICK #75  avail=240  bytes=11598  ON=0  ps=0  pi=5
  RAW[240]: 56 00 FF 0B 90 56 00 FF 12 BB 56 00 FF 3F DC 56 00 FF 8F 47 56 00 01 4D 91 56 00 02 6A BE 56 00 02 34 1C 56 00 01 A8 74 ...
  PARSED: 48
[22:50:30.244] TICK #76  avail=244  bytes=11838  ON=0  ps=0  pi=5
  RAW[244]: 56 00 02 07 3E 56 00 02 7E 3A 56 00 02 72 B9 56 00 02 95 EC 56 00 02 5C C2 56 00 02 C7 86 56 00 02 D0 A1 56 00 02 E7 EA ...
  PARSED: 48
[22:50:30.287] TICK #78  avail=242  bytes=12082  ON=0  ps=1  pi=4
  RAW[242]: 83 56 00 01 E6 04 56 00 01 AF 02 56 00 01 67 7A 56 00 01 84 B5 56 00 00 55 E9 56 00 FE 19 38 56 00 FE CF E7 56 00 FF 02 ...
  PARSED: 49
[22:50:30.311] TICK #79  avail=244  bytes=12324  ON=0  ps=1  pi=1
  RAW[244]: 00 00 54 B1 56 00 FE EE 93 56 00 FF 16 F2 56 00 FF 3E 42 56 00 00 F4 A0 56 00 02 84 2E 56 00 02 73 9D 56 00 02 20 D5 56 ...
  PARSED: 49
[22:50:30.355] TICK #81  avail=240  bytes=12568  ON=0  ps=0  pi=5
  RAW[240]: 56 00 02 24 E5 56 00 02 59 43 56 00 02 54 BC 56 00 02 79 FF 56 00 02 7B 85 56 00 02 1C 7F 56 00 02 C0 DF 56 00 02 85 23 ...
  PARSED: 48
[22:50:30.377] TICK #82  avail=241  bytes=12808  ON=0  ps=0  pi=5
  RAW[241]: 56 00 01 FD 7C 56 00 02 16 F4 56 00 01 18 42 56 00 01 2E B5 56 00 01 2A F4 56 00 FE 20 CA 56 00 FE 54 87 56 00 FF 01 2A ...
  PARSED: 48
[22:50:30.421] TICK #84  avail=244  bytes=13049  ON=0  ps=1  pi=1
  RAW[244]: 00 00 BC AE 56 00 FE DD 51 56 00 FF 12 D0 56 00 FF 84 81 56 00 00 84 DA 56 00 02 68 FD 56 00 02 A0 5D 56 00 02 31 C8 56 ...
  PARSED: 49
[22:50:30.445] TICK #85  avail=240  bytes=13293  ON=0  ps=0  pi=5
  RAW[240]: 56 00 02 1C 63 56 00 02 2E DA 56 00 02 85 80 56 00 02 54 49 56 00 02 3B 7F 56 00 02 5D 5D 56 00 02 70 80 56 00 02 6C E4 ...
  PARSED: 48
[22:50:30.468] TICK #86  avail=241  bytes=13533  ON=0  ps=0  pi=5
  RAW[241]: 56 00 01 BF 2E 56 00 01 EF ED 56 00 01 A4 24 56 00 01 4B 85 56 00 01 29 1A 56 00 FE 6F 9E 56 00 FE 2C 34 56 00 FE 97 6E ...
  PARSED: 48
[22:50:30.512] TICK #88  avail=244  bytes=13774  ON=0  ps=1  pi=1
  RAW[244]: 00 00 D1 C1 56 00 FE B8 0D 56 00 FF 29 3B 56 00 FF B3 73 56 00 00 19 FD 56 00 01 E3 61 56 00 02 80 EC 56 00 02 4A 9C 56 ...
  PARSED: 49
[22:50:30.535] TICK #89  avail=240  bytes=14018  ON=0  ps=0  pi=5
  RAW[240]: 56 00 02 04 5B 56 00 02 00 3D 56 00 02 53 0E 56 00 02 5F 5E 56 00 01 FA 68 56 00 02 6D 36 56 00 02 C5 46 56 00 02 90 7E ...
  PARSED: 48
[22:50:30.580] TICK #91  avail=242  bytes=14258  ON=0  ps=0  pi=5
  RAW[242]: 56 00 01 A9 4E 56 00 01 F1 C6 56 00 01 58 4D 56 00 01 4B 42 56 00 01 72 1D 56 00 FF 70 C4 56 00 FE 19 7F 56 00 FE CE 28 ...
  PARSED: 48
[22:50:30.602] TICK #92  avail=242  bytes=14500  ON=0  ps=1  pi=2
  RAW[242]: 01 D1 F8 56 00 FE DB BD 56 00 FE F4 06 56 00 FF 63 3F 56 00 FF 93 EA 56 00 01 A3 18 56 00 02 BC A2 56 00 01 D5 EE 56 00 ...
  PARSED: 48
[22:50:30.645] TICK #94  avail=241  bytes=14742  ON=0  ps=1  pi=4
  RAW[241]: F2 56 00 02 35 34 56 00 02 A6 69 56 00 02 C1 DF 56 00 02 AD EA 56 00 02 74 2E 56 00 02 82 3D 56 00 02 62 CA 56 00 02 D3 ...
  PARSED: 49
[22:50:30.669] TICK #95  avail=244  bytes=14983  ON=0  ps=0  pi=5
  RAW[244]: 56 00 01 DB 63 56 00 01 FD 0D 56 00 02 2E 1B 56 00 01 D3 96 56 00 01 9C 58 56 00 00 7F D1 56 00 FE 33 BE 56 00 FE 5D A6 ...
  PARSED: 48
[22:50:30.676] Servo → PSoC: vent=0.20s→300samp  umbral=100.00mV→65535cnt  conv=5s  pN=148 nN=148 ±tol=0
[22:50:30.680] Servo → PSoC: vent=0.20s→300samp  umbral=100.00mV→65535cnt  conv=5s  pN=148 nN=148 ±tol=0
[22:50:31.040] Servo OK: vent=0.20s umbral=100.00mV conv=5s pN=148 nN=148 ±tol=0 | VDp=148 VDn=148 LOCKED
[22:50:31.343] Servo OK: vent=0.20s umbral=100.00mV conv=5s pN=148 nN=148 ±tol=0 | VDp=148 VDn=148 LOCKED
[22:50:31.370] TICK #97  avail=181  bytes=15227  ON=0  ps=0  pi=4
  RAW[181]: 00 02 7D B0 56 00 01 D1 94 56 00 02 2F 59 56 00 02 80 1C 56 00 01 05 2E 56 00 FE E0 F7 56 00 FF 5B AF 56 00 FF 62 3E 56 ...
  PARSED: 35
[22:50:31.415] TICK #99  avail=242  bytes=15408  ON=0  ps=1  pi=2
  RAW[242]: FF 32 79 56 00 FF 95 C0 56 00 01 86 1C 56 00 02 63 9D 56 00 01 CF 35 56 00 01 B6 24 56 00 02 01 1C 56 00 01 A7 B5 56 00 ...
  PARSED: 48
[22:50:31.438] TICK #100  avail=246  bytes=15650  ON=0  ps=1  pi=4
  RAW[246]: A6 56 00 02 2F D9 56 00 02 7D A7 56 00 02 81 49 56 00 02 2F 67 56 00 02 8C 01 56 00 02 2F 8A 56 00 01 E8 06 56 00 FF 44 ...
[22:50:31.439] HEARTBEAT bytes=15896
  PARSED: 49
[22:50:31.481] TICK #102  avail=247  bytes=15896  ON=0  ps=0  pi=5
  RAW[247]: 56 00 01 49 BA 56 04 94 94 02 56 00 00 FC EA 56 00 FF FD 78 56 00 FD F9 94 56 00 FE B6 F1 56 00 FE F6 25 56 00 FF 4E F4 ...
  PARSED: 48
[22:50:31.505] TICK #103  avail=242  bytes=16143  ON=0  ps=1  pi=2
  RAW[242]: FF 64 BD 56 00 FF F3 03 56 00 01 7E 2B 56 00 02 17 C5 56 00 01 C1 8B 56 00 01 E2 34 56 00 02 4F 73 56 00 01 F3 78 56 00 ...
  PARSED: 48
[22:50:31.550] TICK #105  avail=241  bytes=16385  ON=0  ps=1  pi=4
  RAW[241]: 8B 56 00 02 8B 51 56 00 02 99 FE 56 00 02 A5 11 56 00 02 A9 44 56 00 02 B9 C9 56 00 02 8A 6C 56 00 02 05 FD 56 00 FF 89 ...
  PARSED: 49
[22:50:31.572] TICK #106  avail=240  bytes=16626  ON=0  ps=0  pi=5
  RAW[240]: 56 00 01 76 C4 56 00 01 45 78 56 00 00 67 98 56 00 FE 3B 75 56 00 FE C2 F5 56 00 FF 23 96 56 00 FF 49 43 56 00 01 7E AD ...
  PARSED: 48
[22:50:31.615] TICK #108  avail=242  bytes=16866  ON=0  ps=0  pi=5
  RAW[242]: 56 00 FF 6A 7D 56 00 FF 8D 00 56 00 00 8F 4D 56 00 02 6C 44 56 00 02 92 31 56 00 02 32 5A 56 00 01 E2 7F 56 00 01 E2 06 ...
  PARSED: 48
[22:50:31.639] TICK #109  avail=243  bytes=17108  ON=0  ps=1  pi=2
  RAW[243]: 02 7F D9 56 00 02 C9 11 56 00 02 B6 0E 56 00 02 5C 46 56 00 02 64 B7 56 00 02 D5 1A 56 00 02 75 03 56 00 02 7C 74 56 00 ...
  PARSED: 49
[22:50:31.682] TICK #111  avail=241  bytes=17351  ON=0  ps=0  pi=5
  RAW[241]: 56 00 01 6A A5 56 00 00 FE 61 56 00 00 C6 AE 56 00 FE 15 A7 56 00 FE 79 06 56 00 FE F7 20 56 00 FF 3F 0B 56 00 00 9F D5 ...
  PARSED: 48
[22:50:31.704] TICK #112  avail=242  bytes=17592  ON=0  ps=1  pi=1
  RAW[242]: 00 FF 16 B5 56 00 FF 67 75 56 00 FF A3 26 56 00 01 C7 E8 56 00 02 38 47 56 00 01 EF C6 56 00 01 FB 86 56 00 01 D9 AB 56 ...
  PARSED: 48
[22:50:31.747] TICK #114  avail=242  bytes=17834  ON=0  ps=1  pi=3
  RAW[242]: 72 09 56 00 02 60 28 56 00 02 7F 5D 56 00 02 6C 33 56 00 02 3F 5A 56 00 02 3F 71 56 00 02 82 7E 56 00 02 5E 00 56 00 01 ...
  PARSED: 49
[22:50:31.769] TICK #115  avail=240  bytes=18076  ON=0  ps=0  pi=5
  RAW[240]: 56 00 01 DA 26 56 00 01 AC 8E 56 00 01 D9 72 56 00 FF 21 97 56 00 FE C1 0F 56 00 FE FF 3F 56 00 FF 55 72 56 00 00 BF 00 ...
  PARSED: 48
[22:50:31.827] TICK #117  avail=241  bytes=18316  ON=0  ps=0  pi=5
  RAW[241]: 56 00 00 03 52 56 00 00 5C BD 56 00 00 EB 69 56 00 03 03 5B 56 00 03 72 B7 56 00 03 0C 5A 56 00 03 14 AF 56 00 02 D3 30 ...
  PARSED: 48
[22:50:31.878] TICK #118  avail=487  bytes=18557  ON=0  ps=1  pi=1
  RAW[400]: 00 03 C4 BC 56 00 03 BC 63 56 00 03 B0 3F 56 00 03 BA 78 56 00 03 7B 5F 56 00 03 5E 7B 56 00 04 2C 55 56 00 03 BC A2 56 ...
  PARSED: 80
[22:50:31.900] TICK #119  avail=87  bytes=18957  ON=0  ps=1  pi=1
  RAW[87]: 00 02 29 34 56 00 00 D0 96 56 00 FE 7F 82 56 00 FF 0C 43 56 00 FF 49 76 56 00 00 4A A6 56 00 02 8D 1A 56 00 03 01 79 56 ...
  PARSED: 17
[22:50:31.923] TICK #120  avail=242  bytes=19044  ON=0  ps=1  pi=3
  RAW[242]: 99 2A 56 00 FF FE 08 56 00 00 2E 28 56 00 02 44 3B 56 00 03 4D F7 56 00 03 21 8F 56 00 02 9F BE 56 00 02 6C 90 56 00 02 ...
  PARSED: 49
[22:50:31.945] TICK #121  avail=246  bytes=19286  ON=0  ps=0  pi=5
  RAW[246]: 56 00 02 BA E4 56 00 03 53 DB 56 00 03 2B 82 56 00 02 F0 C0 56 00 02 CB 11 56 00 03 1E D2 56 00 02 F4 F1 56 00 02 88 3E ...
  PARSED: 49
[22:50:31.989] TICK #123  avail=244  bytes=19532  ON=0  ps=1  pi=1
  RAW[244]: 00 01 EF 80 56 00 01 C7 96 56 00 01 55 06 56 00 FE 2C 0A 56 00 FE 55 C4 56 00 FE E9 16 56 00 FF 25 88 56 00 02 0C 9C 56 ...
  PARSED: 49
[22:50:32.012] TICK #124  avail=242  bytes=19776  ON=0  ps=0  pi=5
  RAW[242]: 56 00 FF 9F 21 56 00 00 FD D8 56 00 02 A4 21 56 00 02 C8 CA 56 00 02 54 D0 56 00 02 0E 06 56 00 01 FD 02 56 00 01 CA E4 ...
  PARSED: 48
[22:50:32.056] TICK #126  avail=242  bytes=20018  ON=0  ps=1  pi=2
  RAW[242]: 02 BB AC 56 00 02 EC C6 56 00 02 DF FC 56 00 02 A0 BD 56 00 02 B3 F8 56 00 02 A1 B6 56 00 02 69 0A 56 00 00 11 0E 56 00 ...
  PARSED: 48
[22:50:32.078] TICK #127  avail=241  bytes=20260  ON=0  ps=1  pi=4
  RAW[241]: 6C 56 00 01 94 64 56 00 02 1D F4 56 00 FE FF 68 56 00 FE A0 58 56 00 FF 2D B1 56 00 FF 68 37 56 00 01 BB E3 56 00 03 15 ...
  PARSED: 49
[22:50:32.122] TICK #129  avail=242  bytes=20501  ON=0  ps=0  pi=5
  RAW[242]: 56 00 FE B8 82 56 00 00 3C EF 56 00 02 49 23 56 00 02 37 44 56 00 02 4F F0 56 00 02 15 19 56 00 02 27 89 56 00 02 0A FC ...
  PARSED: 48
[22:50:32.145] TICK #130  avail=242  bytes=20743  ON=0  ps=1  pi=2
  RAW[242]: 03 41 76 56 00 03 21 9E 56 00 03 16 76 56 00 03 0A E1 56 00 02 ED 3A 56 00 03 43 00 56 00 02 F5 0A 56 00 01 7E 21 56 00 ...
  PARSED: 48
[22:50:32.188] TICK #132  avail=241  bytes=20985  ON=0  ps=1  pi=4
  RAW[241]: 15 56 00 00 D0 B5 56 00 00 BE 34 56 00 FE 13 8D 56 00 FD 5F D2 56 00 FE 08 CD 56 00 FE 6C F7 56 00 FF E6 A9 56 00 01 CB ...
  PARSED: 49
[22:50:32.212] TICK #133  avail=245  bytes=21226  ON=0  ps=0  pi=5
  RAW[245]: 56 00 FE 24 18 56 00 FE 99 A7 56 00 00 EF FE 56 00 01 3C DC 56 00 01 32 86 56 00 01 0E A2 56 00 00 AE 8F 56 00 00 D9 43 ...
  PARSED: 49
[22:50:32.255] TICK #135  avail=240  bytes=21471  ON=0  ps=0  pi=5
  RAW[240]: 56 00 01 9E 6F 56 00 01 BD 34 56 00 01 59 5A 56 00 01 56 AE 56 00 01 A1 F8 56 00 01 35 F2 56 00 00 55 53 56 00 FD 7B FE ...
  PARSED: 48
[22:50:32.278] TICK #136  avail=243  bytes=21711  ON=0  ps=0  pi=5
  RAW[243]: 56 00 00 04 9E 56 00 00 19 C0 56 00 FE 6D 04 56 00 FD 37 E9 56 00 FD A9 95 56 00 FE 36 D6 56 00 FF 08 4C 56 00 01 48 7B ...
  PARSED: 48
[22:50:32.323] TICK #138  avail=242  bytes=21954  ON=0  ps=1  pi=3
  RAW[242]: F7 FD 56 00 FF 46 8A 56 00 01 22 C0 56 00 02 30 FE 56 00 01 91 51 56 00 01 95 99 56 00 01 95 E3 56 00 01 75 EB 56 00 00 ...
  PARSED: 49
[22:50:32.345] TICK #139  avail=242  bytes=22196  ON=0  ps=0  pi=5
  RAW[242]: 56 00 02 5D 9B 56 00 02 83 24 56 00 02 01 0F 56 00 01 C7 DA 56 00 02 09 D0 56 00 01 E7 8E 56 00 01 90 23 56 00 FE E0 54 ...
  PARSED: 48
[22:50:32.388] TICK #141  avail=243  bytes=22438  ON=0  ps=1  pi=2
  RAW[243]: 00 D0 69 56 00 00 C0 17 56 00 FF E0 20 56 00 FD B1 4F 56 00 FE 31 55 56 00 FE D9 ED 56 00 FF 0D 41 56 00 01 A9 7D 56 00 ...
  PARSED: 49
[22:50:32.411] TICK #142  avail=240  bytes=22681  ON=0  ps=0  pi=5
  RAW[240]: 56 00 FF E7 B1 56 00 01 0C F5 56 00 03 01 D2 56 00 02 89 FE 56 00 02 41 D5 56 00 02 66 12 56 00 02 18 41 56 00 01 9B D6 ...
  PARSED: 48
[22:50:32.456] TICK #144  avail=242  bytes=22921  ON=0  ps=0  pi=5
  RAW[242]: 56 00 02 B5 06 56 00 02 F6 28 56 00 02 70 71 56 00 01 F4 A2 56 00 02 4E DA 56 00 02 9F 77 56 00 02 12 14 56 00 FF 93 A8 ...
  PARSED: 48
[22:50:32.478] TICK #145  avail=242  bytes=23163  ON=0  ps=1  pi=2
  RAW[242]: 01 49 1F 56 00 01 49 F9 56 00 00 EC 0C 56 00 FD D2 E1 56 00 FD FE A4 56 00 FE 5E 35 56 00 FE FE A5 56 00 00 DC D5 56 00 ...
  PARSED: 48
[22:50:32.521] TICK #147  avail=241  bytes=23405  ON=0  ps=1  pi=4
  RAW[241]: 2C 56 00 FF D8 B7 56 00 00 9B 7D 56 00 02 D5 D5 56 00 02 B6 E2 56 00 02 32 C7 56 00 02 02 7C 56 00 01 D7 70 56 00 01 AB ...
  PARSED: 49
[22:50:32.544] TICK #148  avail=242  bytes=23646  ON=0  ps=0  pi=5
  RAW[242]: 56 00 02 A0 93 56 00 02 92 A4 56 00 02 2B B3 56 00 02 4D AB 56 00 02 80 64 56 00 02 87 94 56 00 02 2D 0E 56 00 00 C7 78 ...
  PARSED: 48
[22:50:32.587] TICK #150  avail=242  bytes=23888  ON=0  ps=1  pi=2
  RAW[242]: 01 18 B3 56 00 01 1F A6 56 00 01 83 3C 56 00 FE 70 FC 56 00 FE 50 49 56 00 FE B5 DC 56 00 FF 0B 15 56 00 00 C4 14 56 00 ...
  PARSED: 48
[22:50:32.609] TICK #151  avail=241  bytes=24130  ON=0  ps=1  pi=4
  RAW[241]: 4F 56 00 FF A8 69 56 00 00 05 4F 56 00 01 CD 13 56 00 02 4C 02 56 00 01 DD 48 56 00 01 D8 EB 56 00 02 56 F0 56 00 02 03 ...
  PARSED: 49
[22:50:32.652] TICK #153  avail=240  bytes=24371  ON=0  ps=0  pi=5
  RAW[240]: 56 00 02 CC 22 56 00 02 67 40 56 00 02 56 27 56 00 02 24 1C 56 00 02 4F 3B 56 00 02 BE 70 56 00 02 62 DB 56 00 01 C6 85 ...
  PARSED: 48
[22:50:32.674] TICK #154  avail=242  bytes=24611  ON=0  ps=0  pi=5
  RAW[242]: 56 00 01 F3 E9 56 00 01 13 EA 56 00 01 5B 20 56 00 FF 50 AF 56 00 FE 82 48 56 00 FE CF E4 56 00 FF 16 A0 56 00 FF E1 A2 ...
  PARSED: 48
[22:50:32.718] TICK #156  avail=242  bytes=24853  ON=0  ps=1  pi=2
  RAW[242]: FE FB 4B 56 00 FF C6 C2 56 00 FF FB D0 56 00 01 DE D2 56 00 03 16 70 56 00 02 F1 5B 56 00 02 4C 5E 56 00 02 92 06 56 00 ...
  PARSED: 48
[22:50:32.740] TICK #157  avail=241  bytes=25095  ON=0  ps=1  pi=4
  RAW[241]: D0 56 00 02 A8 99 56 00 03 1A B5 56 00 02 84 C0 56 00 02 79 3B 56 00 02 37 57 56 00 02 AA 35 56 00 02 8A 80 56 00 02 02 ...
  PARSED: 49
[22:50:32.783] TICK #159  avail=240  bytes=25336  ON=0  ps=0  pi=5
  RAW[240]: 56 00 01 4D CF 56 00 01 11 54 56 00 01 55 15 56 00 FF B4 4A 56 00 FD EB 70 56 00 FE 8A 66 56 00 FF 08 E2 56 00 FF 3C 95 ...
  PARSED: 48
[22:50:32.805] TICK #160  avail=245  bytes=25576  ON=0  ps=0  pi=5
  RAW[245]: 56 00 FF 13 BE 56 00 FF 83 A4 56 00 FF A7 21 56 00 01 49 16 56 00 02 77 64 56 00 02 0C 35 56 00 02 50 04 56 00 02 3A 8D ...
  PARSED: 49
[22:50:32.849] TICK #162  avail=240  bytes=25821  ON=0  ps=0  pi=5
  RAW[240]: 56 00 02 0C C5 56 00 02 98 0C 56 00 02 60 BC 56 00 02 5B A6 56 00 02 27 B3 56 00 02 8E EB 56 00 02 92 EF 56 00 02 45 6C ...
  PARSED: 48
[22:50:32.871] TICK #163  avail=245  bytes=26061  ON=0  ps=0  pi=5
  RAW[245]: 56 00 01 DB E4 56 00 01 1F 7A 56 00 00 F6 21 56 00 00 2C C6 56 00 FD F3 82 56 00 FE 63 D1 56 00 FE C4 56 56 00 FF 33 23 ...
  PARSED: 49
[22:50:32.916] TICK #165  avail=240  bytes=26306  ON=0  ps=0  pi=5
  RAW[240]: 56 00 FF 0F 46 56 00 FF 70 99 56 00 00 68 E9 56 00 02 37 6F 56 00 02 04 87 56 00 01 8B 6C 56 00 01 AB F0 56 00 01 AC 1F ...
  PARSED: 48
[22:50:32.938] TICK #166  avail=245  bytes=26546  ON=0  ps=0  pi=5
  RAW[245]: 56 00 02 69 7D 56 00 02 BE 73 56 00 02 AB 41 56 00 02 96 2B 56 00 02 4F 5F 56 00 02 7B 57 56 00 02 7C 36 56 00 02 30 40 ...
  PARSED: 49
[22:50:32.981] TICK #168  avail=240  bytes=26791  ON=0  ps=0  pi=5
  RAW[240]: 56 00 00 DB 87 56 00 00 A6 4E 56 00 00 69 FE 56 00 FD CC E0 56 00 FD F2 3A 56 00 FE 8C 7C 56 00 FE 98 F9 56 00 00 45 6E ...
  PARSED: 48
[22:50:33.004] TICK #169  avail=245  bytes=27031  ON=0  ps=0  pi=5
  RAW[245]: 56 00 FF 00 CB 56 00 FF 2F DD 56 00 FF E5 66 56 00 01 FB 6B 56 00 02 3D 1F 56 00 01 A4 60 56 00 02 35 42 56 00 01 DF 4B ...
  PARSED: 49
[22:50:33.047] TICK #171  avail=240  bytes=27276  ON=0  ps=0  pi=5
  RAW[240]: 56 00 02 71 7C 56 00 02 46 1E 56 00 02 23 AC 56 00 01 FB B5 56 00 02 1C 9B 56 00 02 69 8B 56 00 02 5B 4F 56 00 01 16 8D ...
  PARSED: 48
[22:50:33.070] TICK #172  avail=242  bytes=27516  ON=0  ps=0  pi=5
  RAW[242]: 56 00 01 84 88 56 00 01 00 0A 56 00 00 EF 91 56 00 FE 3A DC 56 00 FD F9 2E 56 00 FE 76 F4 56 00 FE D6 F7 56 00 FF 88 8C ...
  PARSED: 48
[22:50:33.115] TICK #174  avail=244  bytes=27758  ON=0  ps=1  pi=2
  RAW[244]: FF 29 D6 56 00 FF 7A 23 56 00 FF C1 78 56 00 01 C2 8A 56 00 02 8D 35 56 00 02 41 0E 56 00 02 16 00 56 00 01 B1 FA 56 00 ...
  PARSED: 49
[22:50:33.138] TICK #175  avail=240  bytes=28002  ON=0  ps=1  pi=1
  RAW[240]: 00 02 A4 61 56 00 02 BA 27 56 00 02 D3 B2 56 00 02 5B E1 56 00 02 17 A9 56 00 02 59 33 56 00 02 1D FC 56 00 01 7D 0B 56 ...
  PARSED: 48
[22:50:33.181] TICK #177  avail=239  bytes=28242  ON=0  ps=1  pi=1
  RAW[239]: 00 01 77 BD 56 00 01 0D 29 56 00 01 11 F3 56 00 FF 3A 73 56 00 FD E7 F0 56 00 FE 69 6A 56 00 FE D3 E4 56 00 FF 4C 63 56 ...
  PARSED: 48
[22:50:33.203] TICK #178  avail=244  bytes=28481  ON=0  ps=0  pi=5
  RAW[244]: 56 00 FE D6 47 56 00 FF 33 63 56 00 FF 91 0F 56 00 01 29 17 56 00 02 3D F3 56 00 01 DB 4D 56 00 02 0D 02 56 00 02 69 E6 ...
  PARSED: 48
[22:50:33.247] TICK #180  avail=241  bytes=28725  ON=0  ps=1  pi=4
  RAW[241]: 0E 56 00 01 ED 7C 56 00 02 6C 3D 56 00 02 4A 7E 56 00 02 77 6B 56 00 02 10 56 56 00 02 74 01 56 00 01 FD 77 56 00 01 5A ...
  PARSED: 49
[22:50:33.270] TICK #181  avail=240  bytes=28966  ON=0  ps=0  pi=5
  RAW[240]: 56 00 01 7E 7F 56 00 00 ED 14 56 00 00 D7 9A 56 00 FF 8F FE 56 00 FD EC 6E 56 00 FE 6A 47 56 00 FE E5 6D 56 00 FF 3C 0A ...
  PARSED: 48
[22:50:33.313] TICK #183  avail=242  bytes=29206  ON=0  ps=0  pi=5
  RAW[242]: 56 00 FE EA DC 56 00 FE F9 69 56 00 FF 37 09 56 00 00 6B B8 56 00 02 66 1F 56 00 01 FD 34 56 00 01 F3 D6 56 00 02 29 C7 ...
  PARSED: 48
[22:50:33.335] TICK #184  avail=242  bytes=29448  ON=0  ps=1  pi=2
  RAW[242]: 01 D6 5E 56 00 02 65 01 56 00 02 D3 74 56 00 02 98 71 56 00 02 8E C6 56 00 02 3B 1C 56 00 02 7F 7F 56 00 02 33 73 56 00 ...
  PARSED: 48
[22:50:33.379] TICK #186  avail=244  bytes=29690  ON=0  ps=1  pi=4
  RAW[244]: 38 56 00 01 92 EE 56 00 00 F9 17 56 00 00 DD 87 56 00 00 40 26 56 00 FE 02 02 56 00 FE 63 84 56 00 FE 9D D8 56 00 FE B8 ...
  PARSED: 49
[22:50:33.401] TICK #187  avail=242  bytes=29934  ON=0  ps=1  pi=3
  RAW[242]: 8C E1 56 00 FF 07 C0 56 00 FF 4C F4 56 00 FF D3 50 56 00 01 9D 0A 56 00 01 DA B2 56 00 01 C5 CA 56 00 01 CE 02 56 00 01 ...
  PARSED: 49
[22:50:33.443] TICK #189  avail=240  bytes=30176  ON=0  ps=0  pi=5
  RAW[240]: 56 00 02 29 DC 56 00 02 87 5E 56 00 02 D1 5C 56 00 02 A1 C1 56 00 02 52 35 56 00 02 3D 70 56 00 02 4C 90 56 00 02 08 14 ...
  PARSED: 48
[22:50:33.486] TICK #191  avail=240  bytes=30416  ON=0  ps=0  pi=5
  RAW[240]: 56 00 01 43 D6 56 00 01 22 2A 56 00 00 D5 B1 56 00 00 6B 1A 56 00 FD CB 98 56 00 FE 4F EF 56 00 FE 99 8F 56 00 FE EC 5E ...
  PARSED: 48
[22:50:33.510] TICK #192  avail=246  bytes=30656  ON=0  ps=0  pi=5
  RAW[246]: 56 00 FE 61 20 56 00 FF 0A CF 56 00 FF 48 A7 56 00 FF BD AA 56 00 01 DD 2E 56 00 02 98 B4 56 00 01 F7 A5 56 00 01 A2 62 ...
[22:50:33.511] HEARTBEAT bytes=30902
  PARSED: 48
[22:50:33.534] TICK #193  avail=242  bytes=30902  ON=0  ps=1  pi=1
  RAW[242]: 00 01 EB C8 56 00 02 75 4D 56 00 02 87 A0 56 00 02 9E A3 56 00 02 7F AA 56 00 02 19 B4 56 00 02 33 66 56 00 02 93 C1 56 ...
  PARSED: 48
[22:50:33.577] TICK #195  avail=242  bytes=31144  ON=0  ps=1  pi=3
  RAW[242]: 86 D7 56 00 01 85 7B 56 00 01 D4 64 56 00 01 22 A2 56 00 01 45 98 56 00 FE 7F F5 56 00 FD EF 00 56 00 FE 76 83 56 00 FE ...
  PARSED: 49
[22:50:33.620] TICK #197  avail=241  bytes=31386  ON=0  ps=0  pi=5
  RAW[241]: 56 00 FE A5 99 56 00 FE FF 5B 56 00 FF 59 D1 56 00 FF AD 2A 56 00 01 9E 87 56 00 02 38 12 56 00 02 3D 71 56 00 02 01 60 ...
  PARSED: 48
[22:50:33.644] TICK #198  avail=242  bytes=31627  ON=0  ps=1  pi=1
  RAW[242]: 00 01 88 C7 56 00 02 4E B0 56 00 02 41 27 56 00 02 7E 39 56 00 02 6B DC 56 00 02 42 86 56 00 01 E9 3E 56 00 02 3B 72 56 ...
  PARSED: 48
[22:50:33.667] TICK #199  avail=242  bytes=31869  ON=0  ps=1  pi=3
  RAW[242]: A9 28 56 00 01 BA 85 56 00 01 7E 86 56 00 00 ED EE 56 00 01 0B 64 56 00 FF 45 63 56 00 FD C4 44 56 00 FE 6F E3 56 00 FE ...
  PARSED: 49
[22:50:33.689] TICK #200  avail=0  bytes=32111  ON=0  ps=0  pi=5
[22:50:33.710] TICK #201  avail=241  bytes=32111  ON=0  ps=0  pi=5
  RAW[241]: 56 00 FF 28 1F 56 00 FF 1C AF 56 00 FF 2B 3A 56 00 FF 29 D2 56 00 00 51 39 56 00 01 F1 07 56 00 01 AC C5 56 00 01 74 C0 ...
  PARSED: 48
[22:50:33.733] TICK #202  avail=242  bytes=32352  ON=0  ps=1  pi=1
  RAW[242]: 00 00 9D D9 56 00 01 D8 E0 56 00 02 26 04 56 00 02 8D A7 56 00 02 82 E0 56 00 01 FC EB 56 00 01 F5 50 56 00 02 47 31 56 ...
  PARSED: 48
[22:50:33.778] TICK #204  avail=242  bytes=32594  ON=0  ps=1  pi=3
  RAW[242]: 7D FE 56 00 01 6A 17 56 00 01 46 5D 56 00 00 E3 D4 56 00 01 02 E2 56 00 00 6D D3 56 00 FE 19 DF 56 00 FE 72 D4 56 00 FE ...
  PARSED: 49
[22:50:33.801] TICK #205  avail=242  bytes=32836  ON=0  ps=0  pi=5
  RAW[242]: 56 00 FF F3 57 56 00 FE C5 B5 56 00 FE C9 80 56 00 FE DD 36 56 00 00 0D E1 56 00 01 DD 46 56 00 02 20 BF 56 00 01 8B 83 ...
  PARSED: 48
[22:50:33.843] TICK #207  avail=239  bytes=33078  ON=0  ps=1  pi=2
  RAW[239]: 00 B8 BC 56 00 02 4B CF 56 00 02 73 90 56 00 02 49 3A 56 00 02 65 24 56 00 02 50 49 56 00 02 34 17 56 00 02 1B A6 56 00 ...
  PARSED: 48
[22:50:33.886] TICK #209  avail=244  bytes=33317  ON=0  ps=1  pi=1
  RAW[244]: 00 01 8B 4C 56 00 01 6D BB 56 00 01 6D 5C 56 00 01 23 9D 56 00 00 F1 0A 56 00 00 97 05 56 00 FD BC AC 56 00 FE 0E 33 56 ...
  PARSED: 49
[22:50:33.910] TICK #210  avail=245  bytes=33561  ON=0  ps=0  pi=5
  RAW[245]: 56 00 00 68 03 56 00 FE AF B2 56 00 FE F9 E4 56 00 FF 39 BA 56 00 FF 7A 45 56 00 01 B5 CE 56 00 02 5C B4 56 00 01 B7 AF ...
  PARSED: 49
