=== geophone_scope_simple log — 28-Apr-2026 19:57:14 ===
[19:57:14.786] Conectado a COM7 @ 115200 baud
[19:57:14.786] TICK #30282  avail=40  totalBytes=951224  streamON=0  parseState=0  pktIdx=5
  RAW[40]: 56 00 01 86 29 56 00 00 01 12 56 00 FD 1F A7 56 00 FE 64 E6 56 00 01 2F ED 56 00 FF 06 20 56 00 FB 70 76 56 00 FE AE 61 
[19:57:14.818] TICK #30283  avail=45  totalBytes=951264  streamON=0  parseState=0  pktIdx=5
  RAW[45]: 56 00 02 BE 6F 56 00 00 EC D7 56 00 FE 37 62 56 00 00 5C DF 56 00 02 BF ED 56 00 FF B7 06 56 00 FC 01 ED 56 00 FD 95 25 ...
[19:57:14.865] TICK #30284  avail=45  totalBytes=951309  streamON=0  parseState=0  pktIdx=5
  RAW[45]: 56 00 FD AE CE 56 00 FB 6B C7 56 00 FE CB D2 56 00 02 BE 3E 56 00 01 0D 14 56 00 FE EC BA 56 00 02 05 46 56 00 04 B1 A7 ...
[19:57:14.910] TICK #30285  avail=45  totalBytes=951354  streamON=0  parseState=0  pktIdx=5
  RAW[45]: 56 00 FD BF 44 56 00 FF DE 08 56 00 01 25 F0 56 00 FD 62 F7 56 00 FB 4A DB 56 00 FE F3 18 56 00 02 7E CA 56 00 00 6E DF ...
[19:57:14.973] TICK #30287  avail=45  totalBytes=951399  streamON=0  parseState=0  pktIdx=5
  RAW[45]: 56 00 01 47 B3 56 00 02 2B EA 56 00 FD B8 71 56 00 FA F3 DD 56 00 FE 0C 71 56 00 00 14 AD 56 00 FD 31 AB 56 00 FC 94 96 ...
[19:57:15.005] TICK #30288  avail=50  totalBytes=951444  streamON=0  parseState=0  pktIdx=5
  RAW[50]: 56 00 03 6F B8 56 00 00 B1 03 56 00 00 08 FD 56 00 03 20 A3 56 00 03 9F DB 56 00 FF 1F CE 56 00 FC 88 AF 56 00 FE E5 92 ...
[19:57:15.068] TICK #30290  avail=45  totalBytes=951494  streamON=0  parseState=0  pktIdx=5
  RAW[45]: 56 00 FB 51 41 56 00 FF F0 2B 56 00 01 A1 D1 56 00 FF 8E 45 56 00 FF 4A AF 56 00 02 DC 42 56 00 03 1C 54 56 00 FF 00 AC ...
[19:57:15.100] TICK #30291  avail=50  totalBytes=951539  streamON=0  parseState=0  pktIdx=5
  RAW[50]: 56 00 FF F6 BD 56 00 FF 7F 78 56 00 FB BF 18 56 00 FB 8C BE 56 00 00 17 6B 56 00 00 E9 1A 56 00 FE C3 9D 56 00 FF 98 57 ...
[19:57:15.162] TICK #30293  avail=45  totalBytes=951589  streamON=0  parseState=0  pktIdx=5
  RAW[45]: 56 00 FE 7C 1C 56 00 FD DE 76 56 00 00 A1 54 56 00 FF DC 71 56 00 FB 69 71 56 00 FC EB 84 56 00 00 E1 FB 56 00 00 89 A4 ...
[19:57:15.193] TICK #30294  avail=45  totalBytes=951634  streamON=0  parseState=0  pktIdx=5
  RAW[45]: 56 00 FF 69 4F 56 00 03 15 61 56 00 02 31 0E 56 00 FE 19 34 56 00 FF 5D 8F 56 00 01 C5 70 56 00 FF 37 99 56 00 FB 79 A1 ...
[19:57:15.256] TICK #30296  avail=45  totalBytes=951679  streamON=0  parseState=0  pktIdx=5
  RAW[45]: 56 00 00 AA 09 56 00 FF 98 B8 56 00 FD 15 79 56 00 00 5A CA 56 00 03 9A EC 56 00 01 2A 50 56 00 FE 54 3F 56 00 00 4E 2A ...
[19:57:15.287] TICK #30297  avail=50  totalBytes=951724  streamON=0  parseState=0  pktIdx=5
  RAW[50]: 56 00 FF D2 81 56 00 FB B4 1E 56 00 FE 4B C9 56 00 00 D5 E0 56 00 FE 1E 76 56 00 FC 15 B3 56 00 FF BB 82 56 00 03 15 EB ...
[19:57:15.349] TICK #30299  avail=45  totalBytes=951774  streamON=0  parseState=0  pktIdx=5
  RAW[45]: 56 00 00 8D 86 56 00 02 B4 15 56 00 FE C9 97 56 00 FC 55 93 56 00 FF 42 C0 56 00 01 4F 2A 56 00 FE 37 C3 56 00 FC 4F DF ...
[19:57:15.380] TICK #30300  avail=45  totalBytes=951819  streamON=0  parseState=0  pktIdx=5
  RAW[45]: 56 00 02 94 C6 56 00 FF 56 67 56 00 FE 21 36 56 00 01 67 51 56 00 02 70 E9 56 00 FE AF CC 56 00 FC 81 36 56 00 FF 91 DA ...
[19:57:15.443] TICK #30302  avail=45  totalBytes=951864  streamON=0  parseState=0  pktIdx=5
  RAW[45]: 56 00 FD FE 39 56 00 FC 62 3A 56 00 00 DC 26 56 00 02 06 90 56 00 FE D1 D8 56 00 FD E9 84 56 00 01 42 B8 56 00 01 E8 D2 ...
[19:57:15.475] TICK #30303  avail=50  totalBytes=951909  streamON=0  parseState=0  pktIdx=5
  RAW[50]: 56 00 FD 01 6C 56 00 00 11 EB 56 00 00 F3 26 56 00 FD 84 FE 56 00 FC EE EA 56 00 00 C7 2F 56 00 01 7C FF 56 00 FE AC 60 ...
[19:57:15.510] TICK #30304  avail=30  totalBytes=951959  streamON=0  parseState=0  pktIdx=5
  RAW[30]: 56 00 01 65 DA 56 00 FD C1 92 56 00 FD 57 5A 56 00 00 B4 58 56 00 00 A4 07 56 00 FD 3F 38 
[19:57:15.572] TICK #30306  avail=50  totalBytes=951989  streamON=0  parseState=0  pktIdx=5
  RAW[50]: 56 00 FD 14 6B 56 00 00 E3 34 56 00 01 84 D0 56 00 FE 1A A1 56 00 FE E2 88 56 00 02 3E 45 56 00 01 7C A8 56 00 FD DA 20 ...
[19:57:15.607] TICK #30307  avail=35  totalBytes=952039  streamON=0  parseState=0  pktIdx=5
  RAW[35]: 56 00 FF B4 4F 56 00 FC 4B 21 56 00 FD BB 72 56 00 01 4A 85 56 00 00 62 AE 56 00 FD 5F DF 56 00 FE AD 04 
[19:57:15.609] --- Stream ON ---
[19:57:15.634] TICK #30308  avail=40  totalBytes=952074  streamON=1  parseState=0  pktIdx=0
  RAW[40]: 56 00 02 33 1A 56 00 01 49 AA 56 00 FD B5 4C 56 00 FF 34 DA 56 00 02 25 D1 56 00 00 24 2D 56 00 FC CC 8C 56 00 00 BD 28 
  PARSED: 8 packets
