=== geophone_scope_simple — 04-May-2026 14:40:31 ===
[14:40:31.712] Conectado COM7 @ 115200
[14:40:31.714] TICK #18303  avail=35  bytes=2098687  ON=0  ps=0  pi=4
  RAW[35]: 56 00 BA F9 E6 56 00 B1 43 48 56 00 6F 18 82 56 00 BD 3B 10 56 00 B2 B1 2F 56 00 B5 41 26 56 00 76 29 EA 
[14:40:31.753] TICK #18304  avail=50  bytes=2098722  ON=0  ps=0  pi=4
  RAW[50]: 56 00 BA C1 34 56 00 C4 3D D4 56 00 AA 4B 1A 56 00 85 37 4F 56 00 B4 B9 AA 56 00 C2 42 0B 56 00 AF 3D 1C 56 00 81 B0 FD ...
[14:40:31.788] TICK #18305  avail=45  bytes=2098772  ON=0  ps=0  pi=4
  RAW[45]: 56 00 AA 88 D2 56 00 78 8B DB 56 00 B0 43 FE 56 00 B7 76 D8 56 00 B0 54 D7 56 00 87 95 06 56 00 A4 BF E4 56 00 C5 8B 63 ...
[14:40:31.834] TICK #18306  avail=45  bytes=2098817  ON=0  ps=0  pi=4
  RAW[45]: 56 00 7E 4E BE 56 00 AB B1 95 56 00 BC 59 82 56 00 9C C6 87 56 00 7C 15 6C 56 00 AC 13 2A 56 00 B9 68 09 56 00 A5 A3 FE ...
[14:40:31.898] TICK #18308  avail=50  bytes=2098862  ON=0  ps=0  pi=4
  RAW[50]: 56 00 AF 5D 79 56 00 B4 92 89 56 00 AB C7 B8 56 00 73 FF A3 56 00 9D 00 36 56 00 BC F5 E2 56 00 97 E2 ED 56 00 81 F9 8D ...
[14:40:31.929] TICK #18309  avail=45  bytes=2098912  ON=0  ps=0  pi=4
  RAW[45]: 56 00 9E E5 8B 56 00 7A DC 7D 56 00 AC F9 BA 56 00 BD 1E 7B 56 00 A9 01 2E 56 00 7D E3 02 56 00 B5 60 BD 56 00 BB 1B 38 ...
[14:40:31.993] TICK #18311  avail=50  bytes=2098957  ON=0  ps=0  pi=4
  RAW[50]: 56 00 75 90 7A 56 00 B3 E1 8E 56 00 C7 A3 A8 56 00 90 C0 A7 56 00 8C 65 31 56 00 AB 86 E4 56 00 C6 79 D9 56 00 98 0F 02 ...
[14:40:32.025] TICK #18312  avail=45  bytes=2099007  ON=0  ps=0  pi=4
  RAW[45]: 56 00 C1 81 36 56 00 9D 61 FA 56 00 7A E2 48 56 00 AB C6 AC 56 00 B8 39 01 56 00 A5 21 6F 56 00 7B 12 41 56 00 B2 03 D1 ...
[14:40:32.086] TICK #18314  avail=45  bytes=2099052  ON=0  ps=0  pi=4
  RAW[45]: 56 00 A7 77 A8 56 00 6F 78 0D 56 00 A8 90 05 56 00 C8 B0 B0 56 00 92 2D 4C 56 00 83 E2 A8 56 00 A7 6C AB 56 00 BB 39 FA ...
[14:40:32.117] TICK #18315  avail=50  bytes=2099097  ON=0  ps=0  pi=4
  RAW[50]: 56 00 82 00 4E 56 00 AD 91 55 56 00 BD 87 0D 56 00 A0 DE 28 56 00 75 6A D5 56 00 AD EF B5 56 00 CC FC 44 56 00 87 E5 81 ...
[14:40:32.179] TICK #18317  avail=45  bytes=2099147  ON=0  ps=0  pi=4
  RAW[45]: 56 00 CB F9 FF 56 00 8E 30 70 56 00 88 F6 7C 56 00 A8 55 C8 56 00 C0 B1 EE 56 00 96 BF 01 56 00 83 F1 16 56 00 AF B3 21 ...
[14:40:32.210] TICK #18318  avail=45  bytes=2099192  ON=0  ps=0  pi=4
  RAW[45]: 56 00 97 AC 8F 56 00 76 52 1D 56 00 B8 E2 F6 56 00 BC 2B 45 56 00 A2 77 94 56 00 75 E3 3A 56 00 B3 BF F6 56 00 CC 02 F6 ...
[14:40:32.273] TICK #18320  avail=50  bytes=2099237  ON=0  ps=0  pi=4
  RAW[50]: 56 00 8A CD BF 56 00 A8 FD A9 56 00 CC 11 E8 56 00 93 F1 16 56 00 7C 06 F4 56 00 AC A4 D9 56 00 C9 6F BD 56 00 93 5E 65 ...
[14:40:32.303] TICK #18321  avail=45  bytes=2099287  ON=0  ps=0  pi=4
  RAW[45]: 56 00 C0 69 5D 56 00 A4 9B 33 56 00 7B 1A EC 56 00 B0 95 74 56 00 BC 7C 2D 56 00 AD B6 A2 56 00 75 E5 C6 56 00 A6 84 AE ...
[14:40:32.366] TICK #18323  avail=45  bytes=2099332  ON=0  ps=0  pi=4
  RAW[45]: 56 00 8B A1 47 56 00 8C 30 51 56 00 A7 09 8C 56 00 C2 98 AD 56 00 96 9A C3 56 00 83 D6 44 56 00 AB 90 E8 56 00 C1 AB 7A ...
[14:40:32.396] TICK #18324  avail=50  bytes=2099377  ON=0  ps=0  pi=4
  RAW[50]: 56 00 7D F4 B5 56 00 B0 D2 E9 56 00 C0 81 77 56 00 A0 6E 5B 56 00 7B 7D 88 56 00 B7 CB E8 56 00 C7 3D 48 56 00 8D 5A 32 ...
[14:40:32.458] TICK #18326  avail=45  bytes=2099427  ON=0  ps=0  pi=4
  RAW[45]: 56 00 C7 15 A5 56 00 91 AC 99 56 00 90 38 4B 56 00 AC 18 14 56 00 C5 0C 37 56 00 9A 28 EF 56 00 85 9B 81 56 00 B1 8C BF ...
[14:40:32.490] TICK #18327  avail=46  bytes=2099472  ON=0  ps=0  pi=4
  RAW[46]: 56 00 A0 E5 27 56 00 7D 4E 70 56 00 B1 6C 7B 56 00 BE DF 3C 56 00 AD 36 EE 56 00 73 18 98 56 00 B6 91 06 56 00 C9 02 1C ...
[14:40:32.526] TICK #18328  avail=39  bytes=2099518  ON=0  ps=0  pi=4
  RAW[39]: 00 8F 20 2C 56 00 AA F1 E9 56 00 C8 96 14 56 00 95 C4 1B 56 00 83 56 BC 56 00 AE 22 8E 56 00 C5 5A B0 56 00 9C F7 15 
[14:40:32.575] --- Stream ON ---
[14:40:32.589] TICK #18330  avail=45  bytes=2099557  ON=1  ps=0  pi=0
  RAW[45]: 56 00 81 FD F9 56 00 B1 B4 CC 56 00 BA 31 26 56 00 A5 D4 E2 56 00 77 5D 33 56 00 8A 56 53 56 00 BA F6 E9 56 00 AE 9F 42 ...
  PARSED: 9
[14:40:32.657] TICK #18331  avail=70  bytes=2099602  ON=1  ps=0  pi=5
  RAW[70]: 56 00 A8 09 5C 56 00 B8 48 FE 56 00 B9 65 14 56 00 6D D8 72 56 00 B5 9E 6C 56 00 B5 13 06 56 00 98 1E AD 56 00 81 50 19 ...
  PARSED: 14
[14:40:32.692] TICK #18332  avail=50  bytes=2099672  ON=1  ps=0  pi=5
  RAW[50]: 56 00 B3 59 4F 56 00 67 95 7D 56 00 B3 E8 DD 56 00 B3 10 D8 56 00 A7 45 EE 56 00 6F 16 FE 56 00 AB BF 90 56 00 AB DC DC ...
  PARSED: 10
[14:40:32.754] TICK #18334  avail=45  bytes=2099722  ON=1  ps=0  pi=5
  RAW[45]: 56 00 A0 4C 01 56 00 A2 EC 10 56 00 B1 22 FB 56 00 69 F4 EC 56 00 B4 AC 61 56 00 A6 57 F6 56 00 B9 D0 AF 56 00 57 B9 20 ...
  PARSED: 9
[14:40:32.784] TICK #18335  avail=50  bytes=2099767  ON=1  ps=0  pi=5
  RAW[50]: 56 00 97 E2 D3 56 00 BF 37 3C 56 00 58 6D 65 56 00 AA 79 FA 56 00 A9 EA FD 56 00 A9 65 34 56 00 6A 0B 9B 56 00 B5 9C DC ...
  PARSED: 10
[14:40:32.847] TICK #18337  avail=45  bytes=2099817  ON=1  ps=0  pi=5
  RAW[45]: 56 00 62 F5 43 56 00 AA 75 EF 56 00 9B 1C 2D 56 00 B7 CA 01 56 00 64 3B 8B 56 00 BB D5 E0 56 00 B0 14 90 56 00 B5 69 21 ...
  PARSED: 9
[14:40:32.884] TICK #18338  avail=50  bytes=2099862  ON=1  ps=0  pi=5
  RAW[50]: 56 00 B4 BE 7D 56 00 9C 25 57 56 00 C0 D2 CF 56 00 59 F9 58 56 00 B6 D3 C4 56 00 92 77 AD 56 00 A8 C2 DB 56 00 64 82 34 ...
  PARSED: 10
[14:40:32.924] TICK #18339  avail=43  bytes=2099912  ON=1  ps=0  pi=5
  RAW[43]: 56 00 A8 5A 01 56 00 5B 4F ED 56 00 A9 2D C9 56 00 98 A9 E7 56 00 B0 CC 9F 56 00 63 45 44 56 00 B4 28 DC 56 00 A2 59 00 ...
  PARSED: 8
[14:40:32.967] TICK #18340  avail=42  bytes=2099955  ON=1  ps=1  pi=3
  RAW[42]: 0D 1E 56 00 55 99 E0 56 00 B7 14 32 56 00 9F 12 2A 56 00 BD 8A 5E 56 00 56 7B 23 56 00 B5 6E 28 56 00 95 92 9C 56 00 C0 ...
  PARSED: 9
[14:40:33.032] TICK #18342  avail=50  bytes=2099997  ON=1  ps=0  pi=5
  RAW[50]: 56 00 57 45 A3 56 00 BB 20 15 56 00 97 83 1D 56 00 C2 02 34 56 00 44 91 E9 56 00 B1 38 22 56 00 8A 6E 33 56 00 B8 7C 93 ...
  PARSED: 10
[14:40:33.062] TICK #18343  avail=45  bytes=2100047  ON=1  ps=0  pi=5
  RAW[45]: 56 00 A4 03 A1 56 00 BE 72 35 56 00 52 D9 08 56 00 B3 42 02 56 00 86 F2 89 56 00 C8 CE 90 56 00 50 C4 EC 56 00 BD 88 5C ...
  PARSED: 9
[14:40:33.126] TICK #18345  avail=50  bytes=2100092  ON=1  ps=0  pi=5
  RAW[50]: 56 00 CB D4 B7 56 00 59 D2 50 56 00 C7 AE 79 56 00 91 4C 55 56 00 CE DA 20 56 00 3D 5F 73 56 00 C1 FB 70 56 00 8C 14 80 ...
  PARSED: 10
[14:40:33.158] TICK #18346  avail=45  bytes=2100142  ON=1  ps=0  pi=5
  RAW[45]: 56 00 C2 2B 90 56 00 90 E5 C7 56 00 D9 38 85 56 00 4D CF 0D 56 00 BF 16 E8 56 00 8B 5D 3D 56 00 C7 8D ED 56 00 4D 26 5E ...
  PARSED: 9
[14:40:33.218] TICK #18348  avail=48  bytes=2100187  ON=1  ps=0  pi=5
  RAW[48]: 56 00 8E 7E 45 56 00 CA 0F B3 56 00 56 52 14 56 00 C0 CD 71 56 00 90 68 1A 56 00 CB 92 18 56 00 47 BD F9 56 00 BA 73 CE ...
  PARSED: 9
[14:40:33.258] TICK #18349  avail=57  bytes=2100235  ON=1  ps=1  pi=3
  RAW[57]: 2E 88 56 00 4B FB 07 56 00 B6 13 45 56 00 89 80 46 56 00 D5 C8 D7 56 00 4B 8D 7C 56 00 BC CB F0 56 00 90 E3 DD 56 00 D2 ...
  PARSED: 12
[14:40:33.289] TICK #18350  avail=0  bytes=2100292  ON=1  ps=0  pi=5
[14:40:33.320] TICK #18351  avail=45  bytes=2100292  ON=1  ps=0  pi=5
  RAW[45]: 56 00 D3 2F 7B 56 00 54 C0 E8 56 00 AB 0E 30 56 00 98 D9 C0 56 00 CF C3 80 56 00 68 4A 61 56 00 B1 3F 96 56 00 97 34 C0 ...
  PARSED: 9
[14:40:33.357] TICK #18352  avail=50  bytes=2100337  ON=1  ps=0  pi=5
  RAW[50]: 56 00 5D 86 81 56 00 BF 91 E0 56 00 8D 64 C9 56 00 D6 65 D8 56 00 56 C2 96 56 00 B7 D8 7C 56 00 93 51 7D 56 00 D3 08 17 ...
  PARSED: 10
[14:40:33.401] TICK #18353  avail=45  bytes=2100387  ON=1  ps=0  pi=5
  RAW[45]: 56 00 91 8A CE 56 00 D6 21 E4 56 00 60 01 72 56 00 AC 96 57 56 00 9F F4 47 56 00 D0 14 95 56 00 6C AD 8C 56 00 C3 90 7E ...
  PARSED: 9
[14:40:33.462] TICK #18355  avail=48  bytes=2100432  ON=1  ps=0  pi=5
  RAW[48]: 56 00 D3 A0 CB 56 00 5D 57 EC 56 00 C0 EB 58 56 00 8C 1B 14 56 00 D6 A0 31 56 00 4E 5A B6 56 00 B3 2C 92 56 00 92 98 8D ...
  PARSED: 9
[14:40:33.499] TICK #18356  avail=37  bytes=2100480  ON=1  ps=1  pi=3
  RAW[37]: D2 DE 56 00 B4 38 8C 56 00 93 29 37 56 00 D8 79 D1 56 00 54 3F 85 56 00 A4 37 5A 56 00 8D 96 06 56 00 D2 C6 BC 
  PARSED: 8
[14:40:33.530] TICK #18357  avail=45  bytes=2100517  ON=1  ps=0  pi=5
  RAW[45]: 56 00 57 55 2E 56 00 B9 B5 02 56 00 96 6B 9F 56 00 CF CE CF 56 00 60 2D 1B 56 00 B9 25 FB 56 00 8F 07 DB 56 00 D7 71 6C ...
  PARSED: 9
[14:40:33.593] TICK #18359  avail=45  bytes=2100562  ON=1  ps=0  pi=5
  RAW[45]: 56 00 C0 1C 1E 56 00 90 D8 09 56 00 D5 30 0B 56 00 5F B8 36 56 00 B1 A0 6D 56 00 95 7C 39 56 00 D7 BC D4 56 00 5C 1B 00 ...
  PARSED: 9
[14:40:33.625] TICK #18360  avail=50  bytes=2100607  ON=1  ps=0  pi=5
  RAW[50]: 56 00 97 52 19 56 00 D3 F9 34 56 00 65 20 6F 56 00 BB EF 17 56 00 92 29 77 56 00 D2 04 9D 56 00 5B 03 4B 56 00 BA 9D A6 ...
  PARSED: 10
[14:40:33.688] TICK #18362  avail=50  bytes=2100657  ON=1  ps=0  pi=5
  RAW[50]: 56 00 5B AC 64 56 00 B7 93 06 56 00 86 92 67 56 00 D5 08 41 56 00 4E 29 81 56 00 BD B2 3A 56 00 8B CA EB 56 00 D2 AC 91 ...
  PARSED: 10
[14:40:33.726] TICK #18363  avail=50  bytes=2100707  ON=1  ps=0  pi=5
  RAW[50]: 56 00 8E B0 2C 56 00 D4 1A 89 56 00 61 2E 47 56 00 BB A2 A8 56 00 77 FF 8A 56 00 D0 C7 E5 56 00 63 36 51 56 00 BD F4 85 ...
  PARSED: 10
[14:40:33.766] TICK #18364  avail=40  bytes=2100757  ON=1  ps=0  pi=5
  RAW[40]: 56 00 63 B4 28 56 00 C0 52 CA 56 00 90 EC 63 56 00 CF 9D C8 56 00 53 70 4E 56 00 BD 77 2C 56 00 8D 46 AD 56 00 D1 77 AE 
  PARSED: 8
[14:40:33.827] TICK #18366  avail=45  bytes=2100797  ON=1  ps=0  pi=5
  RAW[45]: 56 00 5C DD FB 56 00 C0 7B 89 56 00 91 C2 E3 56 00 C7 72 28 56 00 58 BD 50 56 00 C2 BD E2 56 00 89 D9 E5 56 00 CC D1 AD ...
  PARSED: 9
[14:40:33.867] TICK #18367  avail=40  bytes=2100842  ON=1  ps=0  pi=5
  RAW[40]: 56 00 C7 65 DD 56 00 95 36 87 56 00 D2 35 0D 56 00 50 23 B7 56 00 BC B0 88 56 00 86 13 B5 56 00 BF 03 EC 56 00 58 EF 04 
  PARSED: 8
[14:40:33.909] TICK #18368  avail=55  bytes=2100882  ON=1  ps=0  pi=5
  RAW[55]: 56 00 C4 A6 85 56 00 9E AD CE 56 00 C3 40 22 56 00 57 BB B3 56 00 C5 3E 86 56 00 92 01 44 56 00 CB 85 A2 56 00 5A A1 79 ...
  PARSED: 11
[14:40:33.972] TICK #18370  avail=50  bytes=2100937  ON=1  ps=0  pi=5
  RAW[50]: 56 00 5D AC EF 56 00 C4 E6 94 56 00 94 A6 84 56 00 B8 59 C8 56 00 4D 8A 6E 56 00 AB 35 FB 56 00 85 8A 63 56 00 D0 12 B3 ...
  PARSED: 10
[14:40:34.009] TICK #18371  avail=35  bytes=2100987  ON=1  ps=0  pi=5
  RAW[35]: 56 00 9B 03 6E 56 00 D3 19 AF 56 00 55 C3 75 56 00 B2 8B 18 56 00 80 1B 31 56 00 BC 15 F2 56 00 5B 43 CE 
  PARSED: 7
[14:40:34.039] TICK #18372  avail=50  bytes=2101022  ON=1  ps=0  pi=5
  RAW[50]: 56 00 B9 04 85 56 00 A4 81 73 56 00 BE E2 CF 56 00 5B 37 E7 56 00 B2 A5 68 56 00 98 23 35 56 00 BE 2A 66 56 00 5D 5E 8F ...
  PARSED: 10
[14:40:34.102] TICK #18374  avail=45  bytes=2101072  ON=1  ps=0  pi=5
  RAW[45]: 56 00 C1 10 AC 56 00 4D F9 34 56 00 B9 B1 F5 56 00 9D 34 E9 56 00 AD 00 80 56 00 5E E2 67 56 00 AF 39 AE 56 00 92 FB 8C ...
  PARSED: 9
[14:40:34.138] TICK #18375  avail=50  bytes=2101117  ON=1  ps=0  pi=5
  RAW[50]: 56 00 66 77 39 56 00 AF 27 6C 56 00 A6 24 3A 56 00 AE 70 5B 56 00 72 2E 90 56 00 9C F9 83 56 00 A2 5F 87 56 00 9C C7 68 ...
  PARSED: 10
[14:40:34.180] TICK #18376  avail=40  bytes=2101167  ON=1  ps=0  pi=5
  RAW[40]: 56 00 AD 14 95 56 00 9E 91 66 56 00 4F 2F 67 56 00 A2 48 E6 56 00 96 88 56 56 00 AA 82 08 56 00 54 C3 D5 56 00 BE EE 5D 
  PARSED: 8
[14:40:34.241] TICK #18378  avail=50  bytes=2101207  ON=1  ps=0  pi=5
  RAW[50]: 56 00 A8 32 09 56 00 AF E3 36 56 00 55 DC D5 56 00 AB 2F 01 56 00 B1 25 74 56 00 9B 4E C5 56 00 5F 7C A7 56 00 AE 9E 2C ...
  PARSED: 10
[14:40:34.266] TICK #18379  avail=40  bytes=2101257  ON=1  ps=0  pi=5
  RAW[40]: 56 00 68 88 61 56 00 B3 0B ED 56 00 AA 68 23 56 00 A5 9D 54 56 00 4E 6C AC 56 00 B7 43 72 56 00 A4 35 37 56 00 B2 10 0B 
  PARSED: 8
[14:40:34.329] TICK #18381  avail=45  bytes=2101297  ON=1  ps=0  pi=5
  RAW[45]: 56 00 5E 03 C5 56 00 B0 FE 7E 56 00 9C 25 33 56 00 98 67 A9 56 00 69 33 64 56 00 AB 14 43 56 00 B0 78 55 56 00 9F 7D 50 ...
  PARSED: 9
[14:40:34.366] TICK #18382  avail=55  bytes=2101342  ON=1  ps=0  pi=5
  RAW[55]: 56 00 AE 47 2B 56 00 AD EC 0E 56 00 9D CA FB 56 00 59 FC EC 56 00 AD 5A 0C 56 00 A4 DD CA 56 00 A8 FA 45 56 00 4A CD F0 ...
  PARSED: 11
[14:40:34.409] TICK #18383  avail=40  bytes=2101397  ON=1  ps=0  pi=5
  RAW[40]: 56 00 7B 86 83 56 00 9C 9F ED 56 00 A7 B6 E8 56 00 94 CF 44 56 00 66 A6 51 56 00 A3 84 C8 56 00 A8 1E 93 56 00 A3 2F C5 
  PARSED: 8
[14:40:34.471] TICK #18385  avail=50  bytes=2101437  ON=1  ps=0  pi=5
  RAW[50]: 56 00 5A 13 44 56 00 B3 AC 8E 56 00 A9 95 B9 56 00 A8 8D BA 56 00 59 F6 85 56 00 A9 65 7B 56 00 81 28 CC 56 00 BA 13 84 ...
  PARSED: 10
[14:40:34.508] TICK #18386  avail=35  bytes=2101487  ON=1  ps=0  pi=5
  RAW[35]: 56 00 B6 71 68 56 00 9A 2A C9 56 00 70 D0 43 56 00 A7 58 7F 56 00 B5 0B 4B 56 00 91 59 2D 56 00 5F AF C5 
  PARSED: 7
[14:40:34.538] TICK #18387  avail=45  bytes=2101522  ON=1  ps=0  pi=5
  RAW[45]: 56 00 A5 BD 3F 56 00 A7 2B 39 56 00 A5 D3 34 56 00 5F 21 EA 56 00 B1 B9 9C 56 00 A7 8A C9 56 00 AF C5 D1 56 00 63 E6 9A ...
  PARSED: 9
[14:40:34.602] TICK #18389  avail=50  bytes=2101567  ON=1  ps=0  pi=5
  RAW[50]: 56 00 A4 22 06 56 00 B8 FA 59 56 00 57 6D 96 56 00 B3 3E 56 56 00 B1 9E 72 56 00 A0 66 3E 56 00 67 5A 7F 56 00 A2 BE CE ...
  PARSED: 10
[14:40:34.633] TICK #18390  avail=45  bytes=2101617  ON=1  ps=0  pi=5
  RAW[45]: 56 00 66 2A 0F 56 00 B1 31 CD 56 00 B6 30 A1 56 00 A4 FB 71 56 00 66 FA A6 56 00 AE D1 97 56 00 AC 75 62 56 00 A8 43 0E ...
  PARSED: 9
[14:40:34.697] TICK #18392  avail=50  bytes=2101662  ON=1  ps=0  pi=5
  RAW[50]: 56 00 A4 71 23 56 00 B6 BF F7 56 00 90 2F 28 56 00 6D F3 3E 56 00 95 3A DF 56 00 A9 A9 40 56 00 9B E1 56 56 00 5D 20 BF ...
  PARSED: 10
[14:40:34.735] TICK #18393  avail=50  bytes=2101712  ON=1  ps=0  pi=5
  RAW[50]: 56 00 A1 5C 7B 56 00 61 99 FF 56 00 AB 17 33 56 00 A4 0D 53 56 00 7F 04 3C 56 00 65 A7 D7 56 00 A4 50 D9 56 00 B0 08 5F ...
  PARSED: 10
[14:40:34.798] TICK #18395  avail=50  bytes=2101762  ON=1  ps=0  pi=5
  RAW[50]: 56 00 A6 35 8B 56 00 C0 53 33 56 00 8B E8 E2 56 00 5E B3 FA 56 00 A5 33 B5 56 00 AE 50 6A 56 00 A2 89 A3 56 00 84 AF 16 ...
  PARSED: 10
[14:40:34.834] TICK #18396  avail=50  bytes=2101812  ON=1  ps=0  pi=5
  RAW[50]: 56 00 86 91 91 56 00 82 DC 54 56 00 9A 2F C3 56 00 B6 92 33 56 00 89 6D 8B 56 00 6B DF 11 56 00 A9 54 81 56 00 AF 88 54 ...
  PARSED: 10
[14:40:34.875] TICK #18397  avail=45  bytes=2101862  ON=1  ps=0  pi=5
  RAW[45]: 56 00 9C 8C 67 56 00 C8 E7 AE 56 00 6C DF 19 56 00 77 7E 80 56 00 AA 3D EB 56 00 C3 18 2D 56 00 84 40 9C 56 00 81 B3 5B ...
  PARSED: 9
[14:40:34.937] TICK #18399  avail=45  bytes=2101907  ON=1  ps=0  pi=5
  RAW[45]: 56 00 BD 5E 94 56 00 90 4B 14 56 00 82 3E B1 56 00 A0 10 19 56 00 B7 02 D9 56 00 8E 69 92 56 00 76 7B 45 56 00 AA 02 A4 ...
  PARSED: 9
[14:40:34.967] TICK #18400  avail=45  bytes=2101952  ON=1  ps=0  pi=5
  RAW[45]: 56 00 7F CE F4 56 00 90 13 3C 56 00 97 B3 61 56 00 C3 E9 06 56 00 75 48 A1 56 00 79 57 28 56 00 9F FF 2F 56 00 BF 19 5B ...
  PARSED: 9
[14:40:35.031] TICK #18402  avail=45  bytes=2101997  ON=1  ps=0  pi=5
  RAW[45]: 56 00 82 CA 49 56 00 A4 3C 33 56 00 C4 A3 E5 56 00 81 3A 58 56 00 69 E8 AB 56 00 A7 BE CC 56 00 BA B1 32 56 00 93 45 4E ...
  PARSED: 9
[14:40:35.071] TICK #18403  avail=60  bytes=2102042  ON=1  ps=0  pi=5
  RAW[60]: 56 00 A7 C7 5B 56 00 B4 4C 2F 56 00 7E 91 10 56 00 90 12 E0 56 00 95 11 64 56 00 BD 54 F4 56 00 78 F1 69 56 00 80 19 93 ...
  PARSED: 12
[14:40:35.133] TICK #18405  avail=45  bytes=2102102  ON=1  ps=0  pi=5
  RAW[45]: 56 00 A4 83 A0 56 00 BA D8 7A 56 00 83 A3 7D 56 00 70 32 ED 56 00 A3 B7 0E 56 00 AC 4F 13 56 00 9A C1 98 56 00 71 56 10 ...
  PARSED: 9
[14:40:35.163] TICK #18406  avail=45  bytes=2102147  ON=1  ps=0  pi=5
  RAW[45]: 56 00 B4 98 CC 56 00 7B F0 BE 56 00 8C 17 2D 56 00 8D 33 88 56 00 B0 37 E7 56 00 8C BF C4 56 00 7A A3 BC 56 00 98 D4 8D ...
  PARSED: 9
[14:40:35.227] TICK #18408  avail=50  bytes=2102192  ON=1  ps=0  pi=5
  RAW[50]: 56 00 91 62 98 56 00 7C 24 E1 56 00 A6 B0 7D 56 00 B7 49 4B 56 00 96 FB 51 56 00 7C F2 6E 56 00 AD B3 36 56 00 B1 DF 87 ...
  PARSED: 10
[14:40:35.256] TICK #18409  avail=45  bytes=2102242  ON=1  ps=0  pi=5
  RAW[45]: 56 00 B0 0E D3 56 00 B2 A9 27 56 00 A4 64 BC 56 00 6C 8D 19 56 00 A9 51 99 56 00 AB E0 C5 56 00 A3 7A 72 56 00 54 04 27 ...
  PARSED: 9
[14:40:35.319] TICK #18411  avail=45  bytes=2102287  ON=1  ps=0  pi=5
  RAW[45]: 56 00 A3 44 53 56 00 B1 45 FB 56 00 7D B3 C2 56 00 97 54 48 56 00 AA CF 32 56 00 9A 67 64 56 00 69 08 57 56 00 A0 AA FD ...
  PARSED: 9
[14:40:35.358] TICK #18412  avail=55  bytes=2102332  ON=1  ps=0  pi=5
  RAW[55]: 56 00 99 CF BD 56 00 64 3B E5 56 00 A7 F1 09 56 00 AD 8D B3 56 00 A9 10 2A 56 00 5E 1F AE 56 00 A9 04 83 56 00 9E E4 44 ...
  PARSED: 11
[14:40:35.399] TICK #18413  avail=45  bytes=2102387  ON=1  ps=0  pi=5
  RAW[45]: 56 00 A5 13 C2 56 00 B0 5D D2 56 00 4E 8F CD 56 00 B6 DD 8D 56 00 A1 6E 46 56 00 BC 87 87 56 00 5B 4B 93 56 00 B2 B8 D9 ...
  PARSED: 9
[14:40:35.461] TICK #18415  avail=45  bytes=2102432  ON=1  ps=0  pi=5
  RAW[45]: 56 00 9B 21 F0 56 00 68 9A BA 56 00 B1 D4 AF 56 00 AE 60 F1 56 00 A7 6C D7 56 00 5C 6E 10 56 00 B2 8E 4F 56 00 A9 1D CB ...
  PARSED: 9
[14:40:35.492] TICK #18416  avail=45  bytes=2102477  ON=1  ps=0  pi=5
  RAW[45]: 56 00 60 E4 4C 56 00 B2 B6 46 56 00 A7 2B 58 56 00 B0 00 AA 56 00 47 57 3E 56 00 B7 B8 30 56 00 A1 85 77 56 00 B9 2D FF ...
  PARSED: 9
[14:40:35.555] TICK #18418  avail=50  bytes=2102522  ON=1  ps=0  pi=5
  RAW[50]: 56 00 B3 D6 EE 56 00 9C E5 47 56 00 9B EC C0 56 00 61 A5 83 56 00 B0 44 38 56 00 A6 8F 32 56 00 AB 9A 96 56 00 66 FB 33 ...
  PARSED: 10
[14:40:35.596] TICK #18419  avail=55  bytes=2102572  ON=1  ps=0  pi=5
  RAW[55]: 56 00 AC 12 55 56 00 58 CF 00 56 00 B0 EA 59 56 00 9F AF A4 56 00 B2 AB 6D 56 00 3D BD 8A 56 00 AE EA D7 56 00 99 D3 00 ...
  PARSED: 11
[14:40:35.659] TICK #18421  avail=45  bytes=2102627  ON=1  ps=0  pi=5
  RAW[45]: 56 00 9C 2C EA 56 00 BD B5 54 56 00 43 5F 4F 56 00 95 C9 48 56 00 9F 39 09 56 00 A4 4A EB 56 00 5F A4 E8 56 00 B0 CA 97 ...
  PARSED: 9
[14:40:35.689] TICK #18422  avail=50  bytes=2102672  ON=1  ps=0  pi=5
  RAW[50]: 56 00 A7 01 D7 56 00 55 79 D4 56 00 AB 58 1F 56 00 89 21 FE 56 00 B4 B9 8A 56 00 38 C1 DE 56 00 B4 D1 D1 56 00 8E D6 08 ...
  PARSED: 10
[14:40:35.752] TICK #18424  avail=45  bytes=2102722  ON=1  ps=0  pi=5
  RAW[45]: 56 00 AE E2 D0 56 00 90 75 34 56 00 C0 D4 01 56 00 3A 33 BF 56 00 A9 EC CE 56 00 79 22 4A 56 00 AA 8B 74 56 00 40 3F 74 ...
  PARSED: 9
[14:40:35.791] TICK #18425  avail=55  bytes=2102767  ON=1  ps=0  pi=5
  RAW[55]: 56 00 9F 18 9E 56 00 A7 83 5D 56 00 48 E2 AB 56 00 AC A0 37 56 00 8C 67 B0 56 00 B2 AC 74 56 00 42 A2 9F 56 00 B2 6C 2E ...
  PARSED: 11
[14:40:35.833] TICK #18426  avail=44  bytes=2102822  ON=1  ps=0  pi=5
  RAW[44]: 56 00 B3 D5 D9 56 00 7B 77 F0 56 00 BA 88 4B 56 00 40 43 1D 56 00 B1 61 FD 56 00 79 FF 75 56 00 D2 20 A5 56 00 4B CF 90 ...
  PARSED: 8
[14:40:35.895] TICK #18428  avail=46  bytes=2102866  ON=1  ps=1  pi=4
  RAW[46]: 5E 56 00 8D 74 1B 56 00 B4 D9 27 56 00 46 B0 9D 56 00 AC 0F 5A 56 00 80 39 CC 56 00 C1 07 C0 56 00 43 56 80 56 00 B5 40 ...
  PARSED: 10
[14:40:35.925] TICK #18429  avail=45  bytes=2102912  ON=1  ps=0  pi=5
  RAW[45]: 56 00 C6 1D 3E 56 00 43 DF B5 56 00 AC F6 82 56 00 79 95 5A 56 00 CB 78 5E 56 00 40 17 6A 56 00 B6 25 8D 56 00 78 E9 21 ...
  PARSED: 9
[14:40:35.978] TICK #18431  avail=50  bytes=2102957  ON=1  ps=0  pi=5
  RAW[50]: 56 00 44 50 51 56 00 AD 15 75 56 00 8E 83 DB 56 00 BD 86 99 56 00 2A C8 12 56 00 A8 84 91 56 00 88 2D 3D 56 00 C1 D5 C2 ...
  PARSED: 10
[14:40:36.029] TICK #18433  avail=55  bytes=2103007  ON=1  ps=0  pi=5
  RAW[55]: 56 00 80 10 F8 56 00 D2 00 00 56 00 44 7B AD 56 00 AE E0 69 56 00 6E FD 28 56 00 B3 0C F5 56 00 43 98 8C 56 00 AA AF 23 ...
  PARSED: 11
[14:40:36.075] TICK #18434  avail=45  bytes=2103062  ON=1  ps=0  pi=5
  RAW[45]: 56 00 B0 AB 05 56 00 8B 4C 70 56 00 B6 CF 37 56 00 34 30 6C 56 00 B6 78 B8 56 00 7F 1E 7D 56 00 C6 97 47 56 00 44 7A AA ...
  PARSED: 9
[14:40:36.139] TICK #18436  avail=50  bytes=2103107  ON=1  ps=0  pi=5
  RAW[50]: 56 00 7C 58 C3 56 00 CC 65 A8 56 00 34 B5 23 56 00 B7 C0 C8 56 00 76 1D BB 56 00 CC 26 DA 56 00 36 B7 0C 56 00 B2 51 1E ...
  PARSED: 10
[14:40:36.167] TICK #18437  avail=40  bytes=2103157  ON=1  ps=0  pi=5
  RAW[40]: 56 00 44 51 77 56 00 B5 F9 E9 56 00 77 AE B6 56 00 C0 51 B8 56 00 39 7F D7 56 00 BA 15 2E 56 00 7B B9 33 56 00 C3 B9 EF 
  PARSED: 8
[14:40:36.229] TICK #18439  avail=50  bytes=2103197  ON=1  ps=0  pi=5
  RAW[50]: 56 00 3D AC 2A 56 00 BB 10 4C 56 00 80 B5 D9 56 00 CC F7 B0 56 00 20 9C 08 56 00 9F DC 88 56 00 87 1F 38 56 00 B5 69 9D ...
  PARSED: 10
[14:40:36.266] TICK #18440  avail=50  bytes=2103247  ON=1  ps=0  pi=5
  RAW[50]: 56 00 84 1D E8 56 00 BC 09 86 56 00 35 95 2C 56 00 AF 09 B0 56 00 70 7C 62 56 00 C6 63 00 56 00 2A DF AB 56 00 A9 76 AA ...
  PARSED: 10
[14:40:36.331] TICK #18442  avail=50  bytes=2103297  ON=1  ps=0  pi=5
  RAW[50]: 56 00 42 4D 96 56 00 C2 78 2B 56 00 77 96 C2 56 00 CC DB D9 56 00 2D FF 18 56 00 BD C6 57 56 00 6F 63 DC 56 00 D7 26 13 ...
  PARSED: 10
[14:40:36.375] TICK #18443  avail=60  bytes=2103347  ON=1  ps=0  pi=5
  RAW[60]: 56 00 52 81 0D 56 00 B7 A3 27 56 00 E1 F6 91 56 00 E5 88 FA 56 00 FE 3F F7 56 00 B3 58 76 56 00 C9 90 62 56 00 9D 1C E1 ...
  PARSED: 12
[14:40:36.435] TICK #18445  avail=45  bytes=2103407  ON=1  ps=0  pi=5
  RAW[45]: 56 00 39 94 72 56 00 F6 97 89 56 00 36 46 AA 56 00 7E 19 EA 56 00 6C 7F 25 56 00 C0 8A B5 56 00 16 5D B1 56 00 68 0B AC ...
  PARSED: 9
[14:40:36.463] TICK #18446  avail=45  bytes=2103452  ON=1  ps=0  pi=5
  RAW[45]: 56 00 A0 8B 4E 56 00 28 8D 7D 56 00 A3 E2 D9 56 00 4A F1 79 56 00 E5 D0 C5 56 00 35 D7 C8 56 00 CE DF DA 56 00 60 9F FC ...
  PARSED: 9
[14:40:36.499] TICK #18447  avail=35  bytes=2103497  ON=1  ps=0  pi=5
  RAW[35]: 56 00 53 50 AB 56 00 A7 F5 83 56 00 90 02 EA 56 00 D0 EB 55 56 00 3F 3A F0 56 00 A0 3E 06 56 00 71 79 0A 
  PARSED: 7
[14:40:36.561] TICK #18449  avail=45  bytes=2103532  ON=1  ps=0  pi=5
  RAW[45]: 56 00 D0 4E 47 56 00 4B E3 1A 56 00 89 56 4C 56 00 88 CC 31 56 00 BC B6 88 56 00 7E 2D 77 56 00 F8 92 54 56 00 50 15 DB ...
  PARSED: 9
[14:40:36.599] TICK #18450  avail=55  bytes=2103577  ON=1  ps=0  pi=5
  RAW[55]: 56 00 72 59 11 56 00 8F 7C ED 56 00 97 0C B2 56 00 7D 41 C5 56 00 5D A8 82 56 00 92 2A 57 56 00 34 31 88 56 00 DA 78 8F ...
  PARSED: 11
[14:40:36.653] TICK #18452  avail=55  bytes=2103632  ON=1  ps=0  pi=5
  RAW[55]: 56 00 E7 33 61 56 00 52 BE C8 56 00 9C A2 22 56 00 93 B9 55 56 00 C3 10 AE 56 00 56 F7 AD 56 00 99 D4 80 56 00 83 CD 08 ...
  PARSED: 11
[14:40:36.717] TICK #18454  avail=50  bytes=2103687  ON=1  ps=0  pi=5
  RAW[50]: 56 00 8D 7A A1 56 00 C5 A1 6A 56 00 66 46 95 56 00 90 D2 55 56 00 7B 4E 01 56 00 CF 67 82 56 00 5A C4 7B 56 00 98 60 AF ...
  PARSED: 10
[14:40:36.750] TICK #18455  avail=50  bytes=2103737  ON=1  ps=0  pi=5
  RAW[50]: 56 00 5C 5E 93 56 00 A5 B8 1A 56 00 7F 65 09 56 00 D1 10 63 56 00 55 A8 1B 56 00 93 6A 2E 56 00 85 97 6D 56 00 CC 81 BA ...
  PARSED: 10
[14:40:36.817] TICK #18457  avail=50  bytes=2103787  ON=1  ps=0  pi=5
  RAW[50]: 56 00 8E A3 F0 56 00 CA F5 2E 56 00 62 AA 49 56 00 86 0F A9 56 00 3B DE FD 56 00 52 4F 6F 56 00 9D 22 51 56 00 5B 2C 18 ...
  PARSED: 10
[14:40:36.851] TICK #18458  avail=50  bytes=2103837  ON=1  ps=0  pi=5
  RAW[50]: 56 00 0D C9 72 56 00 63 14 A1 56 00 60 BD 18 56 00 86 3C FB 56 00 67 50 51 56 00 35 C5 06 56 00 28 ED 85 56 00 C7 0A A7 ...
  PARSED: 10
[14:40:36.915] TICK #18460  avail=50  bytes=2103887  ON=1  ps=0  pi=5
  RAW[50]: 56 00 A7 86 F5 56 00 AD 32 95 56 00 5D 06 18 56 00 7B B9 01 56 00 92 F4 6F 56 00 B7 8B 7A 56 00 6C 84 CF 56 00 8F 79 3C ...
  PARSED: 10
[14:40:36.950] TICK #18461  avail=50  bytes=2103937  ON=1  ps=0  pi=5
  RAW[50]: 56 00 8B B8 C4 56 00 64 52 60 56 00 9A 0A 57 56 00 8E D1 F8 56 00 B6 27 7F 56 00 B1 1F B0 56 00 AF EE 8A 56 00 88 00 54 ...
  PARSED: 10
[14:40:37.014] TICK #18463  avail=45  bytes=2103987  ON=1  ps=0  pi=5
  RAW[45]: 56 00 83 34 D8 56 00 72 41 10 56 00 A4 D2 0B 56 00 96 4F 97 56 00 7F 1B EE 56 00 7E 53 16 56 00 76 6B CB 56 00 38 48 93 ...
  PARSED: 9
[14:40:37.042] TICK #18464  avail=45  bytes=2104032  ON=1  ps=0  pi=5
  RAW[45]: 56 00 89 9E EF 56 00 6C 61 00 56 00 82 DD AD 56 00 AD DB D2 56 00 6B C1 96 56 00 8C C7 FB 56 00 5F 25 33 56 00 84 75 BD ...
  PARSED: 9
[14:40:37.104] TICK #18466  avail=50  bytes=2104077  ON=1  ps=0  pi=5
  RAW[50]: 56 00 92 DD BA 56 00 55 77 48 56 00 9F 1F 2E 56 00 9B B5 C3 56 00 95 BB C6 56 00 4D 0D E8 56 00 A9 22 E0 56 00 9B B8 EF ...
  PARSED: 10
[14:40:37.141] TICK #18467  avail=50  bytes=2104127  ON=1  ps=0  pi=5
  RAW[50]: 56 00 A8 7F 31 56 00 9D 6B 07 56 00 A4 DA 44 56 00 50 9A BC 56 00 A3 66 ED 56 00 94 38 09 56 00 AB 4B 36 56 00 39 35 87 ...
  PARSED: 10
[14:40:37.206] TICK #18469  avail=50  bytes=2104177  ON=1  ps=0  pi=5
  RAW[50]: 56 00 BB 89 89 56 00 4F A6 66 56 00 A8 22 C1 56 00 90 A2 6D 56 00 B5 73 3A 56 00 3E 9F 4D 56 00 B0 1F 40 56 00 89 88 BC ...
  PARSED: 10
[14:40:37.236] TICK #18470  avail=45  bytes=2104227  ON=1  ps=0  pi=5
  RAW[45]: 56 00 B0 DA 45 56 00 89 E2 6B 56 00 C5 AA 39 56 00 3B F6 E2 56 00 AE BF 4E 56 00 6B 58 BA 56 00 BA 1A 42 56 00 45 9E 45 ...
  PARSED: 9
[14:40:37.302] TICK #18472  avail=50  bytes=2104272  ON=1  ps=0  pi=5
  RAW[50]: 56 00 A1 1F 15 56 00 B2 8A EA 56 00 55 5F A5 56 00 AE 00 75 56 00 8D B7 7A 56 00 B7 E0 70 56 00 53 1F AC 56 00 B1 BE C2 ...
  PARSED: 10
[14:40:37.342] TICK #18473  avail=59  bytes=2104322  ON=1  ps=0  pi=5
  RAW[59]: 56 00 3F 35 D5 56 00 B7 54 04 56 00 8A BC C7 56 00 C8 E7 68 56 00 47 8B A3 56 00 B1 49 DC 56 00 87 05 C5 56 00 D3 1A 36 ...
  PARSED: 11
[14:40:37.383] TICK #18474  avail=41  bytes=2104381  ON=1  ps=1  pi=4
  RAW[41]: 03 56 00 40 CE 14 56 00 B0 DD 1A 56 00 76 A4 11 56 00 D3 A8 63 56 00 4A 30 99 56 00 BD F9 54 56 00 96 A9 F4 56 00 C6 EB ...
  PARSED: 9
[14:40:37.447] TICK #18476  avail=45  bytes=2104422  ON=1  ps=0  pi=5
  RAW[45]: 56 00 4C 97 09 56 00 BA F8 23 56 00 89 E3 B8 56 00 CD 36 57 56 00 4A 58 3F 56 00 C3 95 05 56 00 81 60 DA 56 00 D2 56 FE ...
  PARSED: 9
[14:40:37.471] TICK #18477  avail=45  bytes=2104467  ON=1  ps=0  pi=5
  RAW[45]: 56 00 BE 43 A4 56 00 90 1E CD 56 00 D1 33 81 56 00 57 AF E5 56 00 BB 7D 05 56 00 78 3C 52 56 00 CF 14 0D 56 00 5D 93 1B ...
  PARSED: 9
[14:40:37.507] TICK #18478  avail=35  bytes=2104512  ON=1  ps=0  pi=5
  RAW[35]: 56 00 93 D2 70 56 00 D3 77 F7 56 00 54 5C F5 56 00 B7 FA FC 56 00 88 55 2C 56 00 D0 E7 87 56 00 5C 5C AE 
  PARSED: 7
[14:40:37.570] TICK #18480  avail=45  bytes=2104547  ON=1  ps=0  pi=5
  RAW[45]: 56 00 B8 A8 D2 56 00 84 5D 47 56 00 D7 06 E8 56 00 5D 94 B5 56 00 B3 07 E1 56 00 93 4B CA 56 00 D0 6F FC 56 00 66 42 F6 ...
  PARSED: 9
[14:40:37.600] TICK #18481  avail=50  bytes=2104592  ON=1  ps=0  pi=5
  RAW[50]: 56 00 7C 38 DB 56 00 D0 D9 65 56 00 62 40 15 56 00 B6 29 C1 56 00 9B 29 B2 56 00 D5 26 3E 56 00 50 80 B1 56 00 AF 06 28 ...
  PARSED: 10
[14:40:37.667] TICK #18483  avail=50  bytes=2104642  ON=1  ps=0  pi=5
  RAW[50]: 56 00 65 52 52 56 00 B6 34 A9 56 00 8D EC 54 56 00 DC 11 8A 56 00 4A FA 80 56 00 A0 78 0D 56 00 9B 9A 36 56 00 CB 36 01 ...
  PARSED: 10
[14:40:37.699] TICK #18484  avail=50  bytes=2104692  ON=1  ps=0  pi=5
  RAW[50]: 56 00 92 A6 D2 56 00 D4 C0 B4 56 00 68 C0 75 56 00 A6 D7 B3 56 00 98 32 30 56 00 D0 6C EE 56 00 78 1F 99 56 00 A2 18 DB ...
  PARSED: 10
[14:40:37.763] TICK #18486  avail=45  bytes=2104742  ON=1  ps=0  pi=5
  RAW[45]: 56 00 82 93 72 56 00 A0 02 D2 56 00 98 28 9E 56 00 C2 73 FD 56 00 8E 5C B4 56 00 9A 2B 7C 56 00 AD 54 31 56 00 D0 DE F0 ...
  PARSED: 9
[14:40:37.799] TICK #18487  avail=55  bytes=2104787  ON=1  ps=0  pi=5
  RAW[55]: 56 00 8F BB 87 56 00 A8 C2 3C 56 00 D9 64 8F 56 00 68 31 94 56 00 A1 55 21 56 00 8B 1A FD 56 00 C0 26 EA 56 00 81 11 8B ...
  PARSED: 11
[14:40:37.865] TICK #18489  avail=45  bytes=2104842  ON=1  ps=0  pi=5
  RAW[45]: 56 00 86 53 5F 56 00 97 F3 B4 56 00 96 7C 54 56 00 C7 13 E8 56 00 7D 85 86 56 00 90 33 1D 56 00 A0 28 B3 56 00 BF FB 96 ...
  PARSED: 9
[14:40:37.891] TICK #18490  avail=45  bytes=2104887  ON=1  ps=0  pi=5
  RAW[45]: 56 00 87 05 87 56 00 A3 B0 5B 56 00 BF AA 36 56 00 8D 98 05 56 00 75 52 D6 56 00 A7 18 62 56 00 B3 6F C8 56 00 9C 94 30 ...
  PARSED: 9
[14:40:37.953] TICK #18492  avail=45  bytes=2104932  ON=1  ps=0  pi=5
  RAW[45]: 56 00 B0 BE 83 56 00 B5 DB DA 56 00 A1 6D 96 56 00 92 99 14 56 00 92 6A E8 56 00 B7 4C D2 56 00 91 DA D1 56 00 7F 70 61 ...
  PARSED: 9
[14:40:37.984] TICK #18493  avail=50  bytes=2104977  ON=1  ps=0  pi=5
  RAW[50]: 56 00 C9 4C 9F 56 00 88 85 EC 56 00 7F 11 22 56 00 A6 44 A6 56 00 C3 A6 AA 56 00 8C EE ED 56 00 7D 7F C9 56 00 9A 3A 05 ...
  PARSED: 10
[14:40:38.046] TICK #18495  avail=45  bytes=2105027  ON=1  ps=0  pi=5
  RAW[45]: 56 00 72 7B 87 56 00 A9 B3 F8 56 00 BB D5 A2 56 00 98 80 16 56 00 64 D7 EF 56 00 A3 1E 63 56 00 A8 9B C8 56 00 AC 82 92 ...
  PARSED: 9
[14:40:38.077] TICK #18496  avail=50  bytes=2105072  ON=1  ps=0  pi=5
  RAW[50]: 56 00 B1 FB 3E 56 00 AF 4B 94 56 00 B0 95 1C 56 00 65 91 B9 56 00 AA 41 5E 56 00 A2 54 A7 56 00 B2 3F 26 56 00 4B 99 4C ...
  PARSED: 10
[14:40:38.142] TICK #18498  avail=45  bytes=2105122  ON=1  ps=0  pi=5
  RAW[45]: 56 00 B7 9A B8 56 00 61 6C 74 56 00 B1 01 21 56 00 A8 69 B6 56 00 B5 BB 57 56 00 5A 29 E4 56 00 B2 7C 68 56 00 9A B5 23 ...
  PARSED: 9
[14:40:38.171] TICK #18499  avail=45  bytes=2105167  ON=1  ps=0  pi=5
  RAW[45]: 56 00 5B 94 D6 56 00 B1 B4 7C 56 00 AF B9 DE 56 00 AB 32 8B 56 00 5D BD 18 56 00 AF 70 20 56 00 A2 01 9E 56 00 B0 52 9F ...
  PARSED: 9
[14:40:38.204] TICK #18500  avail=0  bytes=2105212  ON=1  ps=0  pi=5
[14:40:38.233] TICK #18501  avail=50  bytes=2105212  ON=1  ps=0  pi=5
  RAW[50]: 56 00 B6 8D A7 56 00 A1 80 74 56 00 BB 9A 8A 56 00 4F C0 7A 56 00 AD 7D 55 56 00 8C C4 A4 56 00 BC 31 E0 56 00 50 D6 86 ...
  PARSED: 10
[14:40:38.264] TICK #18502  avail=45  bytes=2105262  ON=1  ps=0  pi=5
  RAW[45]: 56 00 BE 2B F4 56 00 54 49 F3 56 00 B9 82 30 56 00 92 9D 38 56 00 C5 AE A9 56 00 48 A9 81 56 00 B4 E8 73 56 00 87 83 94 ...
  PARSED: 9
[14:40:38.326] TICK #18504  avail=45  bytes=2105307  ON=1  ps=0  pi=5
  RAW[45]: 56 00 3E 1B 2E 56 00 AD 67 80 56 00 91 45 B9 56 00 C5 40 22 56 00 54 7E D9 56 00 B9 79 05 56 00 9E 2E D4 56 00 C0 CB E4 ...
  PARSED: 9
[14:40:38.355] TICK #18505  avail=45  bytes=2105352  ON=1  ps=0  pi=5
  RAW[45]: 56 00 BB 33 C8 56 00 8D 53 A9 56 00 D2 9C 8C 56 00 51 33 21 56 00 C3 95 00 56 00 91 87 01 56 00 CE 42 27 56 00 52 51 6B ...
  PARSED: 9
[14:40:38.418] TICK #18507  avail=50  bytes=2105397  ON=1  ps=0  pi=5
  RAW[50]: 56 00 7E CA DC 56 00 D2 BB 5F 56 00 54 35 C3 56 00 BE 66 CF 56 00 96 13 1B 56 00 CE 67 5A 56 00 4A 4C 01 56 00 BF 5A 1F ...
  PARSED: 10
[14:40:38.456] TICK #18508  avail=55  bytes=2105447  ON=1  ps=0  pi=5
  RAW[55]: 56 00 54 A4 79 56 00 B9 4B A4 56 00 91 68 55 56 00 D5 6B E2 56 00 53 73 58 56 00 B9 5F 2F 56 00 94 41 D3 56 00 D1 25 55 ...
  PARSED: 11
[14:40:38.499] TICK #18509  avail=40  bytes=2105502  ON=1  ps=0  pi=5
  RAW[40]: 56 00 CD 9D A8 56 00 52 D6 54 56 00 C0 19 B1 56 00 9A 94 41 56 00 D1 A7 57 56 00 64 31 67 56 00 BF D2 F2 56 00 9B B4 05 
  PARSED: 8
[14:40:38.560] TICK #18511  avail=45  bytes=2105542  ON=1  ps=0  pi=5
  RAW[45]: 56 00 D2 19 07 56 00 60 59 D0 56 00 C2 57 60 56 00 92 EF 9D 56 00 D6 64 ED 56 00 5D 53 DA 56 00 B9 AF 6A 56 00 9C C1 38 ...
  PARSED: 9
[14:40:38.600] TICK #18512  avail=40  bytes=2105587  ON=1  ps=0  pi=5
  RAW[40]: 56 00 6A 08 49 56 00 BC C0 21 56 00 95 8E 28 56 00 D7 7F 6F 56 00 5A B9 67 56 00 BE 83 0F 56 00 99 E8 F9 56 00 D0 64 29 
  PARSED: 8
[14:40:38.630] TICK #18513  avail=45  bytes=2105627  ON=1  ps=0  pi=5
  RAW[45]: 56 00 6A 6B FE 56 00 BB 04 E4 56 00 95 CA 37 56 00 D2 7D B2 56 00 5E A8 80 56 00 BA 1D 3E 56 00 92 3A 76 56 00 D6 05 A4 ...
  PARSED: 9
[14:40:38.691] TICK #18515  avail=50  bytes=2105672  ON=1  ps=0  pi=5
  RAW[50]: 56 00 BE 6D CE 56 00 93 64 8E 56 00 D5 49 3D 56 00 58 D9 3B 56 00 B4 4B 9A 56 00 9D F4 F0 56 00 D4 BB 40 56 00 61 96 EA ...
  PARSED: 10
[14:40:38.716] TICK #18516  avail=40  bytes=2105722  ON=1  ps=0  pi=5
  RAW[40]: 56 00 D2 9F 4A 56 00 64 9B 69 56 00 BD 66 27 56 00 90 96 7E 56 00 D6 7A DA 56 00 5E 6B EA 56 00 B6 90 69 56 00 8D 69 CF 
  PARSED: 8
[14:40:38.779] TICK #18518  avail=45  bytes=2105762  ON=1  ps=0  pi=5
  RAW[45]: 56 00 D7 91 4F 56 00 66 4A 52 56 00 C0 34 62 56 00 8F AB 30 56 00 D5 FF F6 56 00 5D 34 FE 56 00 BD E3 4A 56 00 8F A1 CD ...
  PARSED: 9
[14:40:38.808] TICK #18519  avail=45  bytes=2105807  ON=1  ps=0  pi=5
  RAW[45]: 56 00 63 FB 56 56 00 C2 13 CC 56 00 94 94 D4 56 00 D6 82 2F 56 00 5F 97 71 56 00 BE 8D 50 56 00 97 E5 02 56 00 D2 93 91 ...
  PARSED: 9
[14:40:38.869] TICK #18521  avail=45  bytes=2105852  ON=1  ps=0  pi=5
  RAW[45]: 56 00 B3 5E 72 56 00 97 7F 7B 56 00 D2 E2 F1 56 00 65 C6 73 56 00 B8 44 8A 56 00 8F A8 AF 56 00 D0 11 99 56 00 5A A7 08 ...
  PARSED: 9
[14:40:38.900] TICK #18522  avail=50  bytes=2105897  ON=1  ps=0  pi=5
  RAW[50]: 56 00 9B 47 11 56 00 D1 AC 52 56 00 5D 80 31 56 00 C2 C3 44 56 00 8F 90 6F 56 00 D6 BD 34 56 00 4F FB 97 56 00 B6 95 20 ...
  PARSED: 10
[14:40:38.963] TICK #18524  avail=45  bytes=2105947  ON=1  ps=0  pi=5
  RAW[45]: 56 00 67 D4 8E 56 00 C3 24 77 56 00 96 86 E5 56 00 CB 8D FF 56 00 52 AC 62 56 00 C4 92 E4 56 00 97 8B 78 56 00 CF 5B B6 ...
  PARSED: 9
[14:40:39.001] TICK #18525  avail=55  bytes=2105992  ON=1  ps=0  pi=5
  RAW[55]: 56 00 BF 15 B8 56 00 8F 97 A4 56 00 C4 21 B0 56 00 5C CD 0B 56 00 C3 EB 74 56 00 8F FC E4 56 00 CC 80 C7 56 00 59 FD A6 ...
  PARSED: 11
[14:40:39.062] TICK #18527  avail=45  bytes=2106047  ON=1  ps=0  pi=5
  RAW[45]: 56 00 59 A6 1F 56 00 BF E7 BD 56 00 89 2A 79 56 00 D1 7F FE 56 00 55 AE 39 56 00 C5 AC AB 56 00 A3 88 19 56 00 C0 0B 16 ...
  PARSED: 9
[14:40:39.101] TICK #18528  avail=50  bytes=2106092  ON=1  ps=0  pi=5
  RAW[50]: 56 00 C1 B0 40 56 00 9A D6 70 56 00 C8 24 00 56 00 57 56 3B 56 00 CB 4F 2E 56 00 94 76 43 56 00 D1 20 71 56 00 57 E6 B4 ...
  PARSED: 10
[14:40:39.167] TICK #18530  avail=50  bytes=2106142  ON=1  ps=0  pi=5
  RAW[50]: 56 00 BD B1 66 56 00 5D 04 BC 56 00 B3 42 7D 56 00 95 84 DB 56 00 C5 C3 19 56 00 5F 5E FC 56 00 BC 9D 7E 56 00 A0 85 44 ...
  PARSED: 10
[14:40:39.197] TICK #18531  avail=50  bytes=2106192  ON=1  ps=0  pi=5
  RAW[50]: 56 00 BB 18 26 56 00 9A 94 64 56 00 C0 CE 65 56 00 51 6C 64 56 00 AE 36 4C 56 00 7F E7 6A 56 00 CE A2 89 56 00 55 83 8D ...
  PARSED: 10
[14:40:39.259] TICK #18533  avail=45  bytes=2106242  ON=1  ps=0  pi=5
  RAW[45]: 56 00 B3 91 09 56 00 61 23 B0 56 00 AD 15 14 56 00 96 5F DC 56 00 BB 01 62 56 00 5C 0A B2 56 00 B2 0D EA 56 00 7B 62 EE ...
  PARSED: 9
[14:40:39.299] TICK #18534  avail=55  bytes=2106287  ON=1  ps=0  pi=5
  RAW[55]: 56 00 51 12 87 56 00 B4 16 E7 56 00 94 4A 3B 56 00 C8 FF 08 56 00 52 8A BE 56 00 B7 1E F9 56 00 9F 8C 03 56 00 B9 AC 5D ...
  PARSED: 11
[14:40:39.341] TICK #18535  avail=40  bytes=2106342  ON=1  ps=0  pi=5
  RAW[40]: 56 00 BC 78 42 56 00 59 3B 99 56 00 AA C8 EA 56 00 8F 52 6A 56 00 BD DB 5E 56 00 52 67 79 56 00 BC 33 13 56 00 A4 16 EF 
  PARSED: 8
[14:40:39.403] TICK #18537  avail=50  bytes=2106382  ON=1  ps=0  pi=5
  RAW[50]: 56 00 B9 C7 5A 56 00 58 A5 FA 56 00 B4 2B 1B 56 00 B6 56 74 56 00 A1 C0 62 56 00 6D B7 42 56 00 BB 90 91 56 00 A5 CC 8E ...
  PARSED: 10
[14:40:39.433] TICK #18538  avail=45  bytes=2106432  ON=1  ps=0  pi=5
  RAW[45]: 56 00 C9 DB 14 56 00 9D 8C B8 56 00 CB C3 B4 56 00 44 9F 66 56 00 C5 B1 E4 56 00 A3 A2 E1 56 00 BA 63 3B 56 00 64 4F 99 ...
  PARSED: 9
