=== geophone_scope_simple — 10-May-2026 20:48:27 ===
[20:48:27.387] Conectado COM6 @ 115200
[20:48:27.389] Solicitando config al PSoC (0xA5)...
[20:48:27.471] Config OK: ADC=18 bits  fs=1500 SPS  PGA code=0(1x (0x00))  Vref=±6144mV  pktsz=5  scale=7.324e-04 mV/cnt
[20:48:27.473] Servo OK: VDp=148 VDn=148 valid=1  vent=1.33s paso=1
[20:48:27.474] Nominal VDAC: pN=148 nN=0 ±tol=0
[20:48:27.504] TICK #1  avail=45  bytes=0  ON=0  ps=0  pi=0
  RAW[45]: 00 00 F5 76 56 00 00 C5 18 56 00 00 80 BF 56 00 00 9F 1A 56 00 00 94 BF 56 00 00 5F D5 56 00 FD E9 CC 56 00 FD 0D DF 56 ...
[20:48:27.560] TICK #2  avail=481  bytes=45  ON=0  ps=0  pi=0
  RAW[400]: 00 FE 26 00 56 00 FE A0 E7 56 00 01 8D 34 56 00 01 E5 6B 56 00 02 19 F8 56 00 02 08 F4 56 00 01 88 63 56 00 01 2F 58 56 ...
[20:48:27.583] TICK #3  avail=321  bytes=445  ON=0  ps=0  pi=0
  RAW[321]: 00 00 DD E6 56 00 00 9D 57 56 00 00 2E DC 56 00 00 3B 3A 56 00 FF 2C 8E 56 00 FD 75 A9 56 00 FD F6 BB 56 00 FE 45 D9 56 ...
[20:48:27.629] TICK #5  avail=242  bytes=766  ON=0  ps=0  pi=0
  RAW[242]: FD 72 3D 56 00 FD F3 46 56 00 FE 36 82 56 00 01 2B 26 56 00 01 78 99 56 00 01 91 B4 56 00 01 C7 1A 56 00 01 7F 3B 56 00 ...
[20:48:27.652] TICK #6  avail=246  bytes=1008  ON=0  ps=0  pi=0
  RAW[246]: C6 56 00 00 F6 34 56 00 00 BE C6 56 00 00 D9 84 56 00 00 CF D8 56 00 00 A7 18 56 00 00 29 A9 56 00 00 13 3F 56 00 FF 37 ...
[20:48:27.698] TICK #8  avail=244  bytes=1254  ON=0  ps=0  pi=0
  RAW[244]: 56 00 01 AE 42 56 00 01 5A 76 56 00 FE C9 68 56 00 FD E8 E4 56 00 FE 39 D4 56 00 FE 81 5A 56 00 FF AD E5 56 00 02 13 90 ...
[20:48:27.719] TICK #9  avail=241  bytes=1498  ON=0  ps=0  pi=0
  RAW[241]: 3E 56 00 FE 78 3D 56 00 00 77 63 56 00 01 AA 37 56 00 01 F0 6B 56 00 01 C8 6B 56 00 01 B3 CC 56 00 01 69 AB 56 00 01 69 ...
[20:48:27.764] TICK #11  avail=244  bytes=1739  ON=0  ps=0  pi=0
  RAW[244]: 56 00 00 89 06 56 00 00 F6 CF 56 00 01 0D 8E 56 00 01 1F 24 56 00 00 A4 29 56 00 00 5A 61 56 00 00 2B 21 56 00 FD 2D F5 ...
[20:48:27.785] TICK #12  avail=240  bytes=1983  ON=0  ps=0  pi=0
  RAW[240]: 14 56 00 01 6D B8 56 00 FF 30 56 56 00 FD DD CE 56 00 FE 7C 78 56 00 FE B1 B7 56 00 FF 40 AF 56 00 01 73 45 56 00 01 C2 ...
[20:48:27.829] TICK #14  avail=241  bytes=2223  ON=0  ps=0  pi=0
  RAW[241]: 18 56 00 FE 5A 45 56 00 FF 80 83 56 00 01 E5 40 56 00 01 DF D8 56 00 01 A1 E7 56 00 02 26 AA 56 00 01 80 70 56 00 01 3D ...
[20:48:27.851] TICK #15  avail=246  bytes=2464  ON=0  ps=0  pi=0
  RAW[246]: 56 00 01 1F A3 56 00 00 F7 5D 56 00 00 AE 4F 56 00 00 96 A8 56 00 00 59 64 56 00 00 36 74 56 00 00 31 31 56 00 FD 8D BD ...
[20:48:27.893] TICK #17  avail=244  bytes=2710  ON=0  ps=0  pi=0
  RAW[244]: 00 01 82 6A 56 00 00 95 73 56 00 FE 0A AC 56 00 FE 48 91 56 00 FE 80 EC 56 00 FE D4 B4 56 00 00 EF D4 56 00 01 A0 A6 56 ...
[20:48:27.916] TICK #18  avail=244  bytes=2954  ON=0  ps=0  pi=0
  RAW[244]: 56 00 FE 98 4F 56 00 01 5E F3 56 00 01 BE 6B 56 00 01 D3 81 56 00 01 F8 F1 56 00 01 C3 9A 56 00 01 7E FE 56 00 01 6F 54 ...
[20:48:27.960] TICK #20  avail=246  bytes=3198  ON=0  ps=0  pi=0
  RAW[246]: DE 56 00 00 B1 E5 56 00 00 F1 B1 56 00 00 CB DB 56 00 00 9A BC 56 00 00 2E AB 56 00 FE 6D CE 56 00 FD 05 EA 56 00 FD AA ...
[20:48:28.003] TICK #22  avail=240  bytes=3444  ON=0  ps=0  pi=0
  RAW[240]: 56 00 FE 4C C1 56 00 FD F3 3F 56 00 FE 6A 0B 56 00 FE E4 E5 56 00 00 AB 07 56 00 01 B9 9A 56 00 01 68 2B 56 00 01 2A ED ...
[20:48:28.024] TICK #23  avail=245  bytes=3684  ON=0  ps=0  pi=0
  RAW[245]: 56 00 01 7E 06 56 00 01 EA 2E 56 00 01 98 21 56 00 01 72 1F 56 00 01 59 91 56 00 01 33 6F 56 00 01 45 8F 56 00 01 A5 E4 ...
[20:48:28.066] TICK #25  avail=244  bytes=3929  ON=0  ps=0  pi=0
  RAW[244]: 56 00 01 02 2E 56 00 00 B0 23 56 00 00 37 3D 56 00 00 31 42 56 00 FF A5 2D 56 00 FD 32 42 56 00 FD 38 EB 56 00 FD CF 39 ...
[20:48:28.089] TICK #26  avail=246  bytes=4173  ON=0  ps=0  pi=0
  RAW[246]: 4A 56 00 FD ED 15 56 00 FE 80 2F 56 00 FE 82 6C 56 00 00 3B 95 56 00 01 E5 97 56 00 01 BA 8B 56 00 01 45 19 56 00 00 BE ...
[20:48:28.131] TICK #28  avail=248  bytes=4419  ON=0  ps=0  pi=0
  RAW[248]: 56 00 01 D1 FE 56 00 01 E1 BD 56 00 01 7E A7 56 00 01 71 27 56 00 01 40 7D 56 00 01 8A B8 56 00 01 8B B2 56 00 01 8E 46 ...
[20:48:28.153] TICK #29  avail=239  bytes=4667  ON=0  ps=0  pi=0
  RAW[239]: 7A 0B 56 00 00 26 2C 56 00 00 16 E6 56 00 FD 16 68 56 00 FD 85 64 56 00 FE 24 32 56 00 FE 6C 39 56 00 00 00 C5 56 00 01 ...
[20:48:28.195] TICK #31  avail=240  bytes=4906  ON=0  ps=0  pi=0
  RAW[240]: FE 34 BB 56 00 FE 94 7F 56 00 FF 98 FD 56 00 01 AF CE 56 00 01 D6 8B 56 00 01 1F 5C 56 00 00 C8 98 56 00 00 C8 8B 56 00 ...
[20:48:28.217] TICK #32  avail=243  bytes=5146  ON=0  ps=0  pi=0
  RAW[243]: 01 76 29 56 00 01 EA E7 56 00 01 CD FD 56 00 01 A7 74 56 00 01 42 1A 56 00 01 77 DF 56 00 01 93 6E 56 00 01 40 89 56 00 ...
[20:48:28.260] TICK #34  avail=242  bytes=5389  ON=0  ps=0  pi=0
  RAW[242]: 56 00 00 8F F2 56 00 00 75 24 56 00 00 88 0C 56 00 FD AF 7A 56 00 FD 13 A9 56 00 FD AB 6A 56 00 FE 5F 1B 56 00 FF 90 FC ...
[20:48:28.303] TICK #36  avail=243  bytes=5631  ON=0  ps=0  pi=0
  RAW[243]: FE 89 17 56 00 FE C6 B3 56 00 FF 0F ED 56 00 01 0E 77 56 00 01 F8 CA 56 00 01 41 2F 56 00 01 1B EB 56 00 00 90 F2 56 00 ...
[20:48:28.324] TICK #37  avail=245  bytes=5874  ON=0  ps=0  pi=0
  RAW[245]: 56 00 01 CE 83 56 00 01 AD 92 56 00 01 A3 7A 56 00 01 2C C6 56 00 01 36 F0 56 00 01 D3 5D 56 00 01 6A 24 56 00 00 A1 3E ...
[20:48:28.367] TICK #39  avail=250  bytes=6119  ON=0  ps=0  pi=0
  RAW[250]: 56 00 00 3F 08 56 00 00 32 B4 56 00 FE 43 67 56 00 FC F9 80 56 00 FD 99 E5 56 00 FD D5 8D 56 00 FE E8 B8 56 00 01 9B 5C ...
[20:48:28.389] TICK #40  avail=249  bytes=6369  ON=0  ps=0  pi=0
  RAW[249]: 56 00 FF 14 B4 56 00 01 29 4D 56 00 02 24 10 56 00 01 C7 3A 56 00 01 3A AC 56 00 01 0E A2 56 00 01 14 89 56 00 00 FF A5 ...
[20:48:28.433] TICK #42  avail=246  bytes=6618  ON=0  ps=0  pi=0
  RAW[246]: 4F 56 00 01 A6 A1 56 00 01 6D A5 56 00 01 D1 DB 56 00 01 85 71 56 00 00 D1 B8 56 00 FD E1 5A 56 00 FE 4C 5F 56 00 FE AA ...
[20:48:28.455] TICK #43  avail=241  bytes=6864  ON=0  ps=0  pi=0
  RAW[241]: 56 00 FC D6 65 56 00 FD 9D 27 56 00 FE 20 6E 56 00 FE 83 CB 56 00 01 4B 4F 56 00 01 7D BB 56 00 02 0A 72 56 00 02 3F D3 ...
[20:48:28.498] TICK #45  avail=246  bytes=7105  ON=0  ps=0  pi=0
  RAW[246]: 00 01 FE F8 56 00 01 5B 18 56 00 01 00 A4 56 00 00 E5 98 56 00 00 FB 1E 56 00 01 1A 77 56 00 01 09 AA 56 00 00 6C C5 56 ...
[20:48:28.521] TICK #46  avail=242  bytes=7351  ON=0  ps=0  pi=0
  RAW[242]: 01 4B EE 56 00 01 41 4C 56 00 01 97 0F 56 00 01 69 1D 56 00 FE 7A 09 56 00 FD CA 4B 56 00 FE 20 22 56 00 FE 75 E0 56 00 ...
[20:48:28.564] TICK #48  avail=241  bytes=7593  ON=0  ps=0  pi=0
  RAW[241]: 7E 56 00 FD 6A 1B 56 00 FE 2E 76 56 00 FE 51 DC 56 00 00 12 44 56 00 01 BF 9C 56 00 02 31 E7 56 00 02 3D 59 56 00 01 9E ...
[20:48:28.588] TICK #49  avail=245  bytes=7834  ON=0  ps=0  pi=0
  RAW[245]: 56 00 01 85 12 56 00 01 51 F9 56 00 00 D1 75 56 00 00 A2 3B 56 00 00 9C 23 56 00 00 B5 BD 56 00 00 8A E9 56 00 00 4D CD ...
[20:48:28.611] TICK #50  avail=0  bytes=8079  ON=0  ps=0  pi=0
[20:48:28.633] TICK #51  avail=240  bytes=8079  ON=0  ps=0  pi=0
  RAW[240]: 56 00 01 A9 32 56 00 01 A2 60 56 00 01 5E AA 56 00 00 19 BE 56 00 FD 62 03 56 00 FE 12 95 56 00 FE 4D 37 56 00 FF BA 06 ...
[20:48:28.655] TICK #52  avail=245  bytes=8319  ON=0  ps=0  pi=0
  RAW[245]: 56 00 FD 17 68 56 00 FD D2 6B 56 00 FE 12 F4 56 00 FF D7 EE 56 00 01 54 18 56 00 01 B8 D1 56 00 02 29 D4 56 00 01 EE 3A ...
[20:48:28.699] TICK #54  avail=240  bytes=8564  ON=0  ps=0  pi=0
  RAW[240]: 56 00 01 E5 F5 56 00 01 53 C7 56 00 01 27 04 56 00 00 E9 C3 56 00 01 04 4F 56 00 00 EF 06 56 00 00 31 31 56 00 00 2D 71 ...
[20:48:28.721] TICK #55  avail=245  bytes=8804  ON=0  ps=0  pi=0
  RAW[245]: 56 00 01 50 C9 56 00 01 C8 94 56 00 01 91 66 56 00 00 25 52 56 00 FD ED CE 56 00 FE 45 49 56 00 FE 93 2B 56 00 FE CF 1F ...
[20:48:28.765] TICK #57  avail=247  bytes=9049  ON=0  ps=0  pi=0
  RAW[247]: 56 00 FD B1 55 56 00 FE 51 C0 56 00 FF 1E 16 56 00 01 B8 0B 56 00 01 D7 07 56 00 02 41 41 56 00 02 0F EA 56 00 01 CE F5 ...
[20:48:28.788] TICK #58  avail=248  bytes=9296  ON=0  ps=0  pi=0
  RAW[248]: 01 6B 6B 56 00 01 5E E5 56 00 01 11 25 56 00 00 B0 CD 56 00 00 A2 A4 56 00 00 CC CB 56 00 00 50 BB 56 00 00 82 B4 56 00 ...
[20:48:28.831] TICK #60  avail=245  bytes=9544  ON=0  ps=0  pi=0
  RAW[245]: 56 00 01 C5 27 56 00 01 34 0C 56 00 FE 25 65 56 00 FE 18 89 56 00 FE 71 A1 56 00 FE CE A9 56 00 00 D6 B4 56 00 01 E1 E2 ...
[20:48:28.875] TICK #62  avail=240  bytes=9789  ON=0  ps=0  pi=0
  RAW[240]: 56 00 FD F9 E3 56 00 01 04 9F 56 00 01 82 CF 56 00 01 F8 27 56 00 01 C5 C7 56 00 01 52 37 56 00 00 DE BD 56 00 00 D9 1F ...
[20:48:28.897] TICK #63  avail=246  bytes=10029  ON=0  ps=0  pi=0
  RAW[246]: 56 00 00 8D 89 56 00 00 99 68 56 00 00 C4 A4 56 00 00 64 39 56 00 FF FB 37 56 00 00 00 51 56 00 FE D3 7C 56 00 FC 9D EA ...
[20:48:28.940] TICK #65  avail=252  bytes=10275  ON=0  ps=0  pi=0
  RAW[252]: 00 01 32 A1 56 00 FE 4A 70 56 00 FD 60 98 56 00 FD BF 4F 56 00 FE 3E 71 56 00 FF FE 8C 56 00 01 40 69 56 00 01 04 31 56 ...
[20:48:28.962] TICK #66  avail=242  bytes=10527  ON=0  ps=0  pi=0
  RAW[242]: 6D 05 56 00 01 95 43 56 00 01 EB 64 56 00 01 27 F9 56 00 01 86 C9 56 00 00 D5 E1 56 00 01 6A C4 56 00 01 7A 11 56 00 01 ...
[20:48:29.006] TICK #68  avail=243  bytes=10769  ON=0  ps=0  pi=0
  RAW[243]: 56 00 00 A6 7B 56 00 00 4A CC 56 00 00 3E 01 56 00 00 30 CF 56 00 FD 0F 7E 56 00 FC DA C2 56 00 FD 7E AD 56 00 FE 4A 33 ...
[20:48:29.028] TICK #69  avail=242  bytes=11012  ON=0  ps=0  pi=0
  RAW[242]: 82 05 56 00 FD E0 85 56 00 FE 6B 05 56 00 FF EC 4D 56 00 01 5D 67 56 00 01 19 A7 56 00 00 BB 1C 56 00 00 54 B1 56 00 00 ...
[20:48:29.071] TICK #71  avail=242  bytes=11254  ON=0  ps=0  pi=0
  RAW[242]: 56 00 01 6A C6 56 00 01 BF A7 56 00 01 B6 79 56 00 01 7B 96 56 00 01 54 68 56 00 01 00 FD 56 00 01 16 13 56 00 00 FC D3 ...
[20:48:29.094] TICK #72  avail=243  bytes=11496  ON=0  ps=0  pi=0
  RAW[243]: 00 89 C9 56 00 00 5E DA 56 00 00 22 BA 56 00 00 02 2D 56 00 FD 03 FC 56 00 FD 1A C9 56 00 FD 99 F2 56 00 FD B7 B1 56 00 ...
[20:48:29.138] TICK #74  avail=240  bytes=11739  ON=0  ps=0  pi=0
  RAW[240]: 56 00 FD EE 27 56 00 FE 36 DF 56 00 FF 2D 01 56 00 01 47 5C 56 00 01 70 2C 56 00 01 19 7A 56 00 00 8C 40 56 00 00 55 04 ...
[20:48:29.159] TICK #75  avail=242  bytes=11979  ON=0  ps=0  pi=0
  RAW[242]: 56 00 01 7B 45 56 00 01 D2 94 56 00 01 74 6F 56 00 01 57 81 56 00 01 32 91 56 00 01 6D 02 56 00 01 76 B1 56 00 01 34 6B ...
[20:48:29.204] TICK #77  avail=243  bytes=12221  ON=0  ps=0  pi=0
  RAW[243]: 00 8F BE 56 00 00 57 03 56 00 00 36 2B 56 00 00 16 9C 56 00 FD 2E DC 56 00 FC D3 35 56 00 FD A9 AC 56 00 FE 07 FB 56 00 ...
[20:48:29.225] TICK #78  avail=244  bytes=12464  ON=0  ps=0  pi=0
  RAW[244]: 56 00 FD F3 B3 56 00 FE 60 B4 56 00 FE C4 60 56 00 01 16 9E 56 00 01 BB 81 56 00 01 54 98 56 00 01 02 16 56 00 01 13 61 ...
[20:48:29.269] TICK #80  avail=241  bytes=12708  ON=0  ps=0  pi=0
  RAW[241]: 25 56 00 01 99 88 56 00 01 C5 39 56 00 01 8C C0 56 00 01 37 96 56 00 01 34 3A 56 00 01 F7 F0 56 00 01 5D 9A 56 00 00 EF ...
[20:48:29.292] TICK #81  avail=240  bytes=12949  ON=0  ps=0  pi=0
  RAW[240]: 56 00 00 86 43 56 00 00 5D 0D 56 00 00 0A 09 56 00 FE A4 86 56 00 FC D4 E3 56 00 FD A7 8C 56 00 FE 4A A5 56 00 FF 63 6E ...
[20:48:29.335] TICK #83  avail=245  bytes=13189  ON=0  ps=0  pi=0
  RAW[245]: 56 00 FD 92 3C 56 00 FD CD 00 56 00 FE BC DD 56 00 00 CB 96 56 00 01 8D 25 56 00 01 8A 1D 56 00 01 00 A7 56 00 01 08 2C ...
[20:48:29.357] TICK #84  avail=240  bytes=13434  ON=0  ps=0  pi=0
  RAW[240]: 56 00 01 9F DB 56 00 01 7D 23 56 00 01 A1 FD 56 00 01 BD 34 56 00 01 5F 9E 56 00 01 92 AE 56 00 01 4E 20 56 00 00 EE 1D ...
[20:48:29.400] TICK #86  avail=245  bytes=13674  ON=0  ps=0  pi=0
  RAW[245]: 56 00 00 6F C2 56 00 FF F5 0B 56 00 00 67 51 56 00 FE F8 1B 56 00 FC C8 CD 56 00 FD 51 61 56 00 FD DE 29 56 00 FE 1B 16 ...
[20:48:29.443] TICK #88  avail=245  bytes=13919  ON=0  ps=0  pi=0
  RAW[245]: 56 00 FD F9 13 56 00 FE 4A F6 56 00 00 0E B6 56 00 01 7D 6E 56 00 01 4D 6D 56 00 00 F0 DB 56 00 00 72 BC 56 00 00 A5 E0 ...
[20:48:29.466] TICK #89  avail=245  bytes=14164  ON=0  ps=0  pi=0
  RAW[245]: 56 00 01 E5 C0 56 00 01 A2 EC 56 00 01 28 F1 56 00 01 20 3C 56 00 01 57 51 56 00 01 7A 11 56 00 01 1F 77 56 00 FE 31 1E ...
[20:48:29.553] Desconectado.
