=== geophone_scope_simple log — 28-Apr-2026 19:38:54 ===
[19:38:54.060] Conectado a COM7 @ 115200 baud
[19:38:54.060] TICK #1  avail=45  totalBytes=0  streamON=0  parseState=0  pktIdx=0
  RAW[45]: 56 00 01 3D 58 56 00 FF F8 DC 56 00 FD 13 8B 56 00 FF 4A 8A 56 00 03 3A 88 56 00 00 A4 7D 56 00 FD 94 49 56 00 FF CD 28 ...
[19:38:54.092] TICK #2  avail=45  totalBytes=45  streamON=0  parseState=0  pktIdx=0
  RAW[45]: 56 00 FF C5 A9 56 00 FC 31 88 56 00 FE 3B 73 56 00 01 90 EA 56 00 FF 95 D7 56 00 FC 7E E1 56 00 FF BC 9E 56 00 02 A3 F8 ...
[19:38:54.155] TICK #4  avail=50  totalBytes=90  streamON=0  parseState=0  pktIdx=0
  RAW[50]: 56 00 FC CE BC 56 00 FF 5B E5 56 00 02 2D A4 56 00 FE BB 52 56 00 FC B4 4A 56 00 00 6B A9 56 00 03 0F 9B 56 00 00 35 ED ...
[19:38:54.187] TICK #5  avail=45  totalBytes=140  streamON=0  parseState=0  pktIdx=0
  RAW[45]: 56 00 02 C0 78 56 00 FF 00 4E 56 00 FB CF 54 56 00 FF 07 88 56 00 00 B5 52 56 00 FD 30 C5 56 00 FB B1 B1 56 00 FF 61 FB ...
[19:38:54.248] TICK #7  avail=45  totalBytes=185  streamON=0  parseState=0  pktIdx=0
  RAW[45]: 56 00 FE D6 0F 56 00 FD BB F1 56 00 02 53 D9 56 00 03 BE 1B 56 00 00 0A 67 56 00 FE 82 1C 56 00 01 60 58 56 00 01 E7 31 ...
[19:38:54.278] TICK #8  avail=45  totalBytes=230  streamON=0  parseState=0  pktIdx=0
  RAW[45]: 56 00 FB E1 3F 56 00 FF BA 32 56 00 00 2C 85 56 00 FC 81 77 56 00 FC 0F 25 56 00 00 38 C8 56 00 01 C3 30 56 00 FF 31 F0 ...
[19:38:54.341] TICK #10  avail=45  totalBytes=275  streamON=0  parseState=0  pktIdx=0
  RAW[45]: 56 00 02 9F 79 56 00 03 C6 18 56 00 FF C8 37 56 00 FE D6 E0 56 00 00 DB 50 56 00 FF 74 DE 56 00 FA 7F C3 56 00 F9 4C 63 ...
[19:38:54.372] TICK #11  avail=50  totalBytes=320  streamON=0  parseState=0  pktIdx=0
  RAW[50]: 56 00 FF 51 64 56 00 FD 82 C7 56 00 FE 69 49 56 00 03 F2 06 56 00 04 92 38 56 00 01 70 A6 56 00 00 FF 29 56 00 03 0C 84 ...
[19:38:54.428] TICK #13  avail=40  totalBytes=370  streamON=0  parseState=0  pktIdx=0
  RAW[40]: 56 00 FA BA C5 56 00 FD A9 81 56 00 FD 7E C9 56 00 FA 91 43 56 00 FC A2 FC 56 00 01 9A 86 56 00 02 49 42 56 00 FF F7 57 
[19:38:54.460] TICK #14  avail=45  totalBytes=410  streamON=0  parseState=0  pktIdx=0
  RAW[45]: 56 00 00 C1 07 56 00 03 F0 27 56 00 02 21 25 56 00 FD C0 7C 56 00 FD E6 3F 56 00 00 43 33 56 00 FE 3A FA 56 00 FA 96 98 ...
[19:38:54.521] TICK #16  avail=45  totalBytes=455  streamON=0  parseState=0  pktIdx=0
  RAW[45]: 56 00 01 20 C1 56 00 00 D0 F7 56 00 FE 89 59 56 00 01 14 0B 56 00 03 D6 C5 56 00 01 43 E5 56 00 FD 30 A2 56 00 FE 26 6F ...
[19:38:54.552] TICK #17  avail=45  totalBytes=500  streamON=0  parseState=0  pktIdx=0
  RAW[45]: 56 00 FE 72 0E 56 00 FA EB 5E 56 00 FE 13 59 56 00 02 1C F3 56 00 00 7B 6A 56 00 FE 22 AD 56 00 01 07 D9 56 00 04 02 04 ...
[19:38:54.614] TICK #19  avail=50  totalBytes=545  streamON=0  parseState=0  pktIdx=0
  RAW[50]: 56 00 FD 7A 20 56 00 FF 12 8B 56 00 01 C6 7C 56 00 FE 3C 3F 56 00 FB 51 05 56 00 FE 79 DC 56 00 01 AB E2 56 00 FF 45 71 ...
[19:38:54.646] TICK #20  avail=45  totalBytes=595  streamON=0  parseState=0  pktIdx=0
  RAW[45]: 56 00 02 CD 8B 56 00 00 16 64 56 00 FD 01 69 56 00 00 5B 23 56 00 02 80 A1 56 00 FF 3F C5 56 00 FC FC 47 56 00 00 49 3A ...
[19:38:54.709] TICK #22  avail=45  totalBytes=640  streamON=0  parseState=0  pktIdx=0
  RAW[45]: 56 00 FF B2 A1 56 00 FD 2F 5C 56 00 00 94 E4 56 00 02 00 DF 56 00 FE 3C 83 56 00 FC 45 4E 56 00 FF B1 63 56 00 01 79 BE ...
[19:38:54.734] TICK #23  avail=35  totalBytes=685  streamON=0  parseState=0  pktIdx=0
  RAW[35]: 56 00 FC 43 99 56 00 00 91 A5 56 00 01 EA 8C 56 00 FE 99 3D 56 00 FD C7 52 56 00 01 7E C4 56 00 02 B3 BC 
[19:38:54.760] TICK #24  avail=30  totalBytes=720  streamON=0  parseState=0  pktIdx=0
  RAW[30]: 56 00 FF 39 15 56 00 FD 83 E5 56 00 01 63 71 56 00 01 B4 F1 56 00 FD F5 88 56 00 FC FF B5 
[19:38:54.818] TICK #26  avail=45  totalBytes=750  streamON=0  parseState=0  pktIdx=0
  RAW[45]: 56 00 00 68 A9 56 00 00 F5 55 56 00 FD 2B 1B 56 00 FC 06 7F 56 00 FF CA 1C 56 00 01 32 8D 56 00 FE 58 9B 56 00 FE AD 81 ...
[19:38:54.851] TICK #27  avail=30  totalBytes=795  streamON=0  parseState=0  pktIdx=0
  RAW[30]: 56 00 02 77 70 56 00 FE C0 B3 56 00 FD 77 49 56 00 00 0D 53 56 00 00 06 08 56 00 FC 24 A3 
[19:38:54.882] TICK #28  avail=50  totalBytes=825  streamON=0  parseState=0  pktIdx=0
  RAW[50]: 56 00 FB EE DD 56 00 00 29 DB 56 00 01 08 F5 56 00 FE 75 8A 56 00 FF 45 74 56 00 02 F0 F7 56 00 02 D7 18 56 00 FE 76 35 ...
[19:38:54.951] TICK #30  avail=45  totalBytes=875  streamON=0  parseState=0  pktIdx=0
  RAW[45]: 56 00 00 3D 39 56 00 FC 6C D1 56 00 FD 15 56 56 00 00 C7 33 56 00 00 68 F6 56 00 FD 27 85 56 00 FF 21 48 56 00 02 A8 AC ...
[19:38:54.982] TICK #31  avail=35  totalBytes=920  streamON=0  parseState=0  pktIdx=0
  RAW[35]: 56 00 FD B9 54 56 00 FF 53 2F 56 00 02 9B D5 56 00 FF C7 01 56 00 FA 97 B6 56 00 FA E9 25 56 00 FD 48 D3 
[19:38:55.014] TICK #32  avail=46  totalBytes=955  streamON=0  parseState=0  pktIdx=0
  RAW[46]: 56 00 FB E0 EB 56 00 FB 19 C5 56 00 00 6B 72 56 00 06 18 C8 56 00 04 A5 8D 56 00 02 44 0B 56 00 04 35 68 56 00 05 6F E2 ...
[19:38:55.076] TICK #34  avail=49  totalBytes=1001  streamON=0  parseState=0  pktIdx=0
  RAW[49]: 00 FB E6 FE 56 00 FC 81 9F 56 00 FE 37 03 56 00 FB 17 33 56 00 F8 7C 7B 56 00 FD 7D 0B 56 00 01 B4 EF 56 00 00 0D CD 56 ...
[19:38:55.107] TICK #35  avail=45  totalBytes=1050  streamON=0  parseState=0  pktIdx=0
  RAW[45]: 56 00 04 F5 7A 56 00 01 52 32 56 00 FD 56 8D 56 00 FF 73 58 56 00 00 6B 91 56 00 FC D9 EE 56 00 FC 12 7B 56 00 00 81 93 ...
[19:38:55.167] TICK #37  avail=45  totalBytes=1095  streamON=0  parseState=0  pktIdx=0
  RAW[45]: 56 00 FD B5 52 56 00 FC 79 54 56 00 FF DE D3 56 00 01 54 F5 56 00 FE 67 4F 56 00 FE 1E 1D 56 00 03 0E C4 56 00 03 C8 AC ...
[19:38:55.200] TICK #38  avail=45  totalBytes=1140  streamON=0  parseState=0  pktIdx=0
  RAW[45]: 56 00 FF B3 90 56 00 02 6E 3A 56 00 01 C9 12 56 00 FD 66 94 56 00 FB 49 79 56 00 FE AC B9 56 00 FE 17 09 56 00 FA 9D BE ...
[19:38:55.263] TICK #40  avail=45  totalBytes=1185  streamON=0  parseState=0  pktIdx=0
  RAW[45]: 56 00 00 68 16 56 00 01 C5 F3 56 00 FF 9D DA 56 00 00 0F 2E 56 00 03 E5 4B 56 00 02 F2 88 56 00 FE E4 4E 56 00 FE 9B DF ...
[19:38:55.294] TICK #41  avail=50  totalBytes=1230  streamON=0  parseState=0  pktIdx=0
  RAW[50]: 56 00 00 26 08 56 00 FB FE 13 56 00 FB ED EF 56 00 FF 9F 6E 56 00 FF 23 9B 56 00 FC 60 DE 56 00 FE 45 F7 56 00 02 1F 3C ...
[19:38:55.354] TICK #43  avail=43  totalBytes=1280  streamON=0  parseState=0  pktIdx=0
  RAW[43]: 56 00 FF 4F 7A 56 00 02 AC FD 56 00 01 80 90 56 00 FD 31 B7 56 00 FE D4 98 56 00 02 16 52 56 00 00 74 CD 56 00 FD 88 D4 ...
[19:38:55.385] TICK #44  avail=46  totalBytes=1323  streamON=0  parseState=0  pktIdx=0
  RAW[46]: FC D7 56 00 01 84 1E 56 00 FD C6 C1 56 00 FA 75 A5 56 00 FD 87 F3 56 00 01 C0 7C 56 00 00 38 45 56 00 FE 14 CF 56 00 01 ...
[19:38:55.448] TICK #46  avail=46  totalBytes=1369  streamON=0  parseState=0  pktIdx=0
  RAW[46]: 92 56 00 01 2E E0 56 00 FE 12 20 56 00 00 30 D3 56 00 01 B4 7E 56 00 FD BC 0D 56 00 FA 17 7B 56 00 FC C3 B5 56 00 00 69 ...
[19:38:55.479] TICK #47  avail=45  totalBytes=1415  streamON=0  parseState=0  pktIdx=0
  RAW[45]: 56 00 FC D0 2B 56 00 00 94 C6 56 00 04 22 80 56 00 01 0D E6 56 00 FE B2 6A 56 00 01 46 FE 56 00 02 BE AC 56 00 FE C8 2E ...
[19:38:55.542] TICK #49  avail=45  totalBytes=1460  streamON=0  parseState=0  pktIdx=0
  RAW[45]: 56 00 FE AB D3 56 00 00 F6 7F 56 00 FD 8C AF 56 00 FC 5C E9 56 00 00 41 90 56 00 02 26 F4 56 00 FE FE 2C 56 00 FD 48 1A ...
[19:38:55.572] TICK #50  avail=45  totalBytes=1505  streamON=0  parseState=0  pktIdx=0
  RAW[45]: 56 00 02 04 A6 56 00 FE 43 0A 56 00 FD 33 78 56 00 00 A3 E2 56 00 01 A7 B5 56 00 FE 24 DF 56 00 FC CA 88 56 00 00 54 7A ...
[19:38:55.634] TICK #52  avail=50  totalBytes=1550  streamON=0  parseState=0  pktIdx=0
  RAW[50]: 56 00 FD FF 45 56 00 FD 89 F4 56 00 01 45 CF 56 00 02 1B 1F 56 00 FE DC 7E 56 00 FD EA F1 56 00 01 12 7C 56 00 01 72 97 ...
[19:38:55.665] TICK #53  avail=45  totalBytes=1600  streamON=0  parseState=0  pktIdx=0
  RAW[45]: 56 00 00 76 F6 56 00 00 B1 8C 56 00 FD B9 06 56 00 FD 85 FC 56 00 01 2D AA 56 00 01 89 49 56 00 FE 10 78 56 00 FD 70 E4 ...
[19:38:55.701] TICK #54  avail=35  totalBytes=1645  streamON=0  parseState=0  pktIdx=0
  RAW[35]: 56 00 01 88 F1 56 00 FD 8F E2 56 00 FD AB 75 56 00 01 53 0A 56 00 01 4F 77 56 00 FD FC 5A 56 00 FD FC F8 
[19:38:55.751] TICK #56  avail=30  totalBytes=1680  streamON=0  parseState=0  pktIdx=0
  RAW[30]: 56 00 01 6A EA 56 00 01 80 25 56 00 FD D8 9D 56 00 FD E0 90 56 00 01 2D 4D 56 00 00 98 B2 
[19:38:55.784] TICK #57  avail=50  totalBytes=1710  streamON=0  parseState=0  pktIdx=0
  RAW[50]: 56 00 FD 32 1A 56 00 FD DD AA 56 00 01 78 1D 56 00 01 22 6C 56 00 FD A8 56 56 00 FE 05 D8 56 00 01 7E 1D 56 00 00 6D D7 ...
[19:38:55.834] TICK #59  avail=35  totalBytes=1760  streamON=0  parseState=0  pktIdx=0
  RAW[35]: 56 00 01 B4 B0 56 00 00 AD 89 56 00 FD 6F 3C 56 00 FE 99 17 56 00 02 33 11 56 00 01 54 13 56 00 FD 10 09 
[19:38:55.858] TICK #60  avail=40  totalBytes=1795  streamON=0  parseState=0  pktIdx=0
  RAW[40]: 56 00 FE BF 48 56 00 01 C3 EC 56 00 FF A0 9B 56 00 FC 51 8A 56 00 FE 23 4E 56 00 01 E7 3B 56 00 00 79 F5 56 00 FD 49 6B 
[19:38:55.917] TICK #62  avail=50  totalBytes=1835  streamON=0  parseState=0  pktIdx=0
  RAW[50]: 56 00 FF EA EA 56 00 02 E5 A2 56 00 00 44 1B 56 00 FD 0E 6E 56 00 FF 3C B5 56 00 02 1E 0A 56 00 FF 8F 75 56 00 FC 17 F7 ...
[19:38:55.943] TICK #63  avail=30  totalBytes=1885  streamON=0  parseState=0  pktIdx=0
  RAW[30]: 56 00 FF 0F 73 56 00 FC AA C2 56 00 00 00 06 56 00 03 24 35 56 00 00 95 01 56 00 FD 84 F7 
[19:38:56.001] TICK #65  avail=35  totalBytes=1915  streamON=0  parseState=0  pktIdx=0
  RAW[35]: 56 00 00 BC 80 56 00 02 91 95 56 00 FE F6 C9 56 00 FC 70 AB 56 00 FF 8C 0F 56 00 01 D4 18 56 00 FE A3 84 
[19:38:56.032] TICK #66  avail=40  totalBytes=1950  streamON=0  parseState=0  pktIdx=0
  RAW[40]: 56 00 FC 86 96 56 00 00 49 D0 56 00 01 ED 45 56 00 FE 8B 01 56 00 FD 15 85 56 00 00 BA 4C 56 00 02 65 69 56 00 FE 3F AC 
[19:38:56.064] TICK #67  avail=45  totalBytes=1990  streamON=0  parseState=0  pktIdx=0
  RAW[45]: 56 00 FD 83 5A 56 00 01 14 82 56 00 01 C1 D6 56 00 FE 49 DD 56 00 FD 11 D8 56 00 00 8B 8B 56 00 01 3D CF 56 00 FD B0 BB ...
[19:38:56.127] TICK #69  avail=50  totalBytes=2035  streamON=0  parseState=0  pktIdx=0
  RAW[50]: 56 00 01 2D AA 56 00 01 9C 1C 56 00 FE 2C 12 56 00 FD 6B 98 56 00 01 98 E7 56 00 01 03 C2 56 00 FD 56 8B 56 00 FD 3A E9 ...
[19:38:56.160] TICK #70  avail=45  totalBytes=2085  streamON=0  parseState=0  pktIdx=0
  RAW[45]: 56 00 FD 33 7E 56 00 FD 3D 63 56 00 01 95 A1 56 00 01 40 DF 56 00 FE 19 D5 56 00 FE D7 A0 56 00 02 11 BB 56 00 01 6F 5B ...
[19:38:56.222] TICK #72  avail=45  totalBytes=2130  streamON=0  parseState=0  pktIdx=0
  RAW[45]: 56 00 FE 70 F4 56 00 01 7F 6C 56 00 00 11 92 56 00 FC D1 DB 56 00 FE 72 B4 56 00 02 03 C8 56 00 00 BA 47 56 00 FD 21 3A ...
[19:38:56.254] TICK #73  avail=50  totalBytes=2175  streamON=0  parseState=0  pktIdx=0
  RAW[50]: 56 00 02 11 9C 56 00 FF A8 24 56 00 FC A4 45 56 00 FE B5 70 56 00 01 E8 A2 56 00 FE F6 C7 56 00 FC AE 5D 56 00 FF D2 3B ...
[19:38:56.315] TICK #75  avail=45  totalBytes=2225  streamON=0  parseState=0  pktIdx=0
  RAW[45]: 56 00 FD 37 49 56 00 FF E9 54 56 00 02 AB EE 56 00 FE D5 44 56 00 FC 90 53 56 00 FF C4 05 56 00 02 00 92 56 00 FE EF 99 ...
[19:38:56.347] TICK #76  avail=45  totalBytes=2270  streamON=0  parseState=0  pktIdx=0
  RAW[45]: 56 00 FF FD AD 56 00 02 2B B2 56 00 FE 76 33 56 00 FC E5 74 56 00 00 63 BC 56 00 02 11 C2 56 00 FE A1 A7 56 00 FC EA E8 ...
[19:38:56.451] Desconectado.
