=== geophone_scope_simple — 04-May-2026 15:04:06 ===
[15:04:06.794] Conectado COM7 @ 115200
[15:04:06.794] TICK #106  avail=262  bytes=14453  ON=0  ps=0  pi=2
  RAW[262]: 7B 99 56 00 EF DD 16 56 00 F6 96 EE 56 00 F8 19 43 56 00 F3 A1 08 56 00 EA 84 07 56 00 DF B8 69 56 00 D6 C5 47 56 00 D2 ...
[15:04:06.842] TICK #107  avail=240  bytes=14715  ON=0  ps=0  pi=2
  RAW[240]: 56 00 EC 09 A6 56 00 ED 1B 2E 56 00 E9 EB DB 56 00 E4 20 04 56 00 DE 65 4E 56 00 DB 63 18 56 00 DC AD B4 56 00 E2 23 32 ...
[15:04:06.917] TICK #109  avail=240  bytes=14955  ON=0  ps=0  pi=2
  RAW[240]: 56 00 E7 58 AA 56 00 EF DC D1 56 00 F5 C0 AE 56 00 F6 B3 78 56 00 F2 1C C6 56 00 E9 5B 68 56 00 DF 4A 1F 56 00 D7 38 54 ...
[15:04:06.949] TICK #110  avail=222  bytes=15195  ON=0  ps=0  pi=2
  RAW[222]: 56 00 D5 97 CA 56 00 D5 1F 07 56 00 D9 A5 B4 56 00 E1 32 E8 56 00 E8 CC 8A 56 00 ED 99 69 56 00 ED F3 22 56 00 EA 01 5C ...
[15:04:06.980] TICK #111  avail=243  bytes=15417  ON=0  ps=0  pi=2
  RAW[243]: E4 0B 0A 56 00 EB 1E 93 56 00 ED E1 69 56 00 EB 98 D2 56 00 E5 86 6E 56 00 DE 66 CF 56 00 D9 61 F3 56 00 D8 D2 FF 56 00 ...
[15:04:07.043] TICK #113  avail=235  bytes=15660  ON=0  ps=0  pi=2
  RAW[235]: 56 00 E0 EF 84 56 00 EA 13 87 56 00 F2 85 23 56 00 F7 2D 6C 56 00 F6 3B B2 56 00 EF D3 9E 56 00 E6 03 36 56 00 DC 04 EB ...
[15:04:07.075] TICK #114  avail=241  bytes=15895  ON=0  ps=0  pi=2
  RAW[241]: 56 00 DE 8A C8 56 00 D6 34 5D 56 00 D2 71 E1 56 00 D4 3F E9 56 00 DA 9E A1 56 00 E2 FA C2 56 00 EA 2A 8F 56 00 ED 9E C8 ...
[15:04:07.138] TICK #116  avail=239  bytes=16136  ON=0  ps=0  pi=2
  RAW[239]: 00 EC 86 F4 56 00 E8 B2 82 56 00 E2 55 3D 56 00 DC 60 DE 56 00 D9 A8 B8 56 00 DB C4 59 56 00 E2 69 05 56 00 EB 79 10 56 ...
[15:04:07.170] TICK #117  avail=244  bytes=16375  ON=0  ps=0  pi=2
  RAW[244]: 56 00 EE DD 66 56 00 F5 54 EF 56 00 F6 E6 73 56 00 F2 BF 18 56 00 EA 11 97 56 00 DF AA FE 56 00 D6 F0 D5 56 00 D2 A7 95 ...
[15:04:07.233] TICK #119  avail=237  bytes=16619  ON=0  ps=0  pi=2
  RAW[237]: BB 56 00 D7 29 D6 56 00 DF 09 35 56 00 E7 5C 1F 56 00 EC FF 94 56 00 ED F6 F2 56 00 EA 26 65 56 00 E3 56 0E 56 00 DC 7E ...
[15:04:07.265] TICK #120  avail=244  bytes=16856  ON=0  ps=0  pi=2
  RAW[244]: 00 DF B1 0A 56 00 DA 74 9B 56 00 D9 58 31 56 00 DD 35 73 56 00 E4 F3 44 56 00 ED E6 95 56 00 F4 CC E1 56 00 F7 02 18 56 ...
[15:04:07.328] TICK #122  avail=236  bytes=17100  ON=0  ps=0  pi=2
  RAW[236]: 56 00 EF 91 C5 56 00 E5 CF C6 56 00 DB F6 D6 56 00 D5 3D 34 56 00 D3 B1 F3 56 00 D7 82 C6 56 00 DE F4 A5 56 00 E7 10 D9 ...
[15:04:07.360] TICK #123  avail=239  bytes=17336  ON=0  ps=0  pi=2
  RAW[239]: 00 E3 62 0F 56 00 EA A8 28 56 00 EE 0D AB 56 00 EC 82 70 56 00 E6 EC 26 56 00 DF C8 52 56 00 DA 34 9C 56 00 D8 BA 10 56 ...
[15:04:07.423] TICK #125  avail=240  bytes=17575  ON=0  ps=0  pi=2
  RAW[240]: 56 00 DB 7C 96 56 00 E1 A6 5E 56 00 EA 6A 75 56 00 F2 AA B4 56 00 F7 4E 05 56 00 F6 68 00 56 00 EF F4 D6 56 00 E5 E2 8E ...
[15:04:07.454] TICK #126  avail=240  bytes=17815  ON=0  ps=0  pi=2
  RAW[240]: 56 00 DF 8A DC 56 00 D6 B0 6A 56 00 D2 61 15 56 00 D3 C9 91 56 00 DA 0E E1 56 00 E2 A6 1B 56 00 EA 4A 50 56 00 EE 34 E4 ...
[15:04:07.517] TICK #128  avail=237  bytes=18055  ON=0  ps=0  pi=2
  RAW[237]: 56 00 EE 0B BC 56 00 EB 1F 37 56 00 E5 3D 14 56 00 DF 33 B9 56 00 DB E4 A7 56 00 DD 20 54 56 00 E2 E9 7A 56 00 EB 67 32 ...
[15:04:07.548] TICK #129  avail=234  bytes=18292  ON=0  ps=0  pi=2
  RAW[234]: E3 BC 70 56 00 EC E7 C3 56 00 F4 33 43 56 00 F6 DF 82 56 00 F3 C5 9C 56 00 EB C9 34 56 00 E1 89 AA 56 00 D8 70 C1 56 00 ...
[15:04:07.611] TICK #131  avail=239  bytes=18526  ON=0  ps=0  pi=2
  RAW[239]: 00 DD 9B 86 56 00 D6 72 37 56 00 D4 39 1C 56 00 D7 54 74 56 00 DE 42 62 56 00 E6 34 D1 56 00 EC 24 BE 56 00 ED F5 AD 56 ...
[15:04:07.643] TICK #132  avail=240  bytes=18765  ON=0  ps=0  pi=2
  RAW[240]: 56 00 EC 1D 83 56 00 E7 3E 5F 56 00 E0 D6 E5 56 00 DB D8 78 56 00 DA AD D9 56 00 DE 47 6B 56 00 E5 B6 7B 56 00 EE 7D 67 ...
[15:04:07.706] TICK #134  avail=240  bytes=19005  ON=0  ps=0  pi=2
  RAW[240]: 56 00 F1 7F E7 56 00 F5 90 58 56 00 F4 88 CD 56 00 EE 7F A5 56 00 E5 5D 04 56 00 DC 2C 73 56 00 D6 01 9D 56 00 D4 D9 0D ...
[15:04:07.734] TICK #135  avail=225  bytes=19245  ON=0  ps=0  pi=2
  RAW[225]: 56 00 D3 4F B9 56 00 D8 77 51 56 00 E0 31 BB 56 00 E7 67 44 56 00 EB 66 18 56 00 EA E3 F4 56 00 E6 74 1F 56 00 E0 45 CC ...
[15:04:07.799] TICK #137  avail=251  bytes=19470  ON=0  ps=0  pi=2
  RAW[251]: 56 00 ED A3 79 56 00 EA 69 30 56 00 E4 33 C7 56 00 DD CF EC 56 00 DA 22 0A 56 00 DB 04 98 56 00 E0 8A C6 56 00 E8 EF 06 ...
[15:04:07.831] TICK #138  avail=239  bytes=19721  ON=0  ps=0  pi=2
  RAW[239]: 00 F8 59 2D 56 00 F4 CF B4 56 00 EC 9E 32 56 00 E2 5B 74 56 00 D9 5A 94 56 00 D4 79 95 56 00 D5 1A 21 56 00 DA A6 8B 56 ...
[15:04:07.867] TICK #139  avail=180  bytes=19960  ON=0  ps=0  pi=2
  RAW[180]: 56 00 DB 7A 2A 56 00 E4 05 4E 56 00 EA C5 E6 56 00 ED 6F 3D 56 00 EB 68 28 56 00 E5 F8 D4 56 00 DF C1 06 56 00 DB AC 6F ...
[15:04:07.883] --- Stream ON ---
[15:04:07.933] TICK #141  avail=255  bytes=20140  ON=1  ps=0  pi=0
  RAW[255]: 56 00 E4 20 CB 56 00 DB 17 1D 56 00 D5 B2 DA 56 00 D5 75 97 56 00 D9 FD C7 56 00 E1 3B D8 56 00 E8 45 37 56 00 EC 73 91 ...
  PARSED: 51
[15:04:12.947] Desconectado.
