=== geophone_scope_simple — 04-May-2026 18:25:50 ===
[18:25:50.972] Conectado COM7 @ 115200
[18:25:50.972] TICK #1  avail=255  bytes=0  ON=0  ps=0  pi=0
  RAW[255]: 56 00 E9 0B 2C 56 00 EB 6E 7E 56 00 EB A0 7E 56 00 EA 05 28 56 00 E7 AD 80 56 00 E5 E8 1C 56 00 E5 BC 6F 56 00 E7 82 8B ...
[18:25:51.035] TICK #3  avail=240  bytes=255  ON=0  ps=0  pi=0
  RAW[240]: 56 00 F1 0F 1A 56 00 F1 0F A7 56 00 EE CD B0 56 00 EA E9 42 56 00 E6 8B 0C 56 00 E2 FD 22 56 00 E1 39 9C 56 00 E1 98 B2 ...
[18:25:51.067] TICK #4  avail=236  bytes=495  ON=0  ps=0  pi=0
  RAW[236]: 56 00 E7 66 D7 56 00 EA 27 6F 56 00 EC 1E E3 56 00 EC 9F 47 56 00 EB 92 62 56 00 E9 81 4E 56 00 E7 5E 7C 56 00 E6 26 8B ...
[18:25:51.130] TICK #6  avail=241  bytes=731  ON=0  ps=0  pi=0
  RAW[241]: 00 E7 EC 5E 56 00 E7 DC A1 56 00 E9 5B F8 56 00 EB F8 EF 56 00 EE B6 7D 56 00 F0 6A 22 56 00 F0 2E D7 56 00 ED C1 1E 56 ...
[18:25:51.161] TICK #7  avail=239  bytes=972  ON=0  ps=0  pi=0
  RAW[239]: ED 02 5F 56 00 E7 B6 F5 56 00 E2 C7 9B 56 00 DF 8E A2 56 00 DE D3 4B 56 00 E0 86 42 56 00 E3 CB 9A 56 00 E7 4F 00 56 00 ...
[18:25:51.225] TICK #9  avail=241  bytes=1211  ON=0  ps=0  pi=0
  RAW[241]: 00 EA 81 25 56 00 EC 98 C5 56 00 EC 22 FC 56 00 E9 84 41 56 00 E6 00 60 56 00 E3 3B D7 56 00 E2 99 00 56 00 E4 AD 8A 56 ...
[18:25:51.256] TICK #10  avail=240  bytes=1452  ON=0  ps=0  pi=0
  RAW[240]: E6 A2 A4 56 00 E9 4A 1A 56 00 EC 67 49 56 00 EE A5 C1 56 00 EF 08 B8 56 00 ED 4A 8F 56 00 E9 F7 53 56 00 E6 38 12 56 00 ...
[18:25:51.320] TICK #12  avail=238  bytes=1692  ON=0  ps=0  pi=0
  RAW[238]: E4 BC A2 56 00 E3 2C 6B 56 00 E3 B3 1F 56 00 E6 0B 07 56 00 E9 5A 59 56 00 EC 83 CF 56 00 EE 8F AB 56 00 EF 05 7C 56 00 ...
[18:25:51.350] TICK #13  avail=234  bytes=1930  ON=0  ps=0  pi=0
  RAW[234]: 56 00 EE C5 BE 56 00 EC ED 7F 56 00 EB 07 A3 56 00 EA 21 AF 56 00 EA E2 66 56 00 ED 44 5F 56 00 F0 92 8D 56 00 F3 A8 88 ...
[18:25:51.403] TICK #15  avail=191  bytes=2164  ON=0  ps=0  pi=0
  RAW[191]: A7 56 00 F0 A5 48 56 00 F1 EE 6A 56 00 F1 60 A8 56 00 EF 05 1E 56 00 EB 90 5D 56 00 E8 23 BF 56 00 E5 E3 F7 56 00 E5 8C ...
[18:25:51.434] TICK #16  avail=236  bytes=2355  ON=0  ps=0  pi=0
  RAW[236]: 56 00 EB 37 77 56 00 EE 37 92 56 00 F1 5C FC 56 00 F3 4F 9E 56 00 F3 15 A9 56 00 F0 76 27 56 00 EC 16 2A 56 00 E7 45 10 ...
[18:25:51.488] Desconectado.
