=== geophone_scope_simple log — 28-Apr-2026 19:57:06 ===
[19:57:06.737] Conectado a COM7 @ 115200 baud
[19:57:06.753] TICK #30242  avail=35  totalBytes=949954  streamON=0  parseState=0  pktIdx=0
  RAW[35]: 56 00 FD 76 30 56 00 00 87 E1 56 00 05 38 EA 56 00 04 9D 02 56 00 FF A2 D6 56 00 FD 79 A7 56 00 FE 5C 46 
[19:57:06.784] TICK #30243  avail=45  totalBytes=949989  streamON=0  parseState=0  pktIdx=0
  RAW[45]: 56 00 FA 32 C6 56 00 F7 7D 01 56 00 FB 7C 68 56 00 00 81 42 56 00 00 03 A5 56 00 FE FE 09 56 00 02 B6 89 56 00 06 4A 03 ...
[19:57:06.832] TICK #30244  avail=45  totalBytes=950034  streamON=0  parseState=0  pktIdx=0
  RAW[45]: 56 00 FF B9 12 56 00 00 EC 39 56 00 01 B8 1D 56 00 FD 93 76 56 00 F9 8E 32 56 00 FC 62 85 56 00 00 98 15 56 00 FF 0C AD ...
[19:57:06.878] TICK #30245  avail=65  totalBytes=950079  streamON=0  parseState=0  pktIdx=0
  RAW[65]: 56 00 01 F6 A9 56 00 05 5D 19 56 00 02 2D B0 56 00 FF 8A 2C 56 00 01 5C D1 56 00 02 39 A3 56 00 FD CA C4 56 00 F9 CD 54 ...
[19:57:06.941] TICK #30247  avail=45  totalBytes=950144  streamON=0  parseState=0  pktIdx=0
  RAW[45]: 56 00 04 2A 0C 56 00 02 09 5F 56 00 00 9B 9C 56 00 03 56 81 56 00 03 C5 98 56 00 FE A8 2F 56 00 FB F0 09 56 00 FE 45 7A ...
[19:57:06.972] TICK #30248  avail=45  totalBytes=950189  streamON=0  parseState=0  pktIdx=0
  RAW[45]: 56 00 FB E6 CF 56 00 FB 21 DD 56 00 FF E2 88 56 00 02 58 C0 56 00 00 44 62 56 00 FF BB 39 56 00 02 F6 41 56 00 03 18 9A ...
[19:57:07.035] TICK #30250  avail=46  totalBytes=950234  streamON=0  parseState=0  pktIdx=0
  RAW[46]: 56 00 FC 9B 9E 56 00 FE F1 0C 56 00 FF 2F A5 56 00 FB 2A A1 56 00 FB B9 C8 56 00 00 88 6C 56 00 01 E1 30 56 00 FF B9 9D ...
[19:57:07.067] TICK #30251  avail=49  totalBytes=950280  streamON=0  parseState=0  pktIdx=0
  RAW[49]: 00 03 42 39 56 00 03 4C 08 56 00 FF 54 3F 56 00 FD 89 F3 56 00 FF B6 1A 56 00 FF 23 D4 56 00 FB 13 B7 56 00 FB 9A A9 56 ...
[19:57:07.131] TICK #30253  avail=45  totalBytes=950329  streamON=0  parseState=0  pktIdx=0
  RAW[45]: 56 00 FE 94 85 56 00 FF 65 28 56 00 02 F3 65 56 00 02 5E 80 56 00 FE 9F 9F 56 00 FE 8E 58 56 00 00 F6 7C 56 00 FF 96 3C ...
[19:57:07.163] TICK #30254  avail=50  totalBytes=950374  streamON=0  parseState=0  pktIdx=0
  RAW[50]: 56 00 FC 23 BC 56 00 00 3F 04 56 00 00 68 3F 56 00 FD A5 43 56 00 00 0F A6 56 00 03 9A 60 56 00 02 2B 77 56 00 FE 79 4B ...
[19:57:07.226] TICK #30256  avail=45  totalBytes=950424  streamON=0  parseState=0  pktIdx=0
  RAW[45]: 56 00 FF A6 8C 56 00 FB 9E 60 56 00 FC 98 12 56 00 00 D2 2E 56 00 FF 2B C9 56 00 FC DC 60 56 00 FF D3 09 56 00 03 A1 CF ...
[19:57:07.257] TICK #30257  avail=45  totalBytes=950469  streamON=0  parseState=0  pktIdx=0
  RAW[45]: 56 00 FE 4C E2 56 00 FF FD 65 56 00 02 C0 C7 56 00 00 1C E2 56 00 FB C8 07 56 00 FD F9 17 56 00 00 CE 31 56 00 FE 5F 5E ...
[19:57:07.321] TICK #30259  avail=50  totalBytes=950514  streamON=0  parseState=0  pktIdx=0
  RAW[50]: 56 00 FF 65 1A 56 00 03 1B 42 56 00 01 1D 63 56 00 FE 3B E8 56 00 01 12 79 56 00 03 00 71 56 00 FF 12 12 56 00 FC 0F E9 ...
[19:57:07.353] TICK #30260  avail=45  totalBytes=950564  streamON=0  parseState=0  pktIdx=0
  RAW[45]: 56 00 00 05 6C 56 00 FA 54 BF 56 00 FB 50 90 56 00 FE 9D FE 56 00 FC E0 5C 56 00 FE 23 DC 56 00 02 77 29 56 00 03 C4 FC ...
[19:57:07.416] TICK #30262  avail=49  totalBytes=950609  streamON=0  parseState=0  pktIdx=0
  RAW[49]: 56 00 FF D1 06 56 00 01 EF 8B 56 00 03 6C DC 56 00 FE B3 23 56 00 FC 68 3F 56 00 FF 26 26 56 00 00 62 66 56 00 FC 8F 3D ...
[19:57:07.447] TICK #30263  avail=46  totalBytes=950658  streamON=0  parseState=0  pktIdx=0
  RAW[46]: 88 56 00 01 DE 41 56 00 FF 19 8A 56 00 FE 81 4B 56 00 02 76 7D 56 00 02 E6 59 56 00 FE CE 7F 56 00 FD 18 F2 56 00 FF E4 ...
[19:57:07.510] TICK #30265  avail=45  totalBytes=950704  streamON=0  parseState=0  pktIdx=0
  RAW[45]: 56 00 FD 8A 9A 56 00 FC E0 F0 56 00 00 D5 BA 56 00 01 85 CF 56 00 FE A5 09 56 00 FE 82 83 56 00 01 E6 CB 56 00 02 39 3C ...
[19:57:07.542] TICK #30266  avail=45  totalBytes=950749  streamON=0  parseState=0  pktIdx=0
  RAW[45]: 56 00 FD C8 F8 56 00 00 F4 98 56 00 00 29 19 56 00 FC 68 39 56 00 FC 66 9A 56 00 00 41 67 56 00 01 01 73 56 00 FE 7B DD ...
[19:57:07.605] TICK #30268  avail=50  totalBytes=950794  streamON=0  parseState=0  pktIdx=0
  RAW[50]: 56 00 02 83 61 56 00 01 7C 2F 56 00 FD F3 B2 56 00 FE 61 0D 56 00 01 72 E0 56 00 00 5C 67 56 00 FC 58 3B 56 00 FC AD 7A ...
[19:57:07.637] TICK #30269  avail=45  totalBytes=950844  streamON=0  parseState=0  pktIdx=0
  RAW[45]: 56 00 FD 37 B9 56 00 FF 64 A6 56 00 03 31 0A 56 00 01 DC F8 56 00 FE 4A FD 56 00 FF 17 FC 56 00 01 FE 93 56 00 00 38 F1 ...
[19:57:07.699] TICK #30271  avail=45  totalBytes=950889  streamON=0  parseState=0  pktIdx=0
  RAW[45]: 56 00 FE 03 BD 56 00 01 38 21 56 00 FF 45 D5 56 00 FC 99 63 56 00 FF 34 DD 56 00 02 EF 24 56 00 01 11 D6 56 00 FD 9A 28 ...
[19:57:07.728] TICK #30272  avail=45  totalBytes=950934  streamON=0  parseState=0  pktIdx=0
  RAW[45]: 56 00 02 88 94 56 00 FF 51 8A 56 00 FC 2B 6B 56 00 FE A3 D2 56 00 01 B8 F6 56 00 FF 3D 2D 56 00 FC 8F 3E 56 00 00 2E 48 ...
[19:57:07.789] TICK #30274  avail=45  totalBytes=950979  streamON=0  parseState=0  pktIdx=0
  RAW[45]: 56 00 FF C0 D9 56 00 FD BB EA 56 00 00 AD 43 56 00 02 C3 08 56 00 FF 3D 0E 56 00 FC 41 79 56 00 FF AC 3D 56 00 01 5C 4B ...
[19:57:07.821] TICK #30275  avail=45  totalBytes=951024  streamON=0  parseState=0  pktIdx=0
  RAW[45]: 56 00 FC 8F 6B 56 00 00 3D 78 56 00 02 60 5B 56 00 FF 90 08 56 00 FD CD 38 56 00 00 F2 F0 56 00 02 AA 8D 56 00 FE 5A E3 ...
[19:57:07.885] TICK #30277  avail=50  totalBytes=951069  streamON=0  parseState=0  pktIdx=0
  RAW[50]: 56 00 00 21 13 56 00 01 41 2F 56 00 FD D1 33 56 00 FC 71 D3 56 00 00 32 0E 56 00 01 E0 50 56 00 FF 08 87 56 00 FD FD 53 ...
[19:57:07.911] TICK #30278  avail=35  totalBytes=951119  streamON=0  parseState=0  pktIdx=0
  RAW[35]: 56 00 FE C0 5B 56 00 FD 7A 31 56 00 00 84 2E 56 00 01 10 26 56 00 FD 89 FA 56 00 FC 3E 47 56 00 00 AA 65 
[19:57:07.936] TICK #30279  avail=30  totalBytes=951154  streamON=0  parseState=0  pktIdx=0
  RAW[30]: 56 00 01 1A A4 56 00 FE 07 69 56 00 FD F8 A6 56 00 01 CE 01 56 00 02 2C 80 56 00 FE C5 EF 
[19:57:07.945] --- Stream ON ---
[19:57:07.994] TICK #30281  avail=40  totalBytes=951184  streamON=1  parseState=0  pktIdx=0
  RAW[40]: 56 00 FE 4E 4F 56 00 01 72 8D 56 00 00 A7 A3 56 00 FC F5 30 56 00 FD 0A 29 56 00 00 B0 06 56 00 00 9E 4B 56 00 FD A5 53 
  PARSED: 8 packets
[19:57:13.661] Desconectado.
