=== geophone_scope_simple — 10-May-2026 22:49:04 ===
[22:49:04.502] Conectado COM6 @ 115200
[22:49:04.503] Solicitando config al PSoC (0xA5)...
[22:49:04.561] Config OK: ADC=18 bits  fs=1500 SPS  PGA code=0(1x (0x00))  Vref=±6144mV  pktsz=5  scale=7.324e-04 mV/cnt
[22:49:04.564] Servo OK: VDp=148 VDn=148 valid=1 locked=1  vent=0.20s conv=5s
[22:49:04.565] Nominal VDAC: pN=148 nN=148 ±tol=0
[22:49:04.595] TICK #2  avail=153  bytes=0  ON=0  ps=0  pi=0
  RAW[153]: 56 00 03 53 AB 56 00 03 47 42 56 00 02 C6 0A 56 00 02 F1 C4 56 00 02 B0 D4 56 00 02 AA A7 56 00 02 8E DA 56 00 02 1F 5C ...
  PARSED: 30
[22:49:04.638] TICK #4  avail=244  bytes=153  ON=0  ps=1  pi=3
  RAW[244]: 60 29 56 00 02 A9 73 56 00 02 90 C7 56 00 02 3F 9A 56 00 02 23 56 56 00 02 9F 2F 56 00 01 BF 90 56 00 01 83 A8 56 00 00 ...
  PARSED: 49
[22:49:04.662] TICK #5  avail=249  bytes=397  ON=0  ps=1  pi=2
  RAW[249]: 02 D8 63 56 00 02 CC 91 56 00 02 E1 19 56 00 00 7C 7C 56 00 FE 5D A9 56 00 FE D1 2F 56 00 FE E4 EC 56 00 00 74 C6 56 00 ...
[22:49:04.663] HEARTBEAT bytes=646
  PARSED: 49
[22:49:04.707] TICK #7  avail=242  bytes=646  ON=0  ps=1  pi=1
  RAW[242]: 00 FE 1F 05 56 00 FE 5F 47 56 00 00 9D 56 56 00 02 89 C4 56 00 02 BE 4D 56 00 03 42 0F 56 00 03 05 76 56 00 02 CB FF 56 ...
  PARSED: 48
[22:49:04.730] TICK #8  avail=243  bytes=888  ON=0  ps=1  pi=3
  RAW[243]: 6B 5F 56 00 02 43 45 56 00 02 25 71 56 00 02 3D 1E 56 00 02 50 82 56 00 01 AA C7 56 00 01 82 E8 56 00 01 5D 2D 56 00 FD ...
  PARSED: 49
[22:49:04.774] TICK #10  avail=240  bytes=1131  ON=0  ps=1  pi=1
  RAW[240]: 00 02 D1 E3 56 00 02 97 21 56 00 00 FE 6B 56 00 FD FB D0 56 00 FE 49 D9 56 00 FE BF F4 56 00 FF 7B 50 56 00 02 62 5A 56 ...
  PARSED: 48
[22:49:04.798] TICK #11  avail=244  bytes=1371  ON=0  ps=1  pi=1
  RAW[244]: 00 FD E6 4D 56 00 FE 7D EB 56 00 00 4E A5 56 00 02 C2 CF 56 00 02 89 BA 56 00 02 E5 8E 56 00 03 38 92 56 00 02 F1 ED 56 ...
  PARSED: 49
[22:49:04.841] TICK #13  avail=245  bytes=1615  ON=0  ps=0  pi=5
  RAW[245]: 56 00 02 71 F4 56 00 02 2B 39 56 00 02 3C 07 56 00 02 3B 4B 56 00 01 EC 38 56 00 01 65 06 56 00 01 2C F6 56 00 FD E5 D6 ...
  PARSED: 49
[22:49:04.864] TICK #14  avail=242  bytes=1860  ON=0  ps=0  pi=5
  RAW[242]: 56 00 02 D4 61 56 00 01 90 FE 56 00 FE 34 6D 56 00 FE 56 AB 56 00 FF 04 51 56 00 FF 75 73 56 00 02 18 33 56 00 02 BD 22 ...
  PARSED: 48
[22:49:04.888] TICK #15  avail=242  bytes=2102  ON=0  ps=1  pi=2
  RAW[242]: FE B0 CC 56 00 FF 42 12 56 00 02 B0 68 56 00 03 A5 7A 56 00 03 37 0A 56 00 03 40 80 56 00 02 E0 8F 56 00 02 CB DB 56 00 ...
  PARSED: 48
[22:49:04.931] TICK #17  avail=242  bytes=2344  ON=0  ps=1  pi=4
  RAW[242]: 30 56 00 02 4B 42 56 00 02 9E C1 56 00 02 69 4E 56 00 02 13 5D 56 00 01 8F DE 56 00 01 92 61 56 00 FF 32 6B 56 00 FD 5E ...
  PARSED: 49
[22:49:04.954] TICK #18  avail=244  bytes=2586  ON=0  ps=1  pi=1
  RAW[244]: 00 02 D8 01 56 00 02 85 DF 56 00 FF 08 84 56 00 FE 5B A7 56 00 FF 06 82 56 00 FF 43 90 56 00 01 3F 47 56 00 02 C5 D3 56 ...
  PARSED: 49
[22:49:04.999] TICK #20  avail=244  bytes=2830  ON=0  ps=0  pi=5
  RAW[244]: 56 00 FE CF 2F 56 00 02 3A 9E 56 00 03 03 B8 56 00 02 FB 61 56 00 03 20 A1 56 00 02 BC 9E 56 00 02 F4 32 56 00 02 DA 7D ...
  PARSED: 48
[22:49:05.021] TICK #21  avail=241  bytes=3074  ON=0  ps=1  pi=4
  RAW[241]: 27 56 00 02 76 18 56 00 02 2F 40 56 00 02 0A F5 56 00 01 EC 59 56 00 01 D1 4F 56 00 00 C8 92 56 00 FD 79 0E 56 00 FD FA ...
  PARSED: 49
[22:49:05.064] TICK #23  avail=245  bytes=3315  ON=0  ps=0  pi=5
  RAW[245]: 56 00 02 80 42 56 00 FF F4 B8 56 00 FE 45 DB 56 00 FE D9 B8 56 00 FE F7 40 56 00 00 6F DC 56 00 02 B6 90 56 00 02 9E AC ...
  PARSED: 49
[22:49:05.109] TICK #25  avail=243  bytes=3560  ON=0  ps=0  pi=5
  RAW[243]: 56 00 01 65 C5 56 00 02 C0 7E 56 00 02 82 0B 56 00 02 C5 35 56 00 02 C8 71 56 00 02 FC E1 56 00 02 80 3D 56 00 02 76 34 ...
  PARSED: 48
[22:49:05.131] TICK #26  avail=243  bytes=3803  ON=0  ps=1  pi=3
  RAW[243]: 4D B0 56 00 02 46 62 56 00 02 34 00 56 00 01 88 A6 56 00 01 90 D4 56 00 01 86 BC 56 00 FD E8 8F 56 00 FD A9 2F 56 00 FE ...
  PARSED: 49
[22:49:05.175] TICK #28  avail=244  bytes=4046  ON=0  ps=1  pi=1
  RAW[244]: 00 01 15 42 56 00 FE 3F BB 56 00 FE 62 07 56 00 FE F6 A0 56 00 FF 97 1C 56 00 02 5A 43 56 00 02 89 26 56 00 02 86 92 56 ...
  PARSED: 49
[22:49:05.197] TICK #29  avail=242  bytes=4290  ON=0  ps=0  pi=5
  RAW[242]: 56 00 02 A8 77 56 00 02 84 EE 56 00 03 11 57 56 00 03 1A 1E 56 00 02 9B 3A 56 00 02 B1 15 56 00 02 BF DC 56 00 02 C4 10 ...
  PARSED: 48
[22:49:05.240] TICK #31  avail=243  bytes=4532  ON=0  ps=1  pi=2
  RAW[243]: 02 0E A1 56 00 01 EB A0 56 00 01 76 9A 56 00 01 28 3A 56 00 01 2E 84 56 00 FE 35 77 56 00 FD 7E 82 56 00 FE 00 E0 56 00 ...
  PARSED: 49
[22:49:05.264] TICK #32  avail=245  bytes=4775  ON=0  ps=0  pi=5
  RAW[245]: 56 00 FE 7D 68 56 00 FE 50 09 56 00 FE B2 A3 56 00 FF 58 F1 56 00 02 0E 6A 56 00 02 A6 4C 56 00 02 6E 22 56 00 02 13 D9 ...
  PARSED: 49
[22:49:05.308] TICK #34  avail=241  bytes=5020  ON=0  ps=0  pi=5
  RAW[241]: 56 00 02 23 CB 56 00 02 8B A4 56 00 02 FB 38 56 00 02 BF 4C 56 00 02 B5 4D 56 00 02 92 5B 56 00 02 A8 0B 56 00 02 A1 05 ...
  PARSED: 48
[22:49:05.331] TICK #35  avail=246  bytes=5261  ON=0  ps=1  pi=1
  RAW[246]: 00 01 A5 69 56 00 01 C3 38 56 00 01 5A 65 56 00 01 8E 47 56 00 FF 38 A9 56 00 FD 0D 66 56 00 FD CA FD 56 00 FE 2D A8 56 ...
  PARSED: 49
[22:49:05.375] TICK #37  avail=246  bytes=5507  ON=0  ps=1  pi=2
  RAW[246]: FE 83 D7 56 00 FE 93 A9 56 00 FE D6 EB 56 00 01 10 18 56 00 02 60 48 56 00 02 31 C5 56 00 02 61 6B 56 00 02 3E EC 56 00 ...
  PARSED: 49
[22:49:05.398] TICK #38  avail=240  bytes=5753  ON=0  ps=1  pi=3
  RAW[240]: B5 A8 56 00 03 19 10 56 00 02 BF 34 56 00 02 C1 37 56 00 02 73 E7 56 00 02 D2 60 56 00 02 EB E9 56 00 02 93 5E 56 00 FF ...
  PARSED: 48
[22:49:05.442] TICK #40  avail=243  bytes=5993  ON=0  ps=1  pi=3
  RAW[243]: FA 78 56 00 01 98 9F 56 00 01 66 9F 56 00 00 B1 35 56 00 FD 82 FB 56 00 FD E4 C9 56 00 FE 71 25 56 00 FE C5 7D 56 00 02 ...
  PARSED: 49
[22:49:05.466] TICK #41  avail=242  bytes=6236  ON=0  ps=1  pi=1
  RAW[242]: 00 FE 4D 16 56 00 FE C3 F3 56 00 00 73 FD 56 00 02 64 9E 56 00 02 6A DF 56 00 02 59 E7 56 00 02 3C C8 56 00 02 35 B7 56 ...
  PARSED: 48
[22:49:05.489] TICK #42  avail=240  bytes=6478  ON=0  ps=1  pi=3
  RAW[240]: 65 4B 56 00 02 8F 2B 56 00 02 BE 12 56 00 02 AD 3D 56 00 02 DE E6 56 00 02 FC F0 56 00 02 81 AA 56 00 02 88 8C 56 00 FF ...
  PARSED: 48
[22:49:05.533] TICK #44  avail=242  bytes=6718  ON=0  ps=1  pi=3
  RAW[242]: CA A2 56 00 01 6D 5C 56 00 01 75 0A 56 00 01 3E 78 56 00 FD 63 CC 56 00 FD 71 4D 56 00 FD FA 4C 56 00 FE 6C 2C 56 00 01 ...
  PARSED: 49
[22:49:05.556] TICK #45  avail=243  bytes=6960  ON=0  ps=0  pi=5
  RAW[243]: 56 00 FE 5D 1B 56 00 FE A4 32 56 00 FF A3 2D 56 00 02 33 6D 56 00 02 7D D1 56 00 01 D2 02 56 00 01 F9 59 56 00 02 0A 9A ...
  PARSED: 48
[22:49:05.602] TICK #47  avail=242  bytes=7203  ON=0  ps=1  pi=3
  RAW[242]: 70 12 56 00 02 C4 85 56 00 02 87 11 56 00 02 30 80 56 00 02 5C 26 56 00 02 84 00 56 00 02 B6 8D 56 00 02 4C F5 56 00 00 ...
  PARSED: 49
[22:49:05.625] TICK #48  avail=245  bytes=7445  ON=0  ps=0  pi=5
  RAW[245]: 56 00 01 6C 36 56 00 01 26 B2 56 00 01 50 4D 56 00 FE 0F 18 56 00 FD 59 D9 56 00 FD E1 A8 56 00 FE 44 8E 56 00 00 42 B9 ...
  PARSED: 49
[22:49:05.671] TICK #50  avail=245  bytes=7690  ON=0  ps=0  pi=5
  RAW[245]: 56 00 FE A5 F2 56 00 FF DF 45 56 00 02 9C 44 56 00 02 C0 6D 56 00 02 75 5C 56 00 02 37 7B 56 00 01 D4 F0 56 00 01 F2 0B ...
  PARSED: 49
[22:49:05.695] TICK #51  avail=239  bytes=7935  ON=0  ps=0  pi=5
  RAW[239]: 56 00 02 79 AB 56 00 02 95 C2 56 00 02 63 4E 56 00 02 70 A9 56 00 02 B2 90 56 00 02 CE 2B 56 00 02 64 DF 56 00 FF 3A C0 ...
  PARSED: 47
[22:49:05.739] TICK #53  avail=240  bytes=8174  ON=0  ps=1  pi=4
  RAW[240]: 08 56 00 01 C1 B9 56 00 01 D1 7A 56 00 00 BE 37 56 00 FD 3C BA 56 00 FD 9E E6 56 00 FE 15 96 56 00 00 A9 87 56 00 02 E6 ...
  PARSED: 48
[22:49:05.763] TICK #54  avail=241  bytes=8414  ON=0  ps=1  pi=4
  RAW[241]: 72 56 00 FE 70 0D 56 00 FF 37 4D 56 00 02 26 C8 56 00 02 6F 1A 56 00 02 24 66 56 00 02 1D 16 56 00 02 0B 39 56 00 02 2D ...
  PARSED: 49
[22:49:05.807] TICK #56  avail=240  bytes=8655  ON=0  ps=0  pi=5
  RAW[240]: 56 00 03 17 03 56 00 03 21 27 56 00 02 D6 8A 56 00 02 D4 AE 56 00 02 A8 AE 56 00 02 FD D9 56 00 02 6F AD 56 00 02 76 F1 ...
  PARSED: 48
[22:49:05.831] TICK #57  avail=242  bytes=8895  ON=0  ps=0  pi=5
  RAW[242]: 56 00 01 A8 C9 56 00 01 29 7E 56 00 01 36 23 56 00 00 43 9E 56 00 FD 37 BC 56 00 FD 74 2C 56 00 FD D8 B3 56 00 FE 85 19 ...
  PARSED: 48
[22:49:05.875] TICK #59  avail=243  bytes=9137  ON=0  ps=1  pi=2
  RAW[243]: FE 13 92 56 00 FE 6C B7 56 00 FE DA FE 56 00 00 C8 91 56 00 02 76 AC 56 00 02 B9 F2 56 00 01 F5 1B 56 00 02 34 54 56 00 ...
  PARSED: 49
[22:49:05.897] TICK #60  avail=240  bytes=9380  ON=0  ps=0  pi=5
  RAW[240]: 56 00 02 6F 14 56 00 02 94 0B 56 00 02 CA 2C 56 00 02 6D 20 56 00 02 44 51 56 00 02 B3 97 56 00 02 BB B0 56 00 02 72 CC ...
  PARSED: 48
[22:49:05.941] TICK #62  avail=241  bytes=9620  ON=0  ps=0  pi=5
  RAW[241]: 56 00 02 0E 72 56 00 01 A0 86 56 00 01 8D BC 56 00 00 E9 01 56 00 FD A3 4D 56 00 FE 09 86 56 00 FE 87 CC 56 00 FE BA 36 ...
  PARSED: 48
[22:49:05.964] TICK #63  avail=244  bytes=9861  ON=0  ps=1  pi=1
  RAW[244]: 00 FD F3 39 56 00 FE 54 10 56 00 FE A6 77 56 00 00 95 DD 56 00 02 BB 47 56 00 02 B6 2A 56 00 02 3C BC 56 00 02 5B DD 56 ...
  PARSED: 49
[22:49:06.008] TICK #65  avail=238  bytes=10105  ON=0  ps=0  pi=5
  RAW[238]: 56 00 02 9D 82 56 00 02 B4 F8 56 00 02 C6 24 56 00 02 A3 63 56 00 02 4A 78 56 00 02 B5 D3 56 00 03 7A A7 56 00 02 E9 88 ...
  PARSED: 47
[22:49:06.030] TICK #66  avail=242  bytes=10343  ON=0  ps=1  pi=3
  RAW[242]: F2 12 56 00 02 0B 2E 56 00 01 AC 51 56 00 01 7A 26 56 00 01 82 F7 56 00 FD A6 34 56 00 FD 6F F2 56 00 FE 33 1F 56 00 FE ...
  PARSED: 49
[22:49:06.073] TICK #68  avail=243  bytes=10585  ON=0  ps=0  pi=5
  RAW[243]: 56 00 FE 1C C9 56 00 FE 6A D4 56 00 FE AC 86 56 00 FF EE DF 56 00 02 46 C4 56 00 02 43 09 56 00 02 38 B8 56 00 02 30 69 ...
  PARSED: 48
[22:49:06.097] TICK #69  avail=242  bytes=10828  ON=0  ps=1  pi=3
  RAW[242]: 80 3F 56 00 02 8D 51 56 00 02 C1 07 56 00 02 DE 29 56 00 02 BF 3A 56 00 02 83 AA 56 00 02 CA B8 56 00 03 35 E2 56 00 02 ...
  PARSED: 49
[22:49:06.140] TICK #71  avail=244  bytes=11070  ON=0  ps=0  pi=5
  RAW[244]: 56 00 01 C3 0C 56 00 01 E2 37 56 00 01 AC 95 56 00 01 B4 A8 56 00 FE E5 DF 56 00 FD 52 B0 56 00 FD D5 A3 56 00 FE 4E BF ...
  PARSED: 48
[22:49:06.163] TICK #72  avail=241  bytes=11314  ON=0  ps=1  pi=4
  RAW[241]: C5 56 00 FE 35 5F 56 00 FE 90 B6 56 00 FF 3A 5A 56 00 02 04 74 56 00 02 55 E6 56 00 01 F3 6C 56 00 01 ED 75 56 00 01 FB ...
  PARSED: 49
[22:49:06.208] TICK #74  avail=248  bytes=11555  ON=0  ps=0  pi=5
  RAW[248]: 56 00 02 BC B5 56 00 02 F6 47 56 00 03 21 F9 56 00 02 EA B6 56 00 02 D8 DB 56 00 02 7A F1 56 00 03 1A 09 56 00 02 AF 7F ...
  PARSED: 49
[22:49:06.231] TICK #75  avail=240  bytes=11803  ON=0  ps=1  pi=3
  RAW[240]: C9 96 56 00 01 77 89 56 00 01 AC 13 56 00 FF A5 BC 56 00 FD 54 EF 56 00 FD E5 2C 56 00 FE 20 11 56 00 FF 9C FA 56 00 02 ...
  PARSED: 48
[22:49:06.274] TICK #77  avail=246  bytes=12043  ON=0  ps=1  pi=3
  RAW[246]: 31 19 56 00 FE 7F 0F 56 00 FF 11 AA 56 00 01 BE E8 56 00 02 A1 D4 56 00 02 A4 BF 56 00 02 46 87 56 00 02 35 0E 56 00 02 ...
  PARSED: 49
[22:49:06.297] TICK #78  avail=241  bytes=12289  ON=0  ps=1  pi=4
  RAW[241]: 8D 56 00 02 C3 8F 56 00 02 D2 71 56 00 02 B4 DB 56 00 02 AB CE 56 00 02 F5 F8 56 00 02 4F 39 56 00 02 01 D3 56 00 FE E0 ...
  PARSED: 49
[22:49:06.341] TICK #80  avail=246  bytes=12530  ON=0  ps=0  pi=5
  RAW[246]: 56 00 01 85 66 56 00 01 58 DC 56 00 00 87 C6 56 00 FD 2F 8F 56 00 FD A4 60 56 00 FE 0F 83 56 00 FE A0 7A 56 00 01 E7 AC ...
  PARSED: 49
[22:49:06.363] TICK #81  avail=244  bytes=12776  ON=0  ps=1  pi=1
  RAW[244]: 00 FE AC A2 56 00 01 1C D6 56 00 02 39 03 56 00 02 30 D1 56 00 01 D8 B3 56 00 02 29 59 56 00 02 38 52 56 00 02 3E 32 56 ...
  PARSED: 49
[22:49:06.408] TICK #83  avail=240  bytes=13020  ON=0  ps=0  pi=5
  RAW[240]: 56 00 02 7F D0 56 00 02 6A C1 56 00 02 72 73 56 00 02 AE A1 56 00 02 ED CA 56 00 02 6F 3B 56 00 00 0A CA 56 00 FE 00 88 ...
  PARSED: 48
[22:49:06.432] TICK #84  avail=245  bytes=13260  ON=0  ps=0  pi=5
  RAW[245]: 56 00 01 8E 1C 56 00 01 0C F9 56 00 FD 1F 43 56 00 FD 6E 29 56 00 FE 38 CA 56 00 FE 65 0A 56 00 01 6B B1 56 00 02 66 16 ...
  PARSED: 49
[22:49:06.475] TICK #86  avail=242  bytes=13505  ON=0  ps=0  pi=5
  RAW[242]: 56 00 00 61 55 56 00 02 6C BE 56 00 02 40 D2 56 00 02 03 EC 56 00 02 27 15 56 00 01 FD 05 56 00 01 C9 7A 56 00 01 F2 C6 ...
  PARSED: 48
[22:49:06.498] TICK #87  avail=242  bytes=13747  ON=0  ps=1  pi=2
  RAW[242]: 02 8A 47 56 00 02 A6 79 56 00 02 44 8F 56 00 02 98 F3 56 00 02 8B 7F 56 00 02 38 AD 56 00 00 9A 4F 56 00 FE 09 59 56 00 ...
  PARSED: 48
[22:49:06.541] TICK #89  avail=240  bytes=13989  ON=0  ps=1  pi=4
  RAW[240]: 12 56 00 01 4F B4 56 00 FE 16 56 56 00 FD 5B 95 56 00 FD E7 22 56 00 FD F4 33 56 00 00 66 FF 56 00 02 3A 62 56 00 02 66 ...
  PARSED: 48
[22:49:06.565] TICK #90  avail=241  bytes=14229  ON=0  ps=1  pi=4
  RAW[241]: B5 56 00 FF 8C 17 56 00 02 59 34 56 00 02 72 90 56 00 02 09 73 56 00 01 FF C4 56 00 01 B2 83 56 00 01 8C B4 56 00 01 CB ...
  PARSED: 49
[22:49:06.609] TICK #92  avail=240  bytes=14470  ON=0  ps=0  pi=5
  RAW[240]: 56 00 02 8E C3 56 00 02 50 5D 56 00 02 80 E1 56 00 02 57 D9 56 00 02 9D 31 56 00 02 69 2D 56 00 01 C3 CE 56 00 FE 02 13 ...
  PARSED: 48
[22:49:06.633] TICK #93  avail=246  bytes=14710  ON=0  ps=0  pi=5
  RAW[246]: 56 00 01 6A 42 56 00 01 7F 23 56 00 FF 13 31 56 00 FD 28 32 56 00 FD B0 3E 56 00 FE 08 C7 56 00 FF 8C EF 56 00 01 E7 5E ...
  PARSED: 49
[22:49:06.676] TICK #95  avail=244  bytes=14956  ON=0  ps=1  pi=1
  RAW[244]: 00 FF 22 87 56 00 01 A9 31 56 00 02 7D 66 56 00 02 3F 79 56 00 02 2B 0A 56 00 02 40 B4 56 00 01 D2 D8 56 00 01 E1 81 56 ...
  PARSED: 49
[22:49:06.699] TICK #96  avail=240  bytes=15200  ON=0  ps=0  pi=5
  RAW[240]: 56 00 02 A9 63 56 00 02 98 1B 56 00 02 66 39 56 00 02 DF AF 56 00 02 D6 AE 56 00 02 11 37 56 00 FE 56 F8 56 00 FE 44 8B ...
  PARSED: 48
[22:49:06.743] TICK #98  avail=245  bytes=15440  ON=0  ps=0  pi=5
  RAW[245]: 56 00 01 5C 78 56 00 FF CF A0 56 00 FC F7 BD 56 00 FD AF FE 56 01 00 00 00 56 00 FE 5B 84 56 00 FE E5 E3 56 00 01 B5 21 ...
[22:49:06.745] HEARTBEAT bytes=15685
  PARSED: 48
[22:49:06.767] TICK #99  avail=241  bytes=15685  ON=0  ps=0  pi=5
  RAW[241]: 56 00 FE F0 21 56 00 01 05 D3 56 00 02 58 B6 56 00 01 F4 B1 56 00 01 AB 3A 56 00 01 EE 27 56 00 01 E4 1B 56 00 01 A2 38 ...
  PARSED: 48
[22:49:06.791] TICK #100  avail=244  bytes=15926  ON=0  ps=1  pi=1
  RAW[244]: 00 02 E0 5C 56 00 02 83 5A 56 00 02 9D 94 56 00 02 36 EC 56 00 02 B1 39 56 00 02 AD 0E 56 00 02 6F D8 56 00 FF 28 D5 56 ...
  PARSED: 49
[22:49:06.834] TICK #102  avail=241  bytes=16170  ON=0  ps=0  pi=5
  RAW[241]: 56 00 01 20 E2 56 00 00 77 CF 56 00 FD 00 9D 56 00 FD 5E D5 56 00 FE 30 04 56 00 FE 50 7B 56 00 01 A3 4D 56 00 02 83 B4 ...
  PARSED: 48
[22:49:06.857] TICK #103  avail=242  bytes=16411  ON=0  ps=1  pi=1
  RAW[242]: 00 FE B5 69 56 00 00 CF 77 56 00 02 A4 9E 56 00 02 38 DB 56 00 01 D1 A1 56 00 02 05 3E 56 00 01 EF 9E 56 00 01 8B 91 56 ...
  PARSED: 48
[22:49:06.902] TICK #105  avail=242  bytes=16653  ON=0  ps=1  pi=3
  RAW[242]: AB D1 56 00 02 94 28 56 00 02 8B 56 56 00 02 8D FE 56 00 02 A9 2C 56 00 02 D2 AA 56 00 02 A4 59 56 00 FF FA 55 56 00 FE ...
  PARSED: 49
[22:49:06.925] TICK #106  avail=240  bytes=16895  ON=0  ps=0  pi=5
  RAW[240]: 56 00 01 49 7A 56 00 00 FB F9 56 00 FD 19 58 56 00 FD 48 13 56 00 FD A8 C3 56 00 FE 4D A9 56 00 00 65 27 56 00 02 2B 7B ...
  PARSED: 48
[22:49:06.969] TICK #108  avail=243  bytes=17135  ON=0  ps=0  pi=5
  RAW[243]: 56 00 FE B8 36 56 00 FF B6 FD 56 00 02 4F 7F 56 00 02 6A C4 56 00 01 CE 95 56 00 01 E0 D0 56 00 01 9D A6 56 00 01 90 7D ...
  PARSED: 48
[22:49:06.992] TICK #109  avail=239  bytes=17378  ON=0  ps=1  pi=3
  RAW[239]: A9 95 56 00 02 97 00 56 00 02 69 13 56 00 02 AB 80 56 00 02 99 D9 56 00 02 AB 09 56 00 02 A3 62 56 00 02 03 7E 56 00 FE ...
  PARSED: 48
[22:49:07.038] TICK #111  avail=242  bytes=17617  ON=0  ps=1  pi=2
  RAW[242]: 01 AE 5F 56 00 01 78 1E 56 00 01 80 78 56 00 FF 77 6C 56 00 FD 0F 26 56 00 FD 93 51 56 00 FE 30 C1 56 00 01 28 31 56 00 ...
  PARSED: 48
[22:49:07.062] TICK #112  avail=246  bytes=17859  ON=0  ps=1  pi=4
  RAW[246]: AA 56 00 FE 9D 72 56 00 FF 7D 5E 56 00 02 4D E5 56 00 02 A5 E2 56 00 02 75 C7 56 00 02 40 D7 56 00 02 0E 2A 56 00 01 99 ...
  PARSED: 50
[22:49:07.107] TICK #114  avail=244  bytes=18105  ON=0  ps=0  pi=5
  RAW[244]: 56 00 02 77 9D 56 00 02 96 AF 56 00 02 BC C1 56 00 02 59 5B 56 00 02 A2 4F 56 00 02 30 A6 56 00 01 A0 03 56 00 FD B7 65 ...
  PARSED: 48
[22:49:07.130] TICK #115  avail=241  bytes=18349  ON=0  ps=1  pi=4
  RAW[241]: CD 56 00 01 27 7B 56 00 FF 47 43 56 00 FD 2D 02 56 00 FD EA F2 56 00 FE 5B 17 56 00 FF 54 37 56 00 02 47 69 56 00 02 21 ...
  PARSED: 49
[22:49:07.173] TICK #117  avail=238  bytes=18590  ON=0  ps=0  pi=5
  RAW[238]: 56 00 FF 0B 86 56 00 01 4D B4 56 00 02 11 D9 56 00 02 0D 9A 56 00 01 E0 92 56 00 01 B4 49 56 00 01 70 06 56 00 01 6B F2 ...
  PARSED: 47
[22:49:07.195] TICK #118  avail=242  bytes=18828  ON=0  ps=1  pi=3
  RAW[242]: 7C 23 56 00 02 97 B6 56 00 02 C0 D5 56 00 02 72 0A 56 00 01 F5 FB 56 00 02 78 F1 56 00 02 D1 AB 56 00 02 A3 58 56 00 FE ...
  PARSED: 49
[22:49:07.239] TICK #120  avail=243  bytes=19070  ON=0  ps=0  pi=5
  RAW[243]: 56 00 01 02 34 56 00 00 F5 D8 56 00 FF EC CE 56 00 FC DA 7F 56 00 FD 4F 26 56 00 FE 23 C9 56 00 FE 66 73 56 00 01 C1 5A ...
  PARSED: 48
[22:49:07.261] TICK #121  avail=242  bytes=19313  ON=0  ps=1  pi=3
  RAW[242]: B4 90 56 00 FE F7 7D 56 00 00 D7 54 56 00 02 6C D0 56 00 02 5B 50 56 00 01 F4 CB 56 00 02 0E 95 56 00 01 E4 D6 56 00 01 ...
  PARSED: 49
[22:49:07.304] TICK #123  avail=242  bytes=19555  ON=0  ps=0  pi=5
  RAW[242]: 56 00 02 62 18 56 00 02 3A E2 56 00 02 21 40 56 00 02 58 17 56 00 02 97 C8 56 00 02 10 41 56 00 01 F2 67 56 00 FF 91 E8 ...
  PARSED: 48
[22:49:07.328] TICK #124  avail=243  bytes=19797  ON=0  ps=1  pi=2
  RAW[243]: 01 41 22 56 00 00 F9 78 56 00 00 7C 34 56 00 FC FD 7E 56 00 FD 6C 3D 56 00 FE 40 70 56 00 FE 53 3B 56 00 01 B8 3B 56 00 ...
  PARSED: 49
[22:49:07.372] TICK #126  avail=242  bytes=20040  ON=0  ps=0  pi=5
  RAW[242]: 56 00 FE A7 B4 56 00 00 7F 32 56 00 02 46 47 56 00 02 1C F3 56 00 01 DF 20 56 00 02 2A EF 56 00 01 E8 B4 56 00 01 AC 3C ...
  PARSED: 48
[22:49:07.395] TICK #127  avail=242  bytes=20282  ON=0  ps=1  pi=2
  RAW[242]: 02 81 6A 56 00 02 8C C1 56 00 02 77 1B 56 00 02 71 E5 56 00 02 81 74 56 00 02 6D 5D 56 00 02 6C 60 56 00 00 53 D5 56 00 ...
  PARSED: 48
[22:49:07.439] TICK #129  avail=241  bytes=20524  ON=0  ps=1  pi=4
  RAW[241]: 3A 56 00 01 3E C8 56 00 01 71 5D 56 00 FE 49 57 56 00 FD 9B 61 56 00 FE 06 A4 56 00 FE 60 DC 56 00 01 29 64 56 00 02 43 ...
  PARSED: 49
[22:49:07.462] TICK #130  avail=240  bytes=20765  ON=0  ps=0  pi=5
  RAW[240]: 56 00 FE 40 56 56 00 00 5E BD 56 00 02 A0 E2 56 00 02 92 3E 56 00 02 40 FA 56 00 02 41 56 56 00 01 9E 0A 56 00 01 C8 A2 ...
  PARSED: 48
[22:49:07.506] TICK #132  avail=240  bytes=21005  ON=0  ps=0  pi=5
  RAW[240]: 56 00 02 64 1D 56 00 02 D3 D3 56 00 02 AE 30 56 00 02 83 31 56 00 02 30 04 56 00 02 9E 77 56 00 02 22 4E 56 00 01 4F 7E ...
  PARSED: 48
[22:49:07.529] TICK #133  avail=240  bytes=21245  ON=0  ps=0  pi=5
  RAW[240]: 56 00 01 36 D0 56 00 00 E5 82 56 00 01 3B 9E 56 00 FE 0F 1F 56 00 FD 07 DD 56 00 FD B3 0C 56 00 FE 3E 9B 56 00 FF A8 FD ...
  PARSED: 48
[22:49:07.574] TICK #135  avail=240  bytes=21485  ON=0  ps=0  pi=5
  RAW[240]: 56 00 FD F1 2F 56 00 FE B2 88 56 00 FF 75 C8 56 00 01 ED 4E 56 00 02 7D 8A 56 00 02 11 01 56 00 01 D3 EC 56 00 01 A9 21 ...
  PARSED: 48
[22:49:07.598] TICK #136  avail=245  bytes=21725  ON=0  ps=0  pi=5
  RAW[245]: 56 00 02 29 82 56 00 02 7F B5 56 00 02 D7 3B 56 00 02 AE 0D 56 00 02 37 05 56 00 02 26 4D 56 00 02 7D 0F 56 00 02 6C C5 ...
  PARSED: 49
[22:49:07.642] TICK #138  avail=241  bytes=21970  ON=0  ps=0  pi=5
  RAW[241]: 56 00 01 7F 8A 56 00 00 FE F4 56 00 00 CB 3A 56 00 FF 55 81 56 00 FC D3 EA 56 00 FD 56 07 56 00 FE 0F 0A 56 00 FF 55 30 ...
  PARSED: 48
[22:49:07.664] TICK #139  avail=244  bytes=22211  ON=0  ps=1  pi=1
  RAW[244]: 00 FD C1 EF 56 00 FE 35 FC 56 00 FE A8 70 56 00 01 0E FA 56 00 02 2D C0 56 00 01 FB 6E 56 00 01 72 1C 56 00 01 9C 26 56 ...
  PARSED: 49
[22:49:07.709] TICK #141  avail=248  bytes=22455  ON=0  ps=0  pi=5
  RAW[248]: 56 00 02 43 77 56 00 02 B8 70 56 00 02 5F AC 56 00 02 45 56 56 00 02 3A 31 56 00 02 AE 16 56 00 02 41 80 56 00 01 CF 1B ...
  PARSED: 49
[22:49:07.732] TICK #142  avail=242  bytes=22703  ON=0  ps=1  pi=3
  RAW[242]: 0D 4C 56 00 01 25 6B 56 00 00 4A F5 56 00 FC D0 F0 56 00 FD 29 F6 56 00 FE 0D 4B 56 00 FE B4 28 56 00 01 CE 50 56 00 02 ...
  PARSED: 49
[22:49:07.756] TICK #143  avail=241  bytes=22945  ON=0  ps=0  pi=5
  RAW[241]: 56 00 FE AE 08 56 00 00 AF EC 56 00 02 5B 31 56 00 01 F5 B9 56 00 01 B4 47 56 00 01 BA E3 56 00 01 AC F3 56 00 01 23 56 ...
  PARSED: 48
[22:49:07.800] TICK #145  avail=244  bytes=23186  ON=0  ps=1  pi=1
  RAW[244]: 00 02 51 E3 56 00 02 51 51 56 00 02 1F 09 56 00 02 16 47 56 00 02 69 61 56 00 02 27 1F 56 00 01 FC CA 56 00 FF 52 5E 56 ...
  PARSED: 49
[22:49:07.822] TICK #146  avail=242  bytes=23430  ON=0  ps=0  pi=5
  RAW[242]: 56 00 00 D5 1E 56 00 00 63 E2 56 00 FC F5 29 56 00 FD 49 FE 56 00 FD D2 02 56 00 FE 07 5F 56 00 00 C5 8C 56 00 02 4E 4C ...
  PARSED: 48
[22:49:07.866] TICK #148  avail=243  bytes=23672  ON=0  ps=1  pi=2
  RAW[243]: FE 89 C5 56 00 00 04 FD 56 00 01 AB 2F 56 00 02 23 AE 56 00 01 D1 53 56 00 02 0D 91 56 00 01 B5 24 56 00 01 A6 9F 56 00 ...
  PARSED: 49
[22:49:07.891] TICK #149  avail=245  bytes=23915  ON=0  ps=0  pi=5
  RAW[245]: 56 00 02 50 6B 56 00 02 0E 49 56 00 01 E6 60 56 00 02 4C ED 56 00 02 60 0C 56 00 01 E5 6F 56 00 00 D6 27 56 00 FD DA 38 ...
  PARSED: 49
[22:49:07.913] TICK #150  avail=0  bytes=24160  ON=0  ps=0  pi=5
[22:49:07.934] TICK #151  avail=241  bytes=24160  ON=0  ps=0  pi=5
  RAW[241]: 56 00 01 0B 6D 56 00 FE 45 0B 56 00 FD 34 2F 56 00 FD D9 4E 56 00 FE 1C A4 56 00 00 87 E4 56 00 02 22 F1 56 00 02 0E 21 ...
  PARSED: 48
[22:49:07.956] TICK #152  avail=244  bytes=24401  ON=0  ps=1  pi=1
  RAW[244]: 00 FF 2C 87 56 00 02 06 67 56 00 02 27 57 56 00 01 FD 12 56 00 01 C4 4C 56 00 01 CF 7F 56 00 01 A2 E0 56 00 01 71 26 56 ...
  PARSED: 49
[22:49:08.000] TICK #154  avail=245  bytes=24645  ON=0  ps=0  pi=5
  RAW[245]: 56 00 02 3D DD 56 00 02 48 D3 56 00 02 3D 6B 56 00 02 E4 5F 56 00 02 1A 7C 56 00 01 0E C5 56 00 FD 76 4A 56 00 FD CB 29 ...
  PARSED: 49
[22:49:08.023] TICK #155  avail=242  bytes=24890  ON=0  ps=0  pi=5
  RAW[242]: 56 00 FE F5 96 56 00 FC E4 9B 56 00 FD 80 5A 56 00 FE 01 74 56 00 FF 4F 24 56 00 01 CB 79 56 00 01 E9 F9 56 00 02 37 30 ...
  PARSED: 48
[22:49:08.068] TICK #157  avail=240  bytes=25132  ON=0  ps=1  pi=2
  RAW[240]: 01 52 CA 56 00 02 2C EF 56 00 01 D0 98 56 00 01 6F 7B 56 00 01 C8 88 56 00 01 A5 D5 56 00 01 AC E3 56 00 01 1B 26 56 00 ...
  PARSED: 48
[22:49:08.090] TICK #158  avail=243  bytes=25372  ON=0  ps=1  pi=2
  RAW[243]: 02 50 A3 56 00 02 38 F9 56 00 01 AD 67 56 00 02 06 99 56 00 02 15 01 56 00 01 5D 3C 56 00 FD EB 29 56 00 FD A4 58 56 00 ...
  PARSED: 49
[22:49:08.135] TICK #160  avail=246  bytes=25615  ON=0  ps=0  pi=5
  RAW[246]: 56 00 FF 88 F3 56 00 FC E2 EC 56 00 FD 3D 78 56 00 FD B0 C5 56 00 FE 95 A6 56 00 01 CD 62 56 00 02 08 20 56 00 01 DB A5 ...
  PARSED: 49
[22:49:08.157] TICK #161  avail=242  bytes=25861  ON=0  ps=1  pi=1
  RAW[242]: 00 01 D7 AF 56 00 01 DB DB 56 00 02 61 6F 56 00 02 25 19 56 00 01 A6 C6 56 00 01 B9 88 56 00 01 5C 35 56 00 01 09 70 56 ...
  PARSED: 48
[22:49:08.202] TICK #163  avail=240  bytes=26103  ON=0  ps=1  pi=3
  RAW[240]: AD F0 56 00 02 90 C4 56 00 02 8E 2C 56 00 02 92 83 56 00 02 40 43 56 00 FF 61 22 56 00 FE 51 8D 56 00 FE 83 18 56 00 FE ...
  PARSED: 48
[22:49:08.224] TICK #164  avail=239  bytes=26343  ON=0  ps=1  pi=3
  RAW[239]: 51 CB 56 00 FD 0A 7C 56 00 FD 2E 0A 56 00 FD E0 C1 56 00 FE 2E DB 56 00 01 98 3B 56 00 02 B6 38 56 00 02 CF 50 56 00 02 ...
  PARSED: 48
[22:49:08.268] TICK #166  avail=240  bytes=26582  ON=0  ps=1  pi=2
  RAW[240]: 00 3F BC 56 00 02 6D 0E 56 00 02 A4 9D 56 00 02 3C 9B 56 00 02 0D 08 56 00 01 9A 5C 56 00 01 DD 11 56 00 01 9F BC 56 00 ...
  PARSED: 48
[22:49:08.291] TICK #167  avail=239  bytes=26822  ON=0  ps=1  pi=2
  RAW[239]: 02 B6 03 56 00 02 8E 61 56 00 02 44 57 56 00 02 42 17 56 00 02 72 EC 56 00 02 2A 97 56 00 FF 9B 09 56 00 FD 9A 09 56 00 ...
  PARSED: 48
[22:49:08.335] TICK #169  avail=240  bytes=27061  ON=0  ps=1  pi=1
  RAW[240]: 00 00 F1 DC 56 00 00 A1 17 56 00 FD 3F 2B 56 00 FD 8C 1B 56 00 FE 2A B5 56 00 FE 66 BD 56 00 00 7C 12 56 00 02 6F A2 56 ...
  PARSED: 48
[22:49:08.358] TICK #170  avail=240  bytes=27301  ON=0  ps=1  pi=1
  RAW[240]: 00 FE 90 22 56 00 FF 77 2E 56 00 02 2E CB 56 00 02 B8 1E 56 00 02 3C 6A 56 00 01 E4 0E 56 00 01 A9 B2 56 00 01 90 5C 56 ...
  PARSED: 48
[22:49:08.401] TICK #172  avail=239  bytes=27541  ON=0  ps=1  pi=1
  RAW[239]: 00 02 C2 6C 56 00 02 78 DF 56 00 01 FA FC 56 00 02 33 CD 56 00 02 33 BB 56 00 02 6B 2A 56 00 02 15 D0 56 00 01 52 E1 56 ...
  PARSED: 48
[22:49:08.424] TICK #173  avail=240  bytes=27780  ON=0  ps=0  pi=5
  RAW[240]: 56 00 01 02 DD 56 00 01 04 FF 56 00 00 C6 E4 56 00 FE 0B 2B 56 00 FD 08 B8 56 00 FD 93 C6 56 00 FD FC 54 56 00 FF 9A 66 ...
  PARSED: 48
[22:49:08.467] TICK #175  avail=240  bytes=28020  ON=0  ps=0  pi=5
  RAW[240]: 56 00 FD BD 99 56 00 FE 76 D2 56 00 FF 44 4A 56 00 01 98 3F 56 00 01 CF 6A 56 00 01 92 8F 56 00 01 89 1A 56 00 01 A1 35 ...
  PARSED: 48
[22:49:08.490] TICK #176  avail=240  bytes=28260  ON=0  ps=0  pi=5
  RAW[240]: 56 00 01 A6 48 56 00 01 D2 F4 56 00 01 F1 8E 56 00 01 E6 70 56 00 01 AE A3 56 00 01 D2 FF 56 00 02 3A 14 56 00 02 21 AE ...
  PARSED: 48
[22:49:08.533] TICK #178  avail=240  bytes=28500  ON=0  ps=0  pi=5
  RAW[240]: 56 00 01 65 B8 56 00 00 C0 F0 56 00 00 79 AC 56 00 00 DF 43 56 00 FE 7E 0F 56 00 FC 7F 91 56 00 FC F5 21 56 00 FD E5 3D ...
  PARSED: 48
[22:49:08.555] TICK #179  avail=240  bytes=28740  ON=0  ps=0  pi=5
  RAW[240]: 56 00 FE 2A 55 56 00 FD C5 D8 56 00 FE 59 9E 56 00 FE FB 38 56 00 00 F9 25 56 00 01 FA 2C 56 00 01 E6 34 56 00 01 97 19 ...
  PARSED: 48
[22:49:08.600] TICK #181  avail=245  bytes=28980  ON=0  ps=0  pi=5
  RAW[245]: 56 00 01 94 37 56 00 02 08 7A 56 00 02 47 A6 56 00 02 85 88 56 00 02 11 DC 56 00 01 EA 39 56 00 02 03 3C 56 00 02 6F 94 ...
  PARSED: 49
[22:49:08.622] TICK #182  avail=241  bytes=29225  ON=0  ps=0  pi=5
  RAW[241]: 56 00 01 BD A2 56 00 01 BE 1E 56 00 01 37 FE 56 00 01 15 59 56 00 FF A5 84 56 00 FD 25 93 56 00 FD B0 BD 56 00 FE 26 AB ...
  PARSED: 48
[22:49:08.666] TICK #184  avail=244  bytes=29466  ON=0  ps=1  pi=1
  RAW[244]: 00 FE F9 1E 56 00 FD EF EE 56 00 FE 6A 90 56 00 FE 9D DD 56 00 00 73 D2 56 00 02 31 E5 56 00 02 55 50 56 00 02 27 08 56 ...
  PARSED: 49
[22:49:08.689] TICK #185  avail=245  bytes=29710  ON=0  ps=0  pi=5
  RAW[245]: 56 00 02 3C 13 56 00 02 63 84 56 00 02 83 0D 56 00 02 62 A0 56 00 02 60 B3 56 00 02 37 15 56 00 02 7C 14 56 00 02 C5 A0 ...
  PARSED: 49
[22:49:08.734] TICK #187  avail=244  bytes=29955  ON=0  ps=0  pi=5
  RAW[244]: 56 00 01 B8 4C 56 00 00 F8 C4 56 00 00 F6 FD 56 00 00 A5 13 56 00 FD 91 3E 56 00 FD BC EB 56 00 FD E8 28 56 00 FE 4A 0B ...
  PARSED: 48
[22:49:08.756] TICK #188  avail=242  bytes=30199  ON=0  ps=1  pi=4
  RAW[242]: 2A 56 00 FE 59 9C 56 00 FE 95 C2 56 00 00 21 16 56 00 02 4A F3 56 00 02 7B AB 56 00 02 33 EF 56 00 01 FE 33 56 00 01 ED ...
  PARSED: 49
[22:49:08.800] TICK #190  avail=247  bytes=30441  ON=0  ps=1  pi=1
  RAW[247]: 00 02 3B CD 56 00 02 93 12 56 00 02 A1 99 56 00 02 9F E6 56 00 02 53 58 56 01 00 00 00 56 00 02 93 2E 56 00 02 37 FA 56 ...
[22:49:08.801] HEARTBEAT bytes=30688
  PARSED: 48
[22:49:08.824] TICK #191  avail=242  bytes=30688  ON=0  ps=1  pi=3
  RAW[242]: CA A6 56 00 01 49 FB 56 00 01 4B 81 56 00 01 1B 5F 56 00 FD 85 A0 56 00 FD 62 5F 56 00 FE 13 86 56 00 FE 34 30 56 00 00 ...
  PARSED: 49
[22:49:08.867] TICK #193  avail=243  bytes=30930  ON=0  ps=0  pi=5
  RAW[243]: 56 00 FE 04 0D 56 00 FE 4D 91 56 00 FF 1B CC 56 00 01 ED B2 56 00 02 7F 2A 56 00 02 3F 43 56 00 02 05 02 56 00 01 FB AC ...
  PARSED: 48
[22:49:08.890] TICK #194  avail=242  bytes=31173  ON=0  ps=1  pi=3
  RAW[242]: 40 0B 56 00 02 8D E9 56 00 02 C6 2F 56 00 02 6B 6A 56 00 02 6C EC 56 00 02 4F D4 56 00 02 C4 C1 56 00 02 20 6C 56 00 01 ...
  PARSED: 49
[22:49:08.935] TICK #196  avail=245  bytes=31415  ON=0  ps=0  pi=5
  RAW[245]: 56 00 01 37 C4 56 00 00 F3 B8 56 00 01 0E 3C 56 00 FE FC 9A 56 00 FD 4E 16 56 00 FD CA F2 56 00 FE 3C DB 56 00 FF 26 65 ...
  PARSED: 49
[22:49:08.957] TICK #197  avail=245  bytes=31660  ON=0  ps=0  pi=5
  RAW[245]: 56 00 FE 54 96 56 00 FE F5 7B 56 00 01 D3 1D 56 00 02 89 C6 56 00 01 B1 6F 56 00 01 90 08 56 00 01 A4 4B 56 00 01 D8 21 ...
  PARSED: 49
[22:49:08.982] Servo → PSoC: vent=0.20s→300samp  umbral=100.00mV→65535cnt  conv=5s  pN=148 nN=148 ±tol=0
[22:49:08.987] Servo → PSoC: vent=0.20s→300samp  umbral=100.00mV→65535cnt  conv=5s  pN=148 nN=148 ±tol=0
[22:49:09.351] Servo OK: vent=0.20s umbral=100.00mV conv=5s pN=148 nN=148 ±tol=0 | VDp=148 VDn=148 LOCKED
[22:49:09.659] Servo OK: vent=0.20s umbral=100.00mV conv=5s pN=148 nN=148 ±tol=0 | VDp=148 VDn=148 LOCKED
[22:49:09.685] TICK #200  avail=0  bytes=31905  ON=0  ps=0  pi=5
[22:49:09.706] TICK #201  avail=201  bytes=31905  ON=0  ps=0  pi=5
  RAW[201]: 56 00 FD EC 96 56 00 FE 38 42 56 00 FF 2C 25 56 00 01 B6 BA 56 00 01 BD 2A 56 00 01 6C 7E 56 00 01 2D 0C 56 00 01 7C CD ...
  PARSED: 40
[22:49:09.730] TICK #202  avail=244  bytes=32106  ON=0  ps=1  pi=1
  RAW[244]: 00 00 CF 25 56 00 00 C9 47 56 00 FD 91 43 56 00 FD 4C C5 56 00 FD CB AB 56 00 FE 28 C3 56 00 FF C2 CD 56 00 01 CC A1 56 ...
  PARSED: 49
[22:49:09.774] TICK #204  avail=245  bytes=32350  ON=0  ps=0  pi=5
  RAW[245]: 56 00 FF 2A 34 56 00 01 68 15 56 00 01 F0 53 56 00 01 B6 66 56 00 01 65 03 56 00 01 5E C9 56 00 01 4E 0B 56 00 01 75 DF ...
  PARSED: 48
[22:49:09.797] TICK #205  avail=243  bytes=32595  ON=0  ps=0  pi=5
  RAW[243]: 56 00 02 0E E7 56 00 02 03 3F 56 00 01 CE 75 56 00 02 05 FC 56 00 02 42 2E 56 00 01 C8 6E 56 00 00 68 A8 56 00 FD BB 3E ...
  PARSED: 48
[22:49:09.842] TICK #207  avail=242  bytes=32838  ON=0  ps=1  pi=3
  RAW[242]: 04 5A 56 00 01 3C BC 56 00 FE 4C E4 56 00 FD 51 8C 56 00 FD 9E 28 56 00 FD D4 84 56 00 FF 09 92 56 00 01 92 A1 56 00 01 ...
  PARSED: 49
[22:49:09.864] TICK #208  avail=242  bytes=33080  ON=0  ps=0  pi=5
  RAW[242]: 56 00 FF 1F FA 56 00 01 50 E5 56 00 02 55 BD 56 00 02 16 10 56 00 02 15 AB 56 00 01 D3 60 56 00 01 D2 BF 56 00 01 A2 B9 ...
  PARSED: 48
[22:49:09.907] TICK #210  avail=243  bytes=33322  ON=0  ps=1  pi=2
  RAW[243]: 02 5E 47 56 00 02 26 EB 56 00 02 79 C1 56 00 02 2A A0 56 00 02 98 58 56 00 02 00 76 56 00 01 64 33 56 00 FE 19 73 56 00 ...
  PARSED: 49
[22:49:09.931] TICK #211  avail=242  bytes=33565  ON=0  ps=0  pi=5
  RAW[242]: 56 00 00 CE 48 56 00 FE 7B EF 56 00 FD 11 1D 56 00 FD B2 51 56 00 FD C8 34 56 00 FE 83 00 56 00 01 80 4E 56 00 01 C4 22 ...
  PARSED: 48
[22:49:09.974] TICK #213  avail=242  bytes=33807  ON=0  ps=1  pi=2
  RAW[242]: FE B8 8A 56 00 00 DB 78 56 00 02 04 E3 56 00 01 B8 FF 56 00 01 65 83 56 00 01 C1 8C 56 00 01 42 E8 56 00 01 21 6F 56 00 ...
  PARSED: 48
[22:49:09.996] TICK #214  avail=241  bytes=34049  ON=0  ps=1  pi=4
  RAW[241]: 55 56 00 02 08 DB 56 00 01 E1 86 56 00 01 C6 49 56 00 02 6E 03 56 00 02 57 58 56 00 01 E5 2E 56 00 FE 99 FD 56 00 FD C1 ...
  PARSED: 49
[22:49:10.040] TICK #216  avail=245  bytes=34290  ON=0  ps=0  pi=5
  RAW[245]: 56 00 01 28 AA 56 00 00 54 AE 56 00 FC D0 1F 56 00 FD 35 3F 56 00 FE 07 01 56 00 FE 30 03 56 00 01 44 2B 56 00 02 53 15 ...
  PARSED: 49
[22:49:10.063] TICK #217  avail=245  bytes=34535  ON=0  ps=0  pi=5
  RAW[245]: 56 00 FF DC E4 56 00 02 04 1D 56 00 01 D3 AA 56 00 01 96 CB 56 00 01 53 94 56 00 01 60 61 56 00 01 26 24 56 00 01 3A 53 ...
  PARSED: 49
[22:49:10.108] TICK #219  avail=242  bytes=34780  ON=0  ps=0  pi=5
  RAW[242]: 56 00 02 0F C1 56 00 01 BE A8 56 00 02 1C DB 56 00 02 38 BB 56 00 02 08 63 56 00 FF B8 CE 56 00 FE 19 8F 56 00 FE 32 0F ...
  PARSED: 48
[22:49:10.132] TICK #220  avail=246  bytes=35022  ON=0  ps=1  pi=2
  RAW[246]: 01 0E E6 56 00 FD 43 B0 56 00 FC F4 75 56 00 FD 6F DA 56 00 FD C4 A1 56 00 00 2A 13 56 00 02 2F 2C 56 00 02 61 B4 56 00 ...
  PARSED: 49
[22:49:10.177] TICK #222  avail=244  bytes=35268  ON=0  ps=1  pi=3
  RAW[244]: BD 24 56 00 02 32 23 56 00 02 32 7C 56 00 01 2C 15 56 00 01 4A DA 56 00 01 55 B6 56 00 01 71 37 56 00 01 0A 3C 56 00 01 ...
  PARSED: 49
[22:49:10.200] TICK #223  avail=243  bytes=35512  ON=0  ps=1  pi=2
  RAW[243]: 01 FB 50 56 00 02 41 98 56 00 02 8C 65 56 00 02 89 61 56 00 02 52 3A 56 00 FE 5F 67 56 00 FD A6 90 56 00 FE 3D 7C 56 00 ...
  PARSED: 49
[22:49:10.225] TICK #224  avail=246  bytes=35755  ON=0  ps=0  pi=5
  RAW[246]: 56 00 FC F9 CA 56 00 FC F1 7D 56 00 FD 8C FD 56 00 FF 5C 11 56 00 01 DB EE 56 00 02 32 76 56 00 02 2F E4 56 00 01 E7 E4 ...
  PARSED: 49
[22:49:10.268] TICK #226  avail=244  bytes=36001  ON=0  ps=1  pi=1
  RAW[244]: 00 01 95 FE 56 00 01 42 3C 56 00 01 57 FA 56 00 01 42 1B 56 00 01 43 27 56 00 01 02 E4 56 00 00 8C 41 56 00 00 9E 17 56 ...
  PARSED: 49
[22:49:10.290] TICK #227  avail=240  bytes=36245  ON=0  ps=0  pi=5
  RAW[240]: 56 00 02 1E FC 56 00 01 B8 77 56 00 00 E7 92 56 00 FD BD 09 56 00 FE 2B 22 56 00 FE 38 5E 56 00 FE 92 27 56 00 01 0C DF ...
  PARSED: 48
[22:49:10.336] TICK #229  avail=245  bytes=36485  ON=0  ps=0  pi=5
  RAW[245]: 56 00 FD 7A 2B 56 00 FE 35 08 56 00 FE 79 C7 56 00 01 91 2A 56 00 01 DF 8D 56 00 02 33 51 56 00 02 55 6F 56 00 01 E8 86 ...
  PARSED: 49
[22:49:10.359] TICK #230  avail=242  bytes=36730  ON=0  ps=0  pi=5
  RAW[242]: 56 00 01 CD 1F 56 00 01 7F 8D 56 00 01 28 40 56 00 00 F5 3D 56 00 00 DA B0 56 00 00 AF 1D 56 00 00 D3 12 56 00 FF 7B DE ...
  PARSED: 48
[22:49:10.403] TICK #232  avail=244  bytes=36972  ON=0  ps=1  pi=2
  RAW[244]: 01 D8 D7 56 00 01 F5 4E 56 00 01 D8 B3 56 00 FE AF F7 56 00 FD CD 68 56 00 FE 35 F8 56 00 FE 82 2C 56 00 00 2B 5D 56 00 ...
  PARSED: 49
[22:49:10.425] TICK #233  avail=242  bytes=37216  ON=0  ps=1  pi=1
  RAW[242]: 00 FD DE 2C 56 00 FE 0B 37 56 00 00 D6 00 56 00 01 B7 D4 56 00 01 EA C6 56 00 02 2F F5 56 00 02 3A 15 56 00 01 FF 6F 56 ...
  PARSED: 48
[22:49:10.468] TICK #235  avail=242  bytes=37458  ON=0  ps=1  pi=3
  RAW[242]: 87 CA 56 00 01 41 2B 56 00 01 67 38 56 00 01 5F 53 56 00 01 59 A4 56 00 00 C9 35 56 00 01 06 13 56 00 00 4E 13 56 00 FC ...
  PARSED: 49
[22:49:10.493] TICK #236  avail=243  bytes=37700  ON=0  ps=0  pi=5
  RAW[243]: 56 00 01 C3 32 56 00 01 C0 3E 56 00 FF 4C 20 56 00 FD BB FA 56 00 FE 6E 99 56 00 FE 8E 05 56 00 FF A5 BE 56 00 01 C4 A5 ...
  PARSED: 48
[22:49:10.536] TICK #238  avail=244  bytes=37943  ON=0  ps=1  pi=3
  RAW[244]: 99 A5 56 00 FE 08 6E 56 00 00 11 8B 56 00 01 E7 7E 56 00 01 BF AF 56 00 01 BF 49 56 00 01 D1 37 56 00 01 F5 06 56 00 01 ...
  PARSED: 49
[22:49:10.560] TICK #239  avail=243  bytes=38187  ON=0  ps=1  pi=2
  RAW[243]: 01 5C F8 56 00 01 58 BE 56 00 01 36 2A 56 00 00 F8 78 56 00 00 73 D1 56 00 00 52 AD 56 00 00 92 6F 56 00 FC FA 96 56 00 ...
  PARSED: 49
[22:49:10.604] TICK #241  avail=245  bytes=38430  ON=0  ps=0  pi=5
  RAW[245]: 56 00 01 C6 A4 56 00 00 2C F2 56 00 FD 7A C6 56 00 FE 31 82 56 00 FE 81 9F 56 00 FE FF F2 56 00 01 3E F3 56 00 01 E4 BE ...
  PARSED: 49
[22:49:10.626] TICK #242  avail=243  bytes=38675  ON=0  ps=0  pi=5
  RAW[243]: 56 00 FF 2E 57 56 00 01 C5 92 56 00 02 39 C5 56 00 02 1F F4 56 00 02 22 AE 56 00 02 07 31 56 00 01 D6 7F 56 00 02 19 30 ...
  PARSED: 48
[22:49:10.669] TICK #244  avail=242  bytes=38918  ON=0  ps=1  pi=3
  RAW[242]: A9 04 56 00 01 7B 14 56 00 01 42 04 56 00 00 EF 21 56 00 00 B9 96 56 00 00 AB 05 56 00 FD B2 F4 56 00 FC FF 17 56 00 FD ...
  PARSED: 49
[22:49:10.693] TICK #245  avail=242  bytes=39160  ON=0  ps=0  pi=5
  RAW[242]: 56 00 00 A7 48 56 00 FD A0 B7 56 00 FD E6 7D 56 00 FE 4B C9 56 00 FE C7 DE 56 00 01 34 70 56 00 01 DF 53 56 00 01 D3 40 ...
  PARSED: 48
[22:49:10.737] TICK #247  avail=242  bytes=39402  ON=0  ps=1  pi=2
  RAW[242]: FE 81 B2 56 00 01 97 E5 56 00 01 DC 40 56 00 01 BF 6D 56 00 02 37 06 56 00 01 FE 65 56 00 01 E7 02 56 00 01 D3 00 56 00 ...
  PARSED: 48
[22:49:10.759] TICK #248  avail=241  bytes=39644  ON=0  ps=1  pi=4
  RAW[241]: AF 56 00 01 71 EB 56 00 01 37 4F 56 00 00 B7 44 56 00 00 51 CE 56 00 00 DA 60 56 00 FE FE 86 56 00 FC BC 46 56 00 FD 68 ...
  PARSED: 49
[22:49:10.802] TICK #250  avail=242  bytes=39885  ON=0  ps=0  pi=5
  RAW[242]: 56 00 01 83 D0 56 00 FD FE 6D 56 00 FE 18 5F 56 00 FE AB 01 56 00 FE BE F7 56 00 00 5A 5D 56 00 02 2B 16 56 00 01 F4 7F ...
  PARSED: 48
[22:49:10.826] TICK #251  avail=248  bytes=40127  ON=0  ps=1  pi=2
  RAW[248]: FE 37 84 56 00 00 C7 C7 56 00 01 A0 64 56 00 01 9B B9 56 00 02 2B 83 56 00 02 4E 5A 56 00 01 D3 70 56 00 01 DB C1 56 00 ...
[22:49:10.828] HEARTBEAT bytes=40375
  PARSED: 49
[22:49:10.871] TICK #253  avail=241  bytes=40375  ON=0  ps=0  pi=5
  RAW[241]: 56 00 01 5F C4 56 00 01 46 C5 56 00 01 30 2E 56 00 00 CF 44 56 00 00 E0 E7 56 00 FF BB D9 56 00 FC AE 84 56 00 FD 2C BC ...
  PARSED: 48
[22:49:10.894] TICK #254  avail=241  bytes=40616  ON=0  ps=1  pi=1
  RAW[241]: 00 01 CE 71 56 00 FE A4 F9 56 00 FD 4F 5C 56 00 FE 06 08 56 00 FE 16 67 56 00 FF 0C 0C 56 00 01 C0 E4 56 00 01 8D 27 56 ...
  PARSED: 48
[22:49:10.938] TICK #256  avail=243  bytes=40857  ON=0  ps=1  pi=2
  RAW[243]: FE 00 52 56 00 FF CB 92 56 00 01 E9 8C 56 00 02 29 E7 56 00 02 46 BC 56 00 02 11 A2 56 00 02 17 04 56 00 01 CE B3 56 00 ...
  PARSED: 49
[22:49:10.961] TICK #257  avail=243  bytes=41100  ON=0  ps=0  pi=5
  RAW[243]: 56 00 01 5E A2 56 00 01 8D 16 56 00 01 89 BC 56 00 00 C7 8F 56 00 00 55 2E 56 00 00 52 1A 56 00 FD 31 16 56 00 FC FE EB ...
  PARSED: 48
[22:49:11.004] TICK #259  avail=242  bytes=41343  ON=0  ps=1  pi=3
  RAW[242]: B1 4A 56 00 FF FA 39 56 00 FD 93 C6 56 00 FD EF 38 56 00 FE 42 50 56 00 FF 1C DD 56 00 01 AC 33 56 00 01 F2 58 56 00 01 ...
  PARSED: 49
[22:49:11.027] TICK #260  avail=240  bytes=41585  ON=0  ps=0  pi=5
  RAW[240]: 56 00 FF 55 B5 56 00 02 2C 27 56 00 02 2C 29 56 00 02 84 67 56 00 02 4B F6 56 00 01 E9 70 56 00 01 C9 4B 56 00 02 2A 76 ...
  PARSED: 48
[22:49:11.072] TICK #262  avail=241  bytes=41825  ON=0  ps=0  pi=5
  RAW[241]: 56 00 01 94 09 56 00 01 C3 E3 56 00 01 3E F4 56 00 01 2E DB 56 00 00 83 15 56 00 00 C3 7F 56 00 FD C3 4F 56 00 FD 41 65 ...
  PARSED: 48
[22:49:11.094] TICK #263  avail=244  bytes=42066  ON=0  ps=1  pi=1
  RAW[244]: 00 02 4B 7B 56 00 01 16 EA 56 00 FE 05 1F 56 00 FE 58 B2 56 00 FE AA 8A 56 00 FE FD A1 56 00 01 2C 3E 56 00 02 70 3B 56 ...
  PARSED: 49
[22:49:11.138] TICK #265  avail=240  bytes=42310  ON=0  ps=0  pi=5
  RAW[240]: 56 00 FE C3 6E 56 00 01 C9 87 56 00 02 5B A8 56 00 02 64 6F 56 00 02 A6 5F 56 00 02 A7 91 56 00 02 37 95 56 00 02 2E D5 ...
  PARSED: 48
[22:49:11.160] TICK #266  avail=249  bytes=42550  ON=0  ps=0  pi=5
  RAW[249]: 56 00 01 BD 58 56 00 01 94 B2 56 00 01 C0 83 56 00 01 5D 72 56 00 01 43 65 56 00 00 E7 4A 56 00 FF 54 26 56 00 FC D5 6C ...
  PARSED: 49
[22:49:11.205] TICK #268  avail=241  bytes=42799  ON=0  ps=1  pi=4
  RAW[241]: F3 56 00 FE 63 8F 56 00 FD A9 1D 56 00 FE 6D 0C 56 00 FE A5 8B 56 00 00 D8 F3 56 00 01 EE 4F 56 00 01 B0 B5 56 00 01 EA ...
  PARSED: 49
[22:49:11.227] TICK #269  avail=243  bytes=43040  ON=0  ps=0  pi=5
  RAW[243]: 56 00 01 3C 7E 56 00 01 FC 15 56 00 02 15 75 56 00 02 7B D6 56 00 02 60 71 56 00 02 16 B6 56 00 01 E0 FD 56 00 02 1C 48 ...
  PARSED: 48
[22:49:11.270] TICK #271  avail=242  bytes=43283  ON=0  ps=1  pi=3
  RAW[242]: 85 EA 56 00 01 2E B1 56 00 01 5F 87 56 00 00 C0 28 56 00 00 BD 89 56 00 00 4E 28 56 00 FC B8 ED 56 00 FD 0B 7E 56 00 FD ...
  PARSED: 49
[22:49:11.294] TICK #272  avail=243  bytes=43525  ON=0  ps=0  pi=5
  RAW[243]: 56 00 FF A8 50 56 00 FD BD B1 56 00 FE 13 E1 56 00 FE A7 FB 56 00 FF CD 7D 56 00 02 10 16 56 00 01 FC 82 56 00 01 8A 4E ...
  PARSED: 48
[22:49:11.338] TICK #274  avail=242  bytes=43768  ON=0  ps=1  pi=3
  RAW[242]: 34 5B 56 00 01 ED 42 56 00 01 DC 36 56 00 02 42 7F 56 00 02 35 A4 56 00 02 42 38 56 00 02 44 A7 56 00 02 57 EE 56 00 02 ...
  PARSED: 49
[22:49:11.361] TICK #275  avail=241  bytes=44010  ON=0  ps=0  pi=5
  RAW[241]: 56 00 01 37 5F 56 00 01 A6 85 56 00 01 1F 7E 56 00 00 B6 93 56 00 00 6A 14 56 00 FC EE 42 56 00 FC FF B7 56 00 FD D3 74 ...
  PARSED: 48
[22:49:11.406] TICK #277  avail=242  bytes=44251  ON=0  ps=1  pi=1
  RAW[242]: 00 00 5F 1F 56 00 FD C5 4B 56 00 FE 6E 77 56 00 FE A1 C1 56 00 FF 48 40 56 00 01 F6 F5 56 00 02 6B 2F 56 00 01 E5 1D 56 ...
  PARSED: 48
[22:49:11.429] TICK #278  avail=242  bytes=44493  ON=0  ps=1  pi=3
  RAW[242]: C9 C9 56 00 02 86 03 56 00 02 3F 13 56 00 02 98 25 56 00 02 CC 53 56 00 02 28 D2 56 00 01 E9 83 56 00 02 4E 8B 56 00 02 ...
  PARSED: 49
[22:49:11.473] TICK #280  avail=245  bytes=44735  ON=0  ps=0  pi=5
  RAW[245]: 56 00 01 9A 61 56 00 01 A1 F0 56 00 01 2A C9 56 00 01 13 4B 56 00 01 08 40 56 00 FD 93 1A 56 00 FC BB 94 56 00 FD 60 FD ...
  PARSED: 49
[22:49:11.496] TICK #281  avail=242  bytes=44980  ON=0  ps=0  pi=5
  RAW[242]: 56 00 FD 7D E8 56 00 FD BA 87 56 00 FE 30 63 56 00 FE D1 D2 56 00 01 33 BC 56 00 02 31 36 56 00 01 E7 05 56 00 01 A1 04 ...
  PARSED: 48
[22:49:11.539] TICK #283  avail=242  bytes=45222  ON=0  ps=1  pi=2
  RAW[242]: 01 EF 0D 56 00 02 44 76 56 00 02 60 E0 56 00 02 44 A7 56 00 02 16 AD 56 00 02 21 58 56 00 02 3D 28 56 00 02 3D 50 56 00 ...
  PARSED: 48
[22:49:11.561] TICK #284  avail=241  bytes=45464  ON=0  ps=1  pi=4
  RAW[241]: 90 56 00 01 6D 43 56 00 01 4D EA 56 00 00 BB 90 56 00 00 BE 9E 56 00 FE 28 96 56 00 FC 8F B3 56 00 FD 61 AA 56 00 FE 26 ...
  PARSED: 49
[22:49:11.606] TICK #286  avail=242  bytes=45705  ON=0  ps=0  pi=5
  RAW[242]: 56 00 FD A0 90 56 00 FD AF 5E 56 00 FE 5C 78 56 00 FE AA 23 56 00 00 5F A5 56 00 02 27 BB 56 00 01 D5 4F 56 00 01 F4 51 ...
  PARSED: 48
[22:49:11.628] TICK #287  avail=243  bytes=45947  ON=0  ps=1  pi=2
  RAW[243]: 01 44 9B 56 00 02 63 5C 56 00 02 39 48 56 00 02 50 1E 56 00 02 28 B9 56 00 02 1B 29 56 00 02 14 A8 56 00 02 4A C4 56 00 ...
  PARSED: 49
[22:49:11.671] TICK #289  avail=240  bytes=46190  ON=0  ps=0  pi=5
  RAW[240]: 56 00 00 E3 88 56 00 01 20 7D 56 00 00 53 C5 56 00 FF F3 EE 56 00 FE D5 30 56 00 FC 49 60 56 00 FC D4 19 56 00 FD 5A 69 ...
  PARSED: 48
[22:49:11.695] TICK #290  avail=242  bytes=46430  ON=0  ps=0  pi=5
  RAW[242]: 56 00 FE 32 F2 56 00 FD 16 F8 56 00 FD D9 0B 56 00 FE 09 EA 56 00 FF 63 3E 56 00 01 EC E8 56 00 01 C2 46 56 00 01 A3 61 ...
  PARSED: 48
[22:49:11.737] TICK #292  avail=243  bytes=46672  ON=0  ps=1  pi=2
  RAW[243]: FF D7 AB 56 00 01 F0 7F 56 00 02 2F 71 56 00 02 38 22 56 00 02 08 AD 56 00 01 EE 4C 56 00 01 C3 CB 56 00 01 BC 54 56 00 ...
  PARSED: 49
[22:49:11.759] TICK #293  avail=243  bytes=46915  ON=0  ps=0  pi=5
  RAW[243]: 56 00 01 13 E0 56 00 01 7B 38 56 00 00 CA 48 56 00 00 C5 A0 56 00 00 0E 08 56 00 FC 75 79 56 00 FC F1 FF 56 00 FD 60 4C ...
  PARSED: 48
[22:49:11.802] TICK #295  avail=242  bytes=47158  ON=0  ps=1  pi=3
  RAW[242]: F4 25 56 00 FD 86 5B 56 00 FD DC 13 56 00 FE 68 47 56 00 FE ED DF 56 00 01 90 23 56 00 02 3A 7E 56 00 01 D6 DA 56 00 01 ...
  PARSED: 49
[22:49:11.826] TICK #296  avail=240  bytes=47400  ON=0  ps=0  pi=5
  RAW[240]: 56 00 01 F7 01 56 00 02 0F E2 56 00 02 21 F9 56 00 01 D2 6F 56 00 01 A3 14 56 00 01 D9 92 56 00 01 B5 6B 56 00 01 FA C9 ...
  PARSED: 48
[22:49:11.869] TICK #298  avail=241  bytes=47640  ON=0  ps=0  pi=5
  RAW[241]: 56 00 01 90 74 56 00 01 59 61 56 00 00 E2 AC 56 00 00 93 D3 56 00 00 AC 32 56 00 FD 10 37 56 00 FC A5 18 56 00 FD 24 C2 ...
  PARSED: 48
[22:49:11.891] TICK #299  avail=244  bytes=47881  ON=0  ps=1  pi=1
  RAW[244]: 00 00 18 08 56 00 FD 22 7E 56 00 FD A4 BF 56 00 FD E8 4A 56 00 FE 43 F3 56 00 00 CC B9 56 00 02 22 0F 56 00 01 F0 89 56 ...
  PARSED: 49
[22:49:11.913] TICK #300  avail=0  bytes=48125  ON=0  ps=0  pi=5
[22:49:11.934] TICK #301  avail=240  bytes=48125  ON=0  ps=0  pi=5
  RAW[240]: 56 00 01 94 BA 56 00 02 0F 41 56 00 02 17 B5 56 00 02 F4 4F 56 00 02 3E 47 56 00 02 0A A8 56 00 01 F9 71 56 00 02 13 C4 ...
  PARSED: 48
[22:49:11.958] TICK #302  avail=241  bytes=48365  ON=0  ps=0  pi=5
  RAW[241]: 56 00 01 F9 9B 56 00 01 78 27 56 00 01 76 2A 56 00 00 CB 11 56 00 00 D5 52 56 00 FE 5C 81 56 00 FC 6D A1 56 00 FD 19 38 ...
  PARSED: 48
[22:49:12.001] TICK #304  avail=241  bytes=48606  ON=0  ps=1  pi=1
  RAW[241]: 00 01 53 40 56 00 FD 7E AF 56 00 FD B4 A4 56 00 FE 2B 9A 56 00 FE 50 26 56 00 00 3D 51 56 00 02 35 4E 56 00 01 82 20 56 ...
  PARSED: 48
[22:49:12.044] TICK #306  avail=243  bytes=48847  ON=0  ps=1  pi=2
  RAW[243]: FE 01 98 56 00 01 0B D7 56 00 02 1B AF 56 00 02 30 C2 56 00 02 84 71 56 00 02 1C 46 56 00 02 3C 9F 56 00 01 FF 7A 56 00 ...
  PARSED: 49
[22:49:12.067] TICK #307  avail=241  bytes=49090  ON=0  ps=0  pi=5
  RAW[241]: 56 00 01 9D 86 56 00 01 82 51 56 00 01 96 26 56 00 01 00 0E 56 00 00 E3 98 56 00 FF 0F FF 56 00 FC A9 A0 56 00 FD 5F 9A ...
  PARSED: 48
[22:49:12.091] TICK #308  avail=241  bytes=49331  ON=0  ps=1  pi=1
  RAW[241]: 00 01 97 09 56 00 FE 3E D6 56 00 FD 45 4F 56 00 FD E0 49 56 00 FE 26 7F 56 00 FF A9 30 56 00 02 0D BE 56 00 02 24 48 56 ...
  PARSED: 48
[22:49:12.133] TICK #310  avail=242  bytes=49572  ON=0  ps=1  pi=2
  RAW[242]: FD E2 3C 56 00 00 71 2B 56 00 02 8F B8 56 00 02 50 4B 56 00 02 F7 EB 56 00 03 07 AF 56 00 02 4D 6F 56 00 01 EE 39 56 00 ...
  PARSED: 48
[22:49:12.176] TICK #312  avail=241  bytes=49814  ON=0  ps=1  pi=4
  RAW[241]: 00 56 00 01 9C A6 56 00 01 6A EC 56 00 01 5C 94 56 00 00 DC C8 56 00 00 CB F8 56 00 FF C8 DD 56 00 FC 9A 08 56 00 FD 04 ...
  PARSED: 49
[22:49:12.199] TICK #313  avail=243  bytes=50055  ON=0  ps=0  pi=5
  RAW[243]: 56 00 02 37 A5 56 00 FF 90 D7 56 00 FD 34 C7 56 00 FE 04 D6 56 00 FE 37 0B 56 00 FF 03 06 56 00 01 E9 59 56 00 02 2A EF ...
  PARSED: 48
[22:49:12.243] TICK #315  avail=246  bytes=50298  ON=0  ps=1  pi=3
  RAW[246]: 9C 7D 56 00 FF 82 9A 56 00 02 06 48 56 00 01 F9 9F 56 00 02 2C 09 56 00 02 AB BE 56 00 02 92 2E 56 00 02 1E 3B 56 00 02 ...
  PARSED: 49
[22:49:12.267] TICK #316  avail=241  bytes=50544  ON=0  ps=1  pi=4
  RAW[241]: A1 56 00 01 F7 41 56 00 01 57 48 56 00 00 F6 19 56 00 00 9F 7B 56 00 00 8D 30 56 00 FC DF 13 56 00 FC B3 29 56 00 FD 57 ...
  PARSED: 49
[22:49:12.311] TICK #318  avail=240  bytes=50785  ON=0  ps=0  pi=5
  RAW[240]: 56 00 00 B2 4B 56 00 FD 79 92 56 00 FD DA F7 56 00 FE 31 C6 56 00 FE B0 E4 56 00 01 4C 96 56 00 02 74 C5 56 00 01 DF D2 ...
  PARSED: 48
[22:49:12.334] TICK #319  avail=245  bytes=51025  ON=0  ps=0  pi=5
  RAW[245]: 56 00 FE B3 DC 56 00 01 CB 8C 56 00 01 F5 28 56 00 02 44 FB 56 00 02 8A 14 56 00 02 47 A6 56 00 02 02 01 56 00 02 00 FC ...
  PARSED: 49
[22:49:12.378] TICK #321  avail=242  bytes=51270  ON=0  ps=0  pi=5
  RAW[242]: 56 00 01 51 2E 56 00 01 41 FE 56 00 01 26 8B 56 00 00 AC 8B 56 00 00 88 18 56 00 FE 59 AA 56 00 FC 76 AB 56 00 FD 2C A7 ...
  PARSED: 48
[22:49:12.400] TICK #322  avail=242  bytes=51512  ON=0  ps=1  pi=2
  RAW[242]: 01 62 EE 56 00 FD CD 67 56 00 FD 84 FF 56 00 FD BD 6A 56 00 FE 23 87 56 00 00 86 A9 56 00 01 B9 F5 56 00 01 D1 D0 56 00 ...
  PARSED: 48
[22:49:12.444] TICK #324  avail=244  bytes=51754  ON=0  ps=1  pi=4
  RAW[244]: F1 56 00 01 4A 1A 56 00 02 25 56 56 00 02 A8 7F 56 00 02 BD 0D 56 00 02 38 5C 56 00 01 DE 98 56 00 01 F4 62 56 00 02 36 ...
  PARSED: 49
[22:49:12.467] TICK #325  avail=246  bytes=51998  ON=0  ps=1  pi=3
  RAW[246]: 8C 5B 56 00 01 84 91 56 00 01 77 80 56 00 00 D5 65 56 00 00 CE E5 56 00 FF 6D B3 56 00 FC C9 C6 56 00 FD 37 C5 56 00 FD ...
  PARSED: 49
[22:49:12.511] TICK #327  avail=241  bytes=52244  ON=0  ps=1  pi=4
  RAW[241]: E5 56 00 FD BB 24 56 00 FE 09 D9 56 00 FE 3B B6 56 00 FF C1 00 56 00 01 FA 82 56 00 02 0E 7B 56 00 01 9E 2C 56 00 01 6E ...
  PARSED: 49
[22:49:12.535] TICK #328  avail=240  bytes=52485  ON=0  ps=0  pi=5
  RAW[240]: 56 00 01 F8 43 56 00 02 55 1D 56 00 02 8A D1 56 00 02 27 EE 56 00 02 21 19 56 00 02 16 CC 56 00 02 4B BD 56 00 02 60 4B ...
  PARSED: 48
[22:49:12.558] TICK #329  avail=242  bytes=52725  ON=0  ps=0  pi=5
  RAW[242]: 56 00 01 C2 19 56 00 01 5E 04 56 00 01 09 4E 56 00 00 B0 73 56 00 00 70 A2 56 00 FC B8 02 56 00 FC C0 11 56 00 FD 6D F3 ...
  PARSED: 48
[22:49:12.602] TICK #331  avail=243  bytes=52967  ON=0  ps=1  pi=2
  RAW[243]: FF DA 28 56 00 FD 54 07 56 00 FD D8 D9 56 00 FE 5C 0E 56 00 FE F0 3B 56 00 01 CE D4 56 00 02 00 CB 56 00 01 BC 4C 56 00 ...
  PARSED: 49
[22:49:12.625] TICK #332  avail=245  bytes=53210  ON=0  ps=0  pi=5
  RAW[245]: 56 00 02 4A FF 56 00 02 40 80 56 00 02 5D 6A 56 00 02 8C 87 56 00 02 60 0E 56 00 02 12 2F 56 00 02 2A 9D 56 00 02 5C 74 ...
  PARSED: 49
[22:49:12.667] TICK #334  avail=240  bytes=53455  ON=0  ps=0  pi=5
  RAW[240]: 56 00 01 B1 3F 56 00 01 51 EB 56 00 00 DB 01 56 00 01 03 49 56 00 FD 53 6E 56 00 FC BC 26 56 00 FC FF 99 56 00 FD BF CF ...
  PARSED: 48
[22:49:12.711] TICK #336  avail=241  bytes=53695  ON=0  ps=0  pi=5
  RAW[241]: 56 00 FD 4D 94 56 00 FD E6 53 56 00 FE 07 BD 56 00 FE 93 69 56 00 00 D9 60 56 00 02 03 86 56 00 01 D4 3E 56 00 01 A8 9F ...
  PARSED: 48
[22:49:12.734] TICK #337  avail=242  bytes=53936  ON=0  ps=1  pi=1
  RAW[242]: 00 01 4F 35 56 00 01 99 58 56 00 01 EC 3E 56 00 02 61 AE 56 00 02 94 25 56 00 02 80 43 56 00 01 EC C0 56 00 02 1B C4 56 ...
  PARSED: 48
[22:49:12.758] TICK #338  avail=242  bytes=54178  ON=0  ps=1  pi=3
  RAW[242]: BF 99 56 00 01 41 68 56 00 01 4C 78 56 00 00 B2 79 56 00 00 D6 69 56 00 FE 4F CC 56 00 FC 2D 30 56 00 FD 0B 64 56 00 FD ...
  PARSED: 49
[22:49:12.801] TICK #340  avail=240  bytes=54420  ON=0  ps=0  pi=5
  RAW[240]: 56 00 FD 66 E9 56 00 FD 62 43 56 00 FE 08 CD 56 00 FE 1F FA 56 00 FF C4 0F 56 00 01 96 6A 56 00 01 8E AA 56 00 01 4C 71 ...
  PARSED: 48
[22:49:12.843] TICK #342  avail=241  bytes=54660  ON=0  ps=0  pi=5
  RAW[241]: 56 00 00 A6 73 56 00 02 5C F4 56 00 02 3E CB 56 00 02 71 87 56 00 02 36 46 56 00 02 72 45 56 00 01 F7 15 56 00 02 3E 84 ...
  PARSED: 48
[22:49:12.865] TICK #343  avail=242  bytes=54901  ON=0  ps=1  pi=1
  RAW[242]: 00 01 28 DB 56 00 01 59 E0 56 00 01 8A 38 56 00 00 9F 4E 56 00 00 8C 66 56 00 FF 81 26 56 00 FC 6C FE 56 00 FC B7 08 56 ...
  PARSED: 48
[22:49:12.909] TICK #345  avail=247  bytes=55143  ON=0  ps=1  pi=3
  RAW[247]: 0D F5 56 00 FE 95 63 56 00 FD 4C BD 56 00 FE 0D D5 56 00 FE 3E 0D 56 00 FF 3F 90 56 00 01 A3 04 56 00 01 88 93 56 00 01 ...
[22:49:12.911] HEARTBEAT bytes=55390
  PARSED: 49
[22:49:12.933] TICK #346  avail=239  bytes=55390  ON=0  ps=0  pi=5
  RAW[239]: 56 00 FF D3 9E 56 00 02 19 D5 56 00 02 33 7D 56 00 02 7D 27 56 00 02 56 CF 56 00 02 4F 9C 56 00 01 B5 CC 56 00 02 1C 08 ...
  PARSED: 47
[22:49:12.976] TICK #348  avail=242  bytes=55629  ON=0  ps=1  pi=4
  RAW[242]: 21 56 00 01 D9 9A 56 00 01 AA 2C 56 00 01 F3 9F 56 00 01 49 1B 56 00 00 EB C1 56 00 00 95 70 56 00 FC E1 A6 56 00 FC F6 ...
  PARSED: 49
[22:49:12.998] TICK #349  avail=241  bytes=55871  ON=0  ps=1  pi=1
  RAW[241]: 00 02 2D 95 56 00 00 CF A8 56 00 FD 89 7F 56 00 FE 02 A3 56 00 FE 2D 16 56 00 FE BE 2A 56 00 01 90 5C 56 00 02 12 DC 56 ...
  PARSED: 48
[22:49:13.020] TICK #350  avail=0  bytes=56112  ON=0  ps=1  pi=2
[22:49:13.041] TICK #351  avail=242  bytes=56112  ON=0  ps=1  pi=2
  RAW[242]: FD FB C0 56 00 FE C5 09 56 00 01 8F C4 56 00 02 09 28 56 00 02 60 61 56 00 02 AD E7 56 00 02 2E 36 56 00 01 E3 AC 56 00 ...
  PARSED: 48
[22:49:13.064] TICK #352  avail=241  bytes=56354  ON=0  ps=1  pi=4
  RAW[241]: EC 56 00 01 C6 93 56 00 01 B5 5C 56 00 01 73 38 56 00 01 24 7A 56 00 00 89 5C 56 00 00 A4 2F 56 00 FE 1C A5 56 00 FC 82 ...
  PARSED: 49
[22:49:13.109] TICK #354  avail=240  bytes=56595  ON=0  ps=0  pi=5
  RAW[240]: 56 00 01 E0 4F 56 00 01 0F 45 56 00 FD 67 BE 56 00 FD 40 4B 56 00 FD D2 CB 56 00 FE 2B C1 56 00 00 AC EF 56 00 01 5E B5 ...
  PARSED: 48
[22:49:13.131] TICK #355  avail=242  bytes=56835  ON=0  ps=0  pi=5
  RAW[242]: 56 00 FD 9E 54 56 00 FE 22 27 56 00 01 74 79 56 00 01 EB C5 56 00 01 D5 5C 56 00 02 26 FE 56 00 01 C2 F9 56 00 01 A9 91 ...
  PARSED: 48
[22:49:13.174] TICK #357  avail=242  bytes=57077  ON=0  ps=1  pi=2
  RAW[242]: 01 13 08 56 00 01 54 07 56 00 01 73 1F 56 00 01 58 0E 56 00 01 01 BD 56 00 00 7D 06 56 00 00 44 F7 56 00 FE FD 78 56 00 ...
  PARSED: 48
[22:49:13.197] TICK #358  avail=241  bytes=57319  ON=0  ps=1  pi=4
  RAW[241]: 6C 56 00 01 CC A9 56 00 01 BE B9 56 00 FE 10 1B 56 00 FD 67 E4 56 00 FE 0B 95 56 00 FE 54 5A 56 00 FF A5 CC 56 00 02 2F ...
  PARSED: 49
[22:49:13.242] TICK #360  avail=242  bytes=57560  ON=0  ps=0  pi=5
  RAW[242]: 56 00 FD 5D 99 56 00 FD B2 FB 56 00 00 3D 62 56 00 01 FD E0 56 00 01 DD 7F 56 00 01 EB F2 56 00 02 05 EC 56 00 01 DB 57 ...
  PARSED: 48
[22:49:13.264] TICK #361  avail=243  bytes=57802  ON=0  ps=1  pi=2
  RAW[243]: 01 30 AF 56 00 01 3C 28 56 00 01 58 05 56 00 01 6A F5 56 00 01 68 56 56 00 01 2F 9B 56 00 00 B9 16 56 00 00 44 24 56 00 ...
  PARSED: 49
[22:49:13.306] TICK #363  avail=241  bytes=58045  ON=0  ps=0  pi=5
  RAW[241]: 56 00 02 3D C0 56 00 01 A4 8D 56 00 FF 62 1C 56 00 FD 0B 4F 56 00 FD 81 E0 56 00 FD BA F1 56 00 FE CD A7 56 00 01 91 D8 ...
  PARSED: 48
[22:49:13.329] TICK #364  avail=241  bytes=58286  ON=0  ps=1  pi=1
  RAW[241]: 00 FD C3 F7 56 00 FD F3 6E 56 00 FF 5D E2 56 00 01 EF D1 56 00 01 F7 2E 56 00 02 16 4C 56 00 02 4A 54 56 00 02 7E 06 56 ...
  PARSED: 48
[22:49:13.372] TICK #366  avail=246  bytes=58527  ON=0  ps=1  pi=2
  RAW[246]: 01 43 45 56 00 01 5A 9E 56 00 01 A0 35 56 00 01 59 87 56 00 01 60 EB 56 00 00 D6 7E 56 00 00 23 82 56 00 00 07 D4 56 00 ...
  PARSED: 49
[22:49:13.394] TICK #367  avail=244  bytes=58773  ON=0  ps=1  pi=3
  RAW[244]: 54 C8 56 00 01 C4 3A 56 00 FD EF CC 56 00 FD 35 2A 56 00 FE 33 7F 56 00 FE B5 B3 56 00 FE A9 B2 56 00 00 59 DD 56 00 01 ...
  PARSED: 49
[22:49:13.436] TICK #369  avail=239  bytes=59017  ON=0  ps=1  pi=2
  RAW[239]: FE 08 14 56 00 FE 6D C6 56 00 01 F4 30 56 00 02 39 07 56 00 02 3A EA 56 00 02 39 65 56 00 02 08 BD 56 00 01 E4 D7 56 00 ...
  PARSED: 48
[22:49:13.459] TICK #370  avail=248  bytes=59256  ON=0  ps=1  pi=1
  RAW[248]: 00 01 4E 53 56 00 01 35 B9 56 00 01 49 22 56 00 01 62 63 56 00 00 C1 C8 56 00 00 3A 63 56 00 00 40 F1 56 00 FC E0 1E 56 ...
  PARSED: 49
[22:49:13.503] TICK #372  avail=240  bytes=59504  ON=0  ps=1  pi=4
  RAW[240]: EA 56 00 01 07 3E 56 00 FD B1 18 56 00 FD C8 48 56 00 FE 26 5D 56 00 FE 6A A8 56 00 00 A3 81 56 00 01 F8 70 56 00 01 8D ...
  PARSED: 48
[22:49:13.526] TICK #373  avail=246  bytes=59744  ON=0  ps=1  pi=4
  RAW[246]: 31 56 00 FE 25 F9 56 00 01 5B 8D 56 00 01 CC 8F 56 00 02 08 17 56 00 02 5C D2 56 00 02 65 DC 56 00 02 46 DF 56 00 01 FB ...
  PARSED: 50
[22:49:13.569] TICK #375  avail=240  bytes=59990  ON=0  ps=0  pi=5
  RAW[240]: 56 00 00 E2 4D 56 00 01 50 F2 56 00 01 50 7D 56 00 00 77 AE 56 00 00 6E 1E 56 00 FE 0F D2 56 00 FC 09 D7 56 00 FC BA 77 ...
  PARSED: 48
[22:49:13.591] TICK #376  avail=245  bytes=60230  ON=0  ps=0  pi=5
  RAW[245]: 56 00 01 81 A5 56 00 FD F3 68 56 00 FD 5D E9 56 00 FD EC DA 56 00 FE 24 0C 56 00 FF B4 19 56 00 01 BA 3C 56 00 01 89 DF ...
  PARSED: 49
[22:49:13.635] TICK #378  avail=240  bytes=60475  ON=0  ps=0  pi=5
  RAW[240]: 56 00 00 EC 2A 56 00 01 B8 66 56 00 01 BC 15 56 00 02 37 0E 56 00 02 4E 23 56 00 01 E3 BC 56 00 01 8E 90 56 00 01 B4 D4 ...
  PARSED: 48
[22:49:13.657] TICK #379  avail=244  bytes=60715  ON=0  ps=0  pi=5
  RAW[244]: 56 00 01 60 F3 56 00 01 24 6C 56 00 01 33 4B 56 00 00 D2 A9 56 00 00 A8 FD 56 00 FF CE 9D 56 00 FC 7A 8B 56 00 FC AE FE ...
  PARSED: 48
[22:49:13.699] TICK #381  avail=241  bytes=60959  ON=0  ps=1  pi=4
  RAW[241]: F7 56 00 FF 19 35 56 00 FD 57 79 56 00 FE 21 DE 56 00 FE 5F 13 56 00 FE FB EB 56 00 01 5C CA 56 00 01 93 2C 56 00 01 A7 ...
  PARSED: 49
[22:49:13.742] TICK #383  avail=240  bytes=61200  ON=0  ps=0  pi=5
  RAW[240]: 56 00 FF 82 27 56 00 01 EB 91 56 00 02 1E 94 56 00 02 44 08 56 00 02 1C BD 56 00 01 E1 B6 56 00 01 C7 48 56 00 02 09 D3 ...
  PARSED: 48
[22:49:13.764] TICK #384  avail=240  bytes=61440  ON=0  ps=0  pi=5
  RAW[240]: 56 00 01 7A 5F 56 00 01 7D AD 56 00 01 54 1A 56 00 00 C6 2D 56 00 00 AE 5D 56 00 00 43 26 56 00 FC E4 C7 56 00 FC F8 89 ...
  PARSED: 48
[22:49:13.807] TICK #386  avail=240  bytes=61680  ON=0  ps=0  pi=5
  RAW[240]: 56 00 02 1B C5 56 00 FF 67 B9 56 00 FD D9 9A 56 00 FE 5D 77 56 00 FE 97 63 56 00 FE 84 2D 56 00 00 CA AE 56 00 02 64 8A ...
  PARSED: 48
[22:49:13.829] TICK #387  avail=241  bytes=61920  ON=0  ps=0  pi=5
  RAW[241]: 56 00 FE 0E C5 56 00 FD D8 87 56 00 01 4B E8 56 00 01 D8 CF 56 00 02 11 DA 56 00 01 F0 35 56 00 01 EA 1E 56 00 01 F1 7D ...
  PARSED: 48
[22:49:13.873] TICK #389  avail=242  bytes=62161  ON=0  ps=1  pi=1
  RAW[242]: 00 01 7D C3 56 00 01 13 44 56 00 01 3A 83 56 00 01 15 9D 56 00 01 08 61 56 00 00 C0 A8 56 00 00 E3 82 56 00 FD 92 EC 56 ...
  PARSED: 48
[22:49:13.895] TICK #390  avail=242  bytes=62403  ON=0  ps=1  pi=3
  RAW[242]: 30 52 56 00 01 DD 9C 56 00 01 3D 8A 56 00 FD 78 13 56 00 FD 97 4B 56 00 FE 2E EA 56 00 FE 47 3A 56 00 00 37 53 56 00 01 ...
  PARSED: 49
[22:49:13.939] TICK #392  avail=239  bytes=62645  ON=0  ps=0  pi=5
  RAW[239]: 56 00 FD 2D 56 56 00 FD C4 86 56 00 00 8D 71 56 00 01 39 67 56 00 01 A0 66 56 00 01 F0 47 56 00 01 89 8B 56 00 01 8D 2D ...
  PARSED: 47
[22:49:13.961] TICK #393  avail=242  bytes=62884  ON=0  ps=1  pi=4
  RAW[242]: BE 56 00 00 DD 93 56 00 00 F3 42 56 00 01 35 B9 56 00 00 F0 C8 56 00 00 F8 C1 56 00 00 28 48 56 00 00 7E 23 56 00 FF 13 ...
  PARSED: 49
[22:49:14.004] TICK #395  avail=242  bytes=63126  ON=0  ps=1  pi=1
  RAW[242]: 00 02 37 EB 56 00 02 0F D3 56 00 01 7B E2 56 00 FE 05 D1 56 00 FD 5C 51 56 00 FE 0A 79 56 00 FE 17 67 56 00 FF 46 02 56 ...
  PARSED: 48
[22:49:14.026] TICK #396  avail=242  bytes=63368  ON=0  ps=1  pi=3
  RAW[242]: FD 4B 56 00 FD 90 8B 56 00 FD FC 6A 56 00 FF A2 13 56 00 02 10 C1 56 00 01 8F 1E 56 00 01 79 A0 56 00 01 E0 84 56 00 01 ...
  PARSED: 49
[22:49:14.069] TICK #398  avail=240  bytes=63610  ON=0  ps=0  pi=5
  RAW[240]: 56 00 01 EB 6B 56 00 02 01 C9 56 00 01 4C F5 56 00 01 44 5A 56 00 01 33 BC 56 00 00 27 EF 56 00 00 07 DD 56 00 FD AE 5B ...
  PARSED: 48
[22:49:14.091] TICK #399  avail=241  bytes=63850  ON=0  ps=0  pi=5
  RAW[241]: 56 00 01 FC F5 56 00 01 F0 0E 56 00 01 60 FC 56 00 FE 50 AC 56 00 FD A8 DA 56 00 FE 57 E9 56 00 FE 5D 0C 56 00 FE 66 2B ...
  PARSED: 48
[22:49:14.113] TICK #400  avail=0  bytes=64091  ON=0  ps=1  pi=1
[22:49:14.135] TICK #401  avail=242  bytes=64091  ON=0  ps=1  pi=1
  RAW[242]: 00 FC A1 2F 56 00 FD 58 19 56 00 FD D4 DE 56 00 FE 3A BE 56 00 01 36 98 56 00 01 D4 40 56 00 01 E7 E5 56 00 01 F6 48 56 ...
  PARSED: 48
[22:49:14.177] TICK #402  avail=239  bytes=64333  ON=0  ps=1  pi=3
  RAW[239]: F9 EA 56 00 01 8D 5B 56 00 01 9A B2 56 00 01 7A 65 56 00 01 2A FB 56 00 00 FF D7 56 00 00 83 E1 56 00 00 2F 04 56 00 FF ...
  PARSED: 48
[22:49:14.234] TICK #403  avail=488  bytes=64572  ON=0  ps=1  pi=2
  RAW[400]: 02 10 A2 56 00 02 1F 8E 56 00 01 E5 0C 56 00 01 9C C0 56 00 00 66 B7 56 00 FD A3 43 56 00 FE 32 1A 56 00 FE 77 77 56 00 ...
  PARSED: 80
[22:49:14.258] TICK #404  avail=323  bytes=64972  ON=0  ps=1  pi=2
  RAW[323]: FD C8 AF 56 00 FE 26 C1 56 00 01 86 65 56 00 02 0C 35 56 00 02 14 04 56 00 02 53 FD 56 00 01 FF 63 56 00 01 B8 CF 56 00 ...
  PARSED: 65
[22:49:14.302] TICK #406  avail=245  bytes=65295  ON=0  ps=0  pi=5
  RAW[245]: 56 00 01 DB DE 56 00 01 8C 1B 56 00 02 23 BF 56 00 01 E7 B0 56 00 01 25 AB 56 00 FD D2 74 56 00 FD C8 77 56 00 FE 26 86 ...
  PARSED: 49
[22:49:14.326] TICK #407  avail=240  bytes=65540  ON=0  ps=0  pi=5
  RAW[240]: 56 00 FC C7 CC 56 00 FD 15 E4 56 00 FD 9F B6 56 00 FD D9 B8 56 00 00 90 F7 56 00 01 E1 AF 56 00 01 E0 DC 56 00 02 04 2F ...
  PARSED: 48
[22:49:14.371] TICK #409  avail=241  bytes=65780  ON=0  ps=0  pi=5
  RAW[241]: 56 00 01 C0 E5 56 00 01 F5 55 56 00 01 7A 85 56 00 01 7E EA 56 00 01 41 1B 56 00 01 39 53 56 00 01 14 24 56 00 00 AD 19 ...
  PARSED: 48
[22:49:14.394] TICK #410  avail=239  bytes=66021  ON=0  ps=1  pi=1
  RAW[239]: 00 01 A6 B6 56 00 01 C6 9A 56 00 01 F5 08 56 00 02 01 63 56 00 01 7D 55 56 00 FF 4F 05 56 00 FD B4 95 56 00 FE 0A 2F 56 ...
  PARSED: 48
[22:49:14.447] TICK #412  avail=245  bytes=66260  ON=0  ps=0  pi=5
  RAW[245]: 56 00 00 30 4C 56 00 FC A0 3E 56 00 FC FB 8C 56 00 FD 75 55 56 00 FE 3E B1 56 00 FF 9E C4 56 00 01 F8 62 56 00 02 1B 9C ...
  PARSED: 49
[22:49:14.470] TICK #413  avail=239  bytes=66505  ON=0  ps=0  pi=5
  RAW[239]: 56 00 01 02 1C 56 00 02 0B A0 56 00 01 96 B1 56 00 01 72 E4 56 00 01 92 7C 56 00 01 27 18 56 00 01 21 DB 56 00 00 CC 49 ...
  PARSED: 47
[22:49:14.492] TICK #414  avail=246  bytes=66744  ON=0  ps=1  pi=4
  RAW[246]: 0D 56 00 01 B2 18 56 00 01 CF 50 56 00 01 9A EC 56 00 01 CA 4D 56 00 01 7A 50 56 00 FF E1 87 56 00 FD 0A 82 56 00 FD 8C ...
  PARSED: 50
[22:49:14.535] TICK #416  avail=240  bytes=66990  ON=0  ps=0  pi=5
  RAW[240]: 56 00 FC F3 36 56 00 FC C4 15 56 00 FD 7C 7C 56 00 FD E3 15 56 00 FE 87 12 56 00 01 7F F5 56 00 02 04 9F 56 00 02 29 51 ...
  PARSED: 48
[22:49:14.557] TICK #417  avail=241  bytes=67230  ON=0  ps=0  pi=5
  RAW[241]: 56 00 FF DA 75 56 00 02 23 F6 56 00 01 DA 6F 56 00 01 5C 2F 56 00 01 26 B3 56 00 01 03 79 56 00 01 05 DF 56 00 00 A7 5C ...
  PARSED: 48
[22:49:14.601] TICK #419  avail=249  bytes=67471  ON=0  ps=1  pi=1
  RAW[249]: 00 01 DF 51 56 00 01 C4 C7 56 00 01 D2 89 56 00 01 EB 72 56 00 01 75 3F 56 00 00 05 4A 56 00 FD 4D AB 56 00 FD C2 53 56 ...
  PARSED: 50
[22:49:14.624] TICK #420  avail=241  bytes=67720  ON=0  ps=0  pi=5
  RAW[241]: 56 00 FC B6 5C 56 00 FD 86 61 56 00 FD BD ED 56 00 FE 47 C3 56 00 01 0F 84 56 00 01 B3 A2 56 00 01 C0 EA 56 00 02 1C 91 ...
  PARSED: 48
[22:49:14.667] TICK #422  avail=244  bytes=67961  ON=0  ps=1  pi=1
  RAW[244]: 00 01 DA E0 56 00 01 CC D8 56 00 01 40 F0 56 00 01 5F E6 56 00 01 38 17 56 00 01 1B 87 56 00 00 CC 77 56 00 FF F4 D3 56 ...
  PARSED: 49
[22:49:14.689] TICK #423  avail=240  bytes=68205  ON=0  ps=0  pi=5
  RAW[240]: 56 00 01 FA 26 56 00 02 B8 CE 56 00 02 64 1B 56 00 00 00 A8 56 00 FD 1F 8E 56 00 FD B0 A2 56 00 FD F8 80 56 00 FE 8B CC ...
  PARSED: 48
[22:49:14.733] TICK #425  avail=241  bytes=68445  ON=0  ps=0  pi=5
  RAW[241]: 56 00 FC 7D 2F 56 00 FD 36 3D 56 00 FD CF 50 56 00 FD AE 67 56 00 FF 09 32 56 00 02 1D F4 56 00 02 0F 7C 56 00 02 11 7E ...
  PARSED: 48
[22:49:14.754] TICK #426  avail=244  bytes=68686  ON=0  ps=1  pi=1
  RAW[244]: 00 00 FB 9A 56 00 01 E2 8D 56 00 01 F9 7F 56 00 01 55 CC 56 00 01 42 47 56 00 01 23 D7 56 00 00 9D 31 56 00 00 58 FF 56 ...
  PARSED: 49
[22:49:14.797] TICK #428  avail=240  bytes=68930  ON=0  ps=0  pi=5
  RAW[240]: 56 00 01 D7 A5 56 00 02 12 B1 56 00 02 08 B2 56 00 01 A9 A0 56 00 FE 24 EA 56 00 FD CD EE 56 00 FE 26 08 56 00 FE 56 C4 ...
  PARSED: 48
[22:49:14.840] TICK #430  avail=241  bytes=69170  ON=0  ps=0  pi=5
  RAW[241]: 56 00 FC D4 5F 56 00 FD 35 87 56 00 FD C6 5F 56 00 FE 24 5A 56 00 FE EA C6 56 00 01 96 4B 56 00 01 C9 64 56 00 01 EA CB ...
  PARSED: 48
[22:49:14.863] TICK #431  avail=246  bytes=69411  ON=0  ps=1  pi=1
  RAW[246]: 00 00 FE 33 56 00 02 B2 C0 56 00 01 BE ED 56 00 01 14 8E 56 00 01 5B 43 56 00 01 44 9A 56 00 01 02 78 56 00 00 E7 CD 56 ...
  PARSED: 49
[22:49:14.906] TICK #433  avail=248  bytes=69657  ON=0  ps=1  pi=2
  RAW[248]: 01 9B 9F 56 00 01 C0 4C 56 00 02 40 5F 56 00 01 8C 5B 56 00 FE 79 7D 56 00 FD 76 0A 56 00 FE 01 B0 56 00 FE 1E 86 56 00 ...
  PARSED: 50
[22:49:14.928] TICK #434  avail=240  bytes=69905  ON=0  ps=0  pi=5
  RAW[240]: 56 00 FD 98 CA 56 00 FD E3 F0 56 00 FD DB 90 56 00 00 D5 93 56 00 01 E3 A0 56 00 02 38 82 56 00 02 20 F3 56 00 02 1A 61 ...
  PARSED: 48
[22:49:14.971] TICK #436  avail=244  bytes=70145  ON=0  ps=0  pi=5
  RAW[244]: 56 00 01 3E 43 56 00 01 70 ED 56 00 01 76 C8 56 00 01 20 C6 56 00 00 BF 84 56 00 00 73 CF 56 00 00 6D 0D 56 00 00 33 87 ...
[22:49:14.973] HEARTBEAT bytes=70389
  PARSED: 47
[22:49:14.994] TICK #437  avail=241  bytes=70389  ON=0  ps=1  pi=4
  RAW[241]: 28 56 00 01 8D F9 56 00 02 03 FC 56 00 01 5E C1 56 00 00 2A 2F 56 00 FD 34 57 56 00 FD D8 9B 56 00 FE 00 93 56 00 FD FF ...
  PARSED: 49
[22:49:15.037] TICK #439  avail=240  bytes=70630  ON=0  ps=0  pi=5
  RAW[240]: 56 00 FC B4 BC 56 00 FD 94 B8 56 00 FE 15 A5 56 00 FE 17 A1 56 00 00 CB E3 56 00 02 34 34 56 00 01 E5 14 56 00 02 60 69 ...
  PARSED: 48
[22:49:15.059] TICK #440  avail=240  bytes=70870  ON=0  ps=0  pi=5
  RAW[240]: 56 00 02 25 3A 56 00 02 54 B0 56 00 01 91 E0 56 00 01 8A 8B 56 00 01 7B 13 56 00 01 48 DC 56 00 01 44 0F 56 00 00 51 E7 ...
  PARSED: 48
[22:49:15.102] TICK #442  avail=240  bytes=71110  ON=0  ps=0  pi=5
  RAW[240]: 56 00 01 F8 9E 56 00 01 C6 06 56 00 01 F5 1B 56 00 02 5B 54 56 00 01 02 5D 56 00 FD B8 E7 56 00 FD EB B3 56 00 FE 48 9A ...
  PARSED: 48
[22:49:15.125] TICK #443  avail=244  bytes=71350  ON=0  ps=0  pi=5
  RAW[244]: 56 00 FE 92 C2 56 00 FC 94 80 56 00 FD 4D 06 56 00 FD FF A9 56 00 FE 02 8C 56 00 FF 91 E3 56 00 01 D2 1A 56 00 01 AE A3 ...
  PARSED: 48
[22:49:15.167] TICK #445  avail=241  bytes=71594  ON=0  ps=1  pi=4
  RAW[241]: 00 56 00 01 22 DB 56 00 01 A7 CA 56 00 01 37 83 56 00 01 31 32 56 00 01 30 AD 56 00 01 4E 17 56 00 01 53 2E 56 00 00 62 ...
  PARSED: 49
[22:49:15.189] TICK #446  avail=240  bytes=71835  ON=0  ps=0  pi=5
  RAW[240]: 56 00 02 20 87 56 00 01 AD 93 56 00 01 F4 05 56 00 01 E8 CB 56 00 01 7A 1F 56 00 FE 89 A4 56 00 FD 37 06 56 00 FD F7 42 ...
  PARSED: 48
[22:49:15.233] TICK #448  avail=244  bytes=72075  ON=0  ps=0  pi=5
  RAW[244]: 56 00 00 63 13 56 00 FC E6 43 56 00 FC C4 1A 56 00 FD 47 78 56 00 FD F0 88 56 00 FF 14 E5 56 00 02 16 B5 56 00 02 21 D4 ...
  PARSED: 48
[22:49:15.255] TICK #449  avail=241  bytes=72319  ON=0  ps=1  pi=4
  RAW[241]: 78 56 00 00 BD A6 56 00 02 1C 16 56 00 01 38 7F 56 00 01 40 86 56 00 01 8E DE 56 00 01 42 94 56 00 01 61 78 56 00 00 E3 ...
  PARSED: 49
[22:49:15.277] TICK #450  avail=0  bytes=72560  ON=0  ps=0  pi=5
[22:49:15.299] TICK #451  avail=242  bytes=72560  ON=0  ps=0  pi=5
  RAW[242]: 56 00 02 5E A3 56 00 02 10 22 56 00 01 97 22 56 00 02 3B 28 56 00 02 07 B2 56 00 FE 98 B1 56 00 FD 64 FD 56 00 FE 36 98 ...
  PARSED: 48
[22:49:15.320] TICK #452  avail=240  bytes=72802  ON=0  ps=1  pi=2
  RAW[240]: FF D4 2E 56 00 FC B5 0A 56 00 FC F7 C2 56 00 FD 7F E9 56 00 FE 09 D9 56 00 FE 33 6B 56 00 00 D6 EA 56 00 01 CF 4E 56 00 ...
  PARSED: 48
[22:49:15.363] TICK #454  avail=246  bytes=73042  ON=0  ps=1  pi=2
  RAW[246]: FE AF 21 56 00 00 1D 10 56 00 02 96 39 56 00 02 16 6F 56 00 01 DC CD 56 00 01 76 A0 56 00 01 03 66 56 00 01 0B 82 56 00 ...
  PARSED: 49
[22:49:15.406] TICK #456  avail=242  bytes=73288  ON=0  ps=1  pi=3
  RAW[242]: 52 AC 56 00 02 20 94 56 00 02 10 0F 56 00 01 C8 74 56 00 01 88 A2 56 00 00 23 93 56 00 FD 7C 44 56 00 FD B5 EC 56 00 FE ...
  PARSED: 49
[22:49:15.428] TICK #457  avail=241  bytes=73530  ON=0  ps=0  pi=5
  RAW[241]: 56 00 FD C3 4D 56 00 FC 73 2E 56 00 FD 1A E7 56 00 FD 93 C8 56 00 FD F3 4E 56 00 00 85 EC 56 00 02 13 30 56 00 01 C7 8B ...
  PARSED: 48
[22:49:15.471] TICK #459  avail=242  bytes=73771  ON=0  ps=1  pi=1
  RAW[242]: 00 FF 45 38 56 00 02 24 84 56 00 01 DD DB 56 00 01 85 AE 56 00 01 6F F6 56 00 01 A1 70 56 00 01 64 58 56 00 01 60 1F 56 ...
  PARSED: 48
[22:49:15.494] TICK #460  avail=242  bytes=74013  ON=0  ps=1  pi=3
  RAW[242]: 72 D4 56 00 02 7D 46 56 00 01 EB A9 56 00 02 42 B4 56 00 02 34 17 56 00 01 32 52 56 00 FD CD 8F 56 00 FE 08 B7 56 00 FE ...
  PARSED: 49
[22:49:15.538] TICK #462  avail=241  bytes=74255  ON=0  ps=0  pi=5
  RAW[241]: 56 00 00 8C 59 56 00 FD 4C 4F 56 00 FD 62 59 56 00 FE 10 0A 56 00 FD E7 52 56 00 FF DB 85 56 00 01 E1 F3 56 00 01 F7 2D ...
  PARSED: 48
[22:49:15.560] TICK #463  avail=244  bytes=74496  ON=0  ps=1  pi=1
  RAW[244]: 00 FF 5F FB 56 00 02 05 45 56 00 02 2A 62 56 00 01 8D FA 56 00 01 8D 48 56 00 01 EB FE 56 00 01 77 A9 56 00 01 42 EB 56 ...
  PARSED: 49
[22:49:15.603] TICK #465  avail=245  bytes=74740  ON=0  ps=0  pi=5
  RAW[245]: 56 00 02 37 04 56 00 01 FE 96 56 00 01 DD 3A 56 00 02 23 98 56 00 01 CA 03 56 00 FE 9B 1A 56 00 FD 4D A2 56 00 FE 09 CA ...
  PARSED: 49
[22:49:15.625] TICK #466  avail=242  bytes=74985  ON=0  ps=0  pi=5
  RAW[242]: 56 00 FC 85 0A 56 00 FC DD BE 56 00 FD 1B 34 56 00 FD 93 B0 56 00 FE 3B EB 56 00 01 66 6C 56 00 01 F4 76 56 00 01 C3 4D ...
  PARSED: 48
[22:49:15.669] TICK #468  avail=246  bytes=75227  ON=0  ps=1  pi=2
  RAW[246]: 00 AB 73 56 00 01 DB 49 56 00 01 6C 86 56 00 01 1D 2D 56 00 01 38 60 56 00 01 03 C5 56 00 00 A9 55 56 00 00 A2 88 56 00 ...
  PARSED: 49
[22:49:15.691] TICK #469  avail=242  bytes=75473  ON=0  ps=1  pi=3
  RAW[242]: E4 3F 56 00 01 A4 98 56 00 01 FA D2 56 00 01 8E 9D 56 00 00 68 00 56 00 FC F0 90 56 00 FD 90 7F 56 00 FE 1E DB 56 00 FE ...
  PARSED: 49
[22:49:15.735] TICK #471  avail=245  bytes=75715  ON=0  ps=0  pi=5
  RAW[245]: 56 00 FC BA 54 56 00 FD 89 B0 56 00 FD BA 4A 56 00 FE 06 FD 56 00 01 7A FB 56 00 01 C4 FE 56 00 01 EB 32 56 00 02 49 B1 ...
  PARSED: 49
[22:49:15.758] TICK #472  avail=245  bytes=75960  ON=0  ps=0  pi=5
  RAW[245]: 56 00 01 C8 01 56 00 01 78 AF 56 00 01 88 38 56 00 01 8F D7 56 00 01 24 B3 56 00 01 42 E0 56 00 00 6E 5B 56 00 00 39 98 ...
  PARSED: 49
[22:49:15.801] TICK #474  avail=243  bytes=76205  ON=0  ps=0  pi=5
  RAW[243]: 56 00 02 74 97 56 00 02 4A B7 56 00 01 A7 BD 56 00 FD EE 0D 56 00 FE 01 6B 56 00 FE 18 C1 56 00 FE 31 EA 56 00 FF C8 1B ...
  PARSED: 48
[22:49:15.824] TICK #475  avail=242  bytes=76448  ON=0  ps=1  pi=3
  RAW[242]: 6E EB 56 00 FE 15 1C 56 00 FE 8D 61 56 00 01 52 B3 56 00 02 6B 1E 56 00 01 EC DE 56 00 02 5D 70 56 00 02 55 53 56 00 02 ...
  PARSED: 49
[22:49:15.868] TICK #477  avail=240  bytes=76690  ON=0  ps=0  pi=5
  RAW[240]: 56 00 01 96 2A 56 00 02 0D 52 56 00 01 FC F7 56 00 01 72 F2 56 00 01 40 40 56 00 00 78 45 56 00 00 53 C2 56 00 FE D6 73 ...
  PARSED: 48
[22:49:15.891] TICK #478  avail=243  bytes=76930  ON=0  ps=0  pi=5
  RAW[243]: 56 00 01 E5 CE 56 00 02 15 17 56 00 01 D0 9C 56 00 FE 4D FB 56 00 FD 71 2A 56 00 FE 3D 36 56 00 FE 71 82 56 00 FF 06 05 ...
  PARSED: 48
[22:49:15.934] TICK #480  avail=242  bytes=77173  ON=0  ps=1  pi=3
  RAW[242]: DE 29 56 00 FD 59 CA 56 00 FD F5 F5 56 00 FF 7A DF 56 00 01 CE ED 56 00 01 CC F1 56 00 02 1D 46 56 00 02 3C 92 56 00 02 ...
  PARSED: 49
[22:49:15.957] TICK #481  avail=245  bytes=77415  ON=0  ps=0  pi=5
  RAW[245]: 56 00 01 D1 A5 56 00 01 78 94 56 00 01 7A AC 56 00 01 7A 7D 56 00 01 18 A6 56 00 00 D1 E6 56 00 00 AC 05 56 00 00 62 D1 ...
  PARSED: 49
[22:49:16.001] TICK #483  avail=242  bytes=77660  ON=0  ps=0  pi=5
  RAW[242]: 56 00 02 31 74 56 00 01 C5 5A 56 00 00 32 E4 56 00 FD 32 AB 56 00 FD FA ED 56 00 FE 2C E3 56 00 FE AC 4E 56 00 01 4D EF ...
  PARSED: 48
[22:49:16.023] TICK #484  avail=246  bytes=77902  ON=0  ps=1  pi=2
  RAW[246]: FD 8E 53 56 00 FE 0A A0 56 00 FE 64 BF 56 00 01 A0 69 56 00 02 22 3F 56 00 02 38 07 56 00 02 0D 4E 56 00 01 FE CB 56 00 ...
  PARSED: 49
[22:49:16.066] TICK #486  avail=242  bytes=78148  ON=0  ps=1  pi=3
  RAW[242]: 83 8B 56 00 01 84 3C 56 00 01 72 B1 56 00 01 7E B7 56 00 01 2F 71 56 00 00 D4 86 56 00 00 FB 8A 56 00 FD E4 37 56 00 FC ...
  PARSED: 49
[22:49:16.089] TICK #487  avail=242  bytes=78390  ON=0  ps=0  pi=5
  RAW[242]: 56 00 01 BD 99 56 00 01 2D 84 56 00 FD 76 68 56 00 FD A7 B7 56 00 FE 41 AE 56 00 FE 7B 70 56 00 00 8D 56 56 00 02 15 81 ...
  PARSED: 48
[22:49:16.132] TICK #489  avail=238  bytes=78632  ON=0  ps=1  pi=2
  RAW[238]: FD A9 5D 56 00 FE 06 EA 56 00 00 A9 BA 56 00 01 E4 4F 56 00 02 13 B9 56 00 02 8C 4C 56 00 02 0D 1E 56 00 02 14 C2 56 00 ...
  PARSED: 48
[22:49:16.176] TICK #491  avail=247  bytes=78870  ON=0  ps=0  pi=5
  RAW[247]: 56 00 01 BD 15 56 00 01 AE 52 56 00 01 8A 38 56 00 01 4A 18 56 00 01 5B 0A 56 00 00 B4 2C 56 00 00 59 88 56 00 FD 18 E3 ...
  PARSED: 49
[22:49:16.198] TICK #492  avail=243  bytes=79117  ON=0  ps=1  pi=2
  RAW[243]: 02 02 90 56 00 01 29 5B 56 00 FD 86 66 56 00 FD 74 00 56 00 FD 8A 9C 56 00 FD 99 C1 56 00 FF 36 06 56 00 01 91 F0 56 00 ...
  PARSED: 49
[22:49:16.241] TICK #494  avail=236  bytes=79360  ON=0  ps=0  pi=5
  RAW[236]: 56 00 FD BC 18 56 00 FF FE 64 56 00 01 DB 69 56 00 01 F1 6B 56 00 02 4D 9B 56 00 02 89 58 56 00 01 F7 C2 56 00 01 8C 03 ...
  PARSED: 47
[22:49:16.263] TICK #495  avail=240  bytes=79596  ON=0  ps=1  pi=1
  RAW[240]: 00 01 83 28 56 00 01 40 41 56 00 01 40 84 56 00 00 E3 7F 56 00 01 02 39 56 00 00 A9 D8 56 00 00 AB 94 56 00 FE 35 43 56 ...
  PARSED: 48
[22:49:16.307] TICK #497  avail=239  bytes=79836  ON=0  ps=1  pi=1
  RAW[239]: 00 01 D6 D7 56 00 02 06 3B 56 00 00 C5 50 56 00 FD 69 88 56 00 FD BA 4D 56 00 FE 39 B1 56 00 FE 1A 97 56 00 FE 7F 5A 56 ...
  PARSED: 48
[22:49:16.328] TICK #498  avail=240  bytes=80075  ON=0  ps=0  pi=5
  RAW[240]: 56 00 FD 14 7E 56 00 FD A5 9A 56 00 FE 44 78 56 00 FE F8 6F 56 00 01 F3 FE 56 00 01 F3 80 56 00 02 60 64 56 00 02 0B CF ...
  PARSED: 48
[22:49:16.371] TICK #500  avail=240  bytes=80315  ON=0  ps=0  pi=5
  RAW[240]: 56 00 02 12 7A 56 00 02 52 37 56 00 01 DB 0B 56 00 01 FE CD 56 00 01 60 8C 56 00 01 10 C6 56 00 00 B3 65 56 00 00 51 F5 ...
  PARSED: 48
[22:49:16.392] TICK #501  avail=244  bytes=80555  ON=0  ps=0  pi=5
  RAW[244]: 56 00 02 05 D4 56 00 01 ED B3 56 00 01 CA 1C 56 00 01 88 EA 56 00 FE 48 0A 56 00 FD A1 91 56 00 FE 06 09 56 00 FE 50 C9 ...
  PARSED: 48
[22:49:16.435] TICK #503  avail=243  bytes=80799  ON=0  ps=1  pi=4
  RAW[243]: 58 56 00 FD 28 FE 56 00 FD B3 73 56 00 FE 2E EE 56 00 FE 25 EF 56 00 01 10 BF 56 00 01 B9 7B 56 00 01 DB B7 56 00 02 24 ...
  PARSED: 49
[22:49:16.458] TICK #504  avail=243  bytes=81042  ON=0  ps=1  pi=2
  RAW[243]: 01 D9 34 56 00 02 37 95 56 00 01 68 4B 56 00 01 B4 56 56 00 01 DB AA 56 00 01 6D 0A 56 00 00 A6 18 56 00 00 63 2F 56 00 ...
  PARSED: 49
[22:49:16.501] TICK #506  avail=240  bytes=81285  ON=0  ps=0  pi=5
  RAW[240]: 56 00 01 FA 83 56 00 02 04 BC 56 00 01 9A 2F 56 00 FF 45 91 56 00 FD 8F C6 56 00 FE 09 B7 56 00 FE 16 0A 56 00 FE 46 12 ...
  PARSED: 48
[22:49:16.523] TICK #507  avail=240  bytes=81525  ON=0  ps=0  pi=5
  RAW[240]: 56 00 FC D7 1B 56 00 FD 96 1A 56 00 FD E0 6A 56 00 FE 00 B0 56 00 00 1A FC 56 00 01 D6 10 56 00 02 30 C8 56 00 02 60 48 ...
  PARSED: 48
[22:49:16.567] TICK #509  avail=240  bytes=81765  ON=0  ps=0  pi=5
  RAW[240]: 56 00 02 68 38 56 00 01 FE 7F 56 00 01 5C 84 56 00 01 70 48 56 00 01 A2 FE 56 00 01 4D A8 56 00 01 0E 50 56 00 00 83 C0 ...
  PARSED: 48
[22:49:16.589] TICK #510  avail=242  bytes=82005  ON=0  ps=0  pi=5
  RAW[242]: 56 00 02 45 08 56 00 02 0F D2 56 00 02 82 F1 56 00 02 5E E0 56 00 00 6F C5 56 00 FD B3 89 56 00 FE 0C 70 56 00 FE 3B C2 ...
  PARSED: 48
[22:49:16.632] TICK #512  avail=241  bytes=82247  ON=0  ps=1  pi=2
  RAW[241]: FD E0 58 56 00 FC D3 7E 56 00 FD B2 12 56 00 FE 01 8A 56 00 FE 1F C4 56 00 FF 79 E1 56 00 02 35 45 56 00 02 C4 AA 56 00 ...
  PARSED: 48
[22:49:16.654] TICK #513  avail=244  bytes=82488  ON=0  ps=1  pi=3
  RAW[244]: EE CF 56 00 01 90 3F 56 00 02 9E 93 56 00 01 FA 55 56 00 01 EA FA 56 00 01 8F B8 56 00 01 2C DF 56 00 00 EF F9 56 00 00 ...
  PARSED: 49
[22:49:16.698] TICK #515  avail=246  bytes=82732  ON=0  ps=1  pi=2
  RAW[246]: 01 E3 8E 56 00 01 B1 9D 56 00 01 EE 43 56 00 02 3F A4 56 00 01 9A B3 56 00 FD E0 DF 56 00 FD 8F 2F 56 00 FD DA E8 56 00 ...
  PARSED: 49
[22:49:16.739] TICK #517  avail=240  bytes=82978  ON=0  ps=1  pi=3
  RAW[240]: FC CF 56 00 FD 5E B8 56 00 FD E4 BA 56 00 FE 2C B8 56 00 FE B8 19 56 00 01 AB 44 56 00 02 3B BE 56 00 02 22 EA 56 00 02 ...
  PARSED: 48
[22:49:16.762] TICK #518  avail=242  bytes=83218  ON=0  ps=1  pi=3
  RAW[242]: 86 3A 56 00 02 40 79 56 00 02 5A 9A 56 00 01 6C 2A 56 00 01 47 26 56 00 01 8D 04 56 00 01 55 5B 56 00 01 03 3E 56 00 00 ...
  PARSED: 49
[22:49:16.804] TICK #520  avail=245  bytes=83460  ON=0  ps=0  pi=5
  RAW[245]: 56 00 01 F9 A2 56 00 02 37 CE 56 00 02 AC 81 56 00 01 E2 59 56 00 FE B5 A2 56 00 FD 9F 71 56 00 FE 2C FA 56 00 FE 44 F0 ...
  PARSED: 49
[22:49:16.826] TICK #521  avail=242  bytes=83705  ON=0  ps=0  pi=5
  RAW[242]: 56 00 FC 80 E3 56 00 FD 47 6F 56 00 FD F0 4B 56 00 FD ED 91 56 00 00 C0 81 56 00 01 BD FC 56 00 01 79 CF 56 00 01 EE CD ...
  PARSED: 48
[22:49:16.870] TICK #523  avail=246  bytes=83947  ON=0  ps=1  pi=2
  RAW[246]: 02 15 FE 56 00 01 EB 32 56 00 01 2B D3 56 00 01 77 94 56 00 01 05 92 56 00 00 F7 27 56 00 00 92 48 56 00 FF FE 04 56 00 ...
  PARSED: 49
[22:49:16.893] TICK #524  avail=239  bytes=84193  ON=0  ps=1  pi=3
  RAW[239]: BE A4 56 00 01 DC F4 56 00 01 C8 14 56 00 FF 7F 7B 56 00 FD 2E F6 56 00 FD B6 45 56 00 FE 49 C3 56 00 FE 43 BC 56 00 FF ...
  PARSED: 48
[22:49:16.938] TICK #526  avail=242  bytes=84432  ON=0  ps=1  pi=2
  RAW[242]: FC C4 2D 56 00 FD 8E FE 56 00 FD B3 13 56 00 FD D6 9C 56 00 00 13 AF 56 00 01 58 9D 56 00 01 BA DB 56 00 01 D4 A4 56 00 ...
  PARSED: 48
[22:49:16.960] TICK #527  avail=244  bytes=84674  ON=0  ps=1  pi=4
  RAW[244]: 9B 56 00 01 82 B5 56 00 01 62 25 56 00 01 9E A6 56 00 01 4B D7 56 00 01 51 69 56 00 01 28 1D 56 00 00 8C 7C 56 00 00 43 ...
  PARSED: 49
[22:49:17.003] TICK #529  avail=240  bytes=84918  ON=0  ps=1  pi=3
  RAW[240]: 57 F6 56 00 01 CC 3E 56 00 01 BF 61 56 00 01 54 75 56 00 FF B3 6D 56 00 FD 55 B0 56 00 FD B7 44 56 00 FD E0 63 56 00 FF ...
  PARSED: 48
[22:49:17.025] TICK #530  avail=247  bytes=85158  ON=0  ps=1  pi=3
  RAW[247]: 2F BA 56 00 FD 3C 7D 56 00 FE 14 58 56 00 FE 54 0F 56 00 00 29 7F 56 00 02 5E 45 56 00 02 5C 03 56 00 02 13 20 56 00 02 ...
[22:49:17.027] HEARTBEAT bytes=85405
  PARSED: 49
[22:49:17.070] TICK #532  avail=241  bytes=85405  ON=0  ps=0  pi=5
  RAW[241]: 56 00 02 54 94 56 00 01 95 90 56 00 01 53 5C 56 00 01 6B 8E 56 00 01 54 5F 56 00 01 46 2B 56 00 01 0C AB 56 00 00 F3 1A ...
  PARSED: 48
[22:49:17.093] TICK #533  avail=244  bytes=85646  ON=0  ps=1  pi=1
  RAW[244]: 00 01 EC E4 56 00 02 0A 4F 56 00 02 53 CB 56 00 01 FC E0 56 00 00 2C 90 56 00 FD 81 77 56 00 FE 00 8C 56 00 FE 44 5D 56 ...
  PARSED: 49
[22:49:17.135] TICK #535  avail=240  bytes=85890  ON=0  ps=0  pi=5
  RAW[240]: 56 00 FD 08 E0 56 00 FD A4 0E 56 00 FD F8 AE 56 00 FE B7 CD 56 00 01 AE 62 56 00 01 E0 42 56 00 01 D0 44 56 00 02 36 18 ...
  PARSED: 48
[22:49:17.157] TICK #536  avail=241  bytes=86130  ON=0  ps=0  pi=5
  RAW[241]: 56 00 02 17 F5 56 00 01 BB 8D 56 00 01 6D 99 56 00 01 A7 33 56 00 01 24 27 56 00 01 1F F2 56 00 00 E2 66 56 00 00 7E E5 ...
  PARSED: 48
[22:49:17.201] TICK #538  avail=242  bytes=86371  ON=0  ps=1  pi=1
  RAW[242]: 00 01 D9 CF 56 00 01 E7 2C 56 00 01 FD 38 56 00 01 D8 37 56 00 00 81 4A 56 00 FD 9F D1 56 00 FE 12 8C 56 00 FE 55 BA 56 ...
  PARSED: 48
[22:49:17.223] TICK #539  avail=247  bytes=86613  ON=0  ps=1  pi=3
  RAW[247]: E2 60 56 00 FC BB 4A 56 00 FD 79 C5 56 00 FE 23 6E 56 00 FE 79 DA 56 00 01 6D 42 56 00 02 19 BF 56 00 01 B7 90 56 00 01 ...
  PARSED: 50
[22:49:17.267] TICK #541  avail=243  bytes=86860  ON=0  ps=0  pi=5
  RAW[243]: 56 00 01 E3 77 56 00 01 89 0D 56 00 01 BE 48 56 00 01 9A 53 56 00 01 A2 82 56 00 01 95 95 56 00 00 B7 72 56 00 00 9C 99 ...
  PARSED: 48
[22:49:17.289] TICK #542  avail=242  bytes=87103  ON=0  ps=1  pi=3
  RAW[242]: 28 E2 56 00 02 95 68 56 00 02 A4 54 56 00 01 33 84 56 00 FD 80 D4 56 00 FD A0 62 56 00 FE 38 A2 56 00 FE 7D F9 56 00 FF ...
  PARSED: 49
[22:49:17.332] TICK #544  avail=240  bytes=87345  ON=0  ps=0  pi=5
  RAW[240]: 56 00 FC E6 99 56 00 FD 6D 50 56 00 FE 0A AC 56 00 FF 15 FE 56 00 01 C1 04 56 00 01 E0 25 56 00 02 3A D1 56 00 02 45 FD ...
  PARSED: 48
[22:49:17.354] TICK #545  avail=241  bytes=87585  ON=0  ps=0  pi=5
  RAW[241]: 56 00 02 10 03 56 00 01 C8 0A 56 00 01 B5 BB 56 00 01 2F CD 56 00 01 75 EE 56 00 01 44 4D 56 00 00 44 5F 56 00 00 6A 86 ...
  PARSED: 48
[22:49:17.398] TICK #547  avail=240  bytes=87826  ON=0  ps=1  pi=1
  RAW[240]: 00 01 DB C8 56 00 01 E8 98 56 00 02 0B FA 56 00 01 95 5C 56 00 FF 23 0F 56 00 FD 50 B7 56 00 FD E0 77 56 00 FE 2C C4 56 ...
  PARSED: 48
[22:49:17.421] TICK #548  avail=244  bytes=88066  ON=0  ps=1  pi=1
  RAW[244]: 00 FD 1B 5A 56 00 FD 2C BC 56 00 FD 93 AF 56 00 FE 1E ED 56 00 FE F9 EA 56 00 01 B6 33 56 00 01 7D 7F 56 00 01 DE CB 56 ...
  PARSED: 49
[22:49:17.463] TICK #550  avail=240  bytes=88310  ON=0  ps=0  pi=5
  RAW[240]: 56 00 01 C7 B9 56 00 01 63 2F 56 00 01 39 E3 56 00 01 66 AC 56 00 01 75 69 56 00 01 8B 20 56 00 01 1B 46 56 00 00 66 CB ...
  PARSED: 48
[22:49:17.506] TICK #552  avail=241  bytes=88550  ON=0  ps=0  pi=5
  RAW[241]: 56 00 01 D0 AF 56 00 01 FE BC 56 00 02 2C 01 56 00 02 2E 1A 56 00 00 D6 E0 56 00 FD B6 C8 56 00 FE 2B 7D 56 00 FE 86 88 ...
  PARSED: 48
[22:49:17.528] TICK #553  avail=242  bytes=88791  ON=0  ps=1  pi=1
  RAW[242]: 00 FD A9 19 56 00 FD 08 84 56 00 FD 78 61 56 00 FD CB C5 56 00 FE 2B 00 56 00 00 F5 D7 56 00 01 DF 9F 56 00 02 47 7C 56 ...
  PARSED: 48
[22:49:17.572] TICK #555  avail=242  bytes=89033  ON=0  ps=1  pi=3
  RAW[242]: C7 38 56 00 01 A3 49 56 00 01 27 D9 56 00 01 40 82 56 00 01 7F 9F 56 00 01 58 9F 56 00 01 2F CD 56 00 01 35 6C 56 00 00 ...
  PARSED: 49
[22:49:17.594] TICK #556  avail=242  bytes=89275  ON=0  ps=0  pi=5
  RAW[242]: 56 00 02 0A 3E 56 00 01 DE F5 56 00 02 2E A8 56 00 02 18 60 56 00 01 29 5B 56 00 FD B6 A3 56 00 FD C4 D7 56 00 FE 00 48 ...
  PARSED: 48
[22:49:17.637] TICK #558  avail=242  bytes=89517  ON=0  ps=1  pi=2
  RAW[242]: FE C1 6D 56 00 FC B7 14 56 00 FD 47 FE 56 00 FD B8 13 56 00 FD FB AE 56 00 FF A9 A7 56 00 01 B3 E4 56 00 01 D6 51 56 00 ...
  PARSED: 48
[22:49:17.659] TICK #559  avail=241  bytes=89759  ON=0  ps=1  pi=4
  RAW[241]: 34 56 00 01 85 C0 56 00 01 B7 67 56 00 00 C5 B2 56 00 01 2C 2E 56 00 01 24 93 56 00 00 C9 55 56 00 01 23 6E 56 00 00 CC ...
  PARSED: 49
[22:49:17.704] TICK #561  avail=242  bytes=90000  ON=0  ps=0  pi=5
  RAW[242]: 56 00 01 CE 61 56 00 02 12 5E 56 00 02 2D E1 56 00 02 3C 58 56 00 01 B6 5F 56 00 FE EE AD 56 00 FD AE B9 56 00 FE 67 DC ...
  PARSED: 48
[22:49:17.726] TICK #562  avail=242  bytes=90242  ON=0  ps=1  pi=2
  RAW[242]: 00 3D 70 56 00 FC A4 20 56 00 FD 24 CA 56 00 FD C4 2A 56 00 FE 18 BA 56 00 FE F2 D7 56 00 01 B8 93 56 00 01 A3 7A 56 00 ...
  PARSED: 48
[22:49:17.770] TICK #564  avail=241  bytes=90484  ON=0  ps=1  pi=4
  RAW[241]: DB 56 00 00 B6 32 56 00 02 32 D0 56 00 01 C8 A5 56 00 01 46 35 56 00 01 66 91 56 00 01 64 89 56 00 01 6A 0B 56 00 00 EA ...
  PARSED: 49
[22:49:17.793] TICK #565  avail=243  bytes=90725  ON=0  ps=0  pi=5
  RAW[243]: 56 00 02 56 3C 56 00 02 19 2B 56 00 01 F3 44 56 00 02 5C 9A 56 00 02 02 A2 56 00 FF 4E A4 56 00 FD 7E 7B 56 00 FE 43 FA ...
  PARSED: 48
[22:49:17.837] TICK #567  avail=242  bytes=90968  ON=0  ps=1  pi=3
  RAW[242]: FF 12 56 00 FD BE 10 56 00 FC BB 65 56 00 FD 34 24 56 00 FD CA 9E 56 00 FE 57 47 56 00 01 89 35 56 00 01 C7 B1 56 00 02 ...
  PARSED: 49
[22:49:17.859] TICK #568  avail=240  bytes=91210  ON=0  ps=0  pi=5
  RAW[240]: 56 00 00 26 6F 56 00 01 C0 A3 56 00 01 98 86 56 00 01 7B 73 56 00 01 88 E7 56 00 01 4E 74 56 00 01 07 C3 56 00 00 FA CF ...
  PARSED: 48
[22:49:17.902] TICK #570  avail=241  bytes=91450  ON=0  ps=0  pi=5
  RAW[241]: 56 00 02 42 F2 56 00 02 71 CC 56 00 01 F5 11 56 00 02 4B FE 56 00 01 D9 BD 56 00 01 5A 79 56 00 FD E3 EF 56 00 FE 02 74 ...
  PARSED: 48
[22:49:17.924] TICK #571  avail=244  bytes=91691  ON=0  ps=1  pi=1
  RAW[244]: 00 00 D3 5C 56 00 FF 4B 3C 56 00 FC B4 86 56 00 FD 41 84 56 00 FD D4 ED 56 00 FE 11 D2 56 00 00 EB 59 56 00 01 E0 32 56 ...
  PARSED: 49
[22:49:17.969] TICK #573  avail=245  bytes=91935  ON=0  ps=0  pi=5
  RAW[245]: 56 00 FF 14 31 56 00 02 1D 75 56 00 02 44 B3 56 00 01 8D 40 56 00 01 59 B8 56 00 01 6E D8 56 00 01 34 8E 56 00 01 40 2E ...
  PARSED: 49
[22:49:17.992] TICK #574  avail=242  bytes=92180  ON=0  ps=0  pi=5
  RAW[242]: 56 00 02 07 24 56 00 01 B6 19 56 00 02 04 8C 56 00 01 AF DC 56 00 01 71 ED 56 00 FE 18 0E 56 00 FD BA E5 56 00 FE 33 CE ...
  PARSED: 48
[22:49:18.036] TICK #576  avail=240  bytes=92422  ON=0  ps=1  pi=2
  RAW[240]: FE DA 52 56 00 FC 7D 5F 56 00 FD 0A 45 56 00 FD 77 6B 56 00 FD D6 39 56 00 FE D8 B8 56 00 01 D7 AC 56 00 01 CE FC 56 00 ...
  PARSED: 48
[22:49:18.048] Datos borrados.
[22:49:18.059] TICK #577  avail=243  bytes=92662  ON=0  ps=1  pi=2
  RAW[243]: FE 4A 2B 56 00 00 66 8F 56 00 02 4C D7 56 00 01 DB 39 56 00 01 4E E5 56 00 01 22 8F 56 00 00 D0 BF 56 00 00 A7 0B 56 00 ...
  PARSED: 49
[22:49:18.102] TICK #579  avail=240  bytes=92905  ON=0  ps=0  pi=5
  RAW[240]: 56 00 01 E9 18 56 00 01 D6 C0 56 00 01 84 63 56 00 01 D1 5E 56 00 01 AB DB 56 00 FF CC 51 56 00 FD AE E4 56 00 FE 0B AE ...
  PARSED: 48
[22:49:18.124] TICK #580  avail=240  bytes=93145  ON=0  ps=0  pi=5
  RAW[240]: 56 00 00 BB E2 56 00 FE 4D A6 56 00 FC D4 CC 56 00 FD 45 72 56 00 FD 8A C3 56 00 FE 18 C4 56 00 01 22 91 56 00 01 94 2B ...
  PARSED: 48
[22:49:18.168] TICK #582  avail=240  bytes=93385  ON=0  ps=0  pi=5
  RAW[240]: 56 00 FE AB E8 56 00 00 18 07 56 00 02 1B 87 56 00 01 E9 ED 56 00 01 59 2E 56 00 01 B6 08 56 00 01 AA C4 56 00 01 36 98 ...
  PARSED: 48
[22:49:18.190] TICK #583  avail=240  bytes=93625  ON=0  ps=0  pi=5
  RAW[240]: 56 00 01 FB 25 56 00 02 25 73 56 00 01 ED 7D 56 00 02 0D 78 56 00 02 63 59 56 00 01 FE 9A 56 00 FE F5 3D 56 00 FD F7 6F ...
  PARSED: 48
[22:49:18.232] TICK #585  avail=245  bytes=93865  ON=0  ps=0  pi=5
  RAW[245]: 56 00 00 45 6A 56 00 00 7E E3 56 00 FD 5E 2D 56 00 FD 38 E7 56 00 FD 65 D3 56 00 FD F8 63 56 00 FE 19 2F 56 00 00 41 4B ...
  PARSED: 49
[22:49:18.254] TICK #586  avail=240  bytes=94110  ON=0  ps=0  pi=5
  RAW[240]: 56 00 FE 62 BA 56 00 FF 8B 84 56 00 01 C9 2C 56 00 01 A9 95 56 00 01 4F A7 56 00 01 48 9D 56 00 00 DD 0F 56 00 00 D0 56 ...
  PARSED: 48
[22:49:18.297] TICK #588  avail=242  bytes=94350  ON=0  ps=0  pi=5
  RAW[242]: 56 00 02 13 9F 56 00 02 0A 36 56 00 02 27 11 56 00 01 7D BE 56 00 01 EF 8F 56 00 01 D0 E5 56 00 01 7C CC 56 00 FD FF B2 ...
  PARSED: 48
[22:49:18.320] TICK #589  avail=239  bytes=94592  ON=0  ps=1  pi=2
  RAW[239]: 00 E1 B1 56 00 00 81 A8 56 00 FF C7 8E 56 00 FC CC EA 56 00 FD 66 41 56 00 FD EE 00 56 00 FD EA 5A 56 00 FF 91 B6 56 00 ...
  PARSED: 48
[22:49:18.363] TICK #591  avail=246  bytes=94831  ON=0  ps=1  pi=1
  RAW[246]: 00 FE 3D 1B 56 00 FE 93 8C 56 00 FE B9 F2 56 00 01 0D 86 56 00 01 D1 43 56 00 01 4B DD 56 00 01 68 CE 56 00 01 A9 93 56 ...
  PARSED: 49
[22:49:18.385] TICK #592  avail=243  bytes=95077  ON=0  ps=1  pi=2
  RAW[243]: 01 FD 13 56 00 02 1D 7B 56 00 01 E1 69 56 00 01 E1 F6 56 00 02 06 BE 56 00 01 9D 52 56 00 01 C1 B4 56 00 FE FF D7 56 00 ...
  PARSED: 49
[22:49:18.429] TICK #594  avail=245  bytes=95320  ON=0  ps=0  pi=5
  RAW[245]: 56 00 00 6E 85 56 00 00 A4 6E 56 00 FD 9A 4A 56 00 FD 17 7A 56 00 FD 92 68 56 00 FD D2 D1 56 00 FE DA D6 56 00 01 A7 76 ...
  PARSED: 49
[22:49:18.452] TICK #595  avail=245  bytes=95565  ON=0  ps=0  pi=5
  RAW[245]: 56 00 FE 36 3E 56 00 00 D7 59 56 00 01 FE 8B 56 00 01 B0 F7 56 00 01 28 AB 56 00 01 1C B1 56 00 00 B9 B6 56 00 00 91 63 ...
  PARSED: 49
[22:49:18.495] TICK #597  avail=240  bytes=95810  ON=0  ps=0  pi=5
  RAW[240]: 56 00 01 F7 EF 56 00 01 57 3A 56 00 01 82 E1 56 00 02 1D 10 56 00 01 DE F0 56 00 01 37 1E 56 00 FD 79 B3 56 00 FD 70 BF ...
  PARSED: 48
[22:49:18.518] TICK #598  avail=242  bytes=96050  ON=0  ps=0  pi=5
  RAW[242]: 56 00 00 80 92 56 00 FE 49 C1 56 00 FC 7D 98 56 00 FD 5B 0F 56 00 FD B7 20 56 00 FD B9 DC 56 00 01 35 1E 56 00 02 08 4E ...
  PARSED: 48
[22:49:18.562] TICK #600  avail=242  bytes=96292  ON=0  ps=1  pi=2
  RAW[242]: FE 76 67 56 00 FF A5 9D 56 00 01 9F 54 56 00 01 82 5E 56 00 01 3E DB 56 00 01 3E DF 56 00 01 28 CD 56 00 01 16 1D 56 00 ...
  PARSED: 48
[22:49:18.604] TICK #602  avail=241  bytes=96534  ON=0  ps=1  pi=4
  RAW[241]: CF 56 00 01 A7 43 56 00 01 9E 5B 56 00 01 BB 09 56 00 02 1A 91 56 00 01 8A 8F 56 00 01 28 23 56 00 FD B6 FA 56 00 FD 4D ...
  PARSED: 49
[22:49:18.626] TICK #603  avail=243  bytes=96775  ON=0  ps=0  pi=5
  RAW[243]: 56 00 00 75 9C 56 00 FF 7C 0F 56 00 FC C0 73 56 00 FD 26 7C 56 00 FD B2 E8 56 00 FD BC C6 56 00 FF B0 D5 56 00 01 9C 3E ...
  PARSED: 48
[22:49:18.669] TICK #605  avail=242  bytes=97018  ON=0  ps=1  pi=3
  RAW[242]: 42 BC 56 00 FE D5 45 56 00 01 A7 E8 56 00 01 8C F8 56 00 01 31 C5 56 00 01 3A 42 56 00 01 0A BC 56 00 00 FD C9 56 00 00 ...
  PARSED: 49
[22:49:18.691] TICK #606  avail=240  bytes=97260  ON=0  ps=0  pi=5
  RAW[240]: 56 00 01 FF C0 56 00 01 EA A1 56 00 01 AD C3 56 00 01 BD 95 56 00 01 FC 12 56 00 01 9A 66 56 00 FF 6C FB 56 00 FD 48 D3 ...
  PARSED: 48
[22:49:18.736] TICK #608  avail=241  bytes=97500  ON=0  ps=0  pi=5
  RAW[241]: 56 00 00 92 6C 56 00 00 A9 41 56 00 FD 56 FE 56 00 FC FE A0 56 00 FD 66 15 56 00 FE 22 84 56 00 FE E7 23 56 00 01 A1 A3 ...
  PARSED: 48
[22:49:18.758] TICK #609  avail=242  bytes=97741  ON=0  ps=1  pi=1
  RAW[242]: 00 FE 69 5B 56 00 FE AB 77 56 00 01 30 1B 56 00 02 06 E1 56 00 01 93 08 56 00 01 76 D5 56 00 01 6E 17 56 00 01 54 83 56 ...
  PARSED: 48
[22:49:18.801] TICK #611  avail=242  bytes=97983  ON=0  ps=1  pi=3
  RAW[242]: 50 E5 56 00 02 31 3B 56 00 02 0E 5C 56 00 01 E4 9C 56 00 01 CA 43 56 00 02 17 AB 56 00 01 F7 EF 56 00 00 9A 72 56 00 FD ...
  PARSED: 49
[22:49:18.824] TICK #612  avail=241  bytes=98225  ON=0  ps=0  pi=5
  RAW[241]: 56 00 00 C8 03 56 00 00 B1 C1 56 00 FD C5 87 56 00 FC D1 F7 56 00 FD 43 29 56 00 FD BD E4 56 00 FE 2D 23 56 00 00 C9 1F ...
  PARSED: 48
[22:49:18.867] TICK #614  avail=242  bytes=98466  ON=0  ps=1  pi=1
  RAW[242]: 00 FE 38 A8 56 00 FE 32 A0 56 00 FF 73 80 56 00 01 B8 F3 56 00 01 59 8D 56 00 01 7B 45 56 00 01 4A C4 56 00 01 58 20 56 ...
  PARSED: 48
[22:49:18.889] TICK #615  avail=246  bytes=98708  ON=0  ps=1  pi=3
  RAW[246]: AD 35 56 00 01 C9 1A 56 00 01 ED CA 56 00 01 85 70 56 00 01 46 FE 56 00 01 9F CC 56 00 01 97 02 56 00 01 19 E1 56 00 FD ...
  PARSED: 49
[22:49:18.932] TICK #617  avail=241  bytes=98954  ON=0  ps=1  pi=4
  RAW[241]: F3 56 00 00 83 39 56 00 FF 7D 71 56 00 FC AD 28 56 00 FD 47 CA 56 00 FD 99 89 56 00 FD FB 6E 56 00 00 3E 2D 56 00 02 20 ...
  PARSED: 49
[22:49:18.954] TICK #618  avail=245  bytes=99195  ON=0  ps=0  pi=5
  RAW[245]: 56 00 FE 80 16 56 00 FF 70 AC 56 00 01 B1 16 56 00 01 98 9F 56 00 01 15 2C 56 00 01 5C 45 56 00 00 F8 F5 56 00 00 91 C0 ...
  PARSED: 49
[22:49:18.999] TICK #620  avail=240  bytes=99440  ON=0  ps=0  pi=5
  RAW[240]: 56 00 01 BB 3F 56 00 01 7D 59 56 00 01 A4 F5 56 00 01 AD ED 56 00 01 CA AE 56 00 01 8F EA 56 00 FE BC 0E 56 00 FD 2D 72 ...
  PARSED: 48
[22:49:19.021] TICK #621  avail=240  bytes=99680  ON=0  ps=0  pi=5
  RAW[240]: 56 00 00 78 95 56 00 00 81 44 56 00 FC C8 5E 56 00 FC 93 D9 56 00 FD 5B 61 56 00 FD E2 5D 56 00 FE A9 34 56 00 01 5B 0D ...
  PARSED: 48
[22:49:19.064] TICK #623  avail=240  bytes=99920  ON=0  ps=0  pi=5
  RAW[240]: 56 00 FE 35 C3 56 00 FE 8E ED 56 00 00 35 D4 56 00 02 48 0E 56 00 02 04 7C 56 00 01 D7 8E 56 00 01 80 E9 56 00 01 61 B2 ...
  PARSED: 48
