=== geophone_scope_simple — 04-May-2026 13:16:30 ===
[13:16:30.279] Conectado COM6 @ 115200
[13:16:30.290] TICK #18251  avail=200  bytes=3386332  ON=0  ps=0  pi=5
  RAW[200]: 56 00 0B 86 13 56 00 0C 89 DB 56 00 0D 74 6D 56 00 0E 05 ED 56 00 0E 1A 1D 56 00 0D B7 9A 56 00 0D 11 20 56 00 0C 76 CF ...
[13:16:30.323] TICK #18252  avail=237  bytes=3386532  ON=0  ps=0  pi=5
  RAW[237]: 56 00 0E 97 14 56 00 0E F3 B3 56 00 0F 1E D5 56 00 0F 2A 19 56 00 0F 0C 19 56 00 0E 9E 5A 56 00 0D A8 00 56 00 0B F2 17 ...
[13:16:30.354] TICK #18253  avail=238  bytes=3386769  ON=0  ps=0  pi=5
  RAW[238]: 07 AE BF 56 00 07 C8 41 56 00 08 9F 45 56 00 09 B1 E0 56 00 0A 77 72 56 00 0A 93 2B 56 00 09 F2 19 56 00 08 CB 5A 56 00 ...
[13:16:30.431] TICK #18254  avail=240  bytes=3387007  ON=0  ps=0  pi=5
  RAW[240]: 56 00 05 63 8D 56 00 05 A9 85 56 00 06 7A A5 56 00 07 B3 EC 56 00 08 FA 39 56 00 09 D8 6A 56 00 09 E7 3E 56 00 08 F0 7B ...
[13:16:30.464] TICK #18255  avail=230  bytes=3387247  ON=0  ps=0  pi=5
  RAW[230]: 56 00 03 9F 95 56 00 04 7F F5 56 00 05 EB D6 56 00 07 A6 5D 56 00 09 57 29 56 00 0A A3 FE 56 00 0B 4B D6 56 00 0B 39 28 ...
[13:16:30.493] TICK #18256  avail=244  bytes=3387477  ON=0  ps=0  pi=5
  RAW[244]: 56 00 00 55 E0 56 00 01 7A 84 56 00 02 81 B3 56 00 03 3C 99 56 00 03 82 DC 56 00 03 36 AD 56 00 02 48 87 56 00 00 BB 91 ...
[13:16:30.555] TICK #18258  avail=231  bytes=3387721  ON=0  ps=0  pi=5
  RAW[231]: D3 56 00 07 27 CD 56 00 05 0D AB 56 00 03 64 28 56 00 02 54 65 56 00 01 DC 2B 56 00 01 D4 06 56 00 01 FE F6 56 00 02 1E ...
[13:16:30.585] TICK #18259  avail=230  bytes=3387952  ON=0  ps=0  pi=5
  RAW[230]: 56 00 05 E1 6E 56 00 06 C1 BF 56 00 06 E4 DB 56 00 06 64 E7 56 00 05 8D 87 56 00 04 C2 2E 56 00 04 5B 5D 56 00 04 85 9A ...
[13:16:30.648] TICK #18261  avail=238  bytes=3388182  ON=0  ps=0  pi=5
  RAW[238]: 56 00 06 CF 94 56 00 04 A1 72 56 00 02 84 C0 56 00 00 E1 12 56 00 00 07 70 56 00 00 1A E7 56 00 01 05 4F 56 00 02 7C 1D ...
[13:16:30.679] TICK #18262  avail=236  bytes=3388420  ON=0  ps=0  pi=5
  RAW[236]: 24 9D 56 00 03 AA 25 56 00 02 E4 51 56 00 01 C6 5B 56 00 00 51 64 56 00 FE 9C E3 56 00 FC D8 56 56 00 FB 45 06 56 00 FA ...
[13:16:30.741] TICK #18264  avail=236  bytes=3388656  ON=0  ps=0  pi=5
  RAW[236]: FB 56 00 FD A0 91 56 00 FC DF C9 56 00 FC 7E EC 56 00 FC A6 98 56 00 FD 63 1B 56 00 FE A3 9B 56 00 00 3F F5 56 00 02 02 ...
[13:16:30.772] TICK #18265  avail=235  bytes=3388892  ON=0  ps=0  pi=5
  RAW[235]: 56 00 00 39 66 56 00 02 7E 63 56 00 04 1C 86 56 00 04 DE 83 56 00 04 B3 AE 56 00 03 B0 D2 56 00 02 0C 5B 56 00 00 16 7E ...
[13:16:30.834] TICK #18267  avail=240  bytes=3389127  ON=0  ps=0  pi=5
  RAW[240]: 56 00 01 B0 01 56 00 01 B2 75 56 00 01 82 F2 56 00 00 F4 D6 56 00 00 03 63 56 00 FE D7 D5 56 00 FD BF 0E 56 00 FD 11 D6 ...
[13:16:30.865] TICK #18268  avail=235  bytes=3389367  ON=0  ps=0  pi=5
  RAW[235]: 56 00 02 E3 93 56 00 04 9D 3A 56 00 06 65 23 56 00 07 CF 05 56 00 08 84 6E 56 00 08 5A 24 56 00 07 57 F2 56 00 05 B1 72 ...
[13:16:30.928] TICK #18270  avail=235  bytes=3389602  ON=0  ps=0  pi=5
  RAW[235]: 56 00 FB 71 14 56 00 FB 25 58 56 00 FB 4E EC 56 00 FB E5 15 56 00 FC D6 D9 56 00 FE 0C 31 56 00 FF 67 60 56 00 00 C5 E9 ...
[13:16:30.960] TICK #18271  avail=240  bytes=3389837  ON=0  ps=0  pi=5
  RAW[240]: 56 00 07 2C 79 56 00 04 9D AD 56 00 01 B8 D3 56 00 FF 18 1B 56 00 FD 34 D3 56 00 FC 50 0A 56 00 FC 6A D1 56 00 FD 4E 7B ...
[13:16:31.021] TICK #18273  avail=235  bytes=3390077  ON=0  ps=0  pi=5
  RAW[235]: 56 00 00 1C B1 56 00 FF 2F 05 56 00 FE 5D 44 56 00 FD AE 2E 56 00 FD 3B 70 56 00 FD 2A D3 56 00 FD 9D 6E 56 00 FE 9B D2 ...
[13:16:31.034] Datos borrados.
[13:16:31.072] TICK #18274  avail=235  bytes=3390312  ON=0  ps=0  pi=5
  RAW[235]: 56 00 05 C3 F9 56 00 07 5B 6A 56 00 08 82 27 56 00 09 0A BD 56 00 08 D5 11 56 00 07 DA 09 56 00 06 33 6B 56 00 04 1C 3B ...
[13:16:31.104] TICK #18275  avail=235  bytes=3390547  ON=0  ps=0  pi=5
  RAW[235]: 56 00 04 C0 E5 56 00 03 2F 7E 56 00 00 F5 65 56 00 FE 40 36 56 00 FB 65 41 56 00 F8 D0 59 56 00 F6 EB 03 56 00 F6 03 40 ...
[13:16:31.198] TICK #18277  avail=480  bytes=3390782  ON=0  ps=0  pi=5
  RAW[480]: 56 00 03 E4 93 56 00 05 EC AF 56 00 07 67 E6 56 00 08 25 F6 56 00 08 1C DC 56 00 07 6B F3 56 00 06 52 CF 56 00 05 1E 10 ...
[13:16:31.258] TICK #18279  avail=240  bytes=3391262  ON=0  ps=0  pi=5
  RAW[240]: 56 00 04 6F 22 56 00 04 02 F8 56 00 03 45 CD 56 00 02 2D 2F 56 00 00 B1 7F 56 00 FE D7 21 56 00 FC B3 EF 56 00 FA 6E 4D ...
[13:16:31.288] TICK #18280  avail=236  bytes=3391502  ON=0  ps=0  pi=5
  RAW[236]: 56 00 FD 2D B9 56 00 FC B2 E6 56 00 FC DF 51 56 00 FD 94 02 56 00 FE 9A E5 56 00 FF B3 3E 56 00 00 9E 19 56 00 01 28 A4 ...
[13:16:31.350] TICK #18282  avail=234  bytes=3391738  ON=0  ps=0  pi=5
  RAW[234]: 00 FE 3F EB 56 00 FC 3A B6 56 00 F9 FE D6 56 00 F7 E9 C4 56 00 F6 5A 9B 56 00 F5 9B 87 56 00 F5 CE 96 56 00 F6 E3 EF 56 ...
[13:16:31.381] TICK #18283  avail=240  bytes=3391972  ON=0  ps=0  pi=5
  RAW[240]: 56 00 F8 10 02 56 00 F7 4B B4 56 00 F7 2F 8E 56 00 F7 A7 B9 56 00 F8 7F 5E 56 00 F9 73 1D 56 00 FA 45 2B 56 00 FA CD 3B ...
[13:16:31.443] TICK #18285  avail=238  bytes=3392212  ON=0  ps=0  pi=5
  RAW[238]: 56 00 F8 11 F6 56 00 F7 FD E0 56 00 F8 17 2A 56 00 F8 80 5F 56 00 F9 69 5D 56 00 FA F8 FC 56 00 FD 34 3D 56 00 FF ED 9B ...
[13:16:31.476] TICK #18286  avail=237  bytes=3392450  ON=0  ps=0  pi=5
  RAW[237]: 12 56 56 00 FF 1A 26 56 00 FE B2 9D 56 00 FE CB B4 56 00 FF 36 20 56 00 FF B5 E7 56 00 00 17 08 56 00 00 3D 90 56 00 00 ...
[13:16:31.537] TICK #18288  avail=233  bytes=3392687  ON=0  ps=0  pi=5
  RAW[233]: 56 00 FE 96 42 56 00 FD EB FE 56 00 FC 64 48 56 00 FA 62 14 56 00 F8 5B 7C 56 00 F6 B6 B1 56 00 F5 AE 18 56 00 F5 43 0E ...
[13:16:31.569] TICK #18289  avail=237  bytes=3392920  ON=0  ps=0  pi=5
  RAW[237]: DA 12 56 00 F4 17 41 56 00 F4 80 42 56 00 F5 D4 37 56 00 F7 8D CD 56 00 F9 0F 66 56 00 F9 D5 ED 56 00 F9 A2 5D 56 00 F8 ...
[13:16:31.630] TICK #18291  avail=235  bytes=3393157  ON=0  ps=0  pi=5
  RAW[235]: 56 00 FB E6 B4 56 00 FB 40 52 56 00 FA B1 46 56 00 FA 4B 7A 56 00 FA 1E 3E 56 00 FA 34 72 56 00 FA 94 A6 56 00 FB 41 80 ...
[13:16:31.662] TICK #18292  avail=232  bytes=3393392  ON=0  ps=0  pi=5
  RAW[232]: 56 00 FD 4B BD 56 00 F9 92 D7 56 00 F6 58 36 56 00 F4 24 1B 56 00 F3 37 40 56 00 F3 7F 64 56 00 F4 A4 22 56 00 F6 26 4D ...
[13:16:31.724] TICK #18294  avail=238  bytes=3393624  ON=0  ps=0  pi=5
  RAW[238]: F8 44 BE 56 00 F6 93 12 56 00 F5 F3 EA 56 00 F6 29 A4 56 00 F6 C8 54 56 00 F7 5C 94 56 00 F7 90 16 56 00 F7 41 9E 56 00 ...
[13:16:31.755] TICK #18295  avail=234  bytes=3393862  ON=0  ps=0  pi=5
  RAW[234]: 56 00 FA D4 30 56 00 F9 59 6A 56 00 F8 47 B1 56 00 F7 D4 18 56 00 F8 07 92 56 00 F8 C1 18 56 00 F9 C2 5B 56 00 FA C3 12 ...
[13:16:31.818] TICK #18297  avail=236  bytes=3394096  ON=0  ps=0  pi=5
  RAW[236]: 04 56 00 F7 B7 E3 56 00 F6 D0 3F 56 00 F7 01 FC 56 00 F8 64 D4 56 00 FA BA 34 56 00 FD 7B 45 56 00 FF FB 8F 56 00 01 96 ...
[13:16:31.849] TICK #18298  avail=240  bytes=3394332  ON=0  ps=0  pi=5
  RAW[240]: 56 00 FC 37 6D 56 00 F8 B6 EA 56 00 F5 9C B3 56 00 F3 87 67 56 00 F2 DC 73 56 00 F3 B0 36 56 00 F5 C0 82 56 00 F8 84 46 ...
[13:16:31.910] TICK #18300  avail=235  bytes=3394572  ON=0  ps=0  pi=5
  RAW[235]: 56 00 F4 BE 92 56 00 F5 30 CE 56 00 F5 5A 19 56 00 F5 2C AC 56 00 F4 C7 85 56 00 F4 6E 61 56 00 F4 76 52 56 00 F5 2B 0B ...
[13:16:31.942] TICK #18301  avail=232  bytes=3394807  ON=0  ps=0  pi=5
  RAW[232]: 56 00 FA 20 4F 56 00 FC 79 92 56 00 FE 63 12 56 00 FF A6 35 56 00 00 42 87 56 00 00 61 F3 56 00 00 42 22 56 00 00 1A F2 ...
[13:16:32.004] TICK #18303  avail=238  bytes=3395039  ON=0  ps=0  pi=5
  RAW[238]: F6 07 5A 56 00 F6 0B 87 56 00 F7 03 E9 56 00 F8 BE B3 56 00 FA E2 64 56 00 FC FD 5A 56 00 FE 98 E4 56 00 FF 4D CA 56 00 ...
[13:16:32.035] TICK #18304  avail=235  bytes=3395277  ON=0  ps=0  pi=5
  RAW[235]: 56 00 F9 9A 00 56 00 F9 F0 70 56 00 FA CF 7C 56 00 FB EE 7D 56 00 FC F4 21 56 00 FD 8B A5 56 00 FD 77 A5 56 00 FC 9E 6B ...
[13:16:32.134] Desconectado.
