=== geophone_scope_simple — 10-May-2026 20:48:42 ===
[20:48:42.651] Conectado COM6 @ 115200
[20:48:42.651] Solicitando config al PSoC (0xA5)...
[20:48:42.706] Config OK: ADC=18 bits  fs=1500 SPS  PGA code=0(1x (0x00))  Vref=±6144mV  pktsz=5  scale=7.324e-04 mV/cnt
[20:48:42.708] Servo OK: VDp=148 VDn=148 valid=1  vent=1.33s paso=1
[20:48:42.709] Nominal VDAC: pN=148 nN=148 ±tol=0
[20:48:42.892] TICK #98  avail=85  bytes=14409  ON=0  ps=0  pi=0
  RAW[85]: 56 02 12 05 DC 56 03 00 18 00 56 04 94 94 00 56 05 07 D0 01 56 06 94 94 00 56 00 06 2D 71 56 00 05 77 D6 56 00 04 9A 67 ...
[20:48:42.913] TICK #99  avail=240  bytes=14494  ON=0  ps=0  pi=0
  RAW[240]: 56 00 FF E3 B7 56 00 03 A8 30 56 00 06 08 55 56 00 06 0F 96 56 00 05 C2 3F 56 00 04 DF 79 56 00 04 D2 2B 56 00 04 8F 36 ...
[20:48:42.936] TICK #100  avail=0  bytes=14734  ON=0  ps=0  pi=0
[20:48:42.958] TICK #101  avail=243  bytes=14734  ON=0  ps=0  pi=0
  RAW[243]: 56 00 04 DF 92 56 00 04 E6 4B 56 00 05 53 F8 56 00 05 2A BF 56 00 03 F0 2D 56 00 03 3A 38 56 00 02 27 56 56 00 FC EA 2B ...
[20:48:42.979] TICK #102  avail=246  bytes=14977  ON=0  ps=0  pi=0
  RAW[246]: D0 50 56 00 05 12 C4 56 00 00 69 FA 56 00 FC BC CA 56 00 FD 8C 0C 56 00 FE B4 C6 56 00 00 E2 54 56 00 05 C7 10 56 00 07 ...
[20:48:43.022] TICK #104  avail=243  bytes=15223  ON=0  ps=0  pi=0
  RAW[243]: CD 56 00 02 70 B3 56 00 0A 16 F5 56 00 09 AB E6 56 00 09 8D E6 56 00 08 F4 2D 56 00 07 D1 C1 56 00 08 04 63 56 00 08 12 ...
[20:48:43.043] TICK #105  avail=246  bytes=15466  ON=0  ps=0  pi=0
  RAW[246]: 0B 9C CA 56 00 0A 48 60 56 00 0A D4 56 56 00 09 F2 3D 56 00 08 62 6C 56 00 08 51 AC 56 00 FA 48 72 56 00 F9 9A 7A 56 00 ...
[20:48:43.087] TICK #107  avail=242  bytes=15712  ON=0  ps=0  pi=0
  RAW[242]: EF B9 56 00 F8 0D C4 56 00 FA 43 2E 56 00 FC 43 24 56 00 FE E9 98 56 00 0A 89 62 56 00 11 8B 95 56 00 0F BD 12 56 00 0D ...
[20:48:43.109] TICK #108  avail=241  bytes=15954  ON=0  ps=0  pi=0
  RAW[241]: 56 00 0E EA A0 56 00 11 0C 44 56 00 10 F4 2A 56 00 11 30 F2 56 00 0F 5A 51 56 00 0F 0D 7E 56 00 0E 85 8C 56 00 0E E5 5F ...
[20:48:43.151] TICK #110  avail=244  bytes=16195  ON=0  ps=0  pi=0
  RAW[244]: 00 0D 7C E3 56 00 0C AB 11 56 00 0C 12 9B 56 00 0A C1 42 56 00 0A 40 20 56 00 FE 61 73 56 00 F6 4C 39 56 00 F8 FE BB 56 ...
[20:48:43.193] TICK #112  avail=240  bytes=16439  ON=0  ps=0  pi=0
  RAW[240]: 56 00 F9 69 73 56 00 F9 9A 5F 56 00 FB 94 C4 56 00 FD 72 B0 56 00 05 CA 46 56 00 10 CB 99 56 00 0F CB 2F 56 00 0E 6A 86 ...
[20:48:43.215] TICK #113  avail=241  bytes=16679  ON=0  ps=0  pi=0
  RAW[241]: 56 00 0A 66 76 56 00 11 35 1E 56 00 10 CF 8B 56 00 10 D7 F4 56 00 0F B9 E5 56 00 0E 9A 23 56 00 0D C3 45 56 00 0E 40 68 ...
[20:48:43.257] TICK #115  avail=244  bytes=16920  ON=0  ps=0  pi=0
  RAW[244]: 00 0C E4 31 56 00 0C D2 C5 56 00 0C 3B BE 56 00 0A 38 95 56 00 09 56 FD 56 00 03 0B 43 56 00 F6 54 1D 56 00 F8 B9 AA 56 ...
[20:48:43.278] TICK #116  avail=244  bytes=17164  ON=0  ps=0  pi=0
  RAW[244]: 56 00 FE 02 93 56 00 F9 2E AD 56 00 FB E0 A1 56 00 FD 44 CF 56 00 01 90 77 56 00 0E D5 91 56 00 0E E8 17 56 00 0E 39 D7 ...
[20:48:43.320] TICK #118  avail=246  bytes=17408  ON=0  ps=0  pi=0
  RAW[246]: 6A 56 00 10 00 FB 56 00 0F E4 92 56 00 10 43 CB 56 00 0F 29 0D 56 00 0E 3E B8 56 00 0E 04 D9 56 00 0D 51 89 56 00 0D 06 ...
[20:48:43.363] TICK #120  avail=245  bytes=17654  ON=0  ps=0  pi=0
  RAW[245]: 56 00 0B E8 CF 56 00 0A B3 71 56 00 08 A7 FD 56 00 06 B1 DC 56 00 F7 5B F3 56 00 F8 28 D4 56 00 FA 9F 5B 56 00 FC 4F F0 ...
[20:48:43.384] TICK #121  avail=240  bytes=17899  ON=0  ps=0  pi=0
  RAW[240]: 56 00 FB 03 34 56 00 FC 8E A2 56 00 FF A9 73 56 00 0C 94 3F 56 00 0F 5F 87 56 00 0E 0F C9 56 00 0C CF 96 56 00 0B EC BA ...
[20:48:43.427] TICK #123  avail=240  bytes=18139  ON=0  ps=0  pi=0
  RAW[240]: 56 00 0F 10 37 56 00 0F BD 70 56 00 0F 22 36 56 00 0E 24 9B 56 00 0E 40 40 56 00 0D 90 FF 56 00 0D 68 C0 56 00 0C 59 52 ...
[20:48:43.449] TICK #124  avail=247  bytes=18379  ON=0  ps=0  pi=0
  RAW[247]: 56 00 0C 5C C2 56 00 0B 56 8C 56 00 09 07 A8 56 00 08 02 3E 56 00 F8 54 BB 56 00 F7 9D DD 56 00 FA 68 EF 56 00 FB D9 28 ...
[20:48:43.491] TICK #126  avail=248  bytes=18626  ON=0  ps=0  pi=0
  RAW[248]: FA 86 33 56 00 FC 2F B3 56 00 FE A8 AF 56 00 06 20 98 56 00 0E 0C A0 56 00 0D 6B FC 56 00 0D 22 DA 56 00 0C 31 39 56 00 ...
[20:48:43.512] TICK #127  avail=245  bytes=18874  ON=0  ps=0  pi=0
  RAW[245]: 56 00 0E C2 13 56 00 0C FD CA 56 00 0C 9C 1E 56 00 0C 8D F5 56 00 0C 4A 4E 56 00 0A 72 94 56 00 08 31 ED 56 00 F9 A8 71 ...
[20:48:43.555] TICK #129  avail=243  bytes=19119  ON=0  ps=0  pi=0
  RAW[243]: 56 00 07 9B 4F 56 00 02 53 6B 56 00 F7 B4 8A 56 00 FA 2C 5E 56 00 FC 34 8C 56 00 FE 05 73 56 00 0B D7 5C 56 00 0E E4 59 ...
[20:48:43.577] TICK #130  avail=245  bytes=19362  ON=0  ps=0  pi=0
  RAW[245]: 95 B4 56 00 03 FD 2E 56 00 0D CF 15 56 00 0D 78 3E 56 00 0C 89 1A 56 00 0B C7 4B 56 00 0B 7C 6B 56 00 0A B7 78 56 00 0A ...
[20:48:43.621] TICK #132  avail=242  bytes=19607  ON=0  ps=0  pi=0
  RAW[242]: C3 C5 56 00 0C 4F E5 56 00 0C 26 44 56 00 0B A9 E1 56 00 0B 06 B3 56 00 0A 96 3A 56 00 FD 42 A9 56 00 F9 09 F2 56 00 FA ...
[20:48:43.646] Desconectado.
