=== geophone_scope_simple — 04-May-2026 15:04:15 ===
[15:04:15.757] Conectado COM7 @ 115200
[15:04:15.769] TICK #142  avail=270  bytes=20395  ON=0  ps=0  pi=5
  RAW[270]: 56 00 F5 1A 5D 56 00 F2 43 15 56 00 EC C5 5E 56 00 E6 4D 74 56 00 E0 E4 EA 56 00 DE 3B BE 56 00 DF 10 CA 56 00 E2 F1 3B ...
[15:04:15.804] TICK #143  avail=235  bytes=20665  ON=0  ps=0  pi=5
  RAW[235]: 56 00 E9 16 45 56 00 E6 9A BA 56 00 E6 74 E0 56 00 E8 DD F9 56 00 ED 06 77 56 00 F1 60 9F 56 00 F4 34 B7 56 00 F4 46 2F ...
[15:04:15.866] TICK #145  avail=235  bytes=20900  ON=0  ps=0  pi=5
  RAW[235]: 56 00 F5 4A AE 56 00 F3 53 30 56 00 EE D2 46 56 00 E9 28 F7 56 00 E4 23 AB 56 00 E1 55 5F 56 00 E1 87 83 56 00 E4 74 63 ...
[15:04:15.898] TICK #146  avail=238  bytes=21135  ON=0  ps=0  pi=5
  RAW[238]: 56 00 E1 F6 33 56 00 E5 FE 0B 56 00 EA AF BC 56 00 EE 4A BA 56 00 EF 8F BA 56 00 EE 35 C0 56 00 EB 00 8A 56 00 E7 70 5E ...
[15:04:15.960] TICK #148  avail=237  bytes=21373  ON=0  ps=0  pi=5
  RAW[237]: 47 41 56 00 E5 D2 AA 56 00 E4 6A 0A 56 00 E5 D4 FA 56 00 E9 BA 0D 56 00 EE BC 1A 56 00 F2 FA C7 56 00 F4 C6 E3 56 00 F3 ...
[15:04:15.991] TICK #149  avail=235  bytes=21610  ON=0  ps=0  pi=5
  RAW[235]: 56 00 F5 03 D7 56 00 F2 10 FB 56 00 ED 13 14 56 00 E7 95 26 56 00 E3 53 38 56 00 E1 98 A6 56 00 E2 C8 8B 56 00 E6 3D A6 ...
[15:04:16.022] TICK #150  avail=0  bytes=21845  ON=0  ps=0  pi=5
[15:04:16.057] TICK #151  avail=255  bytes=21845  ON=0  ps=0  pi=5
  RAW[255]: 56 00 E3 C0 6F 56 00 E9 16 DD 56 00 EE 4C 7D 56 00 F1 9F D6 56 00 F2 15 46 56 00 EF CE 28 56 00 EB F5 17 56 00 E8 47 C9 ...
[15:04:16.089] TICK #152  avail=239  bytes=22100  ON=0  ps=0  pi=5
  RAW[239]: 56 00 EE FA 92 56 00 F4 36 24 56 00 F7 D2 CD 56 00 F8 5B F6 56 00 F5 60 D7 56 00 EF A4 69 56 00 E8 DD 3F 56 00 E3 1C BB ...
[15:04:16.158] TICK #154  avail=234  bytes=22339  ON=0  ps=0  pi=5
  RAW[234]: D3 56 00 E2 89 E6 56 00 E2 33 67 56 00 E4 D3 1A 56 00 E9 4D 4A 56 00 ED E6 EF 56 00 F0 EC BB 56 00 F1 56 40 56 00 EF 28 ...
[15:04:16.190] TICK #155  avail=197  bytes=22573  ON=0  ps=0  pi=5
  RAW[197]: 5D E9 56 00 F1 C4 E8 56 00 EE C1 DA 56 00 EA D5 21 56 00 E7 D8 BD 56 00 E7 46 A6 56 00 E9 A2 F1 56 00 EE 42 93 56 00 F3 ...
[15:04:16.221] TICK #156  avail=237  bytes=22770  ON=0  ps=0  pi=5
  RAW[237]: 56 00 F1 28 DE 56 00 F2 22 C0 56 00 F0 6C 84 56 00 EC FC 13 56 00 E9 6F E1 56 00 E7 6B AB 56 00 E7 F4 02 56 00 EB 07 15 ...
[15:04:16.281] TICK #158  avail=224  bytes=23007  ON=0  ps=0  pi=5
  RAW[224]: E9 CA 4A 56 00 EE 4B 05 56 00 F3 42 BB 56 00 F6 D3 42 56 00 F7 86 42 56 00 F4 DC 90 56 00 EF 84 64 56 00 E9 20 C8 56 00 ...
[15:04:16.283] --- Stream ON ---
[15:04:16.312] TICK #159  avail=234  bytes=23231  ON=1  ps=0  pi=0
  RAW[234]: 00 F4 2D 16 56 00 F0 57 7D 56 00 EA CB 2C 56 00 E5 42 74 56 00 E1 76 25 56 00 E0 7F 95 56 00 E2 77 03 56 00 E6 72 31 56 ...
  PARSED: 46
[15:04:22.012] ERROR filtro: Invalid or deleted object.
[15:04:28.230] --- Stream OFF ---
[15:04:29.444] --- Stream ON ---
