=== geophone_scope_simple — 04-May-2026 15:04:00 ===
[15:04:00.270] Conectado COM7 @ 115200
[15:04:00.277] TICK #1  avail=196  bytes=0  ON=0  ps=0  pi=0
  RAW[196]: 2E 56 00 ED D4 72 56 00 E8 AB B5 56 00 E1 8B C8 56 00 DB 96 73 56 00 D9 7E 48 56 00 DC 7B EF 56 00 E3 D0 EB 56 00 ED 06 ...
[15:04:00.299] TICK #2  avail=168  bytes=196  ON=0  ps=0  pi=0
  RAW[168]: 56 00 EC 56 39 56 00 ED CE E9 56 00 EA B0 EA 56 00 E4 8F 4B 56 00 DE 32 C4 56 00 DA 82 94 56 00 DB 61 0A 56 00 E0 EA 3D ...
[15:04:00.344] TICK #4  avail=170  bytes=364  ON=0  ps=0  pi=0
  RAW[170]: 8A B4 56 00 DF 67 BE 56 00 D7 23 F8 56 00 D3 58 D4 56 00 D5 01 10 56 00 DB 25 9C 56 00 E3 42 2C 56 00 EA 3C 3B 56 00 ED ...
[15:04:00.367] TICK #5  avail=172  bytes=534  ON=0  ps=0  pi=0
  RAW[172]: 76 6D 56 00 E5 21 21 56 00 ED A7 B8 56 00 F4 F3 5E 56 00 F8 36 AA 56 00 F5 FA 92 56 00 EE AF C8 56 00 E4 8C 62 56 00 DA ...
[15:04:00.392] TICK #6  avail=170  bytes=706  ON=0  ps=0  pi=0
  RAW[170]: 56 00 EC AF 78 56 00 EA 36 CD 56 00 E4 F0 D9 56 00 DF 73 D4 56 00 DC 72 0E 56 00 DD A5 38 56 00 E3 17 F5 56 00 EB 13 C7 ...
[15:04:00.438] TICK #8  avail=169  bytes=876  ON=0  ps=0  pi=0
  RAW[169]: 56 00 D7 35 2E 56 00 D2 C4 9F 56 00 D3 EA 87 56 00 D9 CE D4 56 00 E1 F6 AC 56 00 E9 39 B6 56 00 EC F3 D1 56 00 EC 00 8B ...
[15:04:00.460] TICK #9  avail=175  bytes=1045  ON=0  ps=0  pi=0
  RAW[175]: 96 56 00 EB 09 46 56 00 F3 0B 7A 56 00 F7 27 DB 56 00 F5 BC FF 56 00 EF 1B E8 56 00 E5 6D 18 56 00 DB E8 F3 56 00 D5 AD ...
[15:04:00.503] TICK #11  avail=167  bytes=1220  ON=0  ps=0  pi=0
  RAW[167]: F7 56 00 E5 98 CE 56 00 DF 93 38 56 00 DC 21 2D 56 00 DD 15 EC 56 00 E2 8B 9E 56 00 EA CB 4F 56 00 F2 E6 23 56 00 F7 C8 ...
[15:04:00.545] TICK #13  avail=169  bytes=1387  ON=0  ps=0  pi=0
  RAW[169]: 00 D2 BD FA 56 00 D4 22 07 56 00 DA 4F DE 56 00 E2 C4 BB 56 00 EA 47 EE 56 00 EE 1F 89 56 00 ED 12 9E 56 00 E7 D8 F0 56 ...
[15:04:00.567] TICK #14  avail=170  bytes=1556  ON=0  ps=0  pi=0
  RAW[170]: 56 00 F2 8B 13 56 00 F6 D8 ED 56 00 F5 A2 1F 56 00 EF 15 F9 56 00 E5 43 16 56 00 DB 5A AA 56 00 D4 8A 03 56 00 D2 D7 68 ...
[15:04:00.609] TICK #16  avail=173  bytes=1726  ON=0  ps=0  pi=0
  RAW[173]: 56 00 E5 07 E8 56 00 DE 9F 40 56 00 DA A3 B0 56 00 DB 21 EA 56 00 E0 6B 45 56 00 E8 EA 0C 56 00 F1 AE 51 56 00 F7 81 13 ...
[15:04:00.630] TICK #17  avail=167  bytes=1899  ON=0  ps=0  pi=0
  RAW[167]: 53 0D 56 00 DA 2F C4 56 00 E2 95 F9 56 00 EA 4D 72 56 00 EE 82 F0 56 00 ED D3 66 56 00 E8 CA E5 56 00 E1 A8 00 56 00 DB ...
[15:04:00.673] TICK #19  avail=170  bytes=2066  ON=0  ps=0  pi=0
  RAW[170]: 56 00 F7 31 6E 56 00 F5 FD 37 56 00 EF 75 15 56 00 E5 9D F6 56 00 DB A7 EF 56 00 D4 C9 79 56 00 D3 18 96 56 00 D6 CF 17 ...
[15:04:00.695] TICK #20  avail=169  bytes=2236  ON=0  ps=0  pi=0
  RAW[169]: 56 00 DE 78 E1 56 00 D9 7D 5D 56 00 D8 CD 0B 56 00 DD 15 AD 56 00 E5 11 D9 56 00 ED FB 39 56 00 F4 90 5A 56 00 F6 4B 3C ...
[15:04:00.738] TICK #22  avail=169  bytes=2405  ON=0  ps=0  pi=0
  RAW[169]: 95 56 00 D7 37 1B 56 00 DF 43 87 56 00 E7 7E 2C 56 00 EC E8 D5 56 00 ED C4 64 56 00 EA 2E 4F 56 00 E4 07 6B 56 00 DE 30 ...
[15:04:00.780] TICK #24  avail=170  bytes=2574  ON=0  ps=0  pi=0
  RAW[170]: 59 DB 56 00 F5 4B 11 56 00 EF 2B 8C 56 00 E5 D5 0D 56 00 DC 49 B7 56 00 D5 9F 04 56 00 D3 E0 DC 56 00 D7 57 33 56 00 DE ...
[15:04:00.801] TICK #25  avail=167  bytes=2744  ON=0  ps=0  pi=0
  RAW[167]: D5 2A 56 00 DC D1 C3 56 00 DC E0 E3 56 00 E1 88 9E 56 00 E9 70 6C 56 00 F1 D7 01 56 00 F7 94 D7 56 00 F8 4A 4B 56 00 F3 ...
[15:04:00.845] TICK #27  avail=170  bytes=2911  ON=0  ps=0  pi=0
  RAW[170]: 56 00 DA 3C 63 56 00 E2 52 90 56 00 E9 F0 30 56 00 EE 3B DE 56 00 ED B8 DA 56 00 E8 D2 D0 56 00 E1 B0 C9 56 00 DB 60 DF ...
[15:04:00.866] TICK #28  avail=169  bytes=3081  ON=0  ps=0  pi=0
  RAW[169]: 56 00 F5 FA C7 56 00 F0 0B 5A 56 00 E6 AA 8B 56 00 DC E3 68 56 00 D5 E4 24 56 00 D3 D8 F7 56 00 D7 26 5B 56 00 DE 4C 2C ...
[15:04:00.908] TICK #30  avail=166  bytes=3250  ON=0  ps=0  pi=0
  RAW[166]: 11 56 00 DB 3C AE 56 00 DA 13 0E 56 00 DD EC 21 56 00 E5 B7 10 56 00 EE CB 8B 56 00 F5 E0 CA 56 00 F8 42 F0 56 00 F4 D4 ...
[15:04:00.929] TICK #31  avail=173  bytes=3416  ON=0  ps=0  pi=0
  RAW[173]: 56 00 D9 B1 E8 56 00 E1 2B 5F 56 00 E8 A5 FF 56 00 ED 44 40 56 00 ED 5D AB 56 00 E9 1C 6A 56 00 E2 68 97 56 00 DC 2A 2F ...
[15:04:00.972] TICK #33  avail=172  bytes=3589  ON=0  ps=0  pi=0
  RAW[172]: E4 88 56 00 F0 4F 79 56 00 E7 2A 3B 56 00 DD 6B B5 56 00 D6 40 48 56 00 D3 E4 35 56 00 D6 D6 D4 56 00 DD B3 5E 56 00 E5 ...
[15:04:01.016] TICK #35  avail=170  bytes=3761  ON=0  ps=0  pi=0
  RAW[170]: 56 00 DA 22 42 56 00 DD D0 74 56 00 E5 90 E0 56 00 EE C8 81 56 00 F6 26 4C 56 00 F8 DC 49 56 00 F5 AB A7 56 00 ED 60 FD ...
[15:04:01.038] TICK #36  avail=169  bytes=3931  ON=0  ps=0  pi=0
  RAW[169]: 56 00 E8 43 91 56 00 ED FA FC 56 00 EF 03 AB 56 00 EB 45 42 56 00 E4 86 92 56 00 DD BA A3 56 00 D9 DC 6C 56 00 DA C7 10 ...
[15:04:01.083] TICK #38  avail=171  bytes=4100  ON=0  ps=0  pi=0
  RAW[171]: DE 56 00 E8 56 DA 56 00 DD F1 5A 56 00 D5 90 B8 56 00 D1 C5 68 56 00 D3 78 E8 56 00 D9 A4 D2 56 00 E1 C0 5C 56 00 E8 BA ...
[15:04:01.105] TICK #39  avail=170  bytes=4271  ON=0  ps=0  pi=0
  RAW[170]: 56 00 E2 D4 3A 56 00 E9 92 FE 56 00 F1 02 41 56 00 F6 49 D3 56 00 F7 29 2E 56 00 F2 DA 93 56 00 EA 6C 99 56 00 E0 6C C6 ...
[15:04:01.147] TICK #41  avail=170  bytes=4441  ON=0  ps=0  pi=0
  RAW[170]: 56 00 EC 6A AB 56 00 ED 2C 5F 56 00 E8 FB 1C 56 00 E1 B6 C4 56 00 DA 75 19 56 00 D6 54 9A 56 00 D7 4A F4 56 00 DD 61 17 ...
[15:04:01.170] TICK #42  avail=168  bytes=4611  ON=0  ps=0  pi=0
  RAW[168]: 56 00 E0 97 CC 56 00 D9 13 CB 56 00 D5 E4 10 56 00 D7 D6 BF 56 00 DD DC 8D 56 00 E5 75 A1 56 00 EB A8 C8 56 00 EE 25 48 ...
[15:04:01.213] TICK #44  avail=167  bytes=4779  ON=0  ps=0  pi=0
  RAW[167]: 18 FC 56 00 E5 7E 10 56 00 EE 65 19 56 00 F5 98 98 56 00 F8 58 D4 56 00 F5 62 FA 56 00 ED 6F 50 56 00 E2 F5 56 56 00 D9 ...
[15:04:01.235] TICK #45  avail=167  bytes=4946  ON=0  ps=0  pi=0
  RAW[167]: 56 00 EC A6 0F 56 00 EE 2F A1 56 00 EB 11 DC 56 00 E4 F2 18 56 00 DE A7 FA 56 00 DB 20 49 56 00 DC 36 7A 56 00 E1 F4 52 ...
[15:04:01.278] TICK #47  avail=168  bytes=5113  ON=0  ps=0  pi=0
  RAW[168]: E9 62 E7 56 00 DE ED F4 56 00 D6 50 6D 56 00 D2 44 04 56 00 D3 DE 4E 56 00 DA 33 26 56 00 E2 B3 C9 56 00 EA 28 33 56 00 ...
[15:04:01.300] TICK #48  avail=171  bytes=5281  ON=0  ps=0  pi=0
  RAW[171]: 56 00 DC 69 9D 56 00 E3 30 55 56 00 EB FE 87 56 00 F3 BE 1C 56 00 F7 9B 6D 56 00 F6 12 A0 56 00 EF 82 B6 56 00 E6 0D EB ...
[15:04:01.343] TICK #50  avail=172  bytes=5452  ON=0  ps=0  pi=0
  RAW[172]: 00 EC 46 E2 56 00 ED 95 AF 56 00 EA 73 5E 56 00 E4 6B F0 56 00 DE 37 B4 56 00 DA AB C6 56 00 DB 9D CD 56 00 E1 26 EA 56 ...
[15:04:01.365] TICK #51  avail=172  bytes=5624  ON=0  ps=0  pi=0
  RAW[172]: D8 83 56 00 D8 89 11 56 00 D4 89 5C 56 00 D5 F0 38 56 00 DB DF 66 56 00 E3 DE 3D 56 00 EA CC 41 56 00 EE 10 22 56 00 EC ...
[15:04:01.408] TICK #53  avail=167  bytes=5796  ON=0  ps=0  pi=0
  RAW[167]: 56 00 EC 76 63 56 00 F4 50 E9 56 00 F8 27 E7 56 00 F6 78 60 56 00 EF AE C8 56 00 E6 04 98 56 00 DC B3 BE 56 00 D6 CC 06 ...
[15:04:01.450] TICK #55  avail=168  bytes=5963  ON=0  ps=0  pi=0
  RAW[168]: EE B2 0F 56 00 EB 94 C3 56 00 E5 40 E6 56 00 DE 7E 2D 56 00 DA 49 FC 56 00 DA AE 7A 56 00 DF F3 8E 56 00 E8 78 21 56 00 ...
[15:04:01.471] TICK #56  avail=167  bytes=6131  ON=0  ps=0  pi=0
  RAW[167]: 56 00 D7 D6 2A 56 00 D3 11 E1 56 00 D4 28 62 56 00 DA 73 63 56 00 E3 7A E5 56 00 EB E1 79 56 00 F0 A2 66 56 00 F0 2C 41 ...
[15:04:01.526] TICK #58  avail=169  bytes=6298  ON=0  ps=0  pi=0
  RAW[169]: E0 B0 4F 56 00 E9 77 5D 56 00 F2 07 30 56 00 F7 3A 40 56 00 F7 0A 5F 56 00 F1 55 ED 56 00 E7 F2 5F 56 00 DE 04 B7 56 00 ...
[15:04:01.558] TICK #59  avail=226  bytes=6467  ON=0  ps=0  pi=0
  RAW[226]: 00 ED 6F 27 56 00 EC 1B 8A 56 00 E6 FC CE 56 00 E0 6C 1E 56 00 DB 59 21 56 00 DA 22 D0 56 00 DD A8 85 56 00 E4 ED 66 56 ...
[15:04:01.589] TICK #60  avail=242  bytes=6693  ON=0  ps=0  pi=0
  RAW[242]: DA 87 99 56 00 DD 28 72 56 00 E3 65 29 56 00 EB 33 E7 56 00 F1 CD 33 56 00 F4 B8 45 56 00 F2 BD 51 56 00 EC 62 7F 56 00 ...
[15:04:01.653] TICK #62  avail=236  bytes=6935  ON=0  ps=0  pi=0
  RAW[236]: 42 56 00 DC 31 27 56 00 D3 FE 7A 56 00 D0 E5 43 56 00 D3 A1 8B 56 00 DA E6 18 56 00 E3 DD F6 56 00 EB 3C 5E 56 00 EE 75 ...
[15:04:01.684] TICK #63  avail=242  bytes=7171  ON=0  ps=0  pi=0
  RAW[242]: 56 00 ED 70 25 56 00 EE 00 4F 56 00 EA 2D 50 56 00 E3 DE 3E 56 00 DD F8 0B 56 00 DB 3A A0 56 00 DD 2B F3 56 00 E3 7A 60 ...
[15:04:01.746] TICK #65  avail=238  bytes=7413  ON=0  ps=0  pi=0
  RAW[238]: E8 D9 FA 56 00 F0 CE D3 56 00 F6 06 E5 56 00 F6 58 D5 56 00 F1 4E E2 56 00 E8 5A F4 56 00 DE 55 C2 56 00 D6 79 50 56 00 ...
[15:04:01.779] TICK #66  avail=235  bytes=7651  ON=0  ps=0  pi=0
  RAW[235]: 56 00 D3 77 22 56 00 D3 26 02 56 00 D8 0F 09 56 00 E0 15 AD 56 00 E8 1D 4F 56 00 ED 34 5A 56 00 ED AB 09 56 00 E9 AE 53 ...
[15:04:01.840] TICK #68  avail=236  bytes=7886  ON=0  ps=0  pi=0
  RAW[236]: 56 00 EC 1F 22 56 00 E6 55 7D 56 00 DF E4 49 56 00 DB A5 8E 56 00 DB 9C 69 56 00 E0 29 F8 56 00 E7 E0 AB 56 00 F0 06 F6 ...
[15:04:01.891] TICK #69  avail=239  bytes=8122  ON=0  ps=0  pi=0
  RAW[239]: 00 ED 62 4D 56 00 F4 7E 0D 56 00 F7 3C 68 56 00 F4 59 AA 56 00 EC 8A 5B 56 00 E2 3E DD 56 00 D8 C3 FF 56 00 D3 13 2B 56 ...
[15:04:01.918] TICK #70  avail=235  bytes=8361  ON=0  ps=0  pi=0
  RAW[235]: 56 00 D3 45 C4 56 00 D6 B4 6E 56 00 DE 1E A1 56 00 E6 A5 F4 56 00 ED 27 74 56 00 EF 66 A0 56 00 EC DF 21 56 00 E6 EE 36 ...
[15:04:01.982] TICK #72  avail=240  bytes=8596  ON=0  ps=0  pi=0
  RAW[240]: 56 00 E6 36 C9 56 00 DF 89 A3 56 00 DA 08 57 56 00 D8 4B 31 56 00 DB 7A 68 56 00 E2 D3 3C 56 00 EB E5 CE 56 00 F3 76 9A ...
[15:04:02.012] TICK #73  avail=235  bytes=8836  ON=0  ps=0  pi=0
  RAW[235]: 56 00 F6 C6 08 56 00 F6 E7 E0 56 00 F1 64 EF 56 00 E7 D7 4C 56 00 DD 44 67 56 00 D5 09 F1 56 00 D1 AA C9 56 00 D3 ED 00 ...
[15:04:02.072] TICK #74  avail=235  bytes=9071  ON=0  ps=0  pi=0
  RAW[235]: 56 00 D3 4D BE 56 00 D8 F9 13 56 00 E1 1A 1F 56 00 E8 9C C8 56 00 EC CA B0 56 00 EC 4E 20 56 00 E7 AE 8D 56 00 E1 17 B8 ...
[15:04:02.104] TICK #75  avail=232  bytes=9306  ON=0  ps=0  pi=0
  RAW[232]: 56 00 E4 CD EF 56 00 DE 67 2D 56 00 DA 40 4B 56 00 DA 6D 7B 56 00 DF 51 0E 56 00 E7 6D 07 56 00 EF EA 97 56 00 F5 A6 1C ...
[15:04:02.143] TICK #76  avail=193  bytes=9538  ON=0  ps=0  pi=0
  RAW[193]: EC EF B7 56 00 F4 13 DE 56 00 F6 DF FF 56 00 F4 10 8E 56 00 EC 5B FF 56 00 E2 36 AF 56 00 D8 F2 6C 56 00 D3 8C 24 56 00 ...
[15:04:02.206] TICK #78  avail=241  bytes=9731  ON=0  ps=0  pi=0
  RAW[241]: 56 00 E2 FA 6B 56 00 EB 3E 1E 56 00 F2 FE 23 56 00 F7 5A 0E 56 00 F6 84 27 56 00 F0 77 28 56 00 E7 04 04 56 00 DD 31 05 ...
[15:04:02.238] TICK #79  avail=239  bytes=9972  ON=0  ps=0  pi=0
  RAW[239]: 00 D6 D8 1E 56 00 D1 6D 4D 56 00 D1 B0 46 56 00 D7 1C 92 56 00 DF 66 33 56 00 E7 5C 2D 56 00 EC 1C 46 56 00 EC 24 B3 56 ...
[15:04:02.301] TICK #81  avail=247  bytes=10211  ON=0  ps=0  pi=0
  RAW[247]: 56 00 EA FD CF 56 00 E4 F2 6B 56 00 DE 72 4B 56 00 DA 7A 54 56 00 DB 12 8C 56 00 E0 7D A5 56 00 E9 12 E5 56 00 F1 D2 4B ...
[15:04:02.333] TICK #82  avail=236  bytes=10458  ON=0  ps=0  pi=0
  RAW[236]: F4 58 9A 56 00 F7 B2 0F 56 00 F5 7F 58 56 00 EE 59 48 56 00 E4 98 81 56 00 DB 7C 0C 56 00 D5 FB FD 56 00 D5 B7 CB 56 00 ...
[15:04:02.394] TICK #84  avail=236  bytes=10694  ON=0  ps=0  pi=0
  RAW[236]: 48 FA 56 00 D6 13 1E 56 00 DC BF 3B 56 00 E4 9A DF 56 00 EA AC 64 56 00 EC D3 04 56 00 EA 91 9A 56 00 E5 36 C2 56 00 DF ...
[15:04:02.426] TICK #85  avail=236  bytes=10930  ON=0  ps=0  pi=0
  RAW[236]: 54 56 00 DE FD A5 56 00 D9 1B C8 56 00 D6 FC 14 56 00 D9 DB 55 56 00 E1 14 CE 56 00 EA 57 04 56 00 F2 79 82 56 00 F6 A3 ...
[15:04:02.487] TICK #87  avail=232  bytes=11166  ON=0  ps=0  pi=0
  RAW[232]: 56 00 F7 A5 04 56 00 F6 87 31 56 00 F0 24 E3 56 00 E6 73 2A 56 00 DC 8F 75 56 00 D5 A4 8E 56 00 D3 CA 53 56 00 D7 4A 2C ...
[15:04:02.518] TICK #88  avail=236  bytes=11398  ON=0  ps=0  pi=0
  RAW[236]: D2 53 1E 56 00 D3 2D DB 56 00 D8 AC 58 56 00 E0 75 81 56 00 E7 82 6C 56 00 EB 44 E5 56 00 EA 9B CB 56 00 E6 39 28 56 00 ...
[15:04:02.581] TICK #90  avail=237  bytes=11634  ON=0  ps=0  pi=0
  RAW[237]: 93 3B 56 00 E2 3E 1C 56 00 DB FF E0 56 00 D8 B2 50 56 00 DA 15 22 56 00 E0 19 73 56 00 E8 DB 5D 56 00 F1 4D 9B 56 00 F6 ...
[15:04:02.612] TICK #91  avail=238  bytes=11871  ON=0  ps=0  pi=0
  RAW[238]: 56 00 F5 DF 78 56 00 F7 0E 9D 56 00 F2 AC AA 56 00 E9 D0 89 56 00 DF 27 02 56 00 D6 02 11 56 00 D1 2A 32 56 00 D1 E1 68 ...
[15:04:02.675] TICK #93  avail=242  bytes=12109  ON=0  ps=0  pi=0
  RAW[242]: 30 7A 56 00 D5 0F D0 56 00 DB D8 C2 56 00 E3 BD 46 56 00 E9 B6 08 56 00 EB A7 D3 56 00 E9 2B 6A 56 00 E3 AB FB 56 00 DD ...
[15:04:02.706] TICK #94  avail=233  bytes=12351  ON=0  ps=0  pi=0
  RAW[233]: 56 00 DB FC 34 56 00 DA 64 E5 56 00 DD A4 AD 56 00 E4 DD D9 56 00 ED 97 33 56 00 F4 A5 59 56 00 F7 59 D4 56 00 F4 86 26 ...
[15:04:02.768] TICK #96  avail=237  bytes=12584  ON=0  ps=0  pi=0
  RAW[237]: BA 58 56 00 F5 C9 E9 56 00 EF 7E 2B 56 00 E5 B3 81 56 00 DB 84 94 56 00 D4 2E FA 56 00 D1 EA B5 56 00 D5 22 34 56 00 DC ...
[15:04:02.799] TICK #97  avail=231  bytes=12821  ON=0  ps=0  pi=0
  RAW[231]: 56 00 D9 BB 64 56 00 E2 0F 12 56 00 E9 90 8D 56 00 ED 8D 9F 56 00 EC CD 13 56 00 E7 FD 8E 56 00 E1 6A CA 56 00 DC 16 78 ...
[15:04:02.860] TICK #99  avail=231  bytes=13052  ON=0  ps=0  pi=0
  RAW[231]: 00 E4 77 EE 56 00 DD EB 5B 56 00 DA 12 9F 56 00 DA D3 C6 56 00 E0 4B 92 56 00 E8 B8 C9 56 00 F1 1C AA 56 00 F6 55 80 56 ...
[15:04:02.891] TICK #100  avail=234  bytes=13283  ON=0  ps=0  pi=0
  RAW[234]: EC D7 CA 56 00 F4 4D 5D 56 00 F7 3F 32 56 00 F4 69 98 56 00 EC 90 5C 56 00 E2 3C A2 56 00 D8 D4 D1 56 00 D3 63 D9 56 00 ...
[15:04:02.959] TICK #102  avail=234  bytes=13517  ON=0  ps=0  pi=0
  RAW[234]: 00 D6 6D 85 56 00 D3 D4 F1 56 00 D6 6C 07 56 00 DC D9 C3 56 00 E4 7B B9 56 00 EA 6B FF 56 00 EC 9A 46 56 00 EA 8E 9B 56 ...
[15:04:03.001] TICK #103  avail=190  bytes=13751  ON=0  ps=0  pi=0
  RAW[190]: 56 00 EC 55 CD 56 00 E6 EF 13 56 00 DF F4 12 56 00 DA 7F 89 56 00 D9 21 77 56 00 DC DF 18 56 00 E4 C6 2E 56 00 EE 3C 9A ...
[15:04:03.032] TICK #104  avail=215  bytes=13941  ON=0  ps=0  pi=0
  RAW[215]: 56 00 E8 54 D4 56 00 ED CE A3 56 00 EE A9 EE 56 00 EA D2 F0 56 00 E4 11 C5 56 00 DD 58 2B 56 00 D9 9E A9 56 00 DA BE 04 ...
[15:04:03.039] --- Stream ON ---
[15:04:03.076] TICK #105  avail=297  bytes=14156  ON=1  ps=0  pi=0
  RAW[297]: 56 00 EB CC 63 56 00 E6 CE 19 56 00 E0 71 52 56 00 DB 9D C4 56 00 DA A4 13 56 00 DE 54 65 56 00 E5 A6 FE 56 00 EE 17 A2 ...
  PARSED: 59
[15:04:05.824] Desconectado.
