=== geophone_scope_simple — 04-May-2026 15:04:34 ===
[15:04:34.946] Conectado COM7 @ 115200
[15:04:34.951] TICK #1  avail=188  bytes=0  ON=0  ps=0  pi=0
  RAW[188]: 56 00 EB 96 5F 56 00 E6 38 67 56 00 E4 54 68 56 00 E6 50 95 56 00 EB 42 BC 56 00 F1 4A C6 56 00 F6 45 C3 56 00 F8 96 5F ...
[15:04:34.972] TICK #2  avail=172  bytes=188  ON=0  ps=0  pi=0
  RAW[172]: C9 22 56 00 FA DE B6 56 00 F4 D0 98 56 00 ED 69 B9 56 00 E6 F3 13 56 00 E3 64 C6 56 00 E3 B4 48 56 00 E7 81 81 56 00 ED ...
[15:04:35.015] TICK #4  avail=169  bytes=360  ON=0  ps=0  pi=0
  RAW[169]: 56 00 EC 21 2B 56 00 ED 3A 3B 56 00 F1 42 94 56 00 F6 F3 CD 56 00 FC 48 92 56 00 FF 3C 85 56 00 FE 8D DB 56 00 FA 39 41 ...
[15:04:35.037] TICK #5  avail=175  bytes=529  ON=0  ps=0  pi=0
  RAW[175]: A0 56 00 F0 03 95 56 00 F4 92 BC 56 00 F6 EB 72 56 00 F6 6D BA 56 00 F3 A6 00 56 00 F0 0D AC 56 00 ED 71 49 56 00 ED 36 ...
[15:04:35.081] TICK #7  avail=171  bytes=704  ON=0  ps=0  pi=0
  RAW[171]: 07 56 00 F5 C8 C3 56 00 EE 7D 70 56 00 E7 D0 8A 56 00 E3 CA 6C 56 00 E3 89 F0 56 00 E6 E3 33 56 00 EC 77 01 56 00 F2 38 ...
[15:04:35.103] TICK #8  avail=170  bytes=875  ON=0  ps=0  pi=0
  RAW[170]: 56 00 ED 74 01 56 00 F0 DD 68 56 00 F5 F7 E5 56 00 FA D9 14 56 00 FD 7F B5 56 00 FC 97 A7 56 00 F8 00 B6 56 00 F0 E5 BE ...
[15:04:35.145] TICK #10  avail=170  bytes=1045  ON=0  ps=0  pi=0
  RAW[170]: 56 00 F2 56 48 56 00 F5 7C EB 56 00 F5 89 CA 56 00 F2 E3 67 56 00 EF 02 21 56 00 EB D7 F4 56 00 EB 0B 0F 56 00 ED 4D CC ...
[15:04:35.167] TICK #11  avail=168  bytes=1215  ON=0  ps=0  pi=0
  RAW[168]: 56 00 F0 A5 9D 56 00 E9 8B 19 56 00 E5 07 CF 56 00 E4 75 53 56 00 E7 CA 93 56 00 ED A3 BC 56 00 F3 C7 75 56 00 F7 FA 59 ...
[15:04:35.210] TICK #13  avail=171  bytes=1383  ON=0  ps=0  pi=0
  RAW[171]: A9 A6 56 00 EE 26 CF 56 00 F2 EA C2 56 00 F8 33 4E 56 00 FB F0 33 56 00 FC 8C 9F 56 00 F9 8A EE 56 00 F3 B9 2D 56 00 EC ...
[15:04:35.254] TICK #15  avail=166  bytes=1554  ON=0  ps=0  pi=0
  RAW[166]: BF 56 00 F6 96 6C 56 00 F6 23 B7 56 00 F3 09 BC 56 00 EE CF E4 56 00 EB 7A 5A 56 00 EA C0 0A 56 00 ED 5A F5 56 00 F2 B5 ...
[15:04:35.275] TICK #16  avail=166  bytes=1720  ON=0  ps=0  pi=0
  RAW[166]: 56 00 F0 AC 2E 56 00 E9 22 1C 56 00 E3 AD 80 56 00 E1 EA 72 56 00 E4 2F 00 56 00 E9 73 F5 56 00 EF BB 37 56 00 F4 CE AD ...
[15:04:35.317] TICK #18  avail=170  bytes=1886  ON=0  ps=0  pi=0
  RAW[170]: 00 EA A8 78 56 00 ED 96 24 56 00 F2 C3 F2 56 00 F8 60 E9 56 00 FC 4E 9D 56 00 FC EB 8B 56 00 F9 B2 55 56 00 F3 73 23 56 ...
[15:04:35.338] TICK #19  avail=169  bytes=2056  ON=0  ps=0  pi=0
  RAW[169]: 00 F1 69 3C 56 00 F5 1D 5B 56 00 F5 F8 88 56 00 F4 11 7E 56 00 F0 A3 3B 56 00 ED 8C 82 56 00 EC 8F C7 56 00 EE 9C 44 56 ...
[15:04:35.367] --- Stream ON ---
[15:04:35.380] TICK #21  avail=167  bytes=2225  ON=1  ps=0  pi=0
  RAW[167]: 56 00 F4 D7 B8 56 00 ED 76 33 56 00 E7 65 2C 56 00 E4 63 17 56 00 E5 14 1E 56 00 E8 D1 8A 56 00 ED F2 86 56 00 F2 72 DD ...
  PARSED: 33
[15:07:32.596] --- Stream OFF ---
[15:07:33.708] Desconectado.
