=== geophone_scope_simple — 04-May-2026 13:01:10 ===
[13:01:10.261] Conectado COM6 @ 115200
[13:01:10.651] TICK #1  avail=2478  bytes=0  ON=0  ps=0  pi=0
  RAW[2478]: 56 00 FE F9 89 56 00 FF 44 36 56 00 FF 77 42 56 00 FF 04 8A 56 00 FE D3 7B 56 00 FF 24 24 56 00 FF 1A 34 56 00 FE EB B9 ...
[13:01:10.735] TICK #2  avail=470  bytes=2478  ON=0  ps=0  pi=0
  RAW[470]: D3 08 56 00 FC 9C 52 56 00 FB 01 2F 56 00 FA F3 77 56 00 F9 B6 7A 56 00 F9 EF 3C 56 00 FB AA 31 56 00 FC EA C1 56 00 FD ...
[13:01:10.871] TICK #3  avail=712  bytes=2948  ON=0  ps=0  pi=0
  RAW[712]: 7F 10 56 00 FE BD E7 56 00 FE CD E5 56 00 FF 27 50 56 00 FF 0F 63 56 00 FE E7 C5 56 00 FE CB 40 56 00 FE 2A EB 56 00 FD ...
[13:01:10.972] TICK #4  avail=475  bytes=3660  ON=0  ps=0  pi=0
  RAW[475]: 56 00 B7 52 80 56 00 B7 52 80 56 00 B7 52 80 56 00 B7 52 80 56 00 B7 52 80 56 00 B7 52 80 56 00 B7 52 80 56 00 B7 52 80 ...
[13:01:11.024] TICK #5  avail=237  bytes=4135  ON=0  ps=0  pi=0
  RAW[237]: 56 00 EC 46 B2 56 00 BF 6A 55 56 00 B7 52 80 56 00 B7 52 80 56 00 B7 52 80 56 00 B7 52 80 56 00 B7 52 80 56 00 B7 52 80 ...
[13:01:11.108] TICK #6  avail=478  bytes=4372  ON=0  ps=0  pi=0
  RAW[478]: FD FE A5 56 00 FE 57 ED 56 00 FE 3A F1 56 00 FE 5B 67 56 00 FE 3E 47 56 00 FC 7A C2 56 00 FA 58 6C 56 00 FA 87 C6 56 00 ...
[13:01:11.176] TICK #7  avail=240  bytes=4850  ON=0  ps=0  pi=0
  RAW[240]: 56 00 FC 4E 36 56 00 FC F9 76 56 00 FD E6 75 56 00 FE 50 68 56 00 FE 87 3B 56 00 FE 78 7F 56 00 FD AF 52 56 00 FD D2 55 ...
[13:01:11.201] TICK #8  avail=235  bytes=5090  ON=0  ps=0  pi=0
  RAW[235]: 56 00 FD 03 DA 56 00 FD 6D 72 56 00 FD 89 C5 56 00 FD 84 FB 56 00 FC 70 F4 56 00 FC 29 E4 56 00 FB EA 10 56 00 F8 7A C7 ...
[13:01:11.239] TICK #9  avail=240  bytes=5325  ON=0  ps=0  pi=0
  RAW[240]: 56 00 FA 37 E6 56 00 F8 9F 73 56 00 F9 EC AD 56 00 FA E4 56 56 00 FB 6A 03 56 00 FB C2 52 56 00 FC DF ED 56 00 FD 11 15 ...
[13:01:11.280] TICK #10  avail=239  bytes=5565  ON=0  ps=0  pi=0
  RAW[239]: 56 00 FE 02 25 56 00 FE 59 A5 56 00 FE 47 EC 56 00 FE F1 84 56 00 FE D8 A7 56 00 FE 78 8F 56 00 FE 7E 7D 56 00 FE 7F 30 ...
[13:01:11.342] TICK #12  avail=236  bytes=5804  ON=0  ps=0  pi=0
  RAW[236]: E5 56 00 FE B1 C8 56 00 FE 49 24 56 00 FD D6 39 56 00 FD 08 99 56 00 FC F2 67 56 00 FB C0 1C 56 00 FA B1 3C 56 00 FB 9E ...
[13:01:12.260] TICK #13  avail=4521  bytes=6040  ON=0  ps=0  pi=0
  RAW[4521]: 56 00 34 D6 16 56 00 48 AD 80 56 00 48 AD 80 56 00 48 AD 80 56 00 48 AD 80 56 00 48 AD 80 56 00 48 AD 80 56 00 48 78 88 ...
[13:01:12.299] TICK #14  avail=234  bytes=10561  ON=0  ps=0  pi=0
  RAW[234]: 00 FB FE BE 56 00 FB 50 67 56 00 FA 9F EE 56 00 FB 36 0E 56 00 F9 0D F4 56 00 F5 7E 71 56 00 F6 F2 F6 56 00 F7 F6 AD 56 ...
[13:01:12.331] TICK #15  avail=245  bytes=10795  ON=0  ps=0  pi=0
  RAW[245]: 56 00 F5 E7 15 56 00 F8 E9 1E 56 00 F9 EF 31 56 00 FA 32 9E 56 00 FA 53 2F 56 00 FB 41 C2 56 00 FA 70 68 56 00 FA BC D4 ...
[13:01:12.363] TICK #16  avail=238  bytes=11040  ON=0  ps=0  pi=0
  RAW[238]: 56 00 13 08 5A 56 00 11 C0 94 56 00 10 28 45 56 00 0F 8C 23 56 00 0F BC 7D 56 00 10 D5 02 56 00 12 EE 99 56 00 17 7D 72 ...
[13:01:12.424] TICK #18  avail=232  bytes=11278  ON=0  ps=0  pi=0
  RAW[232]: 39 3E 56 00 F8 22 B3 56 00 F8 CF 73 56 00 F7 52 5E 56 00 F7 CB 2A 56 00 F8 66 CA 56 00 F9 5F D3 56 00 F9 F6 25 56 00 F9 ...
[13:01:12.461] TICK #19  avail=236  bytes=11510  ON=0  ps=0  pi=0
  RAW[236]: 56 00 F3 B9 F3 56 00 F0 C1 C2 56 00 F1 7F 66 56 00 F1 DF 63 56 00 F0 DE 9B 56 00 F3 B7 3F 56 00 F5 37 07 56 00 F7 5B E4 ...
[13:01:12.519] TICK #21  avail=239  bytes=11746  ON=0  ps=0  pi=0
  RAW[239]: 00 FC FF 36 56 00 FD 5C 5B 56 00 FC A3 7E 56 00 FA EF 7E 56 00 FA F6 CB 56 00 FC 52 F3 56 00 FC 7E 7F 56 00 FA E8 4D 56 ...
[13:01:12.550] TICK #22  avail=242  bytes=11985  ON=0  ps=0  pi=0
  RAW[242]: 56 00 F6 B1 F3 56 00 F7 8B 10 56 00 F5 0F 75 56 00 F1 99 9F 56 00 F5 09 03 56 00 F7 EF 9B 56 00 FA 80 A9 56 00 FB CF E5 ...
[13:01:12.670] TICK #24  avail=467  bytes=12227  ON=0  ps=0  pi=0
  RAW[467]: FA 32 32 56 00 FA 93 06 56 00 FC 20 E5 56 00 FC 60 52 56 00 FB 84 5D 56 00 FD 1B 88 56 00 FD A6 38 56 00 FD E5 EB 56 00 ...
[13:01:12.706] TICK #25  avail=245  bytes=12694  ON=0  ps=0  pi=0
  RAW[245]: A9 56 00 FA 6D F4 56 00 F9 D6 90 56 00 F7 C3 35 56 00 F8 93 41 56 00 F9 73 C7 56 00 F9 FD 62 56 00 FA 4E 66 56 00 F9 27 ...
[13:01:12.738] TICK #26  avail=236  bytes=12939  ON=0  ps=0  pi=0
  RAW[236]: 01 56 00 FA 00 FA 56 00 FA DF E7 56 00 FC 4D 6D 56 00 FD 42 CC 56 00 FD B5 E4 56 00 FD B6 47 56 00 FD 37 AE 56 00 FA 58 ...
[13:01:12.800] TICK #28  avail=240  bytes=13175  ON=0  ps=0  pi=0
  RAW[240]: 56 00 F8 32 3C 56 00 F6 02 DD 56 00 F0 38 C1 56 00 F1 1A C6 56 00 F4 63 7A 56 00 F5 CF DA 56 00 F6 52 AB 56 00 F7 E7 FC ...
[13:01:12.832] TICK #29  avail=236  bytes=13415  ON=0  ps=0  pi=0
  RAW[236]: 56 00 F8 AC 4B 56 00 F4 EE 57 56 00 F7 8F EF 56 00 F8 6B 66 56 00 F9 9A 25 56 00 FA F0 16 56 00 FB D0 EB 56 00 FC 6C 94 ...
[13:01:12.894] TICK #31  avail=241  bytes=13651  ON=0  ps=0  pi=0
  RAW[241]: 00 FB F4 15 56 00 FC F5 7E 56 00 FD 36 38 56 00 FC AB D3 56 00 FC B6 14 56 00 FC D7 87 56 00 FD 20 B4 56 00 FD 98 E8 56 ...
[13:01:12.925] TICK #32  avail=228  bytes=13892  ON=0  ps=0  pi=0
  RAW[228]: F4 E6 AC 56 00 F8 D7 4B 56 00 FA 1C 2C 56 00 F9 77 62 56 00 F7 F6 4C 56 00 F8 20 91 56 00 F8 09 AE 56 00 F6 C1 D3 56 00 ...
[13:01:12.985] TICK #34  avail=240  bytes=14120  ON=0  ps=0  pi=0
  RAW[240]: 56 00 F7 F7 E0 56 00 F6 28 57 56 00 F3 88 BB 56 00 F9 28 C1 56 00 FB 1F 78 56 00 FD E1 72 56 00 FF B9 7B 56 00 06 88 16 ...
[13:01:13.018] TICK #35  avail=237  bytes=14360  ON=0  ps=0  pi=0
  RAW[237]: 56 00 B7 52 80 56 00 B7 52 80 56 00 B7 52 80 56 00 B7 52 80 56 00 B7 52 80 56 00 BD AB 52 56 00 DC 37 66 56 00 EE 0A AB ...
[13:01:13.080] TICK #37  avail=233  bytes=14597  ON=0  ps=0  pi=0
  RAW[233]: 06 42 05 56 00 FD 67 F5 56 00 FC AD 76 56 00 FB 27 B2 56 00 F7 33 87 56 00 F4 45 20 56 00 F2 FB E6 56 00 E9 34 97 56 00 ...
[13:01:13.111] TICK #38  avail=235  bytes=14830  ON=0  ps=0  pi=0
  RAW[235]: 56 00 F2 4F EA 56 00 F8 F3 2E 56 00 FC 57 0F 56 00 FE 17 E5 56 00 FF 04 00 56 00 01 4F 6B 56 00 13 A9 96 56 00 2A C1 E3 ...
[13:01:13.173] TICK #40  avail=235  bytes=15065  ON=0  ps=0  pi=0
  RAW[235]: 56 00 48 AD 80 56 00 48 AD 80 56 00 48 AD 80 56 00 48 AD 80 56 00 48 AD 80 56 00 48 AD 80 56 00 48 AD 80 56 00 48 AD 80 ...
[13:01:13.192] --- Stream ON ---
[13:01:13.207] TICK #41  avail=232  bytes=15300  ON=1  ps=0  pi=0
  RAW[232]: 56 00 F5 89 38 56 00 F7 49 D9 56 00 F8 A4 DF 56 00 F8 73 8C 56 00 F8 74 22 56 00 F6 A7 BD 56 00 F7 C1 0E 56 00 F6 21 45 ...
  PARSED: 46
[13:01:13.467] TICK #42  avail=1185  bytes=15532  ON=1  ps=1  pi=2
  RAW[1185]: ED 60 F2 56 00 EB AB 73 56 00 ED 28 65 56 00 E9 F8 5F 56 00 EC 93 00 56 00 F3 E8 07 56 00 F7 38 46 56 00 F8 06 B5 56 00 ...
  PARSED: 237
[13:01:13.550] TICK #43  avail=481  bytes=16717  ON=1  ps=1  pi=2
  RAW[481]: FA BE 19 56 00 F8 33 BA 56 00 F5 97 F5 56 00 F2 D7 28 56 00 ED 46 EB 56 00 E0 8C 43 56 00 D0 83 4F 56 00 B9 A6 AF 56 00 ...
  PARSED: 96
[13:01:13.594] TICK #44  avail=237  bytes=17198  ON=1  ps=1  pi=3
  RAW[237]: 4D E6 56 00 FC 74 C1 56 00 FB E9 B5 56 00 FB DB 6D 56 00 F9 CC E6 56 00 F7 B9 0B 56 00 F5 28 DC 56 00 E2 AB B8 56 00 BC ...
  PARSED: 48
[13:01:13.660] TICK #45  avail=233  bytes=17435  ON=1  ps=0  pi=5
  RAW[233]: 56 00 09 C0 F9 56 00 15 D6 F9 56 00 1E 5F 21 56 00 20 A5 72 56 00 26 CD B2 56 00 32 DF AB 56 00 3E 0A A9 56 00 48 7A 08 ...
  PARSED: 46
[13:01:13.708] TICK #46  avail=232  bytes=17668  ON=1  ps=1  pi=3
  RAW[232]: AD 80 56 00 48 AD 80 56 00 48 AD 80 56 00 48 AD 80 56 00 48 AD 80 56 00 48 AD 80 56 00 48 AD 80 56 00 48 AD 80 56 00 48 ...
  PARSED: 47
[13:01:13.746] TICK #47  avail=238  bytes=17900  ON=1  ps=0  pi=5
  RAW[238]: 56 00 B7 52 80 56 00 B7 52 80 56 00 B7 52 80 56 00 B7 52 80 56 00 B7 52 80 56 00 B7 52 80 56 00 B7 52 80 56 00 B7 52 80 ...
  PARSED: 47
[13:01:13.782] TICK #48  avail=242  bytes=18138  ON=1  ps=1  pi=3
  RAW[242]: AD 80 56 00 48 AD 80 56 00 48 AD 80 56 00 48 AD 80 56 00 48 AD 80 56 00 48 AD 80 56 00 48 AD 80 56 00 48 AD 80 56 00 48 ...
  PARSED: 49
[13:01:13.822] TICK #49  avail=235  bytes=18380  ON=1  ps=0  pi=5
  RAW[235]: 56 00 48 AD 80 56 00 48 AD 80 56 00 48 AD 80 56 00 48 AD 80 56 00 48 AD 80 56 00 48 AD 80 56 00 48 AD 80 56 00 48 AD 80 ...
  PARSED: 47
[13:01:13.861] TICK #50  avail=240  bytes=18615  ON=1  ps=0  pi=5
  RAW[240]: 56 00 B7 52 80 56 00 B7 52 80 56 00 B7 52 80 56 00 B7 52 80 56 00 B7 52 80 56 00 B7 52 80 56 00 B7 52 80 56 00 B7 52 80 ...
  PARSED: 48
[13:01:13.937] TICK #52  avail=235  bytes=18855  ON=1  ps=0  pi=5
  RAW[235]: 56 00 48 AD 80 56 00 48 AD 80 56 00 48 AD 80 56 00 48 AD 80 56 00 48 AD 80 56 00 48 AD 80 56 00 48 AD 80 56 00 48 AD 80 ...
  PARSED: 47
[13:01:13.975] TICK #53  avail=235  bytes=19090  ON=1  ps=0  pi=5
  RAW[235]: 56 00 48 AD 80 56 00 48 AD 80 56 00 48 AD 80 56 00 48 AD 80 56 00 48 AD 80 56 00 48 AD 80 56 00 48 AD 80 56 00 48 AD 80 ...
  PARSED: 47
[13:01:14.014] TICK #54  avail=235  bytes=19325  ON=1  ps=0  pi=5
  RAW[235]: 56 00 48 AD 80 56 00 48 AD 80 56 00 48 AD 80 56 00 48 AD 80 56 00 48 AD 80 56 00 48 AD 80 56 00 48 AD 80 56 00 48 AD 80 ...
  PARSED: 47
[13:01:14.056] TICK #55  avail=235  bytes=19560  ON=1  ps=0  pi=5
  RAW[235]: 56 00 00 91 DB 56 00 00 69 A5 56 00 00 51 57 56 00 00 41 C0 56 00 F9 CA 1D 56 00 E9 DD 26 56 00 DC AF 76 56 00 D3 8A AC ...
  PARSED: 47
[13:01:14.094] TICK #56  avail=240  bytes=19795  ON=1  ps=0  pi=5
  RAW[240]: 56 00 48 AD 80 56 00 48 AD 80 56 00 48 AD 80 56 00 48 AD 80 56 00 48 AD 80 56 00 48 AD 80 56 00 48 AD 80 56 00 48 AD 80 ...
  PARSED: 48
[13:01:14.141] TICK #57  avail=239  bytes=20035  ON=1  ps=0  pi=5
  RAW[239]: 56 00 CE 28 BB 56 00 CB 79 34 56 00 CA 4B 2D 56 00 C8 6E 37 56 00 C6 6B 15 56 00 C4 49 F4 56 00 C2 D4 EC 56 00 C0 AB 81 ...
  PARSED: 47
[13:01:14.203] TICK #59  avail=237  bytes=20274  ON=1  ps=1  pi=4
  RAW[237]: 80 56 00 48 AD 80 56 00 48 AD 80 56 00 48 AD 80 56 00 48 AD 80 56 00 48 AD 80 56 00 48 AD 80 56 00 48 AD 80 56 00 48 AD ...
  PARSED: 48
[13:01:14.242] TICK #60  avail=239  bytes=20511  ON=1  ps=1  pi=1
  RAW[239]: 00 C9 15 E1 56 00 C8 31 17 56 00 C7 81 01 56 00 C6 68 2C 56 00 C5 5D A1 56 00 C4 72 F9 56 00 C3 91 0F 56 00 C2 EA 9E 56 ...
  PARSED: 48
[13:01:14.286] TICK #61  avail=230  bytes=20750  ON=1  ps=0  pi=5
  RAW[230]: 56 00 48 AD 80 56 00 48 AD 80 56 00 48 AD 80 56 00 48 AD 80 56 00 48 AD 80 56 00 48 AD 80 56 00 48 AD 80 56 00 48 AD 80 ...
  PARSED: 46
[13:01:14.359] TICK #63  avail=235  bytes=20980  ON=1  ps=0  pi=5
  RAW[235]: 56 00 00 17 E3 56 00 00 15 14 56 00 00 11 60 56 00 FF 2C D1 56 00 F8 20 85 56 00 F2 53 CD 56 00 EF 9C 3B 56 00 EE BB 73 ...
  PARSED: 47
[13:01:14.396] TICK #64  avail=237  bytes=21215  ON=1  ps=0  pi=5
  RAW[237]: 56 00 40 B1 17 56 00 37 BF C9 56 00 35 E7 C1 56 00 3F 5B 34 56 00 48 8F D4 56 00 48 AD 80 56 00 48 AD 80 56 00 48 AD 80 ...
  PARSED: 47
[13:01:14.436] TICK #65  avail=238  bytes=21452  ON=1  ps=1  pi=2
  RAW[238]: DE 79 3A 56 00 E0 A7 94 56 00 E1 7B 65 56 00 E2 88 CB 56 00 F1 FD CA 56 00 1C E2 6D 56 00 39 AE 9B 56 00 45 F9 9F 56 00 ...
  PARSED: 48
[13:01:14.499] TICK #66  avail=234  bytes=21690  ON=1  ps=0  pi=5
  RAW[234]: 56 00 42 02 61 56 00 32 DE AF 56 00 2A 50 37 56 00 25 3F 52 56 00 1C F0 67 56 00 1C 6B FF 56 00 22 BB 33 56 00 2D C0 E7 ...
  PARSED: 46
[13:01:14.537] TICK #67  avail=237  bytes=21924  ON=1  ps=1  pi=4
  RAW[237]: 03 56 00 11 17 AA 56 00 13 8D 4E 56 00 14 7A 53 56 00 21 7D F8 56 00 36 65 B1 56 00 48 9D 87 56 00 48 AD 80 56 00 48 AD ...
  PARSED: 48
[13:01:14.578] TICK #68  avail=237  bytes=22161  ON=1  ps=1  pi=1
  RAW[237]: 00 E5 BD 15 56 00 E9 24 F8 56 00 07 03 8B 56 00 33 AB 40 56 00 47 79 D9 56 00 48 AD 80 56 00 48 AD 80 56 00 48 AD 80 56 ...
  PARSED: 47
[13:01:14.619] TICK #69  avail=241  bytes=22398  ON=1  ps=1  pi=3
  RAW[241]: AD 80 56 00 43 18 6F 56 00 34 78 51 56 00 2C DC D8 56 00 23 32 73 56 00 1F 09 1D 56 00 21 F3 6F 56 00 29 71 C2 56 00 32 ...
  PARSED: 48
[13:01:14.655] TICK #70  avail=236  bytes=22639  ON=1  ps=1  pi=4
  RAW[236]: EA 56 00 E6 F9 F5 56 00 E8 C6 2E 56 00 EB 77 2E 56 00 EF D8 16 56 00 F2 8B 9E 56 00 F4 8B A5 56 00 F7 3F FA 56 00 F8 20 ...
  PARSED: 48
[13:01:14.718] TICK #72  avail=235  bytes=22875  ON=1  ps=0  pi=5
  RAW[235]: 56 00 48 AD 80 56 00 48 AD 80 56 00 48 AD 80 56 00 48 AD 80 56 00 48 24 DD 56 00 37 7A 8B 56 00 24 55 AE 56 00 15 63 07 ...
  PARSED: 47
[13:01:14.757] TICK #73  avail=240  bytes=23110  ON=1  ps=0  pi=5
  RAW[240]: 56 00 26 69 98 56 00 19 C9 B5 56 00 14 49 02 56 00 10 C4 A5 56 00 10 86 D1 56 00 17 08 A7 56 00 20 9D FC 56 00 2B 9A 24 ...
  PARSED: 48
[13:01:14.796] TICK #74  avail=235  bytes=23350  ON=1  ps=0  pi=5
  RAW[235]: 56 00 0C F9 A1 56 00 11 86 37 56 00 1E 11 72 56 00 39 35 38 56 00 44 3B 80 56 00 48 AD 80 56 00 48 AD 80 56 00 48 AD 80 ...
  PARSED: 47
[13:01:14.874] TICK #76  avail=235  bytes=23585  ON=1  ps=0  pi=5
  RAW[235]: 56 00 48 AD 80 56 00 48 AD 80 56 00 48 AD 80 56 00 48 AD 80 56 00 48 AD 80 56 00 48 AD 80 56 00 48 AD 80 56 00 48 AD 80 ...
  PARSED: 47
[13:01:14.912] TICK #77  avail=235  bytes=23820  ON=1  ps=0  pi=5
  RAW[235]: 56 00 E5 01 27 56 00 E3 FB A8 56 00 E1 67 47 56 00 E0 D2 4B 56 00 E2 3E 92 56 00 E5 B8 3D 56 00 E9 AF 39 56 00 F1 D5 73 ...
  PARSED: 47
[13:01:14.953] TICK #78  avail=240  bytes=24055  ON=1  ps=0  pi=5
  RAW[240]: 56 00 D0 EA 63 56 00 D5 4E C5 56 00 D9 9B F6 56 00 DF 9C AD 56 00 E3 E0 73 56 00 E7 34 49 56 00 EB 75 C9 56 00 EC EE 80 ...
  PARSED: 48
[13:01:14.995] TICK #79  avail=240  bytes=24295  ON=1  ps=0  pi=5
  RAW[240]: 56 00 48 AD 80 56 00 48 AD 80 56 00 48 AD 80 56 00 48 AD 80 56 00 48 AD 80 56 00 48 AD 80 56 00 48 AD 80 56 00 48 AD 80 ...
  PARSED: 48
[13:01:15.034] TICK #80  avail=235  bytes=24535  ON=1  ps=0  pi=5
  RAW[235]: 56 00 EF 9C 52 56 00 EB A2 CE 56 00 EA 39 26 56 00 EA 70 FA 56 00 EB D8 19 56 00 ED 79 9D 56 00 EE D3 4C 56 00 F0 B1 7E ...
  PARSED: 47
[13:01:15.108] TICK #82  avail=235  bytes=24770  ON=1  ps=0  pi=5
  RAW[235]: 56 00 1C 5E 9E 56 00 21 9D 1A 56 00 35 4B 69 56 00 40 B0 8B 56 00 48 92 57 56 00 48 AD 80 56 00 48 AD 80 56 00 48 AD 80 ...
  PARSED: 47
[13:01:15.148] TICK #83  avail=235  bytes=25005  ON=1  ps=0  pi=5
  RAW[235]: 56 00 48 AD 80 56 00 48 AD 08 56 00 3F C3 CE 56 00 2C BA 4B 56 00 1F 86 74 56 00 13 4D 91 56 00 0D 44 AC 56 00 0A 93 97 ...
  PARSED: 47
[13:01:15.186] TICK #84  avail=235  bytes=25240  ON=1  ps=0  pi=5
  RAW[235]: 56 00 0F 87 16 56 00 0B 7C CA 56 00 0A DE 7E 56 00 0B 09 C3 56 00 0E 3D 76 56 00 13 68 46 56 00 1B 9E 86 56 00 29 C3 B2 ...
  PARSED: 47
[13:01:15.234] TICK #85  avail=240  bytes=25475  ON=1  ps=0  pi=5
  RAW[240]: 56 00 0A 38 5D 56 00 0D BA 07 56 00 22 9B 4F 56 00 35 D5 FD 56 00 3D EF A3 56 00 48 AA 04 56 00 48 AD 80 56 00 48 AD 80 ...
  PARSED: 48
[13:01:15.272] TICK #86  avail=237  bytes=25715  ON=1  ps=0  pi=5
  RAW[237]: 56 00 48 AD 80 56 00 48 AD 80 56 00 48 AD 80 56 00 47 CC 4C 56 00 38 F2 06 56 00 20 4C 67 56 00 16 1D 8B 56 00 0D CB E9 ...
  PARSED: 47
[13:01:15.311] TICK #87  avail=233  bytes=25952  ON=1  ps=1  pi=2
  RAW[233]: 10 B8 7A 56 00 0C 5C FD 56 00 0A C3 5F 56 00 04 34 25 56 00 FD 86 6C 56 00 F9 E5 B6 56 00 F7 FA 74 56 00 F6 E9 2C 56 00 ...
  PARSED: 47
[13:01:15.374] TICK #89  avail=240  bytes=26185  ON=1  ps=0  pi=5
  RAW[240]: 56 00 1F F4 12 56 00 35 C9 E2 56 00 48 9C 19 56 00 48 AD 80 56 00 48 AD 80 56 00 48 AD 80 56 00 48 AD 80 56 00 48 AD 80 ...
  PARSED: 48
[13:01:15.412] TICK #90  avail=236  bytes=26425  ON=1  ps=0  pi=5
  RAW[236]: 56 00 48 AD 80 56 00 48 AD 80 56 00 48 A8 C2 56 00 3D 28 61 56 00 24 64 10 56 00 17 31 1D 56 00 0F 2D 99 56 00 0A 38 6F ...
  PARSED: 47
[13:01:15.452] TICK #91  avail=239  bytes=26661  ON=1  ps=1  pi=1
  RAW[239]: 00 07 AC 3E 56 00 0B 74 87 56 00 0F 42 03 56 00 14 33 B6 56 00 15 EC F1 56 00 12 13 8C 56 00 11 D4 F6 56 00 12 E7 F7 56 ...
  PARSED: 48
[13:01:15.530] TICK #93  avail=235  bytes=26900  ON=1  ps=0  pi=5
  RAW[235]: 56 00 43 7B 35 56 00 48 AD 80 56 00 48 AD 80 56 00 48 AD 80 56 00 48 AD 80 56 00 48 AD 80 56 00 48 AD 80 56 00 48 AD 80 ...
  PARSED: 47
[13:01:15.567] TICK #94  avail=235  bytes=27135  ON=1  ps=0  pi=5
  RAW[235]: 56 00 48 AD 80 56 00 47 B1 72 56 00 38 0E E9 56 00 25 0D 18 56 00 15 85 51 56 00 0E 5C 7C 56 00 0A 28 F3 56 00 08 60 45 ...
  PARSED: 47
[13:01:15.826] TICK #95  avail=1420  bytes=27370  ON=1  ps=0  pi=5
  RAW[1420]: 56 00 09 95 A6 56 00 07 83 9A 56 00 07 A2 37 56 00 08 ED 9A 56 00 0A 09 A3 56 00 0C 25 E6 56 00 15 66 1A 56 00 28 AF 09 ...
[13:01:15.832] HEARTBEAT bytes=28790
  PARSED: 283
[13:01:15.918] TICK #96  avail=240  bytes=28790  ON=1  ps=0  pi=5
  RAW[240]: 56 00 0B 8E E0 56 00 09 3A 9C 56 00 0A 57 C6 56 00 10 6E 10 56 00 17 98 10 56 00 1C D0 37 56 00 2B 1B 71 56 00 40 A0 60 ...
  PARSED: 48
[13:01:15.976] TICK #97  avail=480  bytes=29030  ON=1  ps=0  pi=5
  RAW[480]: 56 00 36 93 C4 56 00 47 3F C4 56 00 48 AD 80 56 00 48 AD 80 56 00 48 AD 80 56 00 48 AD 80 56 00 48 AD 80 56 00 48 AB 38 ...
  PARSED: 96
[13:01:16.032] TICK #98  avail=235  bytes=29510  ON=1  ps=0  pi=5
  RAW[235]: 56 00 D5 5E 8C 56 00 D6 AA 1A 56 00 D7 70 6D 56 00 DA 76 7B 56 00 DE 56 E8 56 00 E0 29 1B 56 00 E0 A2 E1 56 00 E3 0F A3 ...
  PARSED: 47
[13:01:16.107] TICK #99  avail=470  bytes=29745  ON=1  ps=0  pi=5
  RAW[470]: 56 00 48 AD 80 56 00 48 AD 80 56 00 48 AD 80 56 00 48 AD 80 56 00 48 AD 80 56 00 48 AD 80 56 00 48 AD 80 56 00 44 D3 0E ...
  PARSED: 94
[13:01:16.155] TICK #100  avail=241  bytes=30215  ON=1  ps=0  pi=5
  RAW[241]: 56 00 14 F9 85 56 00 1B FD B6 56 00 24 34 EE 56 00 27 0E A1 56 00 2C B5 E0 56 00 36 EA E2 56 00 45 F0 17 56 00 48 AD 80 ...
  PARSED: 48
[13:01:16.202] TICK #101  avail=234  bytes=30456  ON=1  ps=1  pi=1
  RAW[234]: 00 E9 B2 0D 56 00 F3 B9 03 56 00 0C 72 50 56 00 2D 1A A7 56 00 45 5C 0F 56 00 45 F1 86 56 00 2A 56 E7 56 00 07 DA D7 56 ...
  PARSED: 47
[13:01:16.260] TICK #102  avail=240  bytes=30690  ON=1  ps=0  pi=5
  RAW[240]: 56 00 48 75 50 56 00 3E DF 33 56 00 32 23 2A 56 00 2D 87 96 56 00 29 24 62 56 00 27 75 A1 56 00 28 F2 EB 56 00 26 7E 2A ...
  PARSED: 48
[13:01:16.309] TICK #103  avail=235  bytes=30930  ON=1  ps=0  pi=5
  RAW[235]: 56 00 0B D5 40 56 00 0F 1F CD 56 00 16 EA 7C 56 00 22 97 A5 56 00 3E DB 7B 56 00 48 AD 80 56 00 48 AD 80 56 00 48 AD 80 ...
  PARSED: 47
[13:01:16.360] TICK #104  avail=240  bytes=31165  ON=1  ps=0  pi=5
  RAW[240]: 56 00 48 AD 80 56 00 48 AD 80 56 00 48 AD 80 56 00 48 AD 80 56 00 48 AD 80 56 00 48 AD 80 56 00 40 20 89 56 00 2C 01 6B ...
  PARSED: 48
[13:01:16.406] TICK #105  avail=240  bytes=31405  ON=1  ps=0  pi=5
  RAW[240]: 56 00 3A 7C 4E 56 00 20 51 06 56 00 12 CE 40 56 00 0B 71 D6 56 00 08 37 0F 56 00 07 09 36 56 00 07 57 09 56 00 08 95 57 ...
  PARSED: 48
[13:01:16.515] TICK #106  avail=473  bytes=31645  ON=1  ps=0  pi=5
  RAW[473]: 56 00 22 DE 08 56 00 35 D3 FA 56 00 47 3D 2D 56 00 48 AD 80 56 00 48 AD 80 56 00 48 AD 80 56 00 48 AD 80 56 00 48 AD 80 ...
  PARSED: 94
[13:01:16.559] TICK #107  avail=232  bytes=32118  ON=1  ps=1  pi=3
  RAW[232]: 42 DD 56 00 1E 64 32 56 00 13 5F B0 56 00 10 2D D9 56 00 15 08 69 56 00 1A 23 EA 56 00 1C FA A6 56 00 1A 52 32 56 00 1D ...
  PARSED: 47
[13:01:16.614] TICK #108  avail=231  bytes=32350  ON=1  ps=0  pi=5
  RAW[231]: 56 00 0B 59 6A 56 00 11 1E BD 56 00 1D 7F 52 56 00 39 12 07 56 00 48 A6 11 56 00 48 AD 80 56 00 48 AD 80 56 00 48 AD 80 ...
  PARSED: 46
[13:01:16.662] TICK #109  avail=239  bytes=32581  ON=1  ps=1  pi=1
  RAW[239]: 00 E4 5F F2 56 00 E6 6F 37 56 00 E6 ED 41 56 00 E6 34 A1 56 00 EC C6 D3 56 00 19 17 ED 56 00 3B C8 B0 56 00 48 82 CB 56 ...
  PARSED: 48
[13:01:16.714] TICK #110  avail=235  bytes=32820  ON=1  ps=0  pi=5
  RAW[235]: 56 00 40 17 55 56 00 24 D9 0E 56 00 14 B2 BE 56 00 0B ED 54 56 00 08 A6 4E 56 00 07 37 96 56 00 07 B7 CB 56 00 09 59 6C ...
  PARSED: 47
[13:01:16.763] TICK #111  avail=479  bytes=33055  ON=1  ps=0  pi=5
  RAW[479]: 56 00 48 AD 80 56 00 48 AD 80 56 00 48 AD 80 56 00 48 AD 80 56 00 48 AD 80 56 00 48 AD 80 56 00 48 AD 80 56 00 48 AD 80 ...
  PARSED: 95
[13:01:16.821] TICK #112  avail=236  bytes=33534  ON=1  ps=1  pi=4
  RAW[236]: 94 56 00 0C 6C 14 56 00 0A 89 46 56 00 0A 5B 72 56 00 0E 3E 39 56 00 19 0F 58 56 00 29 0C EF 56 00 38 1C 63 56 00 47 3C ...
  PARSED: 48
[13:01:16.873] TICK #113  avail=235  bytes=33770  ON=1  ps=0  pi=5
  RAW[235]: 56 00 13 76 77 56 00 21 62 03 56 00 3C 27 AE 56 00 48 AD 80 56 00 48 AD 80 56 00 48 AD 80 56 00 48 AD 80 56 00 48 AD 80 ...
  PARSED: 47
[13:01:16.924] TICK #114  avail=240  bytes=34005  ON=1  ps=0  pi=5
  RAW[240]: 56 00 48 AD 80 56 00 48 AD 80 56 00 48 AD 80 56 00 48 AD 80 56 00 48 AD 80 56 00 48 AD 80 56 00 48 AD 80 56 00 48 8F 0A ...
  PARSED: 48
[13:01:16.986] TICK #115  avail=236  bytes=34245  ON=1  ps=0  pi=5
  RAW[236]: 56 00 07 37 6D 56 00 05 0D F6 56 00 04 10 53 56 00 04 6D 63 56 00 04 F2 8E 56 00 07 61 64 56 00 08 79 AE 56 00 0B E1 E3 ...
  PARSED: 47
[13:01:17.070] TICK #116  avail=504  bytes=34481  ON=1  ps=1  pi=1
  RAW[504]: 00 06 D3 1E 56 00 09 8A 91 56 00 16 C0 6E 56 00 0F A0 DC 56 00 10 FE DE 56 00 0D 31 DA 56 00 F9 BE 75 56 00 ED F7 2A 56 ...
  PARSED: 101
[13:01:17.131] TICK #117  avail=205  bytes=34985  ON=1  ps=0  pi=5
  RAW[205]: 56 00 19 D6 DD 56 00 25 C8 BF 56 00 37 F2 46 56 00 45 4A C1 56 00 48 A8 C1 56 00 48 AD 80 56 00 48 AD 80 56 00 48 AD 80 ...
  PARSED: 41
[13:01:17.187] TICK #118  avail=470  bytes=35190  ON=1  ps=0  pi=5
  RAW[470]: 56 00 11 B8 2D 56 00 1E EF E4 56 00 32 F7 08 56 00 39 EE C5 56 00 46 93 88 56 00 48 AD 80 56 00 48 AD 80 56 00 46 94 37 ...
  PARSED: 94
[13:01:17.242] TICK #119  avail=236  bytes=35660  ON=1  ps=0  pi=5
  RAW[236]: 56 00 08 CB 98 56 00 06 62 3F 56 00 05 DE 87 56 00 06 65 F8 56 00 07 DD 38 56 00 09 93 54 56 00 09 5B 05 56 00 10 ED 66 ...
  PARSED: 47
[13:01:17.294] TICK #120  avail=239  bytes=35896  ON=1  ps=1  pi=1
  RAW[239]: 00 0A 26 42 56 00 0F 03 BD 56 00 27 8D 2E 56 00 3B CD 3C 56 00 46 97 F6 56 00 48 AD 80 56 00 48 AD 80 56 00 48 AD 80 56 ...
  PARSED: 48
[13:01:17.340] TICK #121  avail=235  bytes=36135  ON=1  ps=0  pi=5
  RAW[235]: 56 00 36 98 F5 56 00 1D E5 53 56 00 0E 9E 54 56 00 06 24 08 56 00 F8 D9 5E 56 00 F3 37 CE 56 00 EE C2 55 56 00 EF A9 15 ...
  PARSED: 47
[13:01:17.395] TICK #122  avail=235  bytes=36370  ON=1  ps=0  pi=5
  RAW[235]: 56 00 07 00 67 56 00 05 AD EC 56 00 05 3C 10 56 00 05 24 32 56 00 08 73 DC 56 00 0B 6A 03 56 00 0E 8A 55 56 00 18 4F 9C ...
  PARSED: 47
[13:01:17.450] TICK #123  avail=237  bytes=36605  ON=1  ps=0  pi=5
  RAW[237]: 56 00 0E 64 77 56 00 15 3A F1 56 00 2B 73 4C 56 00 34 2A 92 56 00 41 F8 07 56 00 48 AD 80 56 00 48 AD 80 56 00 45 90 C8 ...
  PARSED: 47
[13:01:17.501] TICK #124  avail=233  bytes=36842  ON=1  ps=1  pi=2
  RAW[233]: 48 AD 80 56 00 45 B3 DD 56 00 38 9E EC 56 00 2B 16 FB 56 00 1B 36 EC 56 00 0F 74 E8 56 00 0A 12 03 56 00 07 8D 1C 56 00 ...
  PARSED: 47
[13:01:17.550] TICK #125  avail=235  bytes=37075  ON=1  ps=0  pi=5
  RAW[235]: 56 00 42 FC B2 56 00 42 B9 E6 56 00 48 76 28 56 00 48 AD 80 56 00 48 AD 80 56 00 48 AD 80 56 00 48 AD 80 56 00 48 AD 80 ...
  PARSED: 47
[13:01:17.605] TICK #126  avail=473  bytes=37310  ON=1  ps=0  pi=5
  RAW[473]: 56 00 EA 7D D7 56 00 E8 FC 98 56 00 E7 EC F4 56 00 E8 33 C5 56 00 ED 7F E0 56 00 F6 ED 49 56 00 FC 07 95 56 00 FE 0E 77 ...
  PARSED: 94
[13:01:17.661] TICK #127  avail=232  bytes=37783  ON=1  ps=1  pi=3
  RAW[232]: 47 09 56 00 00 35 4F 56 00 00 2A 24 56 00 00 22 58 56 00 00 1B F8 56 00 00 17 28 56 00 00 13 7C 56 00 00 0F D9 56 00 00 ...
  PARSED: 47
[13:01:17.709] TICK #128  avail=236  bytes=38015  ON=1  ps=0  pi=5
  RAW[236]: 56 00 48 AD 80 56 00 48 AD 80 56 00 48 AD 80 56 00 48 AD 80 56 00 48 AD 80 56 00 48 AD 80 56 00 48 AD 80 56 00 48 AD 80 ...
  PARSED: 47
[13:01:17.760] TICK #129  avail=242  bytes=38251  ON=1  ps=1  pi=1
  RAW[242]: 00 48 AD 80 56 00 48 AD 80 56 00 48 AD 80 56 00 48 AD 80 56 00 44 07 ED 56 00 27 77 4E 56 00 14 54 0D 56 00 0A 82 EE 56 ...
  PARSED: 48
[13:01:17.813] TICK #130  avail=234  bytes=38493  ON=1  ps=1  pi=3
  RAW[234]: FE CB 56 00 FF FE 98 56 00 FF FE 4B 56 00 02 93 67 56 00 30 87 8F 56 00 48 AB 56 56 00 48 AD 80 56 00 48 AD 80 56 00 48 ...
  PARSED: 47
[13:01:17.863] TICK #131  avail=238  bytes=38727  ON=1  ps=1  pi=2
  RAW[238]: 48 AD 80 56 00 48 AD 80 56 00 48 AD 80 56 00 48 AD 80 56 00 48 AD 80 56 00 48 AD 80 56 00 48 AD 80 56 00 46 29 8A 56 00 ...
  PARSED: 48
[13:01:17.922] TICK #132  avail=243  bytes=38965  ON=1  ps=0  pi=5
  RAW[243]: 56 00 00 01 6A 56 00 FF FF 6E 56 00 FF FE C1 56 00 FF FE C4 56 00 FF FE 83 56 00 FF FE 64 56 00 00 2A CD 56 00 1C 76 08 ...
  PARSED: 48
[13:01:17.977] TICK #133  avail=241  bytes=39208  ON=1  ps=1  pi=3
  RAW[241]: EA 94 56 00 07 08 F7 56 00 07 20 6E 56 00 08 01 3B 56 00 07 39 D7 56 00 0B 36 33 56 00 25 50 78 56 00 42 6B 78 56 00 48 ...
  PARSED: 48
[13:01:18.029] TICK #134  avail=481  bytes=39449  ON=1  ps=1  pi=4
  RAW[481]: C7 56 00 00 00 49 56 00 00 00 11 56 00 FF FF 91 56 00 FF FF 1A 56 00 FF FF 10 56 00 FF FE DA 56 00 00 A4 8A 56 00 1D AF ...
  PARSED: 97
[13:01:18.076] TICK #135  avail=235  bytes=39930  ON=1  ps=0  pi=5
  RAW[235]: 56 00 48 AD 80 56 00 48 AD 80 56 00 48 AD 80 56 00 48 AD 80 56 00 48 AD 80 56 00 48 AD 80 56 00 48 AD 80 56 00 48 AD 80 ...
  PARSED: 47
[13:01:18.142] TICK #136  avail=240  bytes=40165  ON=1  ps=0  pi=5
  RAW[240]: 56 00 00 04 15 56 00 00 03 3E 56 00 00 03 CC 56 00 00 14 A4 56 00 01 26 1D 56 00 12 A6 F2 56 00 39 8F A8 56 00 48 AD 80 ...
  PARSED: 48
[13:01:18.185] TICK #137  avail=237  bytes=40405  ON=1  ps=0  pi=5
  RAW[237]: 56 00 00 00 DD 56 00 00 00 41 56 00 FF FF D1 56 00 FF FF A7 56 00 FF FF 3B 56 00 FF FF 56 56 00 FF FE EB 56 00 FF FE BD ...
  PARSED: 47
[13:01:18.247] TICK #138  avail=238  bytes=40642  ON=1  ps=1  pi=2
  RAW[238]: 01 D4 23 56 00 01 BD 1D 56 00 03 F6 37 56 00 05 D4 33 56 00 06 EF FA 56 00 05 2C 03 56 00 07 3C B5 56 00 09 FE CB 56 00 ...
  PARSED: 48
[13:01:18.307] TICK #139  avail=237  bytes=40880  ON=1  ps=0  pi=5
  RAW[237]: 56 00 FF FE 3C 56 00 FF FE 47 56 00 FF FE 40 56 00 FF FE 44 56 00 FF FE 1A 56 00 FF FE 10 56 00 FF FE 05 56 00 FF FE 02 ...
  PARSED: 47
[13:01:18.365] TICK #140  avail=473  bytes=41117  ON=1  ps=1  pi=2
  RAW[473]: 01 F3 71 56 00 01 60 7E 56 00 00 D5 5E 56 00 01 C2 42 56 00 04 62 F4 56 00 04 1C 24 56 00 05 0D BF 56 00 05 B4 B8 56 00 ...
  PARSED: 95
[13:01:18.426] TICK #141  avail=235  bytes=41590  ON=1  ps=0  pi=5
  RAW[235]: 56 00 13 87 17 56 00 0D 39 5D 56 00 0C AF 53 56 00 07 F6 64 56 00 04 F9 DF 56 00 04 20 1C 56 00 03 20 27 56 00 03 9A C0 ...
  PARSED: 47
[13:01:18.542] TICK #142  avail=700  bytes=41825  ON=1  ps=0  pi=5
  RAW[700]: 56 00 04 86 48 56 00 04 64 70 56 00 03 AE CB 56 00 04 2B D0 56 00 04 2D 58 56 00 05 52 7B 56 00 07 95 18 56 00 06 FD AD ...
  PARSED: 140
[13:01:18.593] TICK #143  avail=232  bytes=42525  ON=1  ps=0  pi=5
  RAW[232]: 56 00 05 C6 33 56 00 03 64 3A 56 00 03 A5 BB 56 00 03 4A 66 56 00 02 61 57 56 00 01 E8 B8 56 00 01 E6 FA 56 00 02 F3 B1 ...
  PARSED: 46
[13:01:18.649] TICK #144  avail=243  bytes=42757  ON=1  ps=1  pi=2
  RAW[243]: 02 58 3A 56 00 02 C7 58 56 00 03 FC D8 56 00 04 DC DF 56 00 08 81 16 56 00 0D 1B A8 56 00 0F 5E E2 56 00 0D C0 28 56 00 ...
[13:01:18.651] HEARTBEAT bytes=43000
  PARSED: 48
[13:01:18.713] TICK #145  avail=235  bytes=43000  ON=1  ps=0  pi=5
  RAW[235]: 56 00 0F 05 C6 56 00 1A 50 27 56 00 17 46 80 56 00 10 BB B4 56 00 0B D4 7F 56 00 07 55 0D 56 00 04 AE 70 56 00 04 5D EC ...
  PARSED: 47
[13:01:18.769] TICK #146  avail=235  bytes=43235  ON=1  ps=0  pi=5
  RAW[235]: 56 00 06 D1 34 56 00 05 1E 25 56 00 05 04 B3 56 00 04 65 02 56 00 03 15 48 56 00 03 85 5A 56 00 04 59 26 56 00 06 44 18 ...
  PARSED: 47
[13:01:18.821] TICK #147  avail=466  bytes=43470  ON=1  ps=0  pi=5
  RAW[466]: 56 00 02 C6 0E 56 00 03 09 1B 56 00 02 EE E1 56 00 04 1F E2 56 00 06 EB 28 56 00 10 94 F1 56 00 0E 6C BE 56 00 0C 56 9F ...
  PARSED: 93
[13:01:18.874] TICK #148  avail=244  bytes=43936  ON=1  ps=1  pi=1
  RAW[244]: 00 14 C4 C2 56 00 15 CF FA 56 00 17 4F 58 56 00 15 9C 3A 56 00 14 A3 40 56 00 18 47 0E 56 00 14 9B E2 56 00 18 12 ED 56 ...
  PARSED: 49
[13:01:18.929] TICK #149  avail=240  bytes=44180  ON=1  ps=0  pi=5
  RAW[240]: 56 00 FF FE AA 56 00 FF FE AF 56 00 00 22 DF 56 00 1C F7 9F 56 00 46 9B DE 56 00 48 AD 80 56 00 48 AD 80 56 00 48 AD 80 ...
  PARSED: 48
[13:01:18.979] TICK #150  avail=236  bytes=44420  ON=1  ps=0  pi=5
  RAW[236]: 56 00 0A 0E D1 56 00 0A 5D 49 56 00 06 ED D2 56 00 05 E3 AA 56 00 04 BD 2D 56 00 02 C3 CD 56 00 01 89 91 56 00 00 D5 81 ...
  PARSED: 47
[13:01:19.033] TICK #151  avail=238  bytes=44656  ON=1  ps=1  pi=1
  RAW[238]: 00 FF FE D1 56 00 00 01 EA 56 00 FF FE 7F 56 00 FF FE 2C 56 00 FF FE 51 56 00 FF FE 64 56 00 FF FE 67 56 00 02 C0 CF 56 ...
  PARSED: 47
[13:01:19.097] TICK #152  avail=236  bytes=44894  ON=1  ps=1  pi=4
  RAW[236]: 98 56 00 02 19 11 56 00 02 A5 08 56 00 04 1B 6B 56 00 06 65 F7 56 00 06 14 E5 56 00 07 F5 EB 56 00 0D CE DD 56 00 0B 1F ...
  PARSED: 48
[13:01:19.176] TICK #153  avail=600  bytes=45130  ON=1  ps=0  pi=5
  RAW[600]: 56 00 05 82 01 56 00 04 C7 F3 56 00 04 E0 E2 56 00 04 0C 84 56 00 04 36 10 56 00 03 36 8E 56 00 03 07 49 56 00 01 CA 84 ...
  PARSED: 120
[13:01:19.274] TICK #154  avail=425  bytes=45730  ON=1  ps=0  pi=5
  RAW[425]: 56 00 04 4C 0C 56 00 07 8B 03 56 00 05 9D 16 56 00 04 22 E5 56 00 03 9C 37 56 00 02 A3 F3 56 00 01 AC F3 56 00 05 15 DC ...
  PARSED: 85
[13:01:19.323] TICK #155  avail=235  bytes=46155  ON=1  ps=0  pi=5
  RAW[235]: 56 00 03 A6 83 56 00 03 6E DD 56 00 02 68 7B 56 00 02 03 DE 56 00 01 54 8F 56 00 01 7E CD 56 00 01 89 DF 56 00 01 42 25 ...
  PARSED: 47
[13:01:19.378] TICK #156  avail=235  bytes=46390  ON=1  ps=0  pi=5
  RAW[235]: 56 00 01 44 2F 56 00 00 C0 5F 56 00 00 60 AF 56 00 00 23 9C 56 00 00 08 85 56 00 00 01 58 56 00 FF FE 88 56 00 FF FE 0A ...
  PARSED: 47
[13:01:19.432] TICK #157  avail=235  bytes=46625  ON=1  ps=0  pi=5
  RAW[235]: 56 00 1F 3D 3A 56 00 10 F7 CE 56 00 09 D7 3D 56 00 06 1D 76 56 00 04 3D 3E 56 00 03 42 7F 56 00 02 D4 DB 56 00 02 21 4B ...
  PARSED: 47
[13:01:19.486] TICK #158  avail=239  bytes=46860  ON=1  ps=0  pi=5
  RAW[239]: 56 00 00 3B CF 56 00 00 24 2A 56 00 00 16 A7 56 00 00 0C 13 56 00 00 07 9B 56 00 00 06 69 56 00 00 05 AC 56 00 00 04 9C ...
  PARSED: 47
[13:01:19.542] TICK #159  avail=473  bytes=47099  ON=1  ps=1  pi=4
  RAW[473]: 80 56 00 48 AD 80 56 00 48 AD 80 56 00 48 AD 80 56 00 48 AD 80 56 00 48 AD 80 56 00 48 AD 80 56 00 48 AD 80 56 00 48 AD ...
  PARSED: 95
[13:01:19.597] TICK #160  avail=233  bytes=47572  ON=1  ps=1  pi=2
  RAW[233]: FF FE 59 56 00 FF FE 32 56 00 FF FE 0E 56 00 FF FD FF 56 00 FF FE 17 56 00 FF FE 3A 56 00 FF FE 57 56 00 06 48 58 56 00 ...
  PARSED: 47
[13:01:19.647] TICK #161  avail=232  bytes=47805  ON=1  ps=0  pi=5
  RAW[232]: 56 00 00 FE 9B 56 00 00 D1 7D 56 00 00 98 85 56 00 00 9C 9E 56 00 00 AB 70 56 00 08 D0 E6 56 00 2E 26 19 56 00 48 1C 26 ...
  PARSED: 46
[13:01:19.700] TICK #162  avail=238  bytes=48037  ON=1  ps=1  pi=2
  RAW[238]: FF FF 03 56 00 FF FF 02 56 00 FF FE E1 56 00 FF FE 9C 56 00 FF FE 9D 56 00 FF FE 81 56 00 FF FE 05 56 00 FF FE 1D 56 00 ...
  PARSED: 48
[13:01:19.752] TICK #163  avail=235  bytes=48275  ON=1  ps=0  pi=5
  RAW[235]: 56 00 02 FD 5E 56 00 02 17 06 56 00 01 F4 88 56 00 01 AB 80 56 00 01 6C 18 56 00 01 09 FF 56 00 00 A8 A3 56 00 00 59 E4 ...
  PARSED: 47
[13:01:19.810] TICK #164  avail=237  bytes=48510  ON=1  ps=0  pi=5
  RAW[237]: 56 00 00 0C 8E 56 00 00 07 9B 56 00 00 16 CF 56 00 00 33 26 56 00 00 5E B9 56 00 00 69 6F 56 00 00 5A 02 56 00 00 9E 52 ...
  PARSED: 47
[13:01:19.866] TICK #165  avail=475  bytes=48747  ON=1  ps=1  pi=2
  RAW[475]: FF FE 0A 56 00 FF FE 33 56 00 FF FE 07 56 00 FF FE 15 56 00 FF FD CB 56 00 FF FD F7 56 00 FF FD C0 56 00 FF FD D5 56 00 ...
  PARSED: 95
[13:01:19.927] TICK #166  avail=234  bytes=49222  ON=1  ps=1  pi=2
  RAW[234]: 00 2C 51 56 00 00 0E E6 56 00 00 05 E4 56 00 00 02 B6 56 00 00 00 D9 56 00 FF FF C8 56 00 FF FF 25 56 00 FF FE B3 56 00 ...
  PARSED: 47
[13:01:19.977] TICK #167  avail=240  bytes=49456  ON=1  ps=1  pi=1
  RAW[240]: 00 00 3F 72 56 00 00 38 63 56 00 00 24 7B 56 00 00 1B 9B 56 00 00 17 A4 56 00 00 0F 84 56 00 00 0D 1D 56 00 00 11 42 56 ...
  PARSED: 48
[13:01:20.028] TICK #168  avail=243  bytes=49696  ON=1  ps=1  pi=1
  RAW[243]: 00 FF FE A6 56 00 FF FE 89 56 00 FF FE 61 56 00 FF FE 82 56 00 FF FE 1B 56 00 FF FE 3E 56 00 FF FD EF 56 00 FF FD F6 56 ...
  PARSED: 48
[13:01:20.084] TICK #169  avail=236  bytes=49939  ON=1  ps=1  pi=4
  RAW[236]: 80 56 00 48 AD 80 56 00 48 AD 80 56 00 48 AD 80 56 00 48 AD 80 56 00 48 AD 80 56 00 48 AD 80 56 00 48 AD 80 56 00 48 AD ...
  PARSED: 48
[13:01:20.138] TICK #170  avail=230  bytes=50175  ON=1  ps=0  pi=5
  RAW[230]: 56 00 01 23 37 56 00 02 6E 9D 56 00 09 4E 2D 56 00 08 88 BD 56 00 07 73 77 56 00 04 FE 36 56 00 03 E2 7D 56 00 03 80 C3 ...
  PARSED: 46
[13:01:20.190] TICK #171  avail=245  bytes=50405  ON=1  ps=0  pi=5
  RAW[245]: 56 00 00 0B E2 56 00 14 15 F0 56 00 43 3B 02 56 00 48 AD 80 56 00 48 AD 80 56 00 48 AD 80 56 00 48 AD 80 56 00 48 AD 80 ...
  PARSED: 49
[13:01:20.240] TICK #172  avail=240  bytes=50650  ON=1  ps=0  pi=5
  RAW[240]: 56 00 00 16 EC 56 00 00 41 E9 56 00 00 41 F7 56 00 01 51 45 56 00 01 C7 D6 56 00 02 99 FE 56 00 02 21 16 56 00 01 ED EA ...
  PARSED: 48
[13:01:20.290] TICK #173  avail=475  bytes=50890  ON=1  ps=0  pi=5
  RAW[475]: 56 00 06 F7 41 56 00 04 24 58 56 00 02 93 39 56 00 02 2E FD 56 00 01 DE BE 56 00 01 49 1F 56 00 00 CC EF 56 00 00 E8 47 ...
  PARSED: 95
[13:01:20.349] TICK #174  avail=238  bytes=51365  ON=1  ps=0  pi=5
  RAW[238]: 56 00 48 AD 80 56 00 48 AD 80 56 00 48 39 57 56 00 2F 42 4A 56 00 17 6E 4A 56 00 0B 9B 4B 56 00 05 F4 2F 56 00 03 31 01 ...
  PARSED: 47
[13:01:20.427] TICK #175  avail=242  bytes=51603  ON=1  ps=1  pi=3
  RAW[242]: D1 95 56 00 01 B6 D2 56 00 00 FD BB 56 00 00 94 7A 56 00 00 78 29 56 00 00 64 71 56 00 00 57 D8 56 00 00 5D 4E 56 00 00 ...
  PARSED: 49
[13:01:20.486] TICK #176  avail=472  bytes=51845  ON=1  ps=0  pi=5
  RAW[472]: 56 00 FF FF AD 56 00 FF FE 35 56 00 FF FE 4A 56 00 FF FE 82 56 00 FF FE AB 56 00 FF FE C8 56 00 FF FE 9B 56 00 FF FE B3 ...
  PARSED: 94
[13:01:20.542] TICK #177  avail=242  bytes=52317  ON=1  ps=1  pi=2
  RAW[242]: 00 52 DE 56 00 00 3B 7D 56 00 00 50 6E 56 00 00 30 28 56 00 00 17 3B 56 00 00 10 CF 56 00 00 07 A7 56 00 00 0A 5B 56 00 ...
  PARSED: 48
[13:01:20.601] TICK #178  avail=236  bytes=52559  ON=1  ps=1  pi=4
  RAW[236]: 80 56 00 48 AD 80 56 00 48 AD 80 56 00 48 AD 80 56 00 48 AD 80 56 00 48 AD 80 56 00 48 AD 80 56 00 43 94 86 56 00 27 3A ...
  PARSED: 48
[13:01:20.660] TICK #179  avail=239  bytes=52795  ON=1  ps=0  pi=5
  RAW[239]: 56 00 01 50 5A 56 00 02 BD AB 56 00 02 43 19 56 00 01 F2 74 56 00 02 DA 94 56 00 02 51 B7 56 00 01 9E 23 56 00 01 A7 FC ...
  PARSED: 47
[13:01:20.720] TICK #180  avail=466  bytes=53034  ON=1  ps=1  pi=4
  RAW[466]: D1 56 00 02 38 F6 56 00 01 DA E8 56 00 01 9F 6E 56 00 01 66 53 56 00 01 3B DE 56 00 00 E3 42 56 00 00 AA 2A 56 00 00 9F ...
  PARSED: 94
[13:01:20.775] TICK #181  avail=236  bytes=53500  ON=1  ps=0  pi=5
  RAW[236]: 56 00 FF FE 30 56 00 FF FE 59 56 00 FF FE 67 56 00 FF FE 85 56 00 FF FE 94 56 00 FF FE 9E 56 00 FF FE 6E 56 00 FF FE 98 ...
  PARSED: 47
[13:01:20.832] TICK #182  avail=239  bytes=53736  ON=1  ps=1  pi=1
  RAW[239]: 00 00 47 FD 56 00 00 38 1A 56 00 00 34 57 56 00 00 31 BA 56 00 00 25 F0 56 00 00 2B 6D 56 00 00 1A D0 56 00 00 11 67 56 ...
  PARSED: 48
[13:01:20.890] TICK #183  avail=235  bytes=53975  ON=1  ps=0  pi=5
  RAW[235]: 56 00 FF FE 1E 56 00 FF FE 0A 56 00 FF FD F1 56 00 FF FE 1C 56 00 FF FD EC 56 00 FF FD F2 56 00 FF FD DF 56 00 FF FD D2 ...
  PARSED: 47
[13:01:20.943] TICK #184  avail=238  bytes=54210  ON=1  ps=0  pi=5
  RAW[238]: 56 00 00 11 10 56 00 00 13 F9 56 00 00 19 39 56 00 00 26 98 56 00 00 20 6A 56 00 00 0C 65 56 00 00 08 5B 56 00 00 07 2D ...
  PARSED: 47
[13:01:20.993] TICK #185  avail=472  bytes=54448  ON=1  ps=1  pi=3
  RAW[472]: FF E0 56 00 FF FF 5F 56 00 FF FF 6D 56 00 FF FF 37 56 00 FF FF 14 56 00 FF FE C4 56 00 FF FE 9A 56 00 FF FE 83 56 00 FF ...
  PARSED: 95
[13:01:21.060] TICK #186  avail=238  bytes=54920  ON=1  ps=0  pi=5
  RAW[238]: 56 00 00 00 F6 56 00 00 00 7B 56 00 00 00 5A 56 00 FF FF EA 56 00 FF FF DD 56 00 FF FF A8 56 00 FF FF 4F 56 00 FF FE 99 ...
  PARSED: 47
[13:01:21.123] TICK #187  avail=237  bytes=55158  ON=1  ps=1  pi=3
  RAW[237]: F0 96 56 00 3A 21 4A 56 00 46 9C EB 56 00 2F 02 27 56 00 16 70 EF 56 00 0A EC 42 56 00 05 60 EA 56 00 02 B1 1D 56 00 01 ...
  PARSED: 48
[13:01:21.178] TICK #188  avail=234  bytes=55395  ON=1  ps=0  pi=5
  RAW[234]: 56 00 FF FE 00 56 00 FF FE 03 56 00 FF FE 06 56 00 FF FD F2 56 00 FF FD D6 56 00 FF FD D9 56 00 FF FD C2 56 00 FF FD DD ...
  PARSED: 46
[13:01:21.227] TICK #189  avail=471  bytes=55629  ON=1  ps=1  pi=4
  RAW[471]: 88 56 00 00 07 3D 56 00 00 06 98 56 00 00 05 F8 56 00 00 05 2D 56 00 00 04 6E 56 00 00 03 BF 56 00 00 03 19 56 00 00 02 ...
  PARSED: 95
[13:01:21.288] TICK #190  avail=235  bytes=56100  ON=1  ps=0  pi=5
  RAW[235]: 56 00 48 AD 80 56 00 48 AD 80 56 00 48 AD 80 56 00 48 AD 80 56 00 48 AD 80 56 00 48 AD 80 56 00 48 AD 80 56 00 48 AD 80 ...
  PARSED: 47
[13:01:21.341] TICK #191  avail=235  bytes=56335  ON=1  ps=0  pi=5
  RAW[235]: 56 00 FF FF 07 56 00 00 D2 1F 56 00 02 1C 24 56 00 01 D2 70 56 00 02 0D 39 56 00 01 94 A0 56 00 01 B5 62 56 00 01 15 1D ...
  PARSED: 47
[13:01:21.423] TICK #192  avail=495  bytes=56570  ON=1  ps=0  pi=5
  RAW[495]: 56 00 FF FE 4A 56 00 FF FE 42 56 00 FF FE 5B 56 00 FF FE 8A 56 00 FF FE 65 56 00 FF FE 78 56 00 FF FE 71 56 00 03 9D 19 ...
  PARSED: 99
[13:01:21.489] TICK #193  avail=220  bytes=57065  ON=1  ps=0  pi=5
  RAW[220]: 56 00 FF FE 6F 56 00 FF FE 5F 56 00 FF FE 73 56 00 FF FE 5E 56 00 FF FE 6F 56 00 FF FE 74 56 00 FF FE 6A 56 00 FF FE 5F ...
  PARSED: 44
[13:01:21.552] TICK #194  avail=238  bytes=57285  ON=1  ps=0  pi=5
  RAW[238]: 56 00 48 AD 80 56 00 48 AD 80 56 00 48 AD 80 56 00 48 AD 80 56 00 48 AD 80 56 00 42 AE B2 56 00 24 60 67 56 00 12 35 5D ...
  PARSED: 47
[13:01:21.602] TICK #195  avail=480  bytes=57523  ON=1  ps=1  pi=3
  RAW[480]: 28 87 56 00 00 0F C8 56 00 00 05 AA 56 00 00 01 5E 56 00 FF FF 63 56 00 FF FE 8D 56 00 FF FE 65 56 00 FF FE 47 56 00 FF ...
[13:01:21.606] HEARTBEAT bytes=58003
  PARSED: 95
[13:01:21.663] TICK #196  avail=232  bytes=58003  ON=1  ps=1  pi=3
  RAW[232]: 61 95 56 00 00 4E D0 56 00 00 35 6C 56 00 00 30 B4 56 00 00 16 6B 56 00 00 0D 5D 56 00 00 03 CB 56 00 00 01 2B 56 00 00 ...
  PARSED: 47
[13:01:21.725] TICK #197  avail=235  bytes=58235  ON=1  ps=0  pi=5
  RAW[235]: 56 00 FF FD ED 56 00 FF FD C9 56 00 FF FD C3 56 00 FF FD EC 56 00 FF FD F4 56 00 FF FD C9 56 00 FF FD EC 56 00 FF FD D4 ...
  PARSED: 47
[13:01:21.791] TICK #198  avail=464  bytes=58470  ON=1  ps=0  pi=5
  RAW[464]: 56 00 00 07 1C 56 00 00 06 42 56 00 00 07 8E 56 00 00 10 35 56 00 00 1F E0 56 00 00 6B A0 56 00 00 5B B0 56 00 00 67 B8 ...
  PARSED: 92
[13:01:21.848] TICK #199  avail=241  bytes=58934  ON=1  ps=1  pi=4
  RAW[241]: A5 56 00 FF FD 93 56 00 FF FD BA 56 00 FF FD A3 56 00 FF FD B1 56 00 FF FD B8 56 00 FF FD D6 56 00 FF FE 30 56 00 FF FE ...
  PARSED: 49
[13:01:21.902] TICK #200  avail=230  bytes=59175  ON=1  ps=0  pi=5
  RAW[230]: 56 00 00 01 5F 56 00 00 00 C0 56 00 00 00 24 56 00 00 00 12 56 00 FF FF 5D 56 00 FF FF 15 56 00 FF FE CB 56 00 FF FE 92 ...
  PARSED: 46
[13:01:21.968] TICK #201  avail=242  bytes=59405  ON=1  ps=0  pi=5
  RAW[242]: 56 00 00 68 A2 56 00 00 44 2B 56 00 00 1F C1 56 00 00 0E D5 56 00 00 02 41 56 00 FF FF 66 56 00 FF FE 37 56 00 FF FE 3F ...
  PARSED: 48
[13:01:22.033] TICK #202  avail=470  bytes=59647  ON=1  ps=1  pi=2
  RAW[470]: 3E 90 A9 56 00 48 AD 80 56 00 48 AD 80 56 00 48 AD 80 56 00 48 AD 80 56 00 48 AD 80 56 00 48 AD 80 56 00 48 AD 80 56 00 ...
  PARSED: 94
[13:01:22.088] TICK #203  avail=236  bytes=60117  ON=1  ps=1  pi=2
  RAW[236]: 00 B6 58 56 00 00 6F CA 56 00 00 3C B5 56 00 00 23 22 56 00 00 15 5C 56 00 00 0E A1 56 00 00 0C B3 56 00 00 09 EC 56 00 ...
  PARSED: 47
[13:01:22.143] TICK #204  avail=242  bytes=60353  ON=1  ps=1  pi=3
  RAW[242]: AD 80 56 00 47 2B 66 56 00 2B 7C 22 56 00 15 A4 7D 56 00 0A E8 02 56 00 05 9E 46 56 00 02 FA DC 56 00 01 A5 2B 56 00 00 ...
  PARSED: 49
[13:01:22.197] TICK #205  avail=235  bytes=60595  ON=1  ps=0  pi=5
  RAW[235]: 56 00 FF FE F5 56 00 FF FE B5 56 00 FF FE 9C 56 00 FF FE A9 56 00 FF FE 9B 56 00 FF FE 5E 56 00 FF FE 62 56 00 FF FE 2E ...
  PARSED: 47
[13:01:22.250] TICK #206  avail=235  bytes=60830  ON=1  ps=0  pi=5
  RAW[235]: 56 00 48 AD 80 56 00 48 AD 80 56 00 48 AD 80 56 00 48 AD 80 56 00 48 AD 80 56 00 48 AD 80 56 00 48 AD 80 56 00 47 F5 ED ...
  PARSED: 47
[13:01:22.300] TICK #207  avail=470  bytes=61065  ON=1  ps=0  pi=5
  RAW[470]: 56 00 00 00 6B 56 00 00 00 1A 56 00 FF FF BC 56 00 FF FF 7E 56 00 FF FF 50 56 00 FF FF 69 56 00 FF FF 19 56 00 FF FF 0B ...
  PARSED: 94
[13:01:22.359] TICK #208  avail=235  bytes=61535  ON=1  ps=0  pi=5
  RAW[235]: 56 00 00 06 E6 56 00 00 01 99 56 00 FF FE 73 56 00 FF FE 71 56 00 FF FE 23 56 00 FF FE 31 56 00 FF FE 3F 56 00 FF FE 2A ...
  PARSED: 47
[13:01:22.417] TICK #209  avail=240  bytes=61770  ON=1  ps=0  pi=5
  RAW[240]: 56 00 15 E0 2D 56 00 0A F9 17 56 00 05 9D 75 56 00 02 F3 10 56 00 01 9A BC 56 00 00 EA A6 56 00 00 8D A4 56 00 00 5A 34 ...
  PARSED: 48
[13:01:22.471] TICK #210  avail=240  bytes=62010  ON=1  ps=0  pi=5
  RAW[240]: 56 00 FF FE 6B 56 00 FF FF 25 56 00 00 02 AA 56 00 00 07 7D 56 00 00 03 3C 56 00 00 03 C7 56 00 00 13 F4 56 00 00 20 D1 ...
  PARSED: 48
[13:01:22.530] TICK #211  avail=240  bytes=62250  ON=1  ps=0  pi=5
  RAW[240]: 56 00 FF FE 8B 56 00 FF FE 8C 56 00 FF FE B0 56 00 FF FE AD 56 00 FF FE 81 56 00 FF FE AE 56 00 FF FE BF 56 00 FF FE A4 ...
  PARSED: 48
[13:01:22.582] TICK #212  avail=470  bytes=62490  ON=1  ps=0  pi=5
  RAW[470]: 56 00 00 0C 0B 56 00 00 11 D9 56 00 00 2D 7F 56 00 00 23 42 56 00 00 3F F8 56 00 00 41 92 56 00 00 3C F8 56 00 00 32 BA ...
  PARSED: 94
[13:01:22.641] TICK #213  avail=240  bytes=62960  ON=1  ps=0  pi=5
  RAW[240]: 56 00 FF FE FA 56 00 FF FE C6 56 00 FF FE DA 56 00 FF FE CB 56 00 FF FE E1 56 00 FF FE E8 56 00 FF FE 72 56 00 FF FE 89 ...
  PARSED: 48
[13:01:22.699] TICK #214  avail=230  bytes=63200  ON=1  ps=0  pi=5
  RAW[230]: 56 00 FF FD CB 56 00 FF FD B1 56 00 FF FD DB 56 00 FF FD B0 56 00 FF FD EA 56 00 FF FD F2 56 00 FF FE 47 56 00 FF FE 9D ...
  PARSED: 46
[13:01:22.751] TICK #215  avail=240  bytes=63430  ON=1  ps=0  pi=5
  RAW[240]: 56 00 00 AE 12 56 00 00 80 0F 56 00 00 BF 1A 56 00 00 D7 30 56 00 00 A8 7A 56 00 00 96 44 56 00 00 72 16 56 00 00 4C 54 ...
  PARSED: 48
[13:01:22.801] TICK #216  avail=236  bytes=63670  ON=1  ps=0  pi=5
  RAW[236]: 56 00 FF FD FE 56 00 FF FE 29 56 00 FF FD E8 56 00 FF FD EF 56 00 FF FD D8 56 00 FF FD DB 56 00 FF FE 03 56 00 FF FD CC ...
  PARSED: 47
[13:01:22.857] TICK #217  avail=234  bytes=63906  ON=1  ps=1  pi=1
  RAW[234]: 00 00 B4 46 56 00 00 73 9F 56 00 00 4E E1 56 00 00 38 B0 56 00 00 2A 1E 56 00 00 20 15 56 00 00 18 49 56 00 00 12 11 56 ...
  PARSED: 47
[13:01:22.910] TICK #218  avail=475  bytes=64140  ON=1  ps=0  pi=5
  RAW[475]: 56 00 FF FE 80 56 00 FF FE 61 56 00 FF FE 52 56 00 FF FE 4D 56 00 FF FE 57 56 00 FF FE 6E 56 00 FF FE 74 56 00 FF FE 47 ...
  PARSED: 95
[13:01:22.968] TICK #219  avail=237  bytes=64615  ON=1  ps=0  pi=5
  RAW[237]: 56 00 FF FD B7 56 00 FF FD C3 56 00 FF FD BF 56 00 FF FD A0 56 00 FF FD 8A 56 00 FF FD CC 56 00 FF FD A0 56 00 FF FD B8 ...
  PARSED: 47
[13:01:23.019] TICK #220  avail=237  bytes=64852  ON=1  ps=1  pi=2
  RAW[237]: FF FE B1 56 00 FF FE BA 56 00 FF FE A7 56 00 FF FE 91 56 00 FF FE BC 56 00 FF FE AE 56 00 FF FE CF 56 00 FF FE DF 56 00 ...
  PARSED: 47
[13:01:23.079] TICK #221  avail=236  bytes=65089  ON=1  ps=1  pi=4
  RAW[236]: 44 56 00 00 06 C7 56 00 00 06 01 56 00 00 05 44 56 00 00 04 59 56 00 00 03 85 56 00 00 02 A7 56 00 00 01 FC 56 00 00 01 ...
  PARSED: 48
[13:01:23.136] TICK #222  avail=235  bytes=65325  ON=1  ps=0  pi=5
  RAW[235]: 56 00 FF FE CF 56 00 FF FE 6C 56 00 FF FE 46 56 00 00 00 20 56 00 00 06 4B 56 00 00 12 B0 56 00 00 14 50 56 00 00 10 52 ...
  PARSED: 47
[13:01:23.194] TICK #223  avail=475  bytes=65560  ON=1  ps=0  pi=5
  RAW[475]: 56 00 FF FD A4 56 00 FF FD BE 56 00 FF FD E5 56 00 FF FD A2 56 00 FF FD B6 56 00 FF FD A6 56 00 FF FD B6 56 00 FF FD CB ...
  PARSED: 95
[13:01:23.263] TICK #224  avail=235  bytes=66035  ON=1  ps=0  pi=5
  RAW[235]: 56 00 FF FE 09 56 00 FF FD F9 56 00 FF FD F7 56 00 FF FE 0A 56 00 FF FD E5 56 00 FF FD DD 56 00 FF FD B5 56 00 FF FD C8 ...
  PARSED: 47
[13:01:23.326] TICK #225  avail=240  bytes=66270  ON=1  ps=0  pi=5
  RAW[240]: 56 00 00 36 14 56 00 00 98 C7 56 00 00 81 4E 56 00 00 5B D8 56 00 00 39 27 56 00 00 1C 21 56 00 00 09 75 56 00 00 04 B4 ...
  PARSED: 48
[13:01:23.406] TICK #226  avail=470  bytes=66510  ON=1  ps=0  pi=5
  RAW[470]: 56 00 48 AD 80 56 00 34 94 5D 56 00 1A 08 4C 56 00 0D 0B 21 56 00 06 AA 22 56 00 03 7F 04 56 00 01 E5 D1 56 00 01 14 2C ...
  PARSED: 94
[13:01:23.474] TICK #227  avail=470  bytes=66980  ON=1  ps=0  pi=5
  RAW[470]: 56 00 FF FD A2 56 00 00 1F 0A 56 00 00 5D 51 56 00 1E 0B 9B 56 00 47 14 C7 56 00 48 AD 80 56 00 48 AD 80 56 00 48 AD 80 ...
  PARSED: 94
[13:01:23.532] TICK #228  avail=231  bytes=67450  ON=1  ps=0  pi=5
  RAW[231]: 56 00 00 21 7A 56 00 00 2C E5 56 00 00 25 C3 56 00 00 14 C8 56 00 00 1A 4F 56 00 00 60 08 56 00 00 38 82 56 00 00 1C E1 ...
  PARSED: 46
[13:01:23.586] TICK #229  avail=239  bytes=67681  ON=1  ps=1  pi=1
  RAW[239]: 00 FF FE AC 56 00 FF FE D7 56 00 FF FE A3 56 00 FF FE 5B 56 00 FF FE C4 56 00 FF FE DB 56 00 FF FE B3 56 00 FF FE E1 56 ...
  PARSED: 48
[13:01:23.638] TICK #230  avail=235  bytes=67920  ON=1  ps=0  pi=5
  RAW[235]: 56 00 FF FE 9D 56 00 FF FE D3 56 00 FF FE 55 56 00 FF FE 26 56 00 FF FD D4 56 00 FF FD D2 56 00 FF FD D0 56 00 FF FD D0 ...
  PARSED: 47
[13:01:23.686] TICK #231  avail=235  bytes=68155  ON=1  ps=0  pi=5
  RAW[235]: 56 00 02 59 9E 56 00 01 41 02 56 00 00 AD DB 56 00 00 57 6E 56 00 00 3D 51 56 00 00 52 4C 56 00 00 7D 80 56 00 00 6F 5F ...
  PARSED: 47
[13:01:23.742] TICK #232  avail=235  bytes=68390  ON=1  ps=0  pi=5
  RAW[235]: 56 00 FF FE 84 56 00 FF FE 72 56 00 FF FE 8E 56 00 FF FE 8A 56 00 FF FE 79 56 00 FF FE 40 56 00 FF FE 45 56 00 FF FE 71 ...
  PARSED: 47
[13:01:23.797] TICK #233  avail=475  bytes=68625  ON=1  ps=0  pi=5
  RAW[475]: 56 00 48 AD 80 56 00 48 44 DE 56 00 2F 15 C4 56 00 17 68 EC 56 00 0B D5 8C 56 00 06 14 85 56 00 03 34 9E 56 00 01 D0 44 ...
  PARSED: 95
[13:01:23.854] TICK #234  avail=244  bytes=69100  ON=1  ps=0  pi=5
  RAW[244]: 56 00 FF FD BE 56 00 FF FD AF 56 00 FF FD F0 56 00 FF FE 3E 56 00 FF FE 6B 56 00 FF FE 98 56 00 FF FE AC 56 00 FF FE 66 ...
  PARSED: 48
[13:01:23.908] TICK #235  avail=241  bytes=69344  ON=1  ps=1  pi=4
  RAW[241]: A1 56 00 00 CB FA 56 00 01 14 5A 56 00 00 B7 DE 56 00 00 58 08 56 00 00 24 87 56 00 00 0C B7 56 00 00 05 F7 56 00 00 02 ...
  PARSED: 49
[13:01:23.962] TICK #236  avail=240  bytes=69585  ON=1  ps=0  pi=5
  RAW[240]: 56 00 00 72 AA 56 00 26 DA EE 56 00 31 98 29 56 00 17 5A E5 56 00 0B 2B 13 56 00 05 6F 40 56 00 02 AB F4 56 00 01 54 07 ...
  PARSED: 48
[13:01:24.013] TICK #237  avail=235  bytes=69825  ON=1  ps=0  pi=5
  RAW[235]: 56 00 00 29 35 56 00 00 1D EA 56 00 00 15 C0 56 00 00 0F 1E 56 00 00 0A 4C 56 00 00 07 AD 56 00 00 06 B6 56 00 00 06 2B ...
  PARSED: 47
[13:01:24.067] TICK #238  avail=241  bytes=70060  ON=1  ps=0  pi=5
  RAW[241]: 56 00 FF FE DE 56 00 FF FE 67 56 00 FF FE 07 56 00 FF FE 18 56 00 FF FD E1 56 00 FF FE 04 56 00 FF FD F0 56 00 FF FD EC ...
  PARSED: 48
[13:01:24.124] TICK #239  avail=239  bytes=70301  ON=1  ps=1  pi=1
  RAW[239]: 00 00 EE 30 56 00 00 93 55 56 00 00 60 73 56 00 00 43 2F 56 00 00 31 10 56 00 00 24 AA 56 00 00 1B A1 56 00 00 14 61 56 ...
  PARSED: 48
[13:01:24.176] TICK #240  avail=475  bytes=70540  ON=1  ps=0  pi=5
  RAW[475]: 56 00 00 CE C0 56 00 00 89 82 56 00 00 59 E0 56 00 00 3A 20 56 00 00 43 E7 56 00 00 39 91 56 00 00 25 27 56 00 00 12 AB ...
  PARSED: 95
[13:01:24.231] TICK #241  avail=236  bytes=71015  ON=1  ps=0  pi=5
  RAW[236]: 56 00 00 3F 6F 56 00 00 76 2D 56 00 00 3B 39 56 00 00 10 B1 56 00 00 03 78 56 00 00 01 33 56 00 FF FE 94 56 00 00 03 E8 ...
  PARSED: 47
[13:01:24.285] TICK #242  avail=241  bytes=71251  ON=1  ps=1  pi=1
  RAW[241]: 00 FF FD C7 56 00 FF FD B4 56 00 FF FD C7 56 00 FF FD A2 56 00 FF FD 9B 56 00 FF FD C9 56 00 FF FD B5 56 00 FF FD AF 56 ...
  PARSED: 48
[13:01:24.341] TICK #243  avail=238  bytes=71492  ON=1  ps=1  pi=2
  RAW[238]: 00 15 9E 56 00 00 11 A6 56 00 00 0C D1 56 00 00 09 67 56 00 00 07 C7 56 00 00 07 15 56 00 00 06 AB 56 00 00 06 3F 56 00 ...
  PARSED: 48
[13:01:24.408] TICK #244  avail=235  bytes=71730  ON=1  ps=0  pi=5
  RAW[235]: 56 00 00 5C D2 56 00 00 6F 3C 56 00 00 69 C8 56 00 00 51 69 56 00 00 78 29 56 00 00 9D 6C 56 00 00 7C 9C 56 00 00 42 E8 ...
  PARSED: 47
[13:01:24.458] TICK #245  avail=473  bytes=71965  ON=1  ps=0  pi=5
  RAW[473]: 56 00 01 C1 39 56 00 00 BE AF 56 00 00 4A 7A 56 00 00 15 3F 56 00 00 03 00 56 00 FF FE 56 56 00 FF FE 51 56 00 FF FE 76 ...
  PARSED: 94
[13:01:24.521] TICK #246  avail=237  bytes=72438  ON=1  ps=1  pi=3
  RAW[237]: 6C D3 56 00 13 BA 91 56 00 09 F6 E6 56 00 05 25 CA 56 00 02 BD 00 56 00 01 83 EA 56 00 00 E1 E3 56 00 00 8B 32 56 00 00 ...
  PARSED: 48
[13:01:24.582] TICK #247  avail=245  bytes=72675  ON=1  ps=0  pi=5
  RAW[245]: 56 00 00 06 C7 56 00 00 00 FE 56 00 FF FE DE 56 00 FF FF 05 56 00 00 28 5C 56 00 00 3E CD 56 00 00 32 C0 56 00 00 36 8E ...
[13:01:24.585] HEARTBEAT bytes=72920
  PARSED: 48
[13:01:24.642] TICK #248  avail=238  bytes=72920  ON=1  ps=0  pi=5
  RAW[238]: 56 00 FF FE 13 56 00 FF FE 41 56 00 FF FE 3A 56 00 FF FE 50 56 00 FF FE 64 56 00 FF FE 5C 56 00 FF FE 60 56 00 FF FE 62 ...
  PARSED: 47
[13:01:24.707] TICK #249  avail=477  bytes=73158  ON=1  ps=1  pi=3
  RAW[477]: EE F2 56 00 05 2E 7F 56 00 03 B5 06 56 00 02 0D C9 56 00 01 03 F8 56 00 00 89 6D 56 00 00 3B ED 56 00 00 17 90 56 00 00 ...
  PARSED: 96
[13:01:24.756] TICK #250  avail=0  bytes=73635  ON=1  ps=0  pi=5
[13:04:48.994] Desconectado.
