=== geophone_scope_simple — 10-May-2026 22:49:24 ===
[22:49:24.865] Conectado COM6 @ 115200
[22:49:24.865] Solicitando config al PSoC (0xA5)...
[22:49:24.920] Config OK: ADC=18 bits  fs=1500 SPS  PGA code=0(1x (0x00))  Vref=±6144mV  pktsz=5  scale=7.324e-04 mV/cnt
[22:49:24.922] Servo OK: VDp=148 VDn=148 valid=0 locked=1  vent=0.20s conv=5s
[22:49:24.923] Nominal VDAC: pN=148 nN=148 ±tol=0
[22:49:24.953] TICK #2  avail=196  bytes=0  ON=0  ps=0  pi=0
  RAW[196]: 56 00 00 83 FF 56 00 FD FA 14 56 00 FC E3 75 56 00 FD 7C A6 56 00 FD E3 E2 56 00 FF 1A CB 56 00 01 62 9B 56 00 01 B2 08 ...
  PARSED: 39
[22:49:24.996] TICK #4  avail=244  bytes=196  ON=0  ps=1  pi=1
  RAW[244]: 00 01 D3 CF 56 00 01 C7 A1 56 00 01 A8 49 56 00 02 2A 23 56 00 01 D3 A1 56 00 01 50 08 56 00 FD 88 44 56 00 FD BB BB 56 ...
  PARSED: 49
[22:49:25.019] TICK #5  avail=243  bytes=440  ON=0  ps=0  pi=5
  RAW[243]: 56 00 FE 7E 94 56 00 FC 9D BE 56 00 FD 18 FA 56 00 FD B2 8B 56 00 FE 81 F4 56 00 01 79 89 56 00 01 AC 81 56 00 02 28 B5 ...
  PARSED: 48
[22:49:25.063] TICK #7  avail=242  bytes=683  ON=0  ps=1  pi=3
  RAW[242]: 75 21 56 00 01 EC 54 56 00 01 58 04 56 00 00 EF D0 56 00 01 28 07 56 00 01 0F 17 56 00 00 E5 2E 56 00 00 FF BA 56 00 00 ...
  PARSED: 49
[22:49:25.085] TICK #8  avail=244  bytes=925  ON=0  ps=0  pi=5
  RAW[244]: 56 00 01 1C 61 56 00 01 46 9F 56 00 01 83 E4 56 00 01 75 58 56 00 01 5B 70 56 00 FD E6 58 56 00 FD 8E FD 56 00 FD E5 AC ...
  PARSED: 48
[22:49:25.129] TICK #10  avail=241  bytes=1169  ON=0  ps=1  pi=4
  RAW[241]: A7 56 00 FC 08 98 56 00 FC 97 5A 56 00 FD 38 30 56 00 FD 85 A1 56 00 00 99 50 56 00 01 35 95 56 00 01 87 D1 56 00 01 A0 ...
  PARSED: 49
[22:49:25.171] TICK #12  avail=242  bytes=1410  ON=0  ps=0  pi=5
  RAW[242]: 56 00 01 64 68 56 00 01 51 68 56 00 01 27 FB 56 00 00 F4 24 56 00 00 DF B7 56 00 00 D7 4C 56 00 00 BA 22 56 00 FF EB B9 ...
  PARSED: 48
[22:49:25.194] TICK #13  avail=243  bytes=1652  ON=0  ps=1  pi=2
  RAW[243]: 01 73 46 56 00 01 42 11 56 00 01 81 36 56 00 01 68 0F 56 00 01 45 AA 56 00 FE B8 65 56 00 FD 55 18 56 00 FD C5 DD 56 00 ...
  PARSED: 49
[22:49:25.238] TICK #15  avail=240  bytes=1895  ON=0  ps=0  pi=5
  RAW[240]: 56 00 FC B7 6C 56 00 FC 90 98 56 00 FD 34 F2 56 00 FD A9 16 56 00 FF BA 86 56 00 01 93 6B 56 00 01 AA 6E 56 00 01 B3 B9 ...
  PARSED: 48
[22:49:25.261] TICK #16  avail=244  bytes=2135  ON=0  ps=0  pi=5
  RAW[244]: 56 00 01 35 CA 56 00 01 7F 21 56 00 01 26 88 56 00 01 12 98 56 00 00 FB 1F 56 00 00 D1 1E 56 00 00 A5 99 56 00 00 29 F1 ...
  PARSED: 48
[22:49:25.303] TICK #18  avail=246  bytes=2379  ON=0  ps=1  pi=4
  RAW[246]: 58 56 00 01 C8 39 56 00 01 CF 16 56 00 01 BA 8B 56 00 01 4E 6A 56 00 00 16 C2 56 00 FD 2E 88 56 00 FD 8B AF 56 00 FD DB ...
[22:49:25.305] HEARTBEAT bytes=2625
  PARSED: 49
[22:49:25.327] TICK #19  avail=244  bytes=2625  ON=0  ps=0  pi=5
  RAW[244]: 56 00 FD 6D 6E 56 00 FC B9 C4 56 00 FC F3 56 56 00 FD 4B 16 56 00 FE F6 5A 56 00 01 35 3E 56 00 01 8A F6 56 00 01 B1 2D ...
  PARSED: 48
[22:49:25.370] TICK #21  avail=241  bytes=2869  ON=0  ps=1  pi=4
  RAW[241]: 3F 56 00 01 E5 54 56 00 01 BA 78 56 00 01 C6 28 56 00 00 F0 97 56 00 00 D6 E4 56 00 00 FB 68 56 00 00 97 DB 56 00 00 37 ...
  PARSED: 49
[22:49:25.392] TICK #22  avail=242  bytes=3110  ON=0  ps=0  pi=5
  RAW[242]: 56 00 01 DE 78 56 00 01 65 DD 56 00 01 E9 0C 56 00 01 7D 12 56 00 01 02 2B 56 00 FD CB A0 56 00 FD 76 4D 56 00 FE 3C C1 ...
  PARSED: 48
[22:49:25.435] TICK #24  avail=244  bytes=3352  ON=0  ps=1  pi=2
  RAW[244]: FF 54 A9 56 00 FC 83 44 56 00 FC D0 8C 56 00 FD 5E 8A 56 00 FE 4D F1 56 00 01 44 6E 56 00 01 90 36 56 00 01 73 89 56 00 ...
  PARSED: 49
[22:49:25.458] TICK #25  avail=242  bytes=3596  ON=0  ps=1  pi=1
  RAW[242]: 00 01 79 4C 56 00 01 A8 A7 56 00 01 49 F0 56 00 01 1C B3 56 00 00 9E 5C 56 00 00 84 D2 56 00 00 91 0E 56 00 00 5B F8 56 ...
  PARSED: 48
[22:49:25.501] TICK #27  avail=241  bytes=3838  ON=0  ps=1  pi=3
  RAW[241]: 7C A9 56 00 01 98 65 56 00 01 C4 5C 56 00 01 35 4D 56 00 01 38 70 56 00 FE 1B AF 56 00 FD 18 C0 56 00 FD 91 0F 56 00 FE ...
  PARSED: 48
[22:49:25.524] TICK #28  avail=242  bytes=4079  ON=0  ps=1  pi=4
  RAW[242]: F0 56 00 FC 55 07 56 00 FC F3 80 56 00 FD 25 D2 56 00 FD A0 DD 56 00 00 45 2E 56 00 01 31 E3 56 00 01 36 07 56 00 01 B4 ...
  PARSED: 49
[22:49:25.566] TICK #30  avail=244  bytes=4321  ON=0  ps=1  pi=1
  RAW[244]: 00 01 78 AD 56 00 01 9B 47 56 00 01 56 9C 56 00 01 11 16 56 00 01 51 E5 56 00 00 D5 8A 56 00 00 CD 5B 56 00 00 9D DD 56 ...
  PARSED: 49
[22:49:25.589] TICK #31  avail=241  bytes=4565  ON=0  ps=0  pi=5
  RAW[241]: 56 00 01 84 2D 56 00 01 80 82 56 00 01 A0 D5 56 00 01 59 C6 56 00 00 4C 08 56 00 FD 10 25 56 00 FD B8 A3 56 00 FD C4 CA ...
  PARSED: 48
[22:49:25.633] TICK #33  avail=244  bytes=4806  ON=0  ps=1  pi=1
  RAW[244]: 00 FC A5 67 56 00 FC 63 09 56 00 FD 0B 61 56 00 FD 65 C3 56 00 FE FE 05 56 00 01 1E 60 56 00 01 11 44 56 00 01 5E 66 56 ...
  PARSED: 49
[22:49:25.655] TICK #34  avail=244  bytes=5050  ON=0  ps=0  pi=5
  RAW[244]: 56 00 01 2C 98 56 00 01 0A 91 56 00 00 E4 B8 56 00 00 E1 A9 56 00 00 E0 C3 56 00 00 60 1C 56 00 00 3A 1E 56 00 00 21 15 ...
  PARSED: 48
[22:49:25.699] TICK #36  avail=241  bytes=5294  ON=0  ps=1  pi=4
  RAW[241]: C1 56 00 00 D4 27 56 00 01 81 61 56 00 01 1A 1B 56 00 00 AE 74 56 00 FD 8E 2D 56 00 FD 6A 19 56 00 FD 8C 3C 56 00 FD D9 ...
  PARSED: 49
[22:49:25.721] TICK #37  avail=242  bytes=5535  ON=0  ps=0  pi=5
  RAW[242]: 56 00 FC 4D 89 56 00 FD 02 29 56 00 FD 7F E5 56 00 FE 0E EE 56 00 00 FE BE 56 00 01 0D E4 56 00 01 5D D1 56 00 01 B1 91 ...
  PARSED: 48
[22:49:25.764] TICK #39  avail=244  bytes=5777  ON=0  ps=1  pi=2
  RAW[244]: 01 7F 29 56 00 01 71 CE 56 00 01 2A 22 56 00 01 6A 2F 56 00 01 3F E5 56 00 01 19 A3 56 00 01 09 E7 56 00 00 30 92 56 00 ...
  PARSED: 49
[22:49:25.788] TICK #40  avail=241  bytes=6021  ON=0  ps=1  pi=1
  RAW[241]: 00 01 B5 85 56 00 02 18 DA 56 00 01 A5 8A 56 00 01 65 C9 56 00 FE 60 7F 56 00 FD 51 CC 56 00 FD A5 8C 56 00 FE 06 56 56 ...
  PARSED: 48
[22:49:25.831] TICK #42  avail=242  bytes=6262  ON=0  ps=1  pi=2
  RAW[242]: FC 82 07 56 00 FD 05 8F 56 00 FD 5F B0 56 00 FD BF F5 56 00 00 FB 38 56 00 01 84 BC 56 00 01 6C 59 56 00 01 A2 FF 56 00 ...
  PARSED: 48
[22:49:25.853] TICK #43  avail=241  bytes=6504  ON=0  ps=1  pi=4
  RAW[241]: 39 56 00 01 59 B1 56 00 01 4B 36 56 00 00 E0 81 56 00 00 9D 1A 56 00 01 23 89 56 00 01 30 30 56 00 00 47 FB 56 00 00 52 ...
  PARSED: 49
[22:49:25.897] TICK #45  avail=244  bytes=6745  ON=0  ps=0  pi=5
  RAW[244]: 56 00 01 75 D4 56 00 01 CD 7B 56 00 01 C0 9D 56 00 01 80 93 56 00 FF 2D 8B 56 00 FD 6F 11 56 00 FD BC 63 56 00 FE 09 5B ...
  PARSED: 48
[22:49:25.919] TICK #46  avail=242  bytes=6989  ON=0  ps=1  pi=4
  RAW[242]: F4 56 00 FC F8 C9 56 00 FD 52 09 56 00 FD 7C CC 56 00 FF 7F 78 56 00 01 31 36 56 00 01 4E 5E 56 00 01 7E A2 56 00 01 A2 ...
  PARSED: 49
[22:49:25.963] TICK #48  avail=244  bytes=7231  ON=0  ps=1  pi=1
  RAW[244]: 00 01 6C 7F 56 00 01 23 47 56 00 01 2B DD 56 00 01 3B 42 56 00 01 1E 7C 56 00 00 8D 5A 56 00 00 80 CA 56 00 00 76 40 56 ...
  PARSED: 49
[22:49:25.986] TICK #49  avail=241  bytes=7475  ON=0  ps=0  pi=5
  RAW[241]: 56 00 01 E2 D1 56 00 01 E7 70 56 00 01 6C F7 56 00 00 87 1C 56 00 FD 4A 16 56 00 FD B6 A6 56 00 FE 31 E2 56 00 FE F2 55 ...
  PARSED: 48
[22:49:26.008] TICK #50  avail=0  bytes=7716  ON=0  ps=1  pi=1
[22:49:26.029] TICK #51  avail=244  bytes=7716  ON=0  ps=1  pi=1
  RAW[244]: 00 FC 8B D8 56 00 FC FB 49 56 00 FD 92 02 56 00 FE AC 57 56 00 01 37 38 56 00 01 70 13 56 00 01 90 6E 56 00 02 05 43 56 ...
  PARSED: 49
[22:49:26.053] TICK #52  avail=244  bytes=7960  ON=0  ps=0  pi=5
  RAW[244]: 56 00 01 6F 93 56 00 00 D5 8F 56 00 01 26 C3 56 00 01 26 81 56 00 00 DC 80 56 00 00 A1 10 56 00 00 80 DD 56 00 00 65 E0 ...
  PARSED: 48
[22:49:26.096] TICK #54  avail=241  bytes=8204  ON=0  ps=1  pi=4
  RAW[241]: BB 56 00 01 F4 51 56 00 01 89 8B 56 00 01 4C 65 56 00 FE 55 4F 56 00 FD 64 AF 56 00 FD D2 0D 56 00 FE 61 56 56 00 00 41 ...
  PARSED: 49
[22:49:26.119] TICK #55  avail=240  bytes=8445  ON=0  ps=0  pi=5
  RAW[240]: 56 00 FC C0 84 56 00 FD 0A 40 56 00 FD 79 CE 56 00 00 8C 84 56 00 01 29 68 56 00 01 56 38 56 00 01 96 C3 56 00 01 56 68 ...
  PARSED: 48
[22:49:26.164] TICK #57  avail=245  bytes=8685  ON=0  ps=0  pi=5
  RAW[245]: 56 00 00 A6 45 56 00 00 B4 0E 56 00 00 C9 9C 56 00 00 DD ED 56 00 00 F5 BF 56 00 00 4C 23 56 00 FF BD 5C 56 00 00 0A D1 ...
  PARSED: 49
[22:49:26.187] TICK #58  avail=242  bytes=8930  ON=0  ps=0  pi=5
  RAW[242]: 56 00 01 6C 90 56 00 01 94 2C 56 00 00 DF A7 56 00 FE BD 78 56 00 FC D6 D6 56 00 FD 4B 64 56 00 FD D3 62 56 00 FF 54 AB ...
  PARSED: 48
[22:49:26.230] TICK #60  avail=242  bytes=9172  ON=0  ps=1  pi=2
  RAW[242]: FC 65 C3 56 00 FD 2E 52 56 00 FD 80 5C 56 00 00 06 D9 56 00 01 2D C0 56 00 01 20 34 56 00 01 5F 2E 56 00 01 36 D3 56 00 ...
  PARSED: 48
[22:49:26.254] TICK #61  avail=241  bytes=9414  ON=0  ps=1  pi=4
  RAW[241]: 16 56 00 00 A4 DE 56 00 00 96 98 56 00 00 71 90 56 00 00 49 FD 56 00 00 72 50 56 00 00 23 60 56 00 FF FA B4 56 00 FF EF ...
  PARSED: 49
[22:49:26.297] TICK #63  avail=244  bytes=9655  ON=0  ps=0  pi=5
  RAW[244]: 56 00 01 60 40 56 00 01 94 AD 56 00 01 61 D9 56 00 FF ED 26 56 00 FD 1A F0 56 00 FD 83 66 56 00 FD C2 2D 56 00 FE 91 05 ...
  PARSED: 48
[22:49:26.321] TICK #64  avail=244  bytes=9899  ON=0  ps=1  pi=4
  RAW[244]: 06 56 00 FD 71 53 56 00 FD E3 E5 56 00 FF 1B E3 56 00 01 52 BE 56 00 01 BB F6 56 00 01 78 C5 56 00 01 C8 84 56 00 01 3E ...
  PARSED: 49
[22:49:26.364] TICK #66  avail=242  bytes=10143  ON=0  ps=1  pi=3
  RAW[242]: 16 2E 56 00 01 05 87 56 00 01 03 5A 56 00 00 BA 96 56 00 00 A7 BE 56 00 00 7C 3A 56 00 00 4E 0E 56 00 00 66 31 56 00 FE ...
  PARSED: 49
[22:49:26.387] TICK #67  avail=241  bytes=10385  ON=0  ps=0  pi=5
  RAW[241]: 56 00 01 EA D9 56 00 01 BE 59 56 00 01 77 56 56 00 FD FE A5 56 00 FD 93 B0 56 00 FD D3 0D 56 00 FE 4C 81 56 00 00 7F F9 ...
  PARSED: 48
[22:49:26.432] TICK #69  avail=244  bytes=10626  ON=0  ps=1  pi=1
  RAW[244]: 00 FC CA 75 56 00 FD 4C 5F 56 00 FE 04 F1 56 00 00 CF 5D 56 00 01 4A 9E 56 00 01 B9 00 56 00 01 98 43 56 00 01 55 8D 56 ...
  PARSED: 49
[22:49:26.454] TICK #70  avail=241  bytes=10870  ON=0  ps=0  pi=5
  RAW[241]: 56 00 00 8B FE 56 00 00 D5 FF 56 00 00 8D C5 56 00 00 DA 57 56 00 01 17 E2 56 00 00 96 09 56 00 00 47 6C 56 00 FF 3F 87 ...
  PARSED: 48
[22:49:26.497] TICK #72  avail=242  bytes=11111  ON=0  ps=1  pi=1
  RAW[242]: 00 01 B8 4F 56 00 01 9A 6C 56 00 01 3B 3F 56 00 FE BC 6C 56 00 FD 84 B5 56 00 FE 1F 43 56 00 FE 38 6F 56 00 00 2C 3E 56 ...
  PARSED: 48
[22:49:26.521] TICK #73  avail=242  bytes=11353  ON=0  ps=1  pi=3
  RAW[242]: 97 6F 56 00 FD 55 A1 56 00 FD 86 E5 56 00 00 12 67 56 00 00 F6 6C 56 00 01 3B 50 56 00 01 67 8F 56 00 01 4E 3A 56 00 01 ...
  PARSED: 49
[22:49:26.564] TICK #75  avail=244  bytes=11595  ON=0  ps=0  pi=5
  RAW[244]: 56 00 01 0A 40 56 00 00 9C FE 56 00 00 AF 5A 56 00 00 87 52 56 00 00 98 AD 56 00 FF D2 25 56 00 00 4A 90 56 00 FF ED 79 ...
  PARSED: 48
[22:49:26.587] TICK #76  avail=241  bytes=11839  ON=0  ps=1  pi=4
  RAW[241]: 87 56 00 01 CE 12 56 00 01 78 B4 56 00 FF 64 B0 56 00 FD 53 83 56 00 FD D5 BF 56 00 FD E4 AD 56 00 FE 8C CF 56 00 01 16 ...
  PARSED: 49
[22:49:26.631] TICK #78  avail=244  bytes=12080  ON=0  ps=0  pi=5
  RAW[244]: 56 00 FD 0D 12 56 00 FD A2 0A 56 00 FF 46 AC 56 00 01 35 4A 56 00 01 7E DC 56 00 01 3E 6C 56 00 01 7F 18 56 00 01 7D 7D ...
  PARSED: 48
[22:49:26.653] TICK #79  avail=241  bytes=12324  ON=0  ps=1  pi=4
  RAW[241]: CF 56 00 00 C3 0B 56 00 00 CC A5 56 00 00 CD E9 56 00 00 B3 EA 56 00 00 3B D8 56 00 00 3B 68 56 00 00 18 D3 56 00 FD 52 ...
  PARSED: 49
[22:49:26.697] TICK #81  avail=242  bytes=12565  ON=0  ps=0  pi=5
  RAW[242]: 56 00 01 BE 35 56 00 01 56 16 56 00 00 AB 5B 56 00 FD B9 0F 56 00 FD DD C5 56 00 FD FD 61 56 00 FE A5 7B 56 00 01 21 84 ...
  PARSED: 48
[22:49:26.722] TICK #82  avail=243  bytes=12807  ON=0  ps=1  pi=2
  RAW[243]: FD 3E D8 56 00 FD 79 E7 56 00 FF 12 80 56 00 01 0B 68 56 00 01 2B C6 56 00 01 B7 54 56 00 01 B8 46 56 00 01 5F A5 56 00 ...
  PARSED: 49
[22:49:26.765] TICK #84  avail=244  bytes=13050  ON=0  ps=0  pi=5
  RAW[244]: 56 00 00 E8 1E 56 00 00 CF 2F 56 00 00 AF 11 56 00 00 EF AB 56 00 00 F3 18 56 00 00 7C 35 56 00 00 8B 10 56 00 FF 38 6C ...
  PARSED: 48
[22:49:26.789] TICK #85  avail=242  bytes=13294  ON=0  ps=1  pi=4
  RAW[242]: 23 56 00 01 AF 5C 56 00 01 90 22 56 00 FE 97 FD 56 00 FD 94 67 56 00 FD F7 62 56 00 FE 7E 31 56 00 00 A6 6A 56 00 01 97 ...
  PARSED: 49
[22:49:26.832] TICK #87  avail=244  bytes=13536  ON=0  ps=1  pi=1
  RAW[244]: 00 FD 6E 39 56 00 FE 11 80 56 00 00 C5 AC 56 00 01 79 49 56 00 01 99 35 56 00 01 AB 58 56 00 01 AB DC 56 00 01 81 63 56 ...
  PARSED: 49
[22:49:26.855] TICK #88  avail=240  bytes=13780  ON=0  ps=0  pi=5
  RAW[240]: 56 00 00 BD 2A 56 00 01 00 EC 56 00 00 CE 27 56 00 00 83 39 56 00 00 1A 51 56 00 00 43 7C 56 00 FF 7F 5F 56 00 FC 99 81 ...
  PARSED: 48
[22:49:26.900] TICK #90  avail=240  bytes=14020  ON=0  ps=0  pi=5
  RAW[240]: 56 00 01 5F 1A 56 00 01 8B 1F 56 00 FE CC 45 56 00 FD 44 9A 56 00 FD B8 74 56 00 FE 12 29 56 00 FF 30 A7 56 00 01 3A E3 ...
  PARSED: 48
[22:49:26.923] TICK #91  avail=244  bytes=14260  ON=0  ps=0  pi=5
  RAW[244]: 56 00 FD 61 75 56 00 FD 66 0E 56 00 FF FF D3 56 00 01 3B 39 56 00 01 0D DA 56 00 01 4C 1F 56 00 01 5B 6A 56 00 01 7A 3D ...
  PARSED: 48
[22:49:26.943] Servo → PSoC: vent=0.20s→300samp  umbral=100.00mV→65535cnt  conv=5s  pN=148 nN=148 ±tol=0
[22:49:26.948] Servo → PSoC: vent=0.20s→300samp  umbral=100.00mV→65535cnt  conv=5s  pN=148 nN=148 ±tol=0
[22:49:27.309] Servo OK: vent=0.20s umbral=100.00mV conv=5s pN=148 nN=148 ±tol=0 | VDp=148 VDn=148 LOCKED
[22:49:27.614] Servo OK: vent=0.20s umbral=100.00mV conv=5s pN=148 nN=148 ±tol=0 | VDp=148 VDn=148 LOCKED
[22:49:27.619] TICK #92  avail=30  bytes=14504  ON=0  ps=0  pi=4
  RAW[30]: 56 00 FD 15 7E 56 00 FD D0 3C 56 00 FD F4 AE 56 00 FF 51 73 56 00 01 78 D4 56 00 01 68 DF 
  PARSED: 6
[22:49:27.663] TICK #94  avail=242  bytes=14534  ON=0  ps=0  pi=5
  RAW[242]: 56 00 00 AE 9F 56 00 00 D0 01 56 00 00 88 EF 56 00 00 9D 3B 56 00 01 28 FA 56 00 00 68 70 56 00 00 2F 3D 56 00 00 3E 6A ...
  PARSED: 48
[22:49:27.686] TICK #95  avail=243  bytes=14776  ON=0  ps=1  pi=2
  RAW[243]: 01 5C B2 56 00 01 69 DF 56 00 01 16 45 56 00 00 49 DA 56 00 FD 4E 1F 56 00 FD 7F D0 56 00 FD BA 55 56 00 FE D5 15 56 00 ...
  PARSED: 49
[22:49:27.731] TICK #97  avail=250  bytes=15019  ON=0  ps=0  pi=5
  RAW[250]: 56 00 FD 5A 5B 56 00 FD E1 EE 56 00 FF 3F C0 56 00 01 53 02 56 00 01 48 2C 56 00 01 40 37 56 00 01 A0 DC 56 00 01 68 FD ...
  PARSED: 49
[22:49:27.754] TICK #98  avail=240  bytes=15269  ON=0  ps=0  pi=5
  RAW[240]: 56 00 00 E2 41 56 00 01 1C 09 56 00 00 8A 2A 56 00 00 B4 4D 56 00 00 78 1F 56 00 FF F6 20 56 00 FF FF AB 56 00 FD 74 E3 ...
  PARSED: 48
[22:49:27.797] TICK #100  avail=241  bytes=15509  ON=0  ps=0  pi=5
  RAW[241]: 56 00 01 54 B4 56 00 01 21 51 56 00 00 6D AC 56 00 FD 3D 36 56 00 FD 8A 0A 56 00 FD CA F2 56 00 FE 2C 08 56 00 00 45 0F ...
  PARSED: 48
[22:49:27.821] TICK #101  avail=244  bytes=15750  ON=0  ps=1  pi=1
  RAW[244]: 00 FD 3C 6B 56 00 FD C2 6C 56 00 FE 40 93 56 00 00 C0 70 56 00 01 14 AD 56 00 01 41 61 56 00 01 75 40 56 00 01 2C 6E 56 ...
  PARSED: 49
[22:49:27.864] TICK #103  avail=240  bytes=15994  ON=0  ps=0  pi=5
  RAW[240]: 56 00 00 EA 92 56 00 00 CB 01 56 00 00 D1 12 56 00 00 7E 63 56 00 00 4D 2A 56 00 FF A5 52 56 00 FF FD B9 56 00 FE 34 AE ...
  PARSED: 48
[22:49:27.887] TICK #104  avail=240  bytes=16234  ON=0  ps=0  pi=5
  RAW[240]: 56 00 01 AA 9C 56 00 01 6A D9 56 00 01 52 4B 56 00 FE 16 5F 56 00 FD 7E DB 56 00 FD BD 9C 56 00 FE 21 C4 56 00 FF D0 19 ...
  PARSED: 48
[22:49:27.929] TICK #106  avail=242  bytes=16474  ON=0  ps=0  pi=5
  RAW[242]: 56 00 FD 23 D9 56 00 FD 9C 45 56 00 FD CF 78 56 00 00 8A 18 56 00 01 44 C8 56 00 01 5F 1A 56 00 01 A8 DB 56 00 01 7E 52 ...
  PARSED: 48
[22:49:27.973] TICK #108  avail=242  bytes=16716  ON=0  ps=1  pi=2
  RAW[242]: 01 5F 1A 56 00 01 45 E5 56 00 01 4B 46 56 00 01 27 17 56 00 00 CC 34 56 00 00 71 18 56 00 FF D2 C6 56 00 00 03 72 56 00 ...
  PARSED: 48
[22:49:27.995] TICK #109  avail=241  bytes=16958  ON=0  ps=1  pi=4
  RAW[241]: C9 56 00 01 CD A3 56 00 01 DF 94 56 00 01 53 D7 56 00 FE 15 42 56 00 FD 8A C8 56 00 FE 09 A8 56 00 FE B3 F9 56 00 FF 38 ...
  PARSED: 49
[22:49:28.038] TICK #111  avail=244  bytes=17199  ON=0  ps=0  pi=5
  RAW[244]: 56 00 FD 49 B9 56 00 FD DB 3B 56 00 FD F0 F9 56 00 FF 9F 7C 56 00 01 46 07 56 00 01 6B 32 56 00 01 6C F3 56 00 01 63 E4 ...
  PARSED: 48
[22:49:28.061] TICK #112  avail=241  bytes=17443  ON=0  ps=1  pi=4
  RAW[241]: 57 56 00 01 34 09 56 00 01 47 79 56 00 00 F1 F9 56 00 00 C6 41 56 00 00 D8 00 56 00 00 6A C7 56 00 00 62 D3 56 00 FF A7 ...
  PARSED: 49
[22:49:28.106] TICK #114  avail=240  bytes=17684  ON=0  ps=0  pi=5
  RAW[240]: 56 00 01 59 23 56 00 01 B8 76 56 00 01 65 5C 56 00 00 0A 78 56 00 FD 76 B6 56 00 FD DC 56 56 00 FE 1A 92 56 00 FE B4 1B ...
  PARSED: 48
[22:49:28.163] TICK #115  avail=490  bytes=17924  ON=0  ps=0  pi=5
  RAW[400]: 56 00 FC C0 1F 56 00 FD 39 D4 56 00 FD 89 B2 56 00 FE E6 D8 56 00 01 07 B7 56 00 01 2F AE 56 00 01 78 1A 56 00 01 5D 34 ...
  PARSED: 80
[22:49:28.220] TICK #116  avail=573  bytes=18324  ON=0  ps=0  pi=5
  RAW[400]: 56 00 00 A0 57 56 00 00 7C AD 56 00 00 55 A9 56 00 00 7C F7 56 00 00 58 90 56 00 00 27 72 56 00 FE B9 C1 56 00 FC 35 11 ...
  PARSED: 80
[22:49:28.250] TICK #117  avail=173  bytes=18724  ON=0  ps=0  pi=5
  RAW[173]: 56 00 FD 53 CA 56 00 FD D9 C8 56 00 FE 53 33 56 00 00 42 03 56 00 01 33 F0 56 00 00 DF 5D 56 00 00 B8 1D 56 00 00 80 43 ...
  PARSED: 34
[22:49:28.302] TICK #118  avail=485  bytes=18897  ON=0  ps=1  pi=3
  RAW[400]: 1E E6 56 00 00 CA 45 56 00 00 DF 5D 56 00 00 CC CC 56 00 00 E6 60 56 00 00 D7 F2 56 00 00 9A 3F 56 00 00 28 3A 56 00 FF ...
  PARSED: 80
[22:49:28.358] TICK #119  avail=568  bytes=19297  ON=0  ps=1  pi=3
  RAW[400]: 47 AD 56 00 FF 21 4D 56 00 FD 54 E9 56 00 FD A1 AC 56 00 FD D0 5C 56 00 FF B2 3B 56 00 01 72 C6 56 00 01 59 D6 56 00 00 ...
  PARSED: 80
[22:49:28.384] TICK #120  avail=168  bytes=19697  ON=0  ps=1  pi=3
  RAW[168]: 2A FA 56 00 01 6A 7F 56 00 01 58 83 56 00 01 04 82 56 00 01 41 84 56 00 01 77 BA 56 00 01 A2 A6 56 00 01 8F 86 56 00 FF ...
  PARSED: 34
[22:49:28.407] TICK #121  avail=244  bytes=19865  ON=0  ps=1  pi=1
  RAW[244]: 00 01 5C 0A 56 00 01 9B F1 56 00 01 02 B8 56 00 FF BC 76 56 00 FD 43 B7 56 00 FD 75 FC 56 00 FD FA 40 56 00 FF 5C DC 56 ...
  PARSED: 49
[22:49:28.430] TICK #122  avail=244  bytes=20109  ON=0  ps=0  pi=5
  RAW[244]: 56 00 FD 2A 8A 56 00 FD A5 02 56 00 FF E5 50 56 00 01 AB DB 56 00 01 65 8B 56 00 01 5E B4 56 00 00 F4 97 56 00 00 EC 77 ...
  PARSED: 48
[22:49:28.473] TICK #124  avail=241  bytes=20353  ON=0  ps=1  pi=4
  RAW[241]: 48 56 00 00 73 78 56 00 00 D6 0B 56 00 00 94 45 56 00 00 61 EB 56 00 00 6B F9 56 00 00 41 3B 56 00 00 07 30 56 00 FD 29 ...
  PARSED: 49
[22:49:28.495] TICK #125  avail=241  bytes=20594  ON=0  ps=0  pi=5
  RAW[241]: 56 00 01 9C 4E 56 00 01 72 F0 56 00 00 09 30 56 00 FD 1A 88 56 00 FD 99 61 56 00 FE 13 31 56 00 FE A2 3B 56 00 00 B1 21 ...
  PARSED: 48
[22:49:28.540] TICK #127  avail=242  bytes=20835  ON=0  ps=1  pi=1
  RAW[242]: 00 FD 3A DD 56 00 FD C1 D3 56 00 FE 57 DA 56 00 01 5E ED 56 00 01 7E F0 56 00 01 72 AC 56 00 01 6B B7 56 00 01 97 2F 56 ...
  PARSED: 48
[22:49:28.563] TICK #128  avail=242  bytes=21077  ON=0  ps=1  pi=3
  RAW[242]: 00 6D 56 00 00 AA 4B 56 00 00 C3 E3 56 00 00 8B C7 56 00 00 B6 4F 56 00 00 D2 F1 56 00 00 1B 31 56 00 00 08 79 56 00 FE ...
  PARSED: 49
[22:49:28.606] TICK #130  avail=241  bytes=21319  ON=0  ps=0  pi=5
  RAW[241]: 56 00 01 99 0D 56 00 01 60 7B 56 00 01 0C 61 56 00 FD B1 3D 56 00 FD A0 90 56 00 FD F0 C5 56 00 FE 28 59 56 00 00 24 F4 ...
  PARSED: 48
[22:49:28.630] TICK #131  avail=244  bytes=21560  ON=0  ps=1  pi=1
  RAW[244]: 00 FD 24 C5 56 00 FD 75 E3 56 00 FD BB 8B 56 00 00 D3 0E 56 00 01 5C BE 56 00 00 AA 1A 56 00 00 C1 D2 56 00 00 EC AE 56 ...
  PARSED: 49
[22:49:28.673] TICK #133  avail=244  bytes=21804  ON=0  ps=0  pi=5
  RAW[244]: 56 00 00 D7 C1 56 00 01 0B E6 56 00 00 C6 66 56 00 00 B2 FE 56 00 00 2F 24 56 00 FF D7 F1 56 00 FF F9 F1 56 00 FF 10 CB ...
  PARSED: 48
[22:49:28.696] TICK #134  avail=241  bytes=22048  ON=0  ps=1  pi=4
  RAW[241]: 5F 56 00 01 57 DC 56 00 01 24 F3 56 00 FE BF 77 56 00 FD 4B 4E 56 00 FD D0 EC 56 00 FD FE 0F 56 00 FE FB 9C 56 00 01 21 ...
  PARSED: 49
[22:49:28.719] TICK #135  avail=240  bytes=22289  ON=0  ps=0  pi=5
  RAW[240]: 56 00 FD 57 E8 56 00 FD 81 58 56 00 FF 88 F2 56 00 01 53 25 56 00 01 EE 91 56 00 01 BE 6C 56 00 01 D9 38 56 00 01 99 14 ...
  PARSED: 48
[22:49:28.765] TICK #137  avail=241  bytes=22529  ON=0  ps=0  pi=5
  RAW[241]: 56 00 00 CB F3 56 00 00 EC 7B 56 00 00 91 21 56 00 00 80 22 56 00 00 6F 43 56 00 00 36 DE 56 00 00 15 15 56 00 00 2B A5 ...
  PARSED: 48
[22:49:28.787] TICK #138  avail=242  bytes=22770  ON=0  ps=1  pi=1
  RAW[242]: 00 01 6D E7 56 00 01 E5 E9 56 00 01 15 7D 56 00 FF D1 CE 56 00 FD 56 A3 56 00 FD B2 D2 56 00 FD DD 0D 56 00 FE 8B 19 56 ...
  PARSED: 48
[22:49:28.830] TICK #140  avail=242  bytes=23012  ON=0  ps=1  pi=3
  RAW[242]: D7 6D 56 00 FD 69 AC 56 00 FD 96 6E 56 00 FF 00 62 56 00 01 4B 0B 56 00 01 81 8F 56 00 01 64 15 56 00 01 9A 15 56 00 01 ...
  PARSED: 49
[22:49:28.853] TICK #141  avail=241  bytes=23254  ON=0  ps=0  pi=5
  RAW[241]: 56 00 01 54 A4 56 00 01 0F BA 56 00 00 FF B8 56 00 00 CF 96 56 00 00 93 3D 56 00 00 35 71 56 00 00 0E E5 56 00 00 58 8F ...
  PARSED: 48
[22:49:28.898] TICK #143  avail=240  bytes=23495  ON=0  ps=1  pi=1
  RAW[240]: 00 01 44 BA 56 00 01 D9 B1 56 00 01 63 70 56 00 00 8F 1C 56 00 FD 5D 73 56 00 FD AB A7 56 00 FE 04 D4 56 00 FE 4F 61 56 ...
  PARSED: 48
[22:49:28.921] TICK #144  avail=245  bytes=23735  ON=0  ps=1  pi=1
  RAW[245]: 00 FC DA C1 56 00 FD 16 AB 56 00 FD 90 66 56 00 FD CF 31 56 00 00 AC 4B 56 00 01 6D CB 56 00 01 DD 3B 56 00 01 DF 88 56 ...
  PARSED: 49
[22:49:28.962] TICK #146  avail=246  bytes=23980  ON=0  ps=1  pi=1
  RAW[246]: 00 01 3D 73 56 00 01 58 E9 56 00 01 52 B0 56 00 01 41 DA 56 00 00 E3 BE 56 00 00 B0 1A 56 00 00 37 DB 56 00 00 1E B6 56 ...
  PARSED: 49
[22:49:29.005] TICK #148  avail=242  bytes=24226  ON=0  ps=1  pi=2
  RAW[242]: 01 A2 66 56 00 01 68 29 56 00 00 FD F4 56 00 FD B9 1F 56 00 FD 80 96 56 00 FD EB 4F 56 00 FE 03 84 56 00 FF 25 71 56 00 ...
  PARSED: 48
[22:49:29.027] TICK #149  avail=241  bytes=24468  ON=0  ps=1  pi=4
  RAW[241]: DD 56 00 FD 45 35 56 00 FD C8 CD 56 00 FF D6 47 56 00 01 67 BD 56 00 01 57 70 56 00 01 9E 19 56 00 01 9D 28 56 00 01 79 ...
  PARSED: 49
[22:49:29.050] TICK #150  avail=0  bytes=24709  ON=0  ps=0  pi=5
[22:49:29.071] TICK #151  avail=240  bytes=24709  ON=0  ps=0  pi=5
  RAW[240]: 56 00 01 66 E6 56 00 01 16 86 56 00 01 04 F9 56 00 00 80 EB 56 00 00 5B 11 56 00 FF E6 54 56 00 00 17 79 56 00 FF 4E 65 ...
  PARSED: 48
[22:49:29.094] TICK #152  avail=244  bytes=24949  ON=0  ps=0  pi=5
  RAW[244]: 56 00 01 8A E4 56 00 01 98 C6 56 00 01 54 E9 56 00 FF 13 F2 56 00 FD 9D 70 56 00 FD EF 3E 56 00 FD EE F6 56 00 FE D4 DA ...
  PARSED: 48
[22:49:29.137] TICK #154  avail=240  bytes=25193  ON=0  ps=1  pi=4
  RAW[240]: 58 56 00 FD 3D 92 56 00 FD AB F0 56 00 FF A1 1B 56 00 01 2C D6 56 00 01 0F 05 56 00 01 60 78 56 00 01 B4 EF 56 00 01 3A ...
  PARSED: 48
[22:49:29.160] TICK #155  avail=241  bytes=25433  ON=0  ps=1  pi=4
  RAW[241]: 31 56 00 01 51 B3 56 00 01 48 F2 56 00 01 13 32 56 00 00 F3 6E 56 00 00 BE 23 56 00 00 47 02 56 00 00 1A 7F 56 00 00 28 ...
  PARSED: 49
[22:49:29.222] TICK #157  avail=485  bytes=25674  ON=0  ps=0  pi=5
  RAW[400]: 56 00 01 09 9F 56 00 01 69 C8 56 00 01 75 C4 56 00 00 F9 2D 56 00 FD 89 FB 56 00 FD A1 5E 56 00 FD DC 8C 56 00 FE 9C 78 ...
  PARSED: 80
[22:49:29.247] TICK #158  avail=85  bytes=26074  ON=0  ps=0  pi=5
  RAW[85]: 56 00 FE 94 1E 56 00 01 30 9E 56 00 01 86 A5 56 00 01 85 F7 56 00 01 B4 E9 56 00 01 6D E2 56 00 01 48 A0 56 00 01 94 3C ...
  PARSED: 17
[22:49:29.294] TICK #159  avail=485  bytes=26159  ON=0  ps=0  pi=5
  RAW[400]: 56 00 01 4A 41 56 00 01 2F C1 56 00 00 AD 81 56 00 00 A2 8D 56 00 00 6C 17 56 00 00 8F F2 56 00 00 57 5C 56 00 00 8A C9 ...
  PARSED: 80
[22:49:29.317] TICK #160  avail=85  bytes=26559  ON=0  ps=0  pi=5
  RAW[85]: 56 00 01 5D EC 56 00 FE 4E 06 56 00 FC FB 4B 56 00 FD 83 BF 56 00 FD F3 E7 56 00 00 21 0E 56 00 01 A5 55 56 00 01 AC 3C ...
  PARSED: 17
[22:49:29.339] TICK #161  avail=242  bytes=26644  ON=0  ps=0  pi=5
  RAW[242]: 56 00 FC B7 80 56 00 FD 55 0B 56 00 FD ED 1D 56 00 01 11 FD 56 00 01 D2 AF 56 00 01 76 7A 56 00 01 D6 24 56 00 01 B8 BA ...
  PARSED: 48
[22:49:29.362] TICK #162  avail=242  bytes=26886  ON=0  ps=1  pi=2
  RAW[242]: 01 4E 94 56 00 01 60 7B 56 00 00 EE 81 56 00 00 BD C3 56 00 01 04 3A 56 00 01 07 10 56 00 00 71 A0 56 00 00 3B BB 56 00 ...
  PARSED: 48
[22:49:29.406] TICK #164  avail=241  bytes=27128  ON=0  ps=1  pi=4
  RAW[241]: 59 56 00 01 7D 68 56 00 01 BF 5F 56 00 01 AB 6D 56 00 FF 05 1C 56 00 FD 8E 4A 56 00 FD C0 AE 56 00 FE 14 C1 56 00 FF 27 ...
  PARSED: 49
[22:49:29.428] TICK #165  avail=247  bytes=27369  ON=0  ps=0  pi=5
  RAW[247]: 56 00 FC E5 D4 56 00 FD 93 49 56 00 FD E1 97 56 00 FF 1A C8 56 00 01 82 76 56 00 01 A8 52 56 00 01 8D DD 56 00 01 88 B9 ...
[22:49:29.430] HEARTBEAT bytes=27616
  PARSED: 48
[22:49:29.473] TICK #167  avail=244  bytes=27616  ON=0  ps=1  pi=2
  RAW[244]: 00 8B BF 56 00 00 A5 76 56 00 00 D9 DF 56 00 00 CB 56 56 00 00 DF F8 56 00 00 D8 93 56 00 00 02 53 56 00 FF BA E7 56 00 ...
  PARSED: 49
[22:49:29.496] TICK #168  avail=242  bytes=27860  ON=0  ps=1  pi=1
  RAW[242]: 00 01 09 D2 56 00 01 93 19 56 00 01 00 70 56 00 FF E8 F6 56 00 FD 37 21 56 00 FD C5 98 56 00 FD F0 85 56 00 FE 21 70 56 ...
  PARSED: 48
[22:49:29.538] TICK #170  avail=241  bytes=28102  ON=0  ps=1  pi=3
  RAW[241]: B8 CB 56 00 FD 29 21 56 00 FD D8 8B 56 00 FE 5E 2D 56 00 01 14 87 56 00 01 28 54 56 00 01 A5 88 56 00 01 A3 32 56 00 01 ...
  PARSED: 48
[22:49:29.561] TICK #171  avail=244  bytes=28343  ON=0  ps=1  pi=4
  RAW[244]: FC 56 00 01 58 08 56 00 01 2C F7 56 00 01 63 6C 56 00 00 F5 9E 56 00 00 CC FB 56 00 00 61 52 56 00 00 36 6B 56 00 00 7E ...
  PARSED: 49
[22:49:29.604] TICK #173  avail=242  bytes=28587  ON=0  ps=1  pi=3
  RAW[242]: 66 FD 56 00 01 CE 75 56 00 01 57 BE 56 00 00 52 94 56 00 FD 67 65 56 00 FD BF E0 56 00 FD F9 A7 56 00 FE 35 CA 56 00 00 ...
  PARSED: 49
[22:49:29.626] TICK #174  avail=241  bytes=28829  ON=0  ps=0  pi=5
  RAW[241]: 56 00 FD 14 9C 56 00 FD B6 0A 56 00 FE 3D F3 56 00 01 3C 45 56 00 01 D9 12 56 00 01 C1 90 56 00 01 B8 C1 56 00 02 03 05 ...
  PARSED: 48
[22:49:29.669] TICK #176  avail=239  bytes=29070  ON=0  ps=1  pi=1
  RAW[239]: 00 01 78 0B 56 00 01 59 30 56 00 01 81 56 56 00 01 4A 3D 56 00 01 36 C3 56 00 00 DC 86 56 00 00 02 E0 56 00 FF FF 28 56 ...
  PARSED: 48
[22:49:29.691] TICK #177  avail=244  bytes=29309  ON=0  ps=0  pi=5
  RAW[244]: 56 00 01 3A 56 56 00 01 9A 1F 56 00 01 B3 68 56 00 01 11 FC 56 00 FD CE A5 56 00 FD 6D AA 56 00 FE 33 64 56 00 FE 30 BA ...
  PARSED: 48
[22:49:29.734] TICK #179  avail=242  bytes=29553  ON=0  ps=1  pi=4
  RAW[242]: C5 56 00 FC F7 80 56 00 FD 4C CF 56 00 FD D3 35 56 00 00 37 BE 56 00 01 88 31 56 00 01 52 62 56 00 01 8F 12 56 00 01 B2 ...
  PARSED: 49
[22:49:29.756] TICK #180  avail=242  bytes=29795  ON=0  ps=1  pi=1
  RAW[242]: 00 01 AE 9C 56 00 01 56 E7 56 00 00 F1 6C 56 00 01 12 E9 56 00 00 D0 7C 56 00 00 81 5F 56 00 FF E4 0E 56 00 FF F1 81 56 ...
  PARSED: 48
[22:49:29.799] TICK #182  avail=241  bytes=30037  ON=0  ps=1  pi=3
  RAW[241]: 59 5F 56 00 01 AF 49 56 00 01 C9 00 56 00 01 69 3C 56 00 FF 05 38 56 00 FD 7F A5 56 00 FD FE E1 56 00 FE 34 2D 56 00 FE ...
  PARSED: 48
[22:49:29.821] TICK #183  avail=241  bytes=30278  ON=0  ps=1  pi=4
  RAW[241]: 13 56 00 FC C2 29 56 00 FC E9 0D 56 00 FD 7C 55 56 00 FE E9 A6 56 00 01 4C 60 56 00 01 58 6C 56 00 01 70 C0 56 00 01 55 ...
  PARSED: 49
[22:49:29.865] TICK #185  avail=240  bytes=30519  ON=0  ps=0  pi=5
  RAW[240]: 56 00 01 68 D3 56 00 01 77 7D 56 00 01 79 43 56 00 01 29 A1 56 00 00 DA BB 56 00 00 90 E3 56 00 00 2C 8B 56 00 00 2A AB ...
  PARSED: 48
[22:49:29.888] TICK #186  avail=240  bytes=30759  ON=0  ps=0  pi=5
  RAW[240]: 56 00 01 4A 3A 56 00 01 64 F1 56 00 01 AF 2D 56 00 01 1D F7 56 00 FF AD 31 56 00 FD 2C B6 56 00 FD A3 78 56 00 FD E0 5E ...
  PARSED: 48
[22:49:29.930] TICK #188  avail=241  bytes=30999  ON=0  ps=0  pi=5
  RAW[241]: 56 00 FD C7 82 56 00 FC BD E8 56 00 FC E0 4A 56 00 FD 5C F7 56 00 FE 5E 73 56 00 01 32 A5 56 00 01 5B 7C 56 00 02 12 85 ...
  PARSED: 48
[22:49:29.952] TICK #189  avail=242  bytes=31240  ON=0  ps=1  pi=1
  RAW[242]: 00 00 73 20 56 00 01 76 43 56 00 01 1D CE 56 00 01 16 DC 56 00 01 0F 42 56 00 01 40 6C 56 00 01 06 A6 56 00 00 A6 04 56 ...
  PARSED: 48
[22:49:29.996] TICK #191  avail=242  bytes=31482  ON=0  ps=1  pi=3
  RAW[242]: 92 75 56 00 01 45 46 56 00 01 38 6E 56 00 01 BC 7D 56 00 01 66 2C 56 00 00 EB 3D 56 00 FD A5 B0 56 00 FD A9 4B 56 00 FE ...
  PARSED: 49
[22:49:30.019] TICK #192  avail=241  bytes=31724  ON=0  ps=0  pi=5
  RAW[241]: 56 00 FE 77 67 56 00 FC 58 CB 56 00 FC CF C8 56 00 FD 20 20 56 00 FD 44 7E 56 00 00 1C 0E 56 00 01 6B 2E 56 00 01 75 1D ...
  PARSED: 48
[22:49:30.062] TICK #194  avail=242  bytes=31965  ON=0  ps=1  pi=1
  RAW[242]: 00 FF 38 3F 56 00 01 3B 16 56 00 01 19 D4 56 00 00 B0 01 56 00 00 94 C0 56 00 00 F0 A5 56 00 00 96 4A 56 00 00 BF C4 56 ...
  PARSED: 48
[22:49:30.084] TICK #195  avail=242  bytes=32207  ON=0  ps=1  pi=3
  RAW[242]: 5C 4F 56 00 01 4F CE 56 00 01 37 6E 56 00 01 62 1B 56 00 01 32 43 56 00 00 D7 C0 56 00 FE 1C F1 56 00 FD 71 2C 56 00 FD ...
  PARSED: 49
[22:49:30.127] TICK #197  avail=240  bytes=32449  ON=0  ps=0  pi=5
  RAW[240]: 56 00 FF 89 CC 56 00 FC 58 79 56 00 FC D0 2E 56 00 FD 89 23 56 00 FD DA E7 56 00 FF 68 2B 56 00 01 62 4F 56 00 01 4C E1 ...
  PARSED: 48
[22:49:30.171] TICK #199  avail=241  bytes=32689  ON=0  ps=0  pi=5
  RAW[241]: 56 00 FE 5E 91 56 00 00 C4 AA 56 00 01 7E B1 56 00 01 10 6F 56 00 01 46 DE 56 00 00 E2 47 56 00 00 D9 62 56 00 00 B1 BC ...
  PARSED: 48
[22:49:30.194] TICK #200  avail=244  bytes=32930  ON=0  ps=1  pi=1
  RAW[244]: 00 01 37 D1 56 00 01 70 6D 56 00 01 1F 86 56 00 01 1B D2 56 00 01 9D A8 56 00 01 66 C8 56 00 FF 6E 84 56 00 FD 21 97 56 ...
  PARSED: 49
[22:49:30.238] TICK #202  avail=243  bytes=33174  ON=0  ps=0  pi=5
  RAW[243]: 56 00 FF DE 47 56 00 FD 22 19 56 00 FC C5 FD 56 00 FD 2F AA 56 00 FD AB 32 56 00 FE 74 CE 56 00 01 10 5B 56 00 01 41 1F ...
  PARSED: 48
[22:49:30.260] TICK #203  avail=246  bytes=33417  ON=0  ps=1  pi=3
  RAW[246]: 72 6D 56 00 00 B2 49 56 00 01 A9 0F 56 00 01 73 7E 56 00 01 85 4D 56 00 01 49 9B 56 00 00 E0 50 56 00 00 BF F4 56 00 00 ...
  PARSED: 49
[22:49:30.303] TICK #205  avail=244  bytes=33663  ON=0  ps=1  pi=4
  RAW[244]: 06 56 00 01 E4 1C 56 00 01 85 D8 56 00 01 F6 A7 56 00 01 E0 88 56 00 00 B5 C4 56 00 FD 6A 50 56 00 FD B8 32 56 00 FE 19 ...
  PARSED: 49
[22:49:30.325] TICK #206  avail=239  bytes=33907  ON=0  ps=1  pi=3
  RAW[239]: CD 25 56 00 FD 14 C7 56 00 FD BB E8 56 00 FD D2 7E 56 00 FD FC B9 56 00 FF 60 2C 56 00 01 6A BD 56 00 01 A3 34 56 00 01 ...
  PARSED: 48
[22:49:30.368] TICK #208  avail=242  bytes=34146  ON=0  ps=1  pi=2
  RAW[242]: FE AB 2E 56 00 01 51 96 56 00 01 D3 E4 56 00 01 46 4D 56 00 01 32 53 56 00 00 F2 F1 56 00 00 DA EC 56 00 00 9B E9 56 00 ...
  PARSED: 48
[22:49:30.390] TICK #209  avail=241  bytes=34388  ON=0  ps=1  pi=4
  RAW[241]: EE 56 00 01 79 F8 56 00 01 62 44 56 00 01 78 D8 56 00 01 82 46 56 00 01 2C 35 56 00 FD FE 28 56 00 FD A7 88 56 00 FE 15 ...
  PARSED: 49
[22:49:30.433] TICK #211  avail=240  bytes=34629  ON=0  ps=0  pi=5
  RAW[240]: 56 00 FF 34 90 56 00 FC DB 0B 56 00 FD 30 26 56 00 FD 6D D8 56 00 FD E2 1F 56 00 FF 74 7C 56 00 01 84 6F 56 00 01 D0 F4 ...
  PARSED: 48
[22:49:30.455] TICK #212  avail=240  bytes=34869  ON=0  ps=0  pi=5
  RAW[240]: 56 00 FE 09 F8 56 00 00 5B 29 56 00 01 B4 76 56 00 01 28 F0 56 00 01 01 85 56 00 00 F5 80 56 00 00 A0 42 56 00 00 A7 2B ...
  PARSED: 48
[22:49:30.499] TICK #214  avail=240  bytes=35109  ON=0  ps=0  pi=5
  RAW[240]: 56 00 01 C5 48 56 00 01 8E DE 56 00 01 4E F1 56 00 01 7E F4 56 00 01 85 F0 56 00 01 19 36 56 00 FD FB C2 56 00 FD 89 03 ...
  PARSED: 48
[22:49:30.521] TICK #215  avail=240  bytes=35349  ON=0  ps=0  pi=5
  RAW[240]: 56 00 00 2D B2 56 00 FF 78 69 56 00 FC 9A 20 56 00 FC D4 4C 56 00 FD 69 93 56 00 FD F3 02 56 00 FE 1C C8 56 00 00 E5 32 ...
  PARSED: 48
[22:49:30.534] Datos borrados.
[22:49:30.565] TICK #217  avail=243  bytes=35589  ON=0  ps=0  pi=5
  RAW[243]: 56 00 FD F0 A4 56 00 FE 28 CB 56 00 FF B2 D2 56 00 01 1F 0D 56 00 00 E6 9C 56 00 01 3A 36 56 00 01 7F 2B 56 00 01 58 29 ...
  PARSED: 48
[22:49:30.588] TICK #218  avail=241  bytes=35832  ON=0  ps=1  pi=3
  RAW[241]: 35 3A 56 00 01 98 4B 56 00 01 AE 16 56 00 01 3C 2A 56 00 01 73 67 56 00 02 17 65 56 00 01 5E 5A 56 00 00 AB 33 56 00 FD ...
  PARSED: 48
[22:49:30.629] TICK #220  avail=240  bytes=36073  ON=0  ps=1  pi=4
  RAW[240]: EB 56 00 00 45 AB 56 00 00 5A B8 56 00 FD DC 90 56 00 FC 7B 14 56 00 FD 40 C4 56 00 FD 99 1E 56 00 FD FD D8 56 00 01 1F ...
  PARSED: 48
[22:49:30.652] TICK #221  avail=243  bytes=36313  ON=0  ps=1  pi=4
  RAW[243]: 9B 56 00 FE 7F 63 56 00 FE 46 2C 56 00 FE FC EE 56 00 01 53 DB 56 00 01 B3 1F 56 00 01 44 B1 56 00 01 31 71 56 00 01 2C ...
  PARSED: 49
[22:49:30.694] TICK #223  avail=240  bytes=36556  ON=0  ps=1  pi=2
  RAW[240]: 01 80 EE 56 00 01 BE 74 56 00 01 8F 11 56 00 01 AC 36 56 00 01 98 31 56 00 02 04 52 56 00 01 E0 47 56 00 FF 79 E2 56 00 ...
  PARSED: 48
[22:49:30.716] TICK #224  avail=239  bytes=36796  ON=0  ps=1  pi=2
  RAW[239]: 01 40 B1 56 00 00 A6 64 56 00 00 8E 60 56 00 FD F2 52 56 00 FC 9E 76 56 00 FD 42 33 56 00 FD FE 72 56 00 FE 34 01 56 00 ...
  PARSED: 48
[22:49:30.760] TICK #226  avail=244  bytes=37035  ON=0  ps=1  pi=1
  RAW[244]: 00 FD 7F EC 56 00 FE 21 87 56 00 FD FA 96 56 00 FE D7 D6 56 00 01 49 0B 56 00 01 42 FD 56 00 00 8E 83 56 00 00 A6 83 56 ...
  PARSED: 49
[22:49:30.801] TICK #228  avail=245  bytes=37279  ON=0  ps=0  pi=5
  RAW[245]: 56 00 01 F7 13 56 00 01 9B 96 56 00 01 9F C5 56 00 01 9B C4 56 00 01 BB 79 56 00 01 CB 52 56 00 01 B2 55 56 00 00 D8 48 ...
  PARSED: 49
[22:49:30.823] TICK #229  avail=245  bytes=37524  ON=0  ps=0  pi=5
  RAW[245]: 56 00 00 83 13 56 00 00 33 7B 56 00 FE 86 5F 56 00 FC 92 83 56 00 FD 03 3E 56 00 FD 42 5F 56 00 FD A5 FB 56 00 FE 2B FC ...
  PARSED: 49
[22:49:30.867] TICK #231  avail=239  bytes=37769  ON=0  ps=0  pi=5
  RAW[239]: 56 00 FE 46 35 56 00 FE A3 D6 56 00 00 B8 33 56 00 01 4E 76 56 00 01 47 51 56 00 01 32 DC 56 00 00 F8 B9 56 00 00 B6 D9 ...
  PARSED: 47
[22:49:30.889] TICK #232  avail=244  bytes=38008  ON=0  ps=1  pi=4
  RAW[244]: FC 56 00 01 7F 03 56 00 01 B9 0A 56 00 01 D8 4C 56 00 01 D6 AC 56 00 02 03 47 56 00 02 14 DE 56 00 01 93 C1 56 00 FF 44 ...
  PARSED: 49
[22:49:30.932] TICK #234  avail=243  bytes=38252  ON=0  ps=1  pi=3
  RAW[243]: BE E7 56 00 00 55 79 56 00 00 3D 23 56 00 FD 36 0D 56 00 FC E5 54 56 00 FD AC 25 56 00 FE 23 CB 56 00 FE 6D 04 56 00 01 ...
  PARSED: 49
[22:49:30.955] TICK #235  avail=242  bytes=38495  ON=0  ps=1  pi=1
  RAW[242]: 00 FE 22 9A 56 00 FE 3D 5F 56 00 00 6D 70 56 00 01 3E 74 56 00 01 04 38 56 00 00 AD 97 56 00 00 E8 1F 56 00 00 DF BB 56 ...
  PARSED: 48
[22:49:30.997] TICK #237  avail=242  bytes=38737  ON=0  ps=1  pi=3
  RAW[242]: C4 56 56 00 01 F6 CB 56 00 01 B6 4A 56 00 01 84 0E 56 00 01 63 64 56 00 02 0F A1 56 00 01 ED AD 56 00 01 3E 1F 56 00 FD ...
  PARSED: 49
[22:49:31.020] TICK #238  avail=245  bytes=38979  ON=0  ps=0  pi=5
  RAW[245]: 56 00 00 35 AE 56 00 00 4B 64 56 00 FD CE 6F 56 00 FC 81 71 56 00 FC EC 20 56 00 FD 71 23 56 00 FD C1 53 56 00 00 60 04 ...
  PARSED: 49
[22:49:31.064] TICK #240  avail=244  bytes=39224  ON=0  ps=0  pi=5
  RAW[244]: 56 00 FD A9 4A 56 00 FE FE DB 56 00 01 2D EC 56 00 01 64 C8 56 00 00 AE 4C 56 00 00 D3 58 56 00 00 FC BF 56 00 00 5D 71 ...
  PARSED: 48
[22:49:31.086] TICK #241  avail=241  bytes=39468  ON=0  ps=1  pi=4
  RAW[241]: 2F 56 00 01 A1 E9 56 00 01 9C 3B 56 00 01 7D 19 56 00 01 81 1A 56 00 01 6D 59 56 00 00 F4 D1 56 00 FD 7E CA 56 00 FD 67 ...
  PARSED: 49
[22:49:31.127] TICK #243  avail=245  bytes=39709  ON=0  ps=0  pi=5
  RAW[245]: 56 00 00 09 3D 56 00 FD 6B 88 56 00 FC 93 42 56 00 FD 0B A8 56 00 FD 54 58 56 00 FD 9B 66 56 00 FE 2F 8E 56 00 00 BB BC ...
  PARSED: 49
[22:49:31.171] TICK #245  avail=243  bytes=39954  ON=0  ps=0  pi=5
  RAW[243]: 56 00 FE 78 31 56 00 00 B4 42 56 00 01 29 13 56 00 00 9D 0C 56 00 00 AD CA 56 00 00 C5 BD 56 00 00 E4 EE 56 00 01 0C F4 ...
  PARSED: 48
[22:49:31.194] TICK #246  avail=247  bytes=40197  ON=0  ps=1  pi=3
  RAW[247]: 48 81 56 00 00 FD C3 56 00 01 1A 02 56 00 01 54 3E 56 00 01 85 BD 56 00 01 55 BA 56 00 00 2E 3E 56 00 FD 43 25 56 00 FD ...
  PARSED: 50
[22:49:31.237] TICK #248  avail=245  bytes=40444  ON=0  ps=0  pi=5
  RAW[245]: 56 00 FD 10 C3 56 00 FC F7 6A 56 00 FD 83 DE 56 00 FD CB 5E 56 00 FE 3B 21 56 00 01 8A 4E 56 00 01 A8 EC 56 00 01 96 E2 ...
  PARSED: 49
[22:49:31.259] TICK #249  avail=240  bytes=40689  ON=0  ps=0  pi=5
  RAW[240]: 56 00 01 97 CD 56 00 00 F0 57 56 00 00 B1 53 56 00 00 F4 65 56 00 00 B5 91 56 00 00 F6 4B 56 00 00 52 04 56 00 FF F1 64 ...
  PARSED: 48
[22:49:31.289] TICK #250  avail=240  bytes=40929  ON=0  ps=0  pi=5
  RAW[240]: 56 00 01 5C B8 56 00 01 55 E8 56 00 01 DD 24 56 00 01 B1 2D 56 00 00 BE B6 56 00 FD B7 61 56 00 FE 20 BF 56 00 FE 3F AE ...
  PARSED: 48
[22:49:31.340] TICK #251  avail=242  bytes=41169  ON=0  ps=0  pi=5
  RAW[242]: 56 00 FE 6B 7F 56 00 FC FA DD 56 00 FD 57 35 56 00 FD DE 72 56 00 FE 0F 14 56 00 00 A2 48 56 00 01 42 4D 56 00 01 77 88 ...
  PARSED: 48
[22:49:31.361] TICK #252  avail=242  bytes=41411  ON=0  ps=1  pi=2
  RAW[242]: 00 2B CB 56 00 01 AB 53 56 00 01 60 F7 56 00 01 35 D0 56 00 01 2D A5 56 00 01 24 55 56 00 00 DE A3 56 00 00 C1 26 56 00 ...
  PARSED: 48
[22:49:31.404] TICK #254  avail=241  bytes=41653  ON=0  ps=1  pi=4
  RAW[241]: FE 56 00 01 5A 0F 56 00 01 42 71 56 00 01 C6 18 56 00 01 D3 65 56 00 01 7A 94 56 00 FD F6 C4 56 00 FD 8D 55 56 00 FE 35 ...
  PARSED: 49
[22:49:31.428] TICK #255  avail=240  bytes=41894  ON=0  ps=0  pi=5
  RAW[240]: 56 00 FE CF 9C 56 00 FC 92 23 56 00 FD 0E 5E 56 00 FD 84 33 56 00 FD E6 50 56 00 FF DA 68 56 00 01 7D 20 56 00 01 5E F1 ...
  PARSED: 48
[22:49:31.470] TICK #257  avail=240  bytes=42134  ON=0  ps=0  pi=5
  RAW[240]: 56 00 FE C0 0A 56 00 01 72 04 56 00 01 C8 A4 56 00 01 1C 64 56 00 01 25 2E 56 00 01 0D 0C 56 00 00 FE FE 56 00 00 E8 AF ...
  PARSED: 48
[22:49:31.493] TICK #258  avail=249  bytes=42374  ON=0  ps=0  pi=5
  RAW[249]: 56 00 01 A1 CB 56 00 01 9C 7D 56 00 01 6F 1C 56 00 01 6E FB 56 00 01 51 13 56 00 00 C5 4B 56 00 FD 71 12 56 00 FD 87 49 ...
[22:49:31.495] HEARTBEAT bytes=42623
  PARSED: 48
[22:49:31.537] TICK #260  avail=243  bytes=42623  ON=0  ps=1  pi=4
  RAW[243]: BE 56 00 FE BA E1 56 00 FC A8 A3 56 00 FC E7 8F 56 00 FD 98 6A 56 00 FD FE 96 56 00 FD E3 AF 56 00 00 CD C3 56 00 00 ED ...
  PARSED: 49
[22:49:31.560] TICK #261  avail=243  bytes=42866  ON=0  ps=1  pi=2
  RAW[243]: FE 9F 48 56 00 00 AA 2C 56 00 00 FD C4 56 00 00 FC DE 56 00 00 D1 ED 56 00 00 94 A9 56 00 00 A2 53 56 00 00 64 9D 56 00 ...
  PARSED: 49
[22:49:31.604] TICK #263  avail=245  bytes=43109  ON=0  ps=0  pi=5
  RAW[245]: 56 00 01 69 02 56 00 00 F8 E8 56 00 00 D1 B3 56 00 01 AF 8D 56 00 01 75 FB 56 00 01 12 FF 56 00 FD BB 09 56 00 FD B1 64 ...
  PARSED: 49
[22:49:31.627] TICK #264  avail=240  bytes=43354  ON=0  ps=0  pi=5
  RAW[240]: 56 00 FE 6B 77 56 00 FC 88 DB 56 00 FD 0E 8E 56 00 FD 50 8F 56 00 FD CD BC 56 00 01 12 2C 56 00 01 A0 BE 56 00 01 52 66 ...
  PARSED: 48
[22:49:31.670] TICK #266  avail=245  bytes=43594  ON=0  ps=0  pi=5
  RAW[245]: 56 00 FF F3 8E 56 00 01 5B 0D 56 00 01 B6 19 56 00 01 14 DF 56 00 00 A6 E6 56 00 00 C5 9E 56 00 00 3D 9A 56 00 00 8D 6F ...
  PARSED: 49
[22:49:31.694] TICK #267  avail=243  bytes=43839  ON=0  ps=0  pi=5
  RAW[243]: 56 00 01 22 79 56 00 00 EA D6 56 00 01 47 9E 56 00 01 86 AF 56 00 01 23 13 56 00 FE 12 1F 56 00 FC FF F4 56 00 FD 2C 90 ...
  PARSED: 48
[22:49:31.736] TICK #269  avail=242  bytes=44082  ON=0  ps=1  pi=3
  RAW[242]: 81 DF 56 00 FC 84 BE 56 00 FC A1 1C 56 00 FD 31 82 56 00 FD BE CA 56 00 00 36 16 56 00 01 08 A4 56 00 01 1C 76 56 00 01 ...
  PARSED: 49
[22:49:31.758] TICK #270  avail=240  bytes=44324  ON=0  ps=0  pi=5
  RAW[240]: 56 00 01 45 0C 56 00 01 14 76 56 00 00 B1 FF 56 00 00 9D 2B 56 00 00 E8 7D 56 00 00 BB E4 56 00 00 9E CC 56 00 00 03 6F ...
  PARSED: 48
[22:49:31.802] TICK #272  avail=240  bytes=44564  ON=0  ps=0  pi=5
  RAW[240]: 56 00 01 87 DC 56 00 01 71 05 56 00 01 E4 84 56 00 01 AA 4D 56 00 FF B2 33 56 00 FD 4F 50 56 00 FD C1 27 56 00 FE 3E 81 ...
  PARSED: 48
[22:49:31.824] TICK #273  avail=240  bytes=44804  ON=0  ps=0  pi=5
  RAW[240]: 56 00 FF 2A 85 56 00 FC CE DA 56 00 FD 13 49 56 00 FD 96 35 56 00 FD C2 6D 56 00 FE BD 34 56 00 01 16 95 56 00 01 6C 67 ...
  PARSED: 48
[22:49:31.868] TICK #275  avail=245  bytes=45044  ON=0  ps=0  pi=5
  RAW[245]: 56 00 FE 17 F3 56 00 00 B6 C1 56 00 01 90 15 56 00 00 FB 48 56 00 00 D5 0A 56 00 00 B6 EA 56 00 00 BB 50 56 00 00 D8 CE ...
  PARSED: 49
[22:49:31.890] TICK #276  avail=241  bytes=45289  ON=0  ps=0  pi=5
  RAW[241]: 56 00 01 63 DD 56 00 01 26 5E 56 00 01 34 EE 56 00 01 27 A8 56 00 01 1C B0 56 00 FF 46 A8 56 00 FD 84 C8 56 00 FD DE 59 ...
  PARSED: 48
[22:49:31.934] TICK #278  avail=239  bytes=45530  ON=0  ps=1  pi=1
  RAW[239]: 00 00 31 68 56 00 FC FA 72 56 00 FC DF D1 56 00 FD 5F AC 56 00 FD D8 23 56 00 FE 1F 01 56 00 00 E9 96 56 00 01 05 73 56 ...
  PARSED: 48
[22:49:31.956] TICK #279  avail=245  bytes=45769  ON=0  ps=0  pi=5
  RAW[245]: 56 00 FE 3B 88 56 00 FF 9B E8 56 00 01 7A CC 56 00 01 2B 67 56 00 00 F1 71 56 00 00 AC 4F 56 00 00 74 74 56 00 00 56 9E ...
  PARSED: 49
[22:49:31.999] TICK #281  avail=240  bytes=46014  ON=0  ps=0  pi=5
  RAW[240]: 56 00 01 4A D4 56 00 01 1B 21 56 00 01 20 3B 56 00 01 7F 67 56 00 01 2F 21 56 00 FF CB 8C 56 00 FD 4B 79 56 00 FD F1 EC ...
  PARSED: 48
[22:49:32.022] TICK #282  avail=240  bytes=46254  ON=0  ps=0  pi=5
  RAW[240]: 56 00 00 2C 86 56 00 FD 0C 50 56 00 FC 87 47 56 00 FD 1A 4A 56 00 FD 88 8B 56 00 FD A7 8A 56 00 FF E4 C8 56 00 01 3C A8 ...
  PARSED: 48
[22:49:32.064] TICK #284  avail=244  bytes=46494  ON=0  ps=0  pi=5
  RAW[244]: 56 00 FD E7 71 56 00 FE F5 0D 56 00 01 0E BE 56 00 00 F7 BC 56 00 00 F8 D1 56 00 00 BE FA 56 00 00 53 9C 56 00 00 75 9D ...
  PARSED: 48
[22:49:32.086] TICK #285  avail=240  bytes=46738  ON=0  ps=1  pi=4
  RAW[240]: E5 56 00 01 89 88 56 00 01 7B BD 56 00 01 72 14 56 00 01 AB 6C 56 00 01 BD 2D 56 00 01 59 DE 56 00 FE 39 E6 56 00 FE 00 ...
  PARSED: 48
[22:49:32.129] TICK #287  avail=243  bytes=46978  ON=0  ps=1  pi=4
  RAW[243]: 89 56 00 00 2E 96 56 00 FE 6A C4 56 00 FC BE 79 56 00 FD 32 92 56 00 FD B2 7D 56 00 FD FA 2E 56 00 FF 9D D9 56 00 01 94 ...
  PARSED: 49
[22:49:32.151] TICK #288  avail=243  bytes=47221  ON=0  ps=1  pi=2
  RAW[243]: FE 7B AA 56 00 FE EC 35 56 00 01 3A 84 56 00 01 46 ED 56 00 00 95 EA 56 00 00 B2 46 56 00 00 BD A1 56 00 00 C4 3C 56 00 ...
  PARSED: 49
[22:49:32.194] TICK #290  avail=240  bytes=47464  ON=0  ps=0  pi=5
  RAW[240]: 56 00 01 4D 04 56 00 00 F8 2A 56 00 00 D8 A7 56 00 01 28 37 56 00 01 56 C4 56 00 01 3D 5C 56 00 FF 33 F1 56 00 FD 6C BF ...
  PARSED: 48
[22:49:32.217] TICK #291  avail=242  bytes=47704  ON=0  ps=0  pi=5
  RAW[242]: 56 00 00 0D 7D 56 00 00 3A A9 56 00 FD 30 68 56 00 FC F3 BF 56 00 FD 1F F2 56 00 FD 81 6E 56 00 FE EB 59 56 00 01 08 44 ...
  PARSED: 48
[22:49:32.260] TICK #293  avail=244  bytes=47946  ON=0  ps=1  pi=2
  RAW[244]: FE 22 AD 56 00 FE 79 E9 56 00 00 B5 CB 56 00 01 6D 92 56 00 01 05 50 56 00 01 0C F2 56 00 00 E8 6B 56 00 00 A6 C5 56 00 ...
  PARSED: 49
[22:49:32.303] TICK #295  avail=244  bytes=48190  ON=0  ps=1  pi=1
  RAW[244]: 00 01 2A 48 56 00 01 10 5B 56 00 00 E4 22 56 00 00 91 41 56 00 01 1A 0D 56 00 00 E0 E2 56 00 00 10 67 56 00 FD 1A 72 56 ...
  PARSED: 49
[22:49:32.325] TICK #296  avail=243  bytes=48434  ON=0  ps=0  pi=5
  RAW[243]: 56 00 00 29 A5 56 00 FE 18 45 56 00 FC 6C 14 56 00 FD 2F B7 56 00 FD D7 2C 56 00 FE 52 A6 56 00 01 1D 04 56 00 01 7A A3 ...
  PARSED: 48
[22:49:32.370] TICK #298  avail=247  bytes=48677  ON=0  ps=1  pi=3
  RAW[247]: 5A 72 56 00 FF DA 54 56 00 01 64 0B 56 00 01 43 BF 56 00 00 E0 B0 56 00 01 1A 02 56 00 01 27 B7 56 00 00 E0 56 56 00 00 ...
  PARSED: 50
[22:49:32.392] TICK #299  avail=247  bytes=48924  ON=0  ps=0  pi=5
  RAW[247]: 56 00 01 46 FB 56 00 01 37 23 56 00 01 9B E1 56 00 01 63 8B 56 00 01 4E AC 56 00 FE 1D 5B 56 00 FD 91 AE 56 00 FD C5 EC ...
  PARSED: 49
[22:49:32.414] TICK #300  avail=0  bytes=49171  ON=0  ps=1  pi=2
[22:49:32.435] TICK #301  avail=242  bytes=49171  ON=0  ps=1  pi=2
  RAW[242]: FC DD B4 56 00 FD 70 E6 56 00 FD 73 37 56 00 FD D1 CC 56 00 FF F6 24 56 00 01 49 5E 56 00 01 24 61 56 00 01 A3 3E 56 00 ...
  PARSED: 48
[22:49:32.458] TICK #302  avail=241  bytes=49413  ON=0  ps=1  pi=4
  RAW[241]: 17 56 00 01 83 26 56 00 01 67 F0 56 00 01 1E 0B 56 00 00 DD AD 56 00 00 82 52 56 00 00 99 19 56 00 00 1C 58 56 00 00 08 ...
  PARSED: 49
[22:49:32.503] TICK #304  avail=246  bytes=49654  ON=0  ps=0  pi=5
  RAW[246]: 56 00 01 12 96 56 00 01 60 1E 56 00 01 81 D8 56 00 01 40 53 56 00 FE FF A1 56 00 FD 44 DA 56 00 FE 15 A5 56 00 FE 6E CB ...
  PARSED: 49
[22:49:32.525] TICK #305  avail=241  bytes=49900  ON=0  ps=1  pi=1
  RAW[241]: 00 FC D8 88 56 00 FD 37 71 56 00 FD CB B2 56 00 FE F7 A4 56 00 01 CF 30 56 00 01 B7 3E 56 00 01 89 07 56 00 01 A2 47 56 ...
  PARSED: 48
[22:49:32.567] TICK #307  avail=242  bytes=50141  ON=0  ps=1  pi=2
  RAW[242]: 01 58 6E 56 00 00 D2 EE 56 00 00 E6 BB 56 00 00 C8 75 56 00 00 FF 26 56 00 00 87 D7 56 00 00 4A B4 56 00 00 3A 04 56 00 ...
  PARSED: 48
[22:49:32.589] TICK #308  avail=242  bytes=50383  ON=0  ps=1  pi=4
  RAW[242]: 24 56 00 01 A1 57 56 00 01 B6 60 56 00 01 8F 18 56 00 00 75 D8 56 00 FD 83 0F 56 00 FD B7 21 56 00 FE 58 7E 56 00 FE D2 ...
  PARSED: 49
[22:49:32.632] TICK #310  avail=242  bytes=50625  ON=0  ps=1  pi=1
  RAW[242]: 00 FD 21 21 56 00 FD 84 B7 56 00 FD C0 5D 56 00 FE 27 D6 56 00 01 66 18 56 00 01 AA 97 56 00 01 A1 F7 56 00 01 8E 46 56 ...
  PARSED: 48
[22:49:32.656] TICK #311  avail=241  bytes=50867  ON=0  ps=1  pi=3
  RAW[241]: 90 D1 56 00 01 76 A3 56 00 01 1A 5E 56 00 01 06 B1 56 00 00 F6 E3 56 00 00 C4 D6 56 00 00 C2 70 56 00 FF FD 96 56 00 00 ...
  PARSED: 48
[22:49:32.699] TICK #313  avail=241  bytes=51108  ON=0  ps=1  pi=4
  RAW[241]: 64 56 00 01 64 82 56 00 01 A4 9A 56 00 01 68 FE 56 00 01 00 F9 56 00 FD DD 8A 56 00 FD E8 D3 56 00 FE 9C 14 56 00 FE 9E ...
  PARSED: 49
[22:49:32.721] TICK #314  avail=240  bytes=51349  ON=0  ps=0  pi=5
  RAW[240]: 56 00 FC C4 F6 56 00 FD 16 B4 56 00 FD 8C 3F 56 00 FD 61 84 56 00 00 1D 65 56 00 01 75 8C 56 00 01 45 77 56 00 01 D6 A6 ...
  PARSED: 48
[22:49:32.764] TICK #316  avail=242  bytes=51589  ON=0  ps=0  pi=5
  RAW[242]: 56 00 01 49 DD 56 00 01 21 39 56 00 01 39 85 56 00 01 55 C0 56 00 00 E6 F7 56 00 00 74 65 56 00 00 E6 EF 56 00 00 25 34 ...
  PARSED: 48
[22:49:32.786] TICK #317  avail=242  bytes=51831  ON=0  ps=1  pi=2
  RAW[242]: 01 41 41 56 00 01 69 4B 56 00 01 C7 DD 56 00 01 B9 36 56 00 01 52 A4 56 00 FE 6E 2C 56 00 FD A0 D3 56 00 FE 03 0F 56 00 ...
  PARSED: 48
[22:49:32.830] TICK #319  avail=241  bytes=52073  ON=0  ps=1  pi=4
  RAW[241]: 18 56 00 FD 1C 53 56 00 FD 6B 36 56 00 FD B5 20 56 00 FE 03 F8 56 00 FF 3E C4 56 00 01 1D 3D 56 00 01 AA 7B 56 00 02 05 ...
  PARSED: 49
[22:49:32.853] TICK #320  avail=240  bytes=52314  ON=0  ps=0  pi=5
  RAW[240]: 56 00 01 2F 09 56 00 01 6D 3A 56 00 01 0E DF 56 00 00 BF F0 56 00 00 D7 70 56 00 00 F1 6D 56 00 00 A9 41 56 00 00 7D F0 ...
  PARSED: 48
[22:49:32.895] TICK #322  avail=241  bytes=52554  ON=0  ps=0  pi=5
  RAW[241]: 56 00 01 52 CF 56 00 01 A1 16 56 00 01 7C 51 56 00 01 85 C9 56 00 01 61 BA 56 00 FF F2 9F 56 00 FD 78 D1 56 00 FD DB EF ...
  PARSED: 48
[22:49:32.917] TICK #323  avail=242  bytes=52795  ON=0  ps=1  pi=1
  RAW[242]: 00 00 31 92 56 00 FD 4B 18 56 00 FC AF D5 56 00 FD 77 D6 56 00 FD AB E9 56 00 FE 84 39 56 00 00 F6 D5 56 00 01 43 7D 56 ...
  PARSED: 48
[22:49:32.961] TICK #325  avail=242  bytes=53037  ON=0  ps=1  pi=3
  RAW[242]: 3D FF 56 00 00 36 B6 56 00 01 8B C3 56 00 01 1D E2 56 00 00 BE 3E 56 00 00 86 43 56 00 00 AF 87 56 00 00 A1 B8 56 00 00 ...
  PARSED: 49
[22:49:32.984] TICK #326  avail=241  bytes=53279  ON=0  ps=0  pi=5
  RAW[241]: 56 00 01 30 1A 56 00 01 10 09 56 00 01 38 16 56 00 01 84 D7 56 00 01 6A BA 56 00 00 96 97 56 00 FD 6C 20 56 00 FD 8E DE ...
  PARSED: 48
[22:49:33.026] TICK #328  avail=242  bytes=53520  ON=0  ps=1  pi=1
  RAW[242]: 00 00 99 40 56 00 FE 2C 51 56 00 FC 75 B0 56 00 FD 3A 35 56 00 FD B8 4A 56 00 FD F2 4B 56 00 00 5F DC 56 00 01 59 7E 56 ...
  PARSED: 48
[22:49:33.069] TICK #330  avail=242  bytes=53762  ON=0  ps=1  pi=3
  RAW[242]: 6D C3 56 00 FF 68 87 56 00 01 4D E1 56 00 01 5B 72 56 00 01 19 97 56 00 01 23 36 56 00 01 1F 12 56 00 01 10 AC 56 00 00 ...
  PARSED: 49
[22:49:33.091] TICK #331  avail=240  bytes=54004  ON=0  ps=0  pi=5
  RAW[240]: 56 00 01 D0 D7 56 00 01 9F 31 56 00 01 6F 56 56 00 01 65 90 56 00 01 2E 18 56 00 01 25 25 56 00 FE 18 1A 56 00 FD D7 0D ...
  PARSED: 48
[22:49:33.134] TICK #333  avail=241  bytes=54244  ON=0  ps=0  pi=5
  RAW[241]: 56 00 00 54 C1 56 00 FF 59 5A 56 00 FC AE BC 56 00 FD 04 A2 56 00 FD 8B C3 56 00 FD FE DC 56 00 FF 72 8F 56 00 01 CC 6B ...
  PARSED: 48
[22:49:33.156] TICK #334  avail=244  bytes=54485  ON=0  ps=1  pi=1
  RAW[244]: 00 FE 16 CF 56 00 FE 1C B6 56 00 00 57 85 56 00 01 37 87 56 00 00 DA C1 56 00 00 C5 1A 56 00 00 D5 2F 56 00 00 5B 90 56 ...
  PARSED: 49
[22:49:33.200] TICK #336  avail=240  bytes=54729  ON=0  ps=0  pi=5
  RAW[240]: 56 00 01 98 C1 56 00 01 87 B0 56 00 01 62 B3 56 00 01 65 D3 56 00 01 7D FA 56 00 00 DF 5D 56 00 FD 9E C7 56 00 FD 44 FD ...
  PARSED: 48
[22:49:33.221] TICK #337  avail=239  bytes=54969  ON=0  ps=0  pi=5
  RAW[239]: 56 00 FF EF C2 56 00 FF 49 36 56 00 FC D2 94 56 00 FC FD 8D 56 00 FD 6A D2 56 00 FD F0 2E 56 00 FE 26 85 56 00 00 C6 29 ...
  PARSED: 47
[22:49:33.264] TICK #339  avail=241  bytes=55208  ON=0  ps=1  pi=4
  RAW[241]: 0C 56 00 FE 66 09 56 00 FE 69 DB 56 00 FF 9B 81 56 00 01 6C 0E 56 00 01 1A EE 56 00 01 16 99 56 00 00 EB 77 56 00 00 C5 ...
  PARSED: 49
[22:49:33.287] TICK #340  avail=242  bytes=55449  ON=0  ps=0  pi=5
  RAW[242]: 56 00 01 4E 55 56 00 01 D2 F1 56 00 01 1D A4 56 00 00 E1 93 56 00 00 E4 28 56 00 01 AC 7B 56 00 01 A2 9D 56 00 00 D3 F8 ...
  PARSED: 48
[22:49:33.330] TICK #342  avail=242  bytes=55691  ON=0  ps=1  pi=2
  RAW[242]: 00 D8 CF 56 00 00 19 25 56 00 00 22 CA 56 00 FD EB E9 56 00 FC BA 57 56 00 FD 55 01 56 00 FD A9 58 56 00 FE 0C DB 56 00 ...
  PARSED: 48
[22:49:33.352] TICK #343  avail=241  bytes=55933  ON=0  ps=1  pi=4
  RAW[241]: C9 56 00 FE 34 4E 56 00 FE 58 A0 56 00 FF 57 F4 56 00 01 A0 2B 56 00 01 3B 29 56 00 00 92 ED 56 00 00 C3 5E 56 00 00 FE ...
  PARSED: 49
[22:49:33.394] TICK #345  avail=240  bytes=56174  ON=0  ps=0  pi=5
  RAW[240]: 56 00 01 91 26 56 00 01 CA 88 56 00 01 61 46 56 00 01 44 B9 56 00 01 51 5C 56 00 01 69 8B 56 00 01 8C DB 56 00 00 95 01 ...
  PARSED: 48
[22:49:33.417] TICK #346  avail=242  bytes=56414  ON=0  ps=0  pi=5
  RAW[242]: 56 00 00 B4 21 56 00 00 5B EE 56 00 00 B7 D6 56 00 FE 38 6A 56 00 FC B2 4C 56 00 FD 75 9D 56 00 FD FE B0 56 00 FD F6 F7 ...
  PARSED: 48
[22:49:33.459] PGA cmd enviado: 1x (code 0x00) — esperando confirmación...
[22:49:33.503] PGA confirmado: 1x (0x00)
[22:49:33.654] PGA cmd enviado: 1x (code 0x00) — esperando confirmación...
[22:49:33.696] PGA confirmado: 1x (0x00)
[22:49:33.823] PGA cmd enviado: 1x (code 0x00) — esperando confirmación...
[22:49:33.866] PGA confirmado: 1x (0x00)
