=== geophone_scope log — 20-Apr-2026 07:38:47 ===
[07:38:47.062] Conectado a COM7 @ 921600 baud
[07:38:48.094] TICK #50  avail=0  totalBytes=0  streamON=0  parseState=0
[07:38:48.220] TICK #56  avail=10  totalBytes=0  streamON=0  parseState=0
[07:38:48.220] RX tick=56  bytes=10  total=10  hex: AA 01 00 00 00 00 00 00 00 00
[07:38:49.154] TICK #100  avail=0  totalBytes=10  streamON=0  parseState=0
[07:38:49.413] --- Stream ON ---
[07:38:50.193] TICK #150  avail=0  totalBytes=10  streamON=1  parseState=0
[07:38:50.276] TICK #154  avail=10  totalBytes=10  streamON=1  parseState=0
[07:38:50.276] RX tick=154  bytes=10  total=20  hex: AA 01 00 00 00 00 00 00 00 00
[07:38:50.277] HUNT->COLLECT en idx=1 (0xAA encontrado)
[07:38:50.277] PKT_RAW: AA 01 00 00 00 00 00 00 00 00
[07:38:50.277] *** HEARTBEAT  DEC_SR=0x00  adc_polls=0  total_bytes=20
[07:38:50.277] HEARTBEAT  DEC_SR=0x00  adc_polls=0  total_bytes=20
[07:38:51.244] TICK #200  avail=0  totalBytes=20  streamON=1  parseState=0
[07:38:52.291] TICK #250  avail=10  totalBytes=20  streamON=1  parseState=0
[07:38:52.292] RX tick=250  bytes=10  total=30  hex: AA 01 00 00 00 00 00 00 00 00
[07:38:52.292] HUNT->COLLECT en idx=1 (0xAA encontrado)
[07:38:52.292] PKT_RAW: AA 01 00 00 00 00 00 00 00 00
[07:38:52.292] *** HEARTBEAT  DEC_SR=0x00  adc_polls=0  total_bytes=30
[07:38:52.292] HEARTBEAT  DEC_SR=0x00  adc_polls=0  total_bytes=30
[07:38:53.350] TICK #300  avail=0  totalBytes=30  streamON=1  parseState=0
[07:38:54.292] TICK #345  avail=10  totalBytes=30  streamON=1  parseState=0
[07:38:54.293] RX tick=345  bytes=10  total=40  hex: AA 01 00 00 00 00 00 00 00 00
[07:38:54.293] HUNT->COLLECT en idx=1 (0xAA encontrado)
[07:38:54.293] PKT_RAW: AA 01 00 00 00 00 00 00 00 00
[07:38:54.293] *** HEARTBEAT  DEC_SR=0x00  adc_polls=0  total_bytes=40
[07:38:54.293] HEARTBEAT  DEC_SR=0x00  adc_polls=0  total_bytes=40
[07:38:54.402] TICK #350  avail=0  totalBytes=40  streamON=1  parseState=0
[07:38:55.439] TICK #400  avail=0  totalBytes=40  streamON=1  parseState=0
[07:38:56.319] TICK #442  avail=10  totalBytes=40  streamON=1  parseState=0
[07:38:56.320] RX tick=442  bytes=10  total=50  hex: AA 01 00 00 00 00 00 00 00 00
[07:38:56.320] HUNT->COLLECT en idx=1 (0xAA encontrado)
[07:38:56.320] PKT_RAW: AA 01 00 00 00 00 00 00 00 00
[07:38:56.320] *** HEARTBEAT  DEC_SR=0x00  adc_polls=0  total_bytes=50
[07:38:56.320] HEARTBEAT  DEC_SR=0x00  adc_polls=0  total_bytes=50
[07:38:56.491] TICK #450  avail=0  totalBytes=50  streamON=1  parseState=0
[07:38:57.537] TICK #500  avail=0  totalBytes=50  streamON=1  parseState=0
[07:38:58.336] TICK #538  avail=10  totalBytes=50  streamON=1  parseState=0
[07:38:58.336] RX tick=538  bytes=10  total=60  hex: AA 01 00 00 00 00 00 00 00 00
[07:38:58.337] HUNT->COLLECT en idx=1 (0xAA encontrado)
[07:38:58.337] PKT_RAW: AA 01 00 00 00 00 00 00 00 00
[07:38:58.337] *** HEARTBEAT  DEC_SR=0x00  adc_polls=0  total_bytes=60
[07:38:58.337] HEARTBEAT  DEC_SR=0x00  adc_polls=0  total_bytes=60
[07:38:58.592] TICK #550  avail=0  totalBytes=60  streamON=1  parseState=0
[07:38:59.637] TICK #600  avail=0  totalBytes=60  streamON=1  parseState=0
[07:38:59.823] --- Stream OFF ---
[07:39:00.350] TICK #634  avail=10  totalBytes=60  streamON=0  parseState=0
[07:39:00.351] RX tick=634  bytes=10  total=70  hex: AA 01 00 00 00 00 00 00 00 00
[07:39:00.682] TICK #650  avail=0  totalBytes=70  streamON=0  parseState=0
[07:39:01.725] TICK #700  avail=0  totalBytes=70  streamON=0  parseState=0
[07:39:02.351] TICK #730  avail=10  totalBytes=70  streamON=0  parseState=0
[07:39:02.352] RX tick=730  bytes=10  total=80  hex: AA 01 00 00 00 00 00 00 00 00
[07:39:02.772] TICK #750  avail=0  totalBytes=80  streamON=0  parseState=0
[07:39:03.814] TICK #800  avail=0  totalBytes=80  streamON=0  parseState=0
[07:39:04.359] TICK #826  avail=10  totalBytes=80  streamON=0  parseState=0
[07:39:04.361] RX tick=826  bytes=10  total=90  hex: AA 01 00 00 00 00 00 00 00 00
[07:39:04.862] TICK #850  avail=0  totalBytes=90  streamON=0  parseState=0
[07:39:05.160] CMD_FREQ intento 1/5: 300.0 Hz  [BB 03 0B B8 0B]
[07:39:05.166] CMD_FREQ OK: 300.0 Hz confirmado.
[07:39:05.924] TICK #900  avail=0  totalBytes=90  streamON=0  parseState=0
[07:39:06.964] TICK #950  avail=0  totalBytes=90  streamON=0  parseState=0
[07:39:08.013] TICK #1000  avail=0  totalBytes=90  streamON=0  parseState=0
[07:39:08.062] --- Stream ON ---
[07:39:09.061] TICK #1050  avail=0  totalBytes=90  streamON=1  parseState=0
[07:39:10.105] TICK #1100  avail=0  totalBytes=90  streamON=1  parseState=0
[07:39:11.151] TICK #1150  avail=0  totalBytes=90  streamON=1  parseState=0
[07:39:12.201] TICK #1200  avail=0  totalBytes=90  streamON=1  parseState=0
[07:39:13.248] TICK #1250  avail=0  totalBytes=90  streamON=1  parseState=0
[07:39:13.838] --- Stream OFF ---
[07:39:14.289] TICK #1300  avail=0  totalBytes=90  streamON=0  parseState=0
[07:39:15.331] TICK #1350  avail=0  totalBytes=90  streamON=0  parseState=0
[07:39:16.373] --- Stream ON ---
[07:39:16.376] TICK #1400  avail=0  totalBytes=90  streamON=1  parseState=0
[07:39:17.415] TICK #1450  avail=0  totalBytes=90  streamON=1  parseState=0
[07:39:18.457] TICK #1500  avail=0  totalBytes=90  streamON=1  parseState=0
[07:39:18.488] --- Stream OFF ---
[07:39:19.498] TICK #1550  avail=0  totalBytes=90  streamON=0  parseState=0
[07:39:20.541] TICK #1600  avail=0  totalBytes=90  streamON=0  parseState=0
[07:39:20.968] CMD_FREQ intento 1/5: 1.0 Hz  [BB 03 00 0A B2]
[07:39:21.273] CMD_FREQ intento 1: timeout sin respuesta.
[07:39:21.375] CMD_FREQ intento 2/5: 1.0 Hz  [BB 03 00 0A B2]
[07:39:21.681] CMD_FREQ intento 2: timeout sin respuesta.
[07:39:21.784] CMD_FREQ intento 3/5: 1.0 Hz  [BB 03 00 0A B2]
[07:39:22.086] CMD_FREQ intento 3: timeout sin respuesta.
[07:39:22.188] CMD_FREQ intento 4/5: 1.0 Hz  [BB 03 00 0A B2]
[07:39:22.490] CMD_FREQ intento 4: timeout sin respuesta.
[07:39:22.592] CMD_FREQ intento 5/5: 1.0 Hz  [BB 03 00 0A B2]
[07:39:22.896] CMD_FREQ intento 5: timeout sin respuesta.
[07:39:22.998] CMD_FREQ FALLO tras 5 intentos.
[07:39:23.629] TICK #1650  avail=0  totalBytes=90  streamON=0  parseState=0
[07:39:24.679] TICK #1700  avail=0  totalBytes=90  streamON=0  parseState=0
[07:39:25.730] TICK #1750  avail=0  totalBytes=90  streamON=0  parseState=0
[07:39:26.776] TICK #1800  avail=0  totalBytes=90  streamON=0  parseState=0
[07:39:27.927] TICK #1850  avail=0  totalBytes=90  streamON=0  parseState=0
[07:39:28.979] TICK #1900  avail=0  totalBytes=90  streamON=0  parseState=0
[07:39:30.024] TICK #1950  avail=0  totalBytes=90  streamON=0  parseState=0
[07:39:31.067] TICK #2000  avail=0  totalBytes=90  streamON=0  parseState=0
[07:39:32.122] TICK #2050  avail=0  totalBytes=90  streamON=0  parseState=0
[07:39:33.172] TICK #2100  avail=0  totalBytes=90  streamON=0  parseState=0
[07:39:34.219] TICK #2150  avail=0  totalBytes=90  streamON=0  parseState=0
[07:39:35.261] TICK #2200  avail=0  totalBytes=90  streamON=0  parseState=0
[07:39:36.306] TICK #2250  avail=0  totalBytes=90  streamON=0  parseState=0
[07:39:37.350] TICK #2300  avail=0  totalBytes=90  streamON=0  parseState=0
[07:39:38.398] TICK #2350  avail=0  totalBytes=90  streamON=0  parseState=0
[07:39:39.440] TICK #2400  avail=0  totalBytes=90  streamON=0  parseState=0
[07:39:40.480] TICK #2450  avail=0  totalBytes=90  streamON=0  parseState=0
[07:39:41.525] TICK #2500  avail=0  totalBytes=90  streamON=0  parseState=0
[07:39:42.569] TICK #2550  avail=0  totalBytes=90  streamON=0  parseState=0
[07:39:43.614] TICK #2600  avail=0  totalBytes=90  streamON=0  parseState=0
[07:39:44.659] TICK #2650  avail=0  totalBytes=90  streamON=0  parseState=0
[07:39:45.703] TICK #2700  avail=0  totalBytes=90  streamON=0  parseState=0
[07:39:46.748] TICK #2750  avail=0  totalBytes=90  streamON=0  parseState=0
[07:39:47.790] TICK #2800  avail=0  totalBytes=90  streamON=0  parseState=0
[07:39:48.832] TICK #2850  avail=0  totalBytes=90  streamON=0  parseState=0
[07:39:49.875] TICK #2900  avail=0  totalBytes=90  streamON=0  parseState=0
[07:39:50.920] TICK #2950  avail=0  totalBytes=90  streamON=0  parseState=0
[07:39:51.964] TICK #3000  avail=0  totalBytes=90  streamON=0  parseState=0
[07:39:53.006] TICK #3050  avail=0  totalBytes=90  streamON=0  parseState=0
[07:39:54.051] TICK #3100  avail=0  totalBytes=90  streamON=0  parseState=0
[07:39:55.098] TICK #3150  avail=0  totalBytes=90  streamON=0  parseState=0
[07:39:56.142] TICK #3200  avail=0  totalBytes=90  streamON=0  parseState=0
[07:39:57.266] TICK #3250  avail=0  totalBytes=90  streamON=0  parseState=0
[07:39:58.826] TICK #3300  avail=0  totalBytes=90  streamON=0  parseState=0
[07:40:00.384] TICK #3350  avail=0  totalBytes=90  streamON=0  parseState=0
[07:40:01.941] TICK #3400  avail=0  totalBytes=90  streamON=0  parseState=0
[07:40:03.505] TICK #3450  avail=0  totalBytes=90  streamON=0  parseState=0
[07:40:05.061] TICK #3500  avail=0  totalBytes=90  streamON=0  parseState=0
[07:40:06.619] TICK #3550  avail=0  totalBytes=90  streamON=0  parseState=0
[07:40:08.177] TICK #3600  avail=0  totalBytes=90  streamON=0  parseState=0
[07:40:09.738] TICK #3650  avail=0  totalBytes=90  streamON=0  parseState=0
[07:40:11.293] TICK #3700  avail=0  totalBytes=90  streamON=0  parseState=0
[07:40:12.853] TICK #3750  avail=0  totalBytes=90  streamON=0  parseState=0
[07:40:14.413] TICK #3800  avail=0  totalBytes=90  streamON=0  parseState=0
[07:40:15.973] TICK #3850  avail=0  totalBytes=90  streamON=0  parseState=0
[07:40:17.532] TICK #3900  avail=0  totalBytes=90  streamON=0  parseState=0
[07:40:19.096] TICK #3950  avail=0  totalBytes=90  streamON=0  parseState=0
[07:40:20.658] TICK #4000  avail=0  totalBytes=90  streamON=0  parseState=0
[07:40:22.215] TICK #4050  avail=0  totalBytes=90  streamON=0  parseState=0
[07:40:23.776] TICK #4100  avail=0  totalBytes=90  streamON=0  parseState=0
[07:40:25.339] TICK #4150  avail=0  totalBytes=90  streamON=0  parseState=0
[07:40:26.899] TICK #4200  avail=0  totalBytes=90  streamON=0  parseState=0
[07:40:28.456] TICK #4250  avail=0  totalBytes=90  streamON=0  parseState=0
[07:40:30.013] TICK #4300  avail=0  totalBytes=90  streamON=0  parseState=0
[07:40:31.570] TICK #4350  avail=0  totalBytes=90  streamON=0  parseState=0
[07:40:33.127] TICK #4400  avail=0  totalBytes=90  streamON=0  parseState=0
[07:40:34.687] TICK #4450  avail=0  totalBytes=90  streamON=0  parseState=0
[07:40:36.250] TICK #4500  avail=0  totalBytes=90  streamON=0  parseState=0
[07:40:37.804] TICK #4550  avail=0  totalBytes=90  streamON=0  parseState=0
[07:40:39.365] TICK #4600  avail=0  totalBytes=90  streamON=0  parseState=0
[07:40:40.862] TICK #4648  avail=41  totalBytes=90  streamON=0  parseState=0
[07:40:40.863] RX tick=4648  bytes=41  total=131  hex: FF 6F 81 9F 81 FE 9F 20 EE DF 20 EC DF 4F C1 FF BF 7F EE 7F E2 EE FF BF C3 BF 7F EE 7F E2 EE FF BF C3 BF 7F C1 FF FA FF E3
[07:40:40.924] TICK #4650  avail=0  totalBytes=131  streamON=0  parseState=0
[07:40:41.079] TICK #4655  avail=147  totalBytes=131  streamON=0  parseState=0
[07:40:41.080] RX tick=4655  bytes=147  total=278  hex: FF F7 7F AD BF E9 DF 7F FE FF DF 11 FF F7 23 EC BF EF F0 FF 34 FE FF 2C FC 7F F7 64 FF 11 F4 FF 27 E5 DF 77 FD DF 2A FC FF 24 FC BF E7 64 E7 5F 44 FF 27 E5 FF EF E4 FF 34 FD BF 34 F5 78 77 E4 7F 11 FC FF 34 FE DF 77 70 E9 2C FC FF FF F7 64 FF 11 FC FF FF BF 6F D9 FF FF FF 25 FD FF EF E4 FF 04 F1 FF 27 E4 BA 67 DD F8 25 FD FF 27 E5 78 FF 64 FF 23 F4 FF 34 FE 79 F7 64 BF 23 EC 79 25 FC AA 77 DD F8 22 F4 7F 3A FC 79 EF E4 78 27 F4 FF 34 FC
[07:40:41.513] TICK #4669  avail=314  totalBytes=278  streamON=0  parseState=0
[07:40:41.514] RX tick=4669  bytes=314  total=592  hex: FF FE FA FE FF FF FD FF FC FF FC FD FF F1 FC F8 FE FC FD FC FF F1 FA FF FC FF FF FF FF FF FF FC FF FC FA FF F9 FC FE EA FD F4 F4 F1 FD E2 EA F8 F0 E8 3F FC A2 FE C0 F8 FF D0 C4 FF C0 C2 1C 7F FC F0 C0 E6 80 80 82 BA C0 80 D1 41 E0 FC E0 C0 C1 80 E0 AE C0 00 83 80 5A 41 00 51 7E 00 7E 5F 60 1B 1E 00 60 00 02 82 DD 00 F0 10 AA 00 28 00 7C 03 00 FF C0 51 05 00 E0 08 00 30 4F 45 50 FF 00 C1 00 00 F8 04 3C 5F 9A 01 0F 31 F0 FF F0 00 FC 51 02 7C 10 7D 00 2A A1 FE 41 F0 91 C4 88 E1 F4 FF FC BE F5 FE FE FC FF FD FF FF E1 FF FE FC FE BE E5 FF F8 FF 3E F0 FE FC 57 E2 7F 33 24 C0 FD F2 04 E2 FC FC 00 00 F0 08 80 68 02 00 00 C7 00 02 FD 00 C0 01 0F 01 9A 14 0A F3 00 0C 10 00 03 00 03 02 01 01 02 80 80 00 60 00 00 02 00 00 00 41 03 00 00 00 00 00 00 00 00 00 01 00 00 00 00 01 00 00 01 00 00 00 00 00 01 00 00 00 00 02 00 00 01 01 08 00 01 02 68 02 02 01 00 F0 00 01 10 48 14 02 E8 00 8E EE 6A D0 00 3E 41 57 F8 01 80 12 FF 04 C0 CA 51 54 FF FD
[07:40:41.545] TICK #4670  avail=761  totalBytes=592  streamON=0  parseState=0
[07:40:41.545] RX tick=4670  bytes=761  total=1353  hex: 18 44 91 8A 24 F8 1A 23 04 5A 47 11 FE CF 27 F4 C4 27 E4 BA 57 11 FE 99 22 F0 7D 77 E4 7A 47 11 FF F8 17 FC BF 7F E4 FF 6F 11 DF 7F E4 F8 AB E4 AF 7F 11 FE 78 AB E4 7A 2B FE FA 57 11 FF B8 91 E9 9D FF 79 5F 11 FE FF FF FB BA AF FA BF 47 11 FF FA A3 FF 3F BA 04 F1 78 FF FD 7A 7B E4 BF 05 F1 79 92 FF AB F6 DF 45 D9 78 A3 F7 79 AA FF BA 05 F9 BA B7 DB FA 63 DB D7 67 11 FF E4 FF 7A 2F FF BA 05 D9 BF 2F BA 74 FE C7 45 F9 FB 6C FF 7F 0B BF 67 11 FF EF 2A FF 3B FF AF 46 F9 7B FE F7 23 A5 9F 77 81 FF 34 FD BF 2E FC DF 57 11 FF BF 3E FD F7 6B FD BF 67 11 FF 6F FD FF AF F4 DF 57 11 FF EF 2B EF 2B FF BF 5F 11 FF FF F4 FF FF A4 FD BF 07 F1 BF 7A F9 BF 27 F7 BF 67 11 FF FF 2A FF DF 7A FF FF 67 81 FF FF 7A FF FF 67 FF FF 27 EC BF EE F3 BF AF 92 9F 77 81 FF E5 7F 6B FE BF 07 F1 FF 6B FC BF 24 FC BF 7F 11 FF FF 2A FC F7 BB FF BF 77 11 FF FF FE 7F F3 E4 BF 07 F9 F7 B3 C4 BF EE FF BB 47 11 FF 3B FF FF 2A F9 FB 04 F9 BF 2A F9 7F EB F2 BA 05 F9 7F 9F 7F FB 7F 57 11 7D BF ED DF 95 9F 77 81 FF FF 95 FF FF EB 7F 47 11 FE BA 97 FA 27 B4 7A 57 11 FF BF 23 FC BA FF F6 BA 57 11 FE BF F6 FF A3 FF C7 67 11 FF BF B4 FF D3 FF 7F 7F 11 FE 78 6F 93 BA 9F FF 79 77 11 FF FA EF EE FF BF D3 7A 7F 11 FF BF EF D3 BF FC F9 EF 44 FF E7 FE 7F 67 F2 FA 77 11 FE 79 A6 FE F8 EB F4 7A EF 11 FA 3E FE BF 3B F5 7F 7F 11 FF BA 27 F5 BA 2F E2 78 4F 44 AF 27 E2 79 AB FD 7F DF 11 FF FA AF FD B8 DF FE 8F 77 11 FE 8A EF FE 38 EF FF 39 47 89 FF 18 BF FF 19 B3 EC 19 0F C4 1A BF AC 1A F4 8A 47 11 FF 8A 74 F6 8A 77 F6 19 47 11 FE 19 67 F6 1A 07 E5 18 4F 11 FE 8A 24 FC 18 27 E4 8A 44 D1 18 27 D2 19 27 E4 1A 47 11 FF 18 47 F4 99 37 E4 18 8F 20 FF 9A 47 89 8A 27 E5 1A 44 E4 8A 27 E4 8A 27 E4 18 44 E4 8A 24 FC 1A 24 F8 19 47 11 FF 8A 24 FC 19 27 E2 1A 8F 22 FE 18 07 E2 8A 27 F4 1A 47 11 FF 19 47 F4 19 27 E4 FF FF FF E1 FD FC E0 FC FC E5 FE FF BC 1F FD F0 A0 1F C1 04 C0 7C FF 7E E2 00 F0 00 00 C1 00 18 00 40 11 00 00 18 0E 00 00 C1 00 00 02 00 0A 00 00 01 41 00 08 00 00 10 00 01 00 01 00 00 00 00 00 01 00 00 00 01 00 00 00 00 02 02 01 01 01 AA 06 00 08 1E D0 02 41 B0 E8 FF F0 FF FE FF FE FE FF F8 EA FE FF E0 FF FF A0 F0 FE F0 80 E4 C0 82 C7 41 A0 F0 E0 FC 40 41 80 00 07 80 00 00 80 00 00 00 80 02 02 00 00 00 02 01 00 00 01 00 00 00 01 03 00 00 00 01 02 02 01 45 00 AE AA 7F 40 1A F9 04 FF C1 FF 80 01 FD FF
[07:40:41.606] TICK #4672  avail=1156  totalBytes=1353  streamON=0  parseState=0
[07:40:41.608] RX tick=4672  bytes=1156  total=2509  hex: BA 04 F1 BF F2 FF BF 2E F9 78 04 F4 78 BF E4 BF A7 F3 BF 4F C4 FA BA FE FF A7 FF 79 DF 11 FE F9 32 F8 6F FF D7 CF 11 FF FA F9 BF 63 FF BA FF 11 FF BA EF FD BF BF FA 79 45 D9 AF 3F F9 EF 27 F7 CF 57 C4 FF 62 FF E8 33 FC BA EF 11 FF BF 37 FC F9 32 FE 79 47 89 FF 32 FE 7A 67 FF D7 77 11 FF 7A 7F FF BF 33 E4 78 FF 11 FF BA 27 E4 FF 75 FE 7A E7 11 BF EF A6 9F 2F F9 47 11 FF BA BF FD 9A 77 D7 19 47 C4 9A C7 F7 1C 67 E4 19 44 EC 8A E7 E4 19 FF B5 8A 47 C4 88 A7 F5 1A 27 F1 18 8F 02 FF 19 F4 FD 18 2F F4 8A 47 11 FE 18 07 E4 18 27 F4 8A 47 11 FF 18 47 8A 19 27 E4 19 47 11 FE 98 07 E2 18 24 FC 18 44 D9 18 47 84 1A 27 E4 8A 8F 02 FF 8A 07 04 18 47 E4 19 8F 02 FF 8A 24 FC 8A 24 FC 18 0F 11 FF 1A 47 F4 19 27 84 18 44 D9 1A 24 F4 1A 27 E4 18 47 11 FF 19 27 04 1A 27 E4 0A 47 11 FF 08 04 FC 18 07 80 09 07 10 CF 80 07 C4 00 07 E4 00 0F 5C 02 07 F9 00 00 C8 00 0E 05 80 00 C0 00 60 00 00 0E 00 C0 60 E0 00 00 C0 00 8E 00 50 00 FE 00 07 E2 00 0E 00 EC 90 00 00 E0 00 44 00 0C 00 FF 00 27 02 00 4C 02 EC 03 00 00 E0 00 44 00 0C 00 00 00 C0 00 88 0C 00 FF 00 07 00 8C 01 EC 08 00 EC 02 00 4C 00 EC 02 00 EC 00 00 8C 00 00 EC 00 00 EC 02 FE 00 0C EC 01 00 07 48 00 44 EC 20 00 00 00 0C 02 00 0C 00 EC 20 00 08 EC 02 FC 00 07 08 0C 02 00 EC 10 0C 99 00 48 00 0C 12 00 00 08 8C 00 0C 81 00 0C 81 00 44 00 0C 81 00 0C 08 00 4C 0C 02 00 00 E0 00 44 0C 01 FF 00 10 E0 00 40 00 0C 00 FF 00 07 C0 00 08 07 40 00 27 C0 00 44 00 EC 01 FF 00 27 40 00 44 00 EC 02 FF 00 07 E0 00 08 47 E0 00 07 00 8C 01 EC 10 00 EC 02 FD 00 40 00 EC 02 FD 00 07 00 8C 04 00 EC 00 00 EC 01 00 0C 02 47 00 0C 00 00 4C 00 0C 80 80 00 00 0C 04 0C 00 00 07 00 0C 04 EC 02 00 EC 80 FF 00 88 00 EC 80 00 00 00 00 01 01 00 41 10 02 0F 03 0B 04 FF C1 51 C8 E4 FE FD BF 28 EC BA 3C FF BF EF C4 7F D7 11 FF F9 BF FC 78 37 34 9F 4D D9 BF 27 F5 7F BF 84 BF 57 44 BA BF F4 7F 23 34 79 C7 11 FE BA 1A FF F8 FA 79 DF 11 FF F8 BF E6 FF 6C FF BA D7 11 FF F8 67 F2 FA 3B FF 7A D7 11 FF 78 BF F2 FF 3F FE BA E7 11 FF EF 3F F7 FA 79 C7 89 FF F3 BF F7 FD 78 D7 11 FF FF F7 FD FB FA 3F 29 EC BF F3 7F A7 FF D7 E7 11 FF BF A7 FF BF FF C7 4D F9 F7 FF FE FF 73 ED 7D 0D F1 FF F4 FB 7F A7 FF 7F 0D F1 BF FA FF BF BB FD FF E7 11 FF FF BB FD BF 72 FE FF 0E F9 FF 27 EF 7F BC FF 7B F7 81 FF FF BC FF F7 3B BF 0F F9 FF 6F FE FF BD FF 7A 6F 11 FF DD AF FA F7 6A FF FD 0F F1 7F 67 FB FD 3B FF 9F 0F EC FD 2F FB BF 63 DE A9 0F D1 BF 67 DA FF F7 78 0E FC ED 83 F7 BD FF AF 77 44 FA 2F 78 EB F7 BA 0F F1 F8 6B FD 7F A7 FF 9F F7 81 FF FF 2F FD BA AB FD BF 4F D9 F9 F4 F3 78 2F FD 7F F7 44 F9 72 F3 FF 27 FD 8A 6F 11 FE BA 2F FD FA 2F FD A8 0F F9 FA 2F FD BF E4 FF F9 4C F1 EF F4 FF 79 99 FB BA 5F 11 FF BF B9 FF 7F 7C FC B8 CF 11 FF F8 74 FC FF A7 EC 79 5F 11 FF BF A7 EC 78 A7 9F 7B D7 81 FF FF A7 9F BA E7 BE B9 44 D9 78 A7 F6 3A A7 FE BA 47 11 9B 2F FE 8D 6B F5 1A 47 11 9B 7B D5 8A A7 EE 1A 47 11 FE 19 75 FA 19 2F FB 18 44 EC 89 4F E4 18 F7 F3 1A 44 F9 8A 27 FE 18 47 CB 19 0F C4 18 07 E7 1A 23 E4 8A 8F 02 FE 1A 47 E4 18 2F E4 8A 44 D1 1A 07 E5 18 34 FD 19 47 44 19 07 E4 1A 07 A4 8A 0F C4 1A 27 E4 1A 27 F4 18 47 11 FE 8A 27 E4 18 47 98 1A 44 E4 8A 27 E4 19 27 F4 18 0F 02 FF 8A 27 F4 1A 34 F0 8A 47 11 FF 18 47 04 8A 07 84 8A 47 44 8A 47 E4 C6 07 E5 8A 8F 02 FF 8A 27 E0 18 27 E2 1A 47 11 FE 12 07 E0 00 47 F0 00 8A 00 00 08 07 E0 00 07 C0 00 0A E0 08 FE 00 00 84 50 00 8C 02 00 0C 20 20 00 EC 80 00 00 8E 00 EC 80 02 03 00 00 44 EC 80 08 6C A0 00 48 00 EC 81 00 07 00 8C 02 EC 02 00 EC 00 00 40 EC 00 00 00 A0 00 40 00 0C 02 00 07 F9
[07:40:41.825] TICK #4679  avail=240  totalBytes=2509  streamON=0  parseState=0
[07:40:41.826] RX tick=4679  bytes=240  total=2749  hex: FF FF FF FF FD FF FD F5 FE FC FF F1 FF F4 FD F2 F5 ED F4 F1 3F FC F0 F4 E2 F2 D0 B2 C1 EF D0 F0 F0 80 F0 E2 C8 A2 FE C0 F0 C1 C2 FE FC F0 F0 E8 FE E0 E2 FB C0 C1 F6 FE 83 3F FC C0 E0 E8 C8 E2 E2 F0 F0 C0 F9 FD FA F4 F5 DC F0 FB FD FF E0 FC FF FD FB FF FF FF FE FF FE FC F5 F4 E2 F5 F0 7E FF FC 7F FF E2 E0 3E FC E0 F9 E0 F0 FE FE C0 FA C0 E0 E3 F0 60 C1 80 64 80 80 41 80 10 C1 01 42 00 D0 00 45 00 00 82 0F 07 01 43 00 00 E0 00 03 00 00 09 80 00 00 00 00 01 01 01 00 03 00 00 01 00 00 00 00 00 00 00 02 00 00 00 0E 00 00 00 00 02 00 00 01 00 01 00 01 00 00 02 00 00 00 00 01 00 02 00 00 00 00 01 02 08 00 00 02 00 16 02 02 03 41 51 41 01 20 00 61 00 10 8F F0 02 BF FE 80 1B D0 00 F8 FF 41 41 88 FA 59 FF FD FF FD FF FF
[07:40:41.888] TICK #4681  avail=264  totalBytes=2749  streamON=0  parseState=0
[07:40:41.889] RX tick=4681  bytes=264  total=3013  hex: FF FE FF F8 F5 FE E1 FA F4 E4 FA 3F FD E1 7F FF E0 F9 FE E0 F3 C0 E0 F8 FF F9 FC E0 F2 E2 80 70 F0 80 41 E5 E0 80 C0 E0 70 70 00 80 D0 01 00 00 E0 C0 00 00 00 01 03 80 00 1F 00 01 07 01 02 00 09 0F 01 00 02 01 00 00 02 02 00 02 01 00 00 00 00 00 00 00 00 00 07 00 20 04 45 FD F9 00 00 1E FC 93 00 0D F6 00 FF 00 A2 C2 D0 F5 FD FF FE FF FF FF FF FF FF FE FF FC FD FE F1 FA FF F1 FC F0 F9 F0 FC EA E4 E0 F0 4F FF C0 E2 D0 80 30 C0 C0 C0 C0 C0 62 00 C0 00 1F 00 41 80 00 00 00 00 82 00 00 00 06 00 8E 00 60 04 0E 80 00 00 00 00 05 00 0E 03 00 02 00 02 02 00 00 01 00 00 00 00 01 00 00 19 00 F0 00 01 FF FF 80 5F D0 E9 00 10 82 C6 F1 F1 F0 FC FF FD FD FF F8 F4 E0 E4 E2 F9 C1 F8 1F F9 C0 BC F0 81 FA C0 C0 EB 90 C0 A4 E0 C0 10 80 30 C0 01 00 41 00 04 00 00 00 00 80 00 00 01 01 02 00 00 1F 00 03
[07:40:41.919] TICK #4682  avail=171  totalBytes=3013  streamON=0  parseState=0
[07:40:41.920] RX tick=4682  bytes=171  total=3184  hex: 00 00 00 00 02 00 01 80 00 06 00 01 00 00 01 01 01 00 00 00 00 00 02 01 00 01 00 09 C0 00 43 BE BA FE 00 FE 00 F5 D1 FF FF FE FF F4 FF F4 F8 F4 F8 F5 E2 C0 FA FE E0 F0 FC C0 B1 C0 1C C0 00 41 00 00 00 05 00 00 01 00 00 02 01 00 00 00 02 02 00 00 00 00 00 01 00 02 01 00 01 00 0F 02 01 02 11 13 8A F5 75 A0 05 FF 00 F0 82 D1 F4 F0 FB FF FF FF FF FF C4 FF FF E1 F8 FC D0 69 F6 E0 60 F0 50 AE C0 11 00 00 81 C0 00 41 00 80 00 00 80 00 06 00 02 04 01 01 00 00 00 00 00 00 02 02 01 82 1A 7B 00 D0 07 F0 D1 F4 FD FC FF
[07:40:41.980] TICK #4684  avail=91  totalBytes=3184  streamON=0  parseState=0
[07:40:41.982] RX tick=4684  bytes=91  total=3275  hex: FD FF E4 E2 FF C0 E0 FE D0 80 E4 00 81 E0 C0 00 00 15 02 00 04 02 02 00 00 00 00 01 00 00 00 00 01 01 01 41 01 02 01 0A 50 00 FE D0 41 F4 FC FF FF FF FE F9 E4 3F FD F0 18 F0 C0 44 E8 80 C0 80 40 00 80 80 00 02 01 00 02 02 00 00 00 01 00 00 01 02 08 8A 5D 00 82 F0 EA 90 FF
[07:40:42.013] TICK #4685  avail=101  totalBytes=3275  streamON=0  parseState=0
[07:40:42.013] RX tick=4685  bytes=101  total=3376  hex: FA FF F8 E8 F4 C0 7D F8 F8 F0 80 00 00 00 00 00 01 0D 00 00 03 00 04 00 00 00 00 00 D1 FF 00 00 05 F4 F5 CA FE FE FB FB F4 F4 FA E1 AE FF E0 5D FA C0 18 F0 80 01 00 00 00 00 00 00 00 10 14 01 34 01 00 4D 41 DC C3 FD 55 FF FF FF FF FC 1F 7C E8 1A E0 FC 3F 1E 01 00 C0 80 A0 00 2D 00 01 02 82 00 01 00 01
[07:40:42.074] TICK #4687  avail=73  totalBytes=3376  streamON=0  parseState=0
[07:40:42.075] RX tick=4687  bytes=73  total=3449  hex: 00 00 00 00 02 03 8E 57 41 FE 85 C0 FF FE FF F8 FE E0 7E FD C1 FD F8 C0 E0 00 C1 00 04 00 07 00 00 03 02 00 00 00 00 02 01 13 AE 8A 01 FA 80 82 F0 F4 FF F4 E0 FF F0 7E F0 00 D1 04 00 10 01 0F 00 00 01 06 00 05 00 01 00
[07:40:42.104] TICK #4688  avail=74  totalBytes=3449  streamON=0  parseState=0
[07:40:42.105] RX tick=4688  bytes=74  total=3523  hex: 00 00 02 02 41 E2 C0 F0 FC FF FF FE FE FC F8 E3 C0 00 93 02 00 00 00 1F 02 00 02 01 00 00 00 02 01 1F 80 7E F8 E0 F8 F8 F2 FF FE EA FC F7 F1 F0 6D FD C0 82 C0 00 80 00 00 00 02 01 01 00 00 02 00 17 00 04 01 08 D0 C0 FE FF
[07:40:42.166] TICK #4690  avail=62  totalBytes=3523  streamON=0  parseState=0
[07:40:42.167] RX tick=4690  bytes=62  total=3585  hex: FF FE F0 E0 FE 80 80 82 02 C0 10 C3 80 00 00 00 01 02 01 00 02 00 80 23 F0 FC BF F8 FC FA C1 A0 00 82 00 00 02 11 00 00 00 00 01 00 04 40 80 10 F4 F0 80 FF F4 C1 01 82 5F 01 51 14 00 01
[07:40:42.198] TICK #4691  avail=52  totalBytes=3585  streamON=0  parseState=0
[07:40:42.198] RX tick=4691  bytes=52  total=3637  hex: 00 00 00 00 82 E0 C0 80 F1 D0 E2 F0 F0 F6 F9 DF D0 01 00 02 14 04 00 00 01 00 00 03 B0 02 1F 82 2F FF F8 F4 FD FE FF FF F7 94 04 00 37 41 00 10 00 0E 01 00
[07:40:42.261] TICK #4693  avail=66  totalBytes=3637  streamON=0  parseState=0
[07:40:42.262] RX tick=4693  bytes=66  total=3703  hex: 00 02 00 04 45 00 90 01 82 C1 80 C0 FF F8 F1 FF EA B9 80 00 68 14 01 00 00 00 01 01 11 01 01 FF F0 AE FD F4 FF FF FC D1 41 D0 41 01 02 79 91 E2 00 00 00 00 11 00 01 03 00 00 5F D1 01 80 FF E4 F0 F4
[07:40:42.292] TICK #4694  avail=62  totalBytes=3703  streamON=0  parseState=0
[07:40:42.293] RX tick=4694  bytes=62  total=3765  hex: FF FE FA F1 90 80 00 FC 00 C3 00 03 02 00 00 E2 00 00 F0 C1 FE F0 C0 FA F8 FF FF FE 4D 04 FD 41 0E D5 8A 00 01 01 05 00 01 00 82 FE F0 FF FF FF F1 FC F8 41 80 10 FF 80 01 7C 00 D8 00 00
[07:40:42.354] TICK #4696  avail=48  totalBytes=3765  streamON=0  parseState=0
[07:40:42.355] RX tick=4696  bytes=48  total=3813  hex: 00 04 00 00 C3 20 F2 FF FE FF FC F8 FA 00 04 0A 01 10 02 00 02 00 01 15 04 00 80 E8 80 C0 FE FD C0 FE FF FE F0 D4 84 82 45 0F D8 02 8E F0 00 00
[07:40:42.386] TICK #4697  avail=65  totalBytes=3813  streamON=0  parseState=0
[07:40:42.386] RX tick=4697  bytes=65  total=3878  hex: 00 01 00 00 00 E1 3E 80 F1 FC C0 FF EA FF FE FC D4 88 42 FF 10 11 34 02 01 00 00 00 00 01 01 02 03 00 17 00 41 00 82 EE E0 FC FF E2 A2 C3 01 7C 83 0F 5F DC 01 00 00 00 02 07 80 00 C0 FC E0 F8 FC
[07:40:42.447] TICK #4699  avail=63  totalBytes=3878  streamON=0  parseState=0
[07:40:42.448] RX tick=4699  bytes=63  total=3941  hex: FD FF FD E5 82 82 41 00 80 00 41 02 02 01 00 00 00 80 0C 00 00 EC 88 FF EA FF D4 F1 D0 00 F0 82 00 11 00 00 00 01 00 01 00 07 02 02 80 50 C1 C0 1D FF F8 FF F8 F8 41 10 00 00 79 00 00 10 00
[07:40:42.479] TICK #4700  avail=67  totalBytes=3941  streamON=0  parseState=0
[07:40:42.480] RX tick=4700  bytes=67  total=4008  hex: 02 02 00 00 00 D1 C0 82 F0 FF FE F0 FF FF FE C4 E9 04 FE D0 04 FD 00 5C D8 01 4C 01 00 06 02 5F 82 04 7F F1 EE F1 00 44 00 8C 00 EC 00 FC 00 88 02 00 EC 00 FC 00 00 FF F5 E2 A2 10 01 53 5D 10 00 01 00
[07:40:44.034] TICK #4750  avail=0  totalBytes=4008  streamON=0  parseState=0
[07:40:45.591] TICK #4800  avail=0  totalBytes=4008  streamON=0  parseState=0
[07:40:46.274] TICK #4822  avail=10  totalBytes=4008  streamON=0  parseState=0
[07:40:46.276] RX tick=4822  bytes=10  total=4018  hex: AA 01 00 00 00 00 00 00 00 00
[07:40:47.146] TICK #4850  avail=0  totalBytes=4018  streamON=0  parseState=0
[07:40:48.331] TICK #4888  avail=10  totalBytes=4018  streamON=0  parseState=0
[07:40:48.332] RX tick=4888  bytes=10  total=4028  hex: AA 01 00 00 00 00 00 00 00 00
[07:40:48.704] TICK #4900  avail=0  totalBytes=4028  streamON=0  parseState=0
[07:40:50.183] Desconectado.
