=== geophone_scope log — 20-Apr-2026 19:26:41 ===
[19:26:41.010] Conectado a COM7 @ 921600 baud
[19:26:41.054] TICK #17850  avail=0  totalBytes=11423418  streamON=0  parseState=0
[19:26:41.590] TICK #17876  avail=10  totalBytes=11423418  streamON=0  parseState=0
[19:26:41.591] RX tick=17876  bytes=10  total=11423428  hex: AA 01 00 00 00 00 00 00 00 00
[19:26:41.758] --- Stream ON ---
[19:26:42.087] TICK #17900  avail=0  totalBytes=11423428  streamON=1  parseState=0
[19:26:43.132] TICK #17950  avail=0  totalBytes=11423428  streamON=1  parseState=0
[19:26:43.296] Datos borrados.
[19:26:43.626] TICK #17971  avail=10  totalBytes=11423428  streamON=1  parseState=0
[19:26:43.627] RX tick=17971  bytes=10  total=11423438  hex: AA 01 00 00 00 00 00 00 00 00
[19:26:43.627] HUNT->COLLECT en idx=1 (0xAA encontrado)
[19:26:43.628] PKT_RAW: AA 01 00 00 00 00 00 00 00 00
[19:26:43.628] *** HEARTBEAT  DEC_SR=0x00  adc_polls=0  total_bytes=11423438
[19:26:43.629] HEARTBEAT  DEC_SR=0x00  adc_polls=0  total_bytes=11423438
[19:26:44.231] TICK #18000  avail=0  totalBytes=11423438  streamON=1  parseState=0
[19:26:45.268] TICK #18050  avail=0  totalBytes=11423438  streamON=1  parseState=0
[19:26:45.643] TICK #18068  avail=10  totalBytes=11423438  streamON=1  parseState=0
[19:26:45.644] RX tick=18068  bytes=10  total=11423448  hex: AA 01 00 00 00 00 00 00 00 00
[19:26:45.644] HUNT->COLLECT en idx=1 (0xAA encontrado)
[19:26:45.644] PKT_RAW: AA 01 00 00 00 00 00 00 00 00
[19:26:45.644] *** HEARTBEAT  DEC_SR=0x00  adc_polls=0  total_bytes=11423448
[19:26:45.645] HEARTBEAT  DEC_SR=0x00  adc_polls=0  total_bytes=11423448
[19:26:46.313] TICK #18100  avail=0  totalBytes=11423448  streamON=1  parseState=0
[19:26:47.346] TICK #18150  avail=0  totalBytes=11423448  streamON=1  parseState=0
[19:26:47.656] TICK #18165  avail=10  totalBytes=11423448  streamON=1  parseState=0
[19:26:47.657] RX tick=18165  bytes=10  total=11423458  hex: AA 01 00 00 00 00 00 00 00 00
[19:26:47.657] HUNT->COLLECT en idx=1 (0xAA encontrado)
[19:26:47.657] PKT_RAW: AA 01 00 00 00 00 00 00 00 00
[19:26:47.657] *** HEARTBEAT  DEC_SR=0x00  adc_polls=0  total_bytes=11423458
[19:26:47.657] HEARTBEAT  DEC_SR=0x00  adc_polls=0  total_bytes=11423458
[19:26:48.386] TICK #18200  avail=0  totalBytes=11423458  streamON=1  parseState=0
[19:26:49.418] TICK #18250  avail=0  totalBytes=11423458  streamON=1  parseState=0
[19:26:49.665] TICK #18262  avail=10  totalBytes=11423458  streamON=1  parseState=0
[19:26:49.666] RX tick=18262  bytes=10  total=11423468  hex: AA 01 00 00 00 00 00 00 00 00
[19:26:49.666] HUNT->COLLECT en idx=1 (0xAA encontrado)
[19:26:49.666] PKT_RAW: AA 01 00 00 00 00 00 00 00 00
[19:26:49.666] *** HEARTBEAT  DEC_SR=0x00  adc_polls=0  total_bytes=11423468
[19:26:49.666] HEARTBEAT  DEC_SR=0x00  adc_polls=0  total_bytes=11423468
[19:26:50.457] TICK #18300  avail=0  totalBytes=11423468  streamON=1  parseState=0
[19:26:51.496] TICK #18350  avail=0  totalBytes=11423468  streamON=1  parseState=0
[19:26:51.661] TICK #18358  avail=10  totalBytes=11423468  streamON=1  parseState=0
[19:26:51.662] RX tick=18358  bytes=10  total=11423478  hex: AA 01 00 00 00 00 00 00 00 00
[19:26:51.662] HUNT->COLLECT en idx=1 (0xAA encontrado)
[19:26:51.662] PKT_RAW: AA 01 00 00 00 00 00 00 00 00
[19:26:51.662] *** HEARTBEAT  DEC_SR=0x00  adc_polls=0  total_bytes=11423478
[19:26:51.662] HEARTBEAT  DEC_SR=0x00  adc_polls=0  total_bytes=11423478
[19:26:52.531] TICK #18400  avail=0  totalBytes=11423478  streamON=1  parseState=0
[19:26:53.567] TICK #18450  avail=0  totalBytes=11423478  streamON=1  parseState=0
[19:26:53.712] TICK #18457  avail=10  totalBytes=11423478  streamON=1  parseState=0
[19:26:53.713] RX tick=18457  bytes=10  total=11423488  hex: AA 01 00 00 00 00 00 00 00 00
[19:26:53.713] HUNT->COLLECT en idx=1 (0xAA encontrado)
[19:26:53.713] PKT_RAW: AA 01 00 00 00 00 00 00 00 00
[19:26:53.713] *** HEARTBEAT  DEC_SR=0x00  adc_polls=0  total_bytes=11423488
[19:26:53.713] HEARTBEAT  DEC_SR=0x00  adc_polls=0  total_bytes=11423488
[19:26:54.609] TICK #18500  avail=0  totalBytes=11423488  streamON=1  parseState=0
[19:26:55.644] TICK #18550  avail=0  totalBytes=11423488  streamON=1  parseState=0
[19:26:55.726] TICK #18554  avail=10  totalBytes=11423488  streamON=1  parseState=0
[19:26:55.727] RX tick=18554  bytes=10  total=11423498  hex: AA 01 00 00 00 00 00 00 00 00
[19:26:55.727] HUNT->COLLECT en idx=1 (0xAA encontrado)
[19:26:55.727] PKT_RAW: AA 01 00 00 00 00 00 00 00 00
[19:26:55.727] *** HEARTBEAT  DEC_SR=0x00  adc_polls=0  total_bytes=11423498
[19:26:55.727] HEARTBEAT  DEC_SR=0x00  adc_polls=0  total_bytes=11423498
[19:26:56.166] --- Stream OFF ---
[19:26:56.694] TICK #18600  avail=0  totalBytes=11423498  streamON=0  parseState=0
[19:26:57.734] TICK #18644  avail=10  totalBytes=11423498  streamON=0  parseState=0
[19:26:57.735] RX tick=18644  bytes=10  total=11423508  hex: AA 01 00 00 00 00 00 00 00 00
[19:26:57.861] TICK #18650  avail=0  totalBytes=11423508  streamON=0  parseState=0
[19:26:58.907] TICK #18700  avail=0  totalBytes=11423508  streamON=0  parseState=0
[19:26:59.738] TICK #18740  avail=10  totalBytes=11423508  streamON=0  parseState=0
[19:26:59.739] RX tick=18740  bytes=10  total=11423518  hex: AA 01 00 00 00 00 00 00 00 00
[19:26:59.947] TICK #18750  avail=0  totalBytes=11423518  streamON=0  parseState=0
[19:27:00.994] TICK #18800  avail=0  totalBytes=11423518  streamON=0  parseState=0
[19:27:01.764] TICK #18837  avail=10  totalBytes=11423518  streamON=0  parseState=0
[19:27:01.765] RX tick=18837  bytes=10  total=11423528  hex: AA 01 00 00 00 00 00 00 00 00
[19:27:02.034] TICK #18850  avail=0  totalBytes=11423528  streamON=0  parseState=0
[19:27:03.065] TICK #18900  avail=0  totalBytes=11423528  streamON=0  parseState=0
[19:27:03.770] TICK #18934  avail=10  totalBytes=11423528  streamON=0  parseState=0
[19:27:03.771] RX tick=18934  bytes=10  total=11423538  hex: AA 01 00 00 00 00 00 00 00 00
[19:27:04.101] TICK #18950  avail=0  totalBytes=11423538  streamON=0  parseState=0
[19:27:05.138] TICK #19000  avail=0  totalBytes=11423538  streamON=0  parseState=0
[19:27:05.800] TICK #19032  avail=10  totalBytes=11423538  streamON=0  parseState=0
[19:27:05.801] RX tick=19032  bytes=10  total=11423548  hex: AA 01 00 00 00 00 00 00 00 00
[19:27:06.173] TICK #19050  avail=0  totalBytes=11423548  streamON=0  parseState=0
[19:27:07.208] TICK #19100  avail=0  totalBytes=11423548  streamON=0  parseState=0
[19:27:07.815] TICK #19129  avail=10  totalBytes=11423548  streamON=0  parseState=0
[19:27:07.816] RX tick=19129  bytes=10  total=11423558  hex: AA 01 00 00 00 00 00 00 00 00
[19:27:08.254] TICK #19150  avail=0  totalBytes=11423558  streamON=0  parseState=0
[19:27:09.300] TICK #19200  avail=0  totalBytes=11423558  streamON=0  parseState=0
[19:27:09.820] TICK #19225  avail=10  totalBytes=11423558  streamON=0  parseState=0
[19:27:09.821] RX tick=19225  bytes=10  total=11423568  hex: AA 01 00 00 00 00 00 00 00 00
[19:27:10.339] TICK #19250  avail=0  totalBytes=11423568  streamON=0  parseState=0
[19:27:11.374] TICK #19300  avail=0  totalBytes=11423568  streamON=0  parseState=0
[19:27:11.824] TICK #19322  avail=10  totalBytes=11423568  streamON=0  parseState=0
[19:27:11.825] RX tick=19322  bytes=10  total=11423578  hex: AA 01 00 00 00 00 00 00 00 00
[19:27:12.405] TICK #19350  avail=0  totalBytes=11423578  streamON=0  parseState=0
[19:27:13.435] TICK #19400  avail=0  totalBytes=11423578  streamON=0  parseState=0
[19:27:13.830] TICK #19419  avail=10  totalBytes=11423578  streamON=0  parseState=0
[19:27:13.830] RX tick=19419  bytes=10  total=11423588  hex: AA 01 00 00 00 00 00 00 00 00
[19:27:14.469] TICK #19450  avail=0  totalBytes=11423588  streamON=0  parseState=0
[19:27:15.499] TICK #19500  avail=0  totalBytes=11423588  streamON=0  parseState=0
[19:27:15.873] TICK #19518  avail=10  totalBytes=11423588  streamON=0  parseState=0
[19:27:15.874] RX tick=19518  bytes=10  total=11423598  hex: AA 01 00 00 00 00 00 00 00 00
[19:27:16.540] TICK #19550  avail=0  totalBytes=11423598  streamON=0  parseState=0
[19:27:17.568] TICK #19600  avail=0  totalBytes=11423598  streamON=0  parseState=0
[19:27:17.878] TICK #19615  avail=10  totalBytes=11423598  streamON=0  parseState=0
[19:27:17.879] RX tick=19615  bytes=10  total=11423608  hex: AA 01 00 00 00 00 00 00 00 00
[19:27:18.605] TICK #19650  avail=0  totalBytes=11423608  streamON=0  parseState=0
[19:27:19.631] TICK #19700  avail=0  totalBytes=11423608  streamON=0  parseState=0
[19:27:19.879] TICK #19712  avail=10  totalBytes=11423608  streamON=0  parseState=0
[19:27:19.880] RX tick=19712  bytes=10  total=11423618  hex: AA 01 00 00 00 00 00 00 00 00
[19:27:20.661] TICK #19750  avail=0  totalBytes=11423618  streamON=0  parseState=0
[19:27:21.693] TICK #19800  avail=0  totalBytes=11423618  streamON=0  parseState=0
[19:27:21.922] TICK #19811  avail=10  totalBytes=11423618  streamON=0  parseState=0
[19:27:21.923] RX tick=19811  bytes=10  total=11423628  hex: AA 01 00 00 00 00 00 00 00 00
[19:27:22.731] TICK #19850  avail=0  totalBytes=11423628  streamON=0  parseState=0
[19:27:23.926] TICK #19890  avail=10  totalBytes=11423628  streamON=0  parseState=0
[19:27:23.928] RX tick=19890  bytes=10  total=11423638  hex: AA 01 00 00 00 00 00 00 00 00
[19:27:24.231] TICK #19900  avail=0  totalBytes=11423638  streamON=0  parseState=0
[19:27:25.767] TICK #19950  avail=0  totalBytes=11423638  streamON=0  parseState=0
[19:27:25.951] TICK #19956  avail=10  totalBytes=11423638  streamON=0  parseState=0
[19:27:25.953] RX tick=19956  bytes=10  total=11423648  hex: AA 01 00 00 00 00 00 00 00 00
[19:27:27.303] TICK #20000  avail=0  totalBytes=11423648  streamON=0  parseState=0
[19:27:27.977] TICK #20022  avail=10  totalBytes=11423648  streamON=0  parseState=0
[19:27:27.977] RX tick=20022  bytes=10  total=11423658  hex: AA 01 00 00 00 00 00 00 00 00
[19:27:28.835] TICK #20050  avail=0  totalBytes=11423658  streamON=0  parseState=0
[19:27:29.998] TICK #20088  avail=10  totalBytes=11423658  streamON=0  parseState=0
[19:27:29.999] RX tick=20088  bytes=10  total=11423668  hex: AA 01 00 00 00 00 00 00 00 00
[19:27:30.368] TICK #20100  avail=0  totalBytes=11423668  streamON=0  parseState=0
[19:27:31.901] TICK #20150  avail=0  totalBytes=11423668  streamON=0  parseState=0
[19:27:31.962] TICK #20152  avail=10  totalBytes=11423668  streamON=0  parseState=0
[19:27:31.963] RX tick=20152  bytes=10  total=11423678  hex: AA 01 00 00 00 00 00 00 00 00
[19:27:33.431] TICK #20200  avail=0  totalBytes=11423678  streamON=0  parseState=0
[19:27:33.984] TICK #20218  avail=10  totalBytes=11423678  streamON=0  parseState=0
[19:27:33.985] RX tick=20218  bytes=10  total=11423688  hex: AA 01 00 00 00 00 00 00 00 00
[19:27:34.964] TICK #20250  avail=0  totalBytes=11423688  streamON=0  parseState=0
[19:27:36.006] TICK #20284  avail=10  totalBytes=11423688  streamON=0  parseState=0
[19:27:36.007] RX tick=20284  bytes=10  total=11423698  hex: AA 01 00 00 00 00 00 00 00 00
[19:27:36.505] TICK #20300  avail=0  totalBytes=11423698  streamON=0  parseState=0
[19:27:38.043] TICK #20350  avail=10  totalBytes=11423698  streamON=0  parseState=0
[19:27:38.044] RX tick=20350  bytes=10  total=11423708  hex: AA 01 00 00 00 00 00 00 00 00
[19:27:39.576] TICK #20400  avail=0  totalBytes=11423708  streamON=0  parseState=0
[19:27:40.037] TICK #20415  avail=10  totalBytes=11423708  streamON=0  parseState=0
[19:27:40.038] RX tick=20415  bytes=10  total=11423718  hex: AA 01 00 00 00 00 00 00 00 00
[19:27:41.109] TICK #20450  avail=0  totalBytes=11423718  streamON=0  parseState=0
[19:27:42.059] TICK #20481  avail=10  totalBytes=11423718  streamON=0  parseState=0
[19:27:42.060] RX tick=20481  bytes=10  total=11423728  hex: AA 01 00 00 00 00 00 00 00 00
[19:27:42.640] TICK #20500  avail=0  totalBytes=11423728  streamON=0  parseState=0
[19:27:44.082] TICK #20547  avail=10  totalBytes=11423728  streamON=0  parseState=0
[19:27:44.083] RX tick=20547  bytes=10  total=11423738  hex: AA 01 00 00 00 00 00 00 00 00
[19:27:44.173] TICK #20550  avail=0  totalBytes=11423738  streamON=0  parseState=0
[19:27:45.706] TICK #20600  avail=0  totalBytes=11423738  streamON=0  parseState=0
[19:27:46.104] TICK #20613  avail=10  totalBytes=11423738  streamON=0  parseState=0
[19:27:46.105] RX tick=20613  bytes=10  total=11423748  hex: AA 01 00 00 00 00 00 00 00 00
[19:27:47.238] TICK #20650  avail=0  totalBytes=11423748  streamON=0  parseState=0
[19:27:48.124] TICK #20679  avail=10  totalBytes=11423748  streamON=0  parseState=0
[19:27:48.125] RX tick=20679  bytes=10  total=11423758  hex: AA 01 00 00 00 00 00 00 00 00
[19:27:48.765] TICK #20700  avail=0  totalBytes=11423758  streamON=0  parseState=0
[19:27:50.148] TICK #20745  avail=10  totalBytes=11423758  streamON=0  parseState=0
[19:27:50.149] RX tick=20745  bytes=10  total=11423768  hex: AA 01 00 00 00 00 00 00 00 00
[19:27:50.302] TICK #20750  avail=0  totalBytes=11423768  streamON=0  parseState=0
[19:27:51.838] TICK #20800  avail=0  totalBytes=11423768  streamON=0  parseState=0
[19:27:52.112] TICK #20809  avail=10  totalBytes=11423768  streamON=0  parseState=0
[19:27:52.113] RX tick=20809  bytes=10  total=11423778  hex: AA 01 00 00 00 00 00 00 00 00
[19:27:53.369] TICK #20850  avail=0  totalBytes=11423778  streamON=0  parseState=0
[19:27:54.136] TICK #20875  avail=10  totalBytes=11423778  streamON=0  parseState=0
[19:27:54.137] RX tick=20875  bytes=10  total=11423788  hex: AA 01 00 00 00 00 00 00 00 00
[19:27:54.904] TICK #20900  avail=0  totalBytes=11423788  streamON=0  parseState=0
[19:27:56.160] TICK #20941  avail=10  totalBytes=11423788  streamON=0  parseState=0
[19:27:56.162] RX tick=20941  bytes=10  total=11423798  hex: AA 01 00 00 00 00 00 00 00 00
[19:27:56.436] TICK #20950  avail=0  totalBytes=11423798  streamON=0  parseState=0
[19:27:57.970] TICK #21000  avail=0  totalBytes=11423798  streamON=0  parseState=0
[19:27:58.185] TICK #21007  avail=10  totalBytes=11423798  streamON=0  parseState=0
[19:27:58.186] RX tick=21007  bytes=10  total=11423808  hex: AA 01 00 00 00 00 00 00 00 00
[19:27:59.507] TICK #21050  avail=0  totalBytes=11423808  streamON=0  parseState=0
[19:28:00.184] TICK #21072  avail=10  totalBytes=11423808  streamON=0  parseState=0
[19:28:00.185] RX tick=21072  bytes=10  total=11423818  hex: AA 01 00 00 00 00 00 00 00 00
[19:28:01.043] TICK #21100  avail=0  totalBytes=11423818  streamON=0  parseState=0
[19:28:02.209] TICK #21138  avail=10  totalBytes=11423818  streamON=0  parseState=0
[19:28:02.210] RX tick=21138  bytes=10  total=11423828  hex: AA 01 00 00 00 00 00 00 00 00
[19:28:02.576] TICK #21150  avail=0  totalBytes=11423828  streamON=0  parseState=0
[19:28:04.111] TICK #21200  avail=0  totalBytes=11423828  streamON=0  parseState=0
[19:28:04.235] TICK #21204  avail=10  totalBytes=11423828  streamON=0  parseState=0
[19:28:04.236] RX tick=21204  bytes=10  total=11423838  hex: AA 01 00 00 00 00 00 00 00 00
[19:28:05.649] TICK #21250  avail=0  totalBytes=11423838  streamON=0  parseState=0
[19:28:06.266] TICK #21270  avail=10  totalBytes=11423838  streamON=0  parseState=0
[19:28:06.267] RX tick=21270  bytes=10  total=11423848  hex: AA 01 00 00 00 00 00 00 00 00
[19:28:07.189] TICK #21300  avail=0  totalBytes=11423848  streamON=0  parseState=0
[19:28:08.233] TICK #21334  avail=10  totalBytes=11423848  streamON=0  parseState=0
[19:28:08.234] RX tick=21334  bytes=10  total=11423858  hex: AA 01 00 00 00 00 00 00 00 00
[19:28:08.726] TICK #21350  avail=0  totalBytes=11423858  streamON=0  parseState=0
[19:28:10.263] TICK #21400  avail=10  totalBytes=11423858  streamON=0  parseState=0
[19:28:10.264] RX tick=21400  bytes=10  total=11423868  hex: AA 01 00 00 00 00 00 00 00 00
[19:28:11.802] TICK #21450  avail=0  totalBytes=11423868  streamON=0  parseState=0
[19:28:12.293] TICK #21466  avail=10  totalBytes=11423868  streamON=0  parseState=0
[19:28:12.294] RX tick=21466  bytes=10  total=11423878  hex: AA 01 00 00 00 00 00 00 00 00
[19:28:13.335] TICK #21500  avail=0  totalBytes=11423878  streamON=0  parseState=0
[19:28:14.871] TICK #21550  avail=0  totalBytes=11423878  streamON=0  parseState=0
[19:28:16.407] TICK #21600  avail=0  totalBytes=11423878  streamON=0  parseState=0
[19:28:17.944] TICK #21650  avail=0  totalBytes=11423878  streamON=0  parseState=0
[19:28:19.174] TICK #21690  avail=10  totalBytes=11423878  streamON=0  parseState=0
[19:28:19.175] RX tick=21690  bytes=10  total=11423888  hex: AA 01 00 00 00 00 00 00 00 00
[19:28:19.482] TICK #21700  avail=0  totalBytes=11423888  streamON=0  parseState=0
[19:28:21.018] TICK #21750  avail=0  totalBytes=11423888  streamON=0  parseState=0
[19:28:22.554] TICK #21800  avail=0  totalBytes=11423888  streamON=0  parseState=0
[19:28:24.084] TICK #21850  avail=0  totalBytes=11423888  streamON=0  parseState=0
[19:53:06.869] Desconectado.
