=== geophone_scope log — 20-Apr-2026 07:27:25 ===
[07:27:25.847] Conectado a COM7 @ 921600 baud
[07:27:26.879] TICK #50  avail=0  totalBytes=0  streamON=0  parseState=0
[07:27:28.115] TICK #100  avail=0  totalBytes=0  streamON=0  parseState=0
[07:27:29.161] TICK #150  avail=0  totalBytes=0  streamON=0  parseState=0
[07:27:30.208] TICK #200  avail=0  totalBytes=0  streamON=0  parseState=0
[07:27:31.258] TICK #250  avail=0  totalBytes=0  streamON=0  parseState=0
[07:27:31.644] CMD_FREQ intento 1/5: 10.0 Hz  [BB 03 00 64 DC]
[07:27:31.947] CMD_FREQ intento 1: timeout sin respuesta.
[07:27:32.048] CMD_FREQ intento 2/5: 10.0 Hz  [BB 03 00 64 DC]
[07:27:32.351] CMD_FREQ intento 2: timeout sin respuesta.
[07:27:32.454] CMD_FREQ intento 3/5: 10.0 Hz  [BB 03 00 64 DC]
[07:27:32.761] CMD_FREQ intento 3: timeout sin respuesta.
[07:27:32.863] CMD_FREQ intento 4/5: 10.0 Hz  [BB 03 00 64 DC]
[07:27:33.169] CMD_FREQ intento 4: timeout sin respuesta.
[07:27:33.271] CMD_FREQ intento 5/5: 10.0 Hz  [BB 03 00 64 DC]
[07:27:33.576] CMD_FREQ intento 5: timeout sin respuesta.
[07:27:33.677] CMD_FREQ FALLO tras 5 intentos.
[07:27:34.345] TICK #300  avail=0  totalBytes=0  streamON=0  parseState=0
[07:27:34.991] CMD_FREQ intento 1/5: 10.0 Hz  [BB 03 00 64 DC]
[07:27:35.296] CMD_FREQ intento 1: timeout sin respuesta.
[07:27:35.398] CMD_FREQ intento 2/5: 10.0 Hz  [BB 03 00 64 DC]
[07:27:35.699] CMD_FREQ intento 2: timeout sin respuesta.
[07:27:35.801] CMD_FREQ intento 3/5: 10.0 Hz  [BB 03 00 64 DC]
[07:27:36.108] CMD_FREQ intento 3: timeout sin respuesta.
[07:27:36.209] CMD_FREQ intento 4/5: 10.0 Hz  [BB 03 00 64 DC]
[07:27:36.514] CMD_FREQ intento 4: timeout sin respuesta.
[07:27:36.615] CMD_FREQ intento 5/5: 10.0 Hz  [BB 03 00 64 DC]
[07:27:36.918] CMD_FREQ intento 5: timeout sin respuesta.
[07:27:37.020] CMD_FREQ FALLO tras 5 intentos.
[07:27:37.149] Desconectado.
